[2022-11-20T00:15:57.554+0000] {processor.py:154} INFO - Started process (PID=53) to work on /home/airflow/.local/lib/python3.7/site-packages/airflow/example_dags/example_task_group_decorator.py
[2022-11-20T00:15:57.556+0000] {processor.py:756} INFO - Processing file /home/airflow/.local/lib/python3.7/site-packages/airflow/example_dags/example_task_group_decorator.py for tasks to queue
[2022-11-20T00:15:57.558+0000] {logging_mixin.py:137} INFO - [2022-11-20T00:15:57.558+0000] {dagbag.py:537} INFO - Filling up the DagBag from /home/airflow/.local/lib/python3.7/site-packages/airflow/example_dags/example_task_group_decorator.py
[2022-11-20T00:15:57.596+0000] {processor.py:766} INFO - DAG(s) dict_keys(['example_task_group_decorator']) retrieved from /home/airflow/.local/lib/python3.7/site-packages/airflow/example_dags/example_task_group_decorator.py
[2022-11-20T00:15:57.621+0000] {logging_mixin.py:137} INFO - [2022-11-20T00:15:57.621+0000] {dag.py:2585} INFO - Sync 1 DAGs
[2022-11-20T00:15:57.650+0000] {logging_mixin.py:137} INFO - [2022-11-20T00:15:57.650+0000] {dag.py:3340} INFO - Setting next_dagrun for example_task_group_decorator to 2022-11-19T00:15:57.650108+00:00, run_after=2022-11-20T00:15:57.650108+00:00
[2022-11-20T00:15:57.679+0000] {processor.py:176} INFO - Processing /home/airflow/.local/lib/python3.7/site-packages/airflow/example_dags/example_task_group_decorator.py took 0.128 seconds
[2022-11-20T00:16:28.532+0000] {processor.py:154} INFO - Started process (PID=116) to work on /home/airflow/.local/lib/python3.7/site-packages/airflow/example_dags/example_task_group_decorator.py
[2022-11-20T00:16:28.534+0000] {processor.py:756} INFO - Processing file /home/airflow/.local/lib/python3.7/site-packages/airflow/example_dags/example_task_group_decorator.py for tasks to queue
[2022-11-20T00:16:28.535+0000] {logging_mixin.py:137} INFO - [2022-11-20T00:16:28.534+0000] {dagbag.py:537} INFO - Filling up the DagBag from /home/airflow/.local/lib/python3.7/site-packages/airflow/example_dags/example_task_group_decorator.py
[2022-11-20T00:16:28.551+0000] {processor.py:766} INFO - DAG(s) dict_keys(['example_task_group_decorator']) retrieved from /home/airflow/.local/lib/python3.7/site-packages/airflow/example_dags/example_task_group_decorator.py
[2022-11-20T00:16:28.577+0000] {logging_mixin.py:137} INFO - [2022-11-20T00:16:28.577+0000] {dag.py:2585} INFO - Sync 1 DAGs
[2022-11-20T00:16:28.592+0000] {logging_mixin.py:137} INFO - [2022-11-20T00:16:28.592+0000] {dag.py:3340} INFO - Setting next_dagrun for example_task_group_decorator to 2022-11-19T00:16:28.592742+00:00, run_after=2022-11-20T00:16:28.592742+00:00
[2022-11-20T00:16:28.605+0000] {processor.py:176} INFO - Processing /home/airflow/.local/lib/python3.7/site-packages/airflow/example_dags/example_task_group_decorator.py took 0.076 seconds
[2022-11-20T00:16:58.911+0000] {processor.py:154} INFO - Started process (PID=182) to work on /home/airflow/.local/lib/python3.7/site-packages/airflow/example_dags/example_task_group_decorator.py
[2022-11-20T00:16:58.913+0000] {processor.py:756} INFO - Processing file /home/airflow/.local/lib/python3.7/site-packages/airflow/example_dags/example_task_group_decorator.py for tasks to queue
[2022-11-20T00:16:58.915+0000] {logging_mixin.py:137} INFO - [2022-11-20T00:16:58.915+0000] {dagbag.py:537} INFO - Filling up the DagBag from /home/airflow/.local/lib/python3.7/site-packages/airflow/example_dags/example_task_group_decorator.py
[2022-11-20T00:16:58.932+0000] {processor.py:766} INFO - DAG(s) dict_keys(['example_task_group_decorator']) retrieved from /home/airflow/.local/lib/python3.7/site-packages/airflow/example_dags/example_task_group_decorator.py
[2022-11-20T00:16:58.961+0000] {logging_mixin.py:137} INFO - [2022-11-20T00:16:58.961+0000] {dag.py:2585} INFO - Sync 1 DAGs
[2022-11-20T00:16:58.979+0000] {logging_mixin.py:137} INFO - [2022-11-20T00:16:58.979+0000] {dag.py:3340} INFO - Setting next_dagrun for example_task_group_decorator to 2022-11-19T00:16:58.979180+00:00, run_after=2022-11-20T00:16:58.979180+00:00
[2022-11-20T00:16:58.991+0000] {processor.py:176} INFO - Processing /home/airflow/.local/lib/python3.7/site-packages/airflow/example_dags/example_task_group_decorator.py took 0.082 seconds
[2022-11-20T00:17:29.314+0000] {processor.py:154} INFO - Started process (PID=247) to work on /home/airflow/.local/lib/python3.7/site-packages/airflow/example_dags/example_task_group_decorator.py
[2022-11-20T00:17:29.316+0000] {processor.py:756} INFO - Processing file /home/airflow/.local/lib/python3.7/site-packages/airflow/example_dags/example_task_group_decorator.py for tasks to queue
[2022-11-20T00:17:29.317+0000] {logging_mixin.py:137} INFO - [2022-11-20T00:17:29.317+0000] {dagbag.py:537} INFO - Filling up the DagBag from /home/airflow/.local/lib/python3.7/site-packages/airflow/example_dags/example_task_group_decorator.py
[2022-11-20T00:17:29.332+0000] {processor.py:766} INFO - DAG(s) dict_keys(['example_task_group_decorator']) retrieved from /home/airflow/.local/lib/python3.7/site-packages/airflow/example_dags/example_task_group_decorator.py
[2022-11-20T00:17:29.360+0000] {logging_mixin.py:137} INFO - [2022-11-20T00:17:29.360+0000] {dag.py:2585} INFO - Sync 1 DAGs
[2022-11-20T00:17:29.375+0000] {logging_mixin.py:137} INFO - [2022-11-20T00:17:29.375+0000] {dag.py:3340} INFO - Setting next_dagrun for example_task_group_decorator to 2022-11-19T00:17:29.375277+00:00, run_after=2022-11-20T00:17:29.375277+00:00
[2022-11-20T00:17:29.387+0000] {processor.py:176} INFO - Processing /home/airflow/.local/lib/python3.7/site-packages/airflow/example_dags/example_task_group_decorator.py took 0.075 seconds
[2022-11-20T00:18:00.016+0000] {processor.py:154} INFO - Started process (PID=312) to work on /home/airflow/.local/lib/python3.7/site-packages/airflow/example_dags/example_task_group_decorator.py
[2022-11-20T00:18:00.019+0000] {processor.py:756} INFO - Processing file /home/airflow/.local/lib/python3.7/site-packages/airflow/example_dags/example_task_group_decorator.py for tasks to queue
[2022-11-20T00:18:00.021+0000] {logging_mixin.py:137} INFO - [2022-11-20T00:18:00.021+0000] {dagbag.py:537} INFO - Filling up the DagBag from /home/airflow/.local/lib/python3.7/site-packages/airflow/example_dags/example_task_group_decorator.py
[2022-11-20T00:18:00.042+0000] {processor.py:766} INFO - DAG(s) dict_keys(['example_task_group_decorator']) retrieved from /home/airflow/.local/lib/python3.7/site-packages/airflow/example_dags/example_task_group_decorator.py
[2022-11-20T00:18:00.074+0000] {logging_mixin.py:137} INFO - [2022-11-20T00:18:00.074+0000] {dag.py:2585} INFO - Sync 1 DAGs
[2022-11-20T00:18:00.092+0000] {logging_mixin.py:137} INFO - [2022-11-20T00:18:00.092+0000] {dag.py:3340} INFO - Setting next_dagrun for example_task_group_decorator to 2022-11-19T00:18:00.091867+00:00, run_after=2022-11-20T00:18:00.091867+00:00
[2022-11-20T00:18:00.110+0000] {processor.py:176} INFO - Processing /home/airflow/.local/lib/python3.7/site-packages/airflow/example_dags/example_task_group_decorator.py took 0.097 seconds
[2022-11-20T00:18:30.616+0000] {processor.py:154} INFO - Started process (PID=368) to work on /home/airflow/.local/lib/python3.7/site-packages/airflow/example_dags/example_task_group_decorator.py
[2022-11-20T00:18:30.618+0000] {processor.py:756} INFO - Processing file /home/airflow/.local/lib/python3.7/site-packages/airflow/example_dags/example_task_group_decorator.py for tasks to queue
[2022-11-20T00:18:30.620+0000] {logging_mixin.py:137} INFO - [2022-11-20T00:18:30.620+0000] {dagbag.py:537} INFO - Filling up the DagBag from /home/airflow/.local/lib/python3.7/site-packages/airflow/example_dags/example_task_group_decorator.py
[2022-11-20T00:18:30.640+0000] {processor.py:766} INFO - DAG(s) dict_keys(['example_task_group_decorator']) retrieved from /home/airflow/.local/lib/python3.7/site-packages/airflow/example_dags/example_task_group_decorator.py
[2022-11-20T00:18:30.669+0000] {logging_mixin.py:137} INFO - [2022-11-20T00:18:30.669+0000] {dag.py:2585} INFO - Sync 1 DAGs
[2022-11-20T00:18:30.687+0000] {logging_mixin.py:137} INFO - [2022-11-20T00:18:30.687+0000] {dag.py:3340} INFO - Setting next_dagrun for example_task_group_decorator to 2022-11-19T00:18:30.687473+00:00, run_after=2022-11-20T00:18:30.687473+00:00
[2022-11-20T00:18:30.701+0000] {processor.py:176} INFO - Processing /home/airflow/.local/lib/python3.7/site-packages/airflow/example_dags/example_task_group_decorator.py took 0.087 seconds
[2022-11-20T00:19:01.382+0000] {processor.py:154} INFO - Started process (PID=433) to work on /home/airflow/.local/lib/python3.7/site-packages/airflow/example_dags/example_task_group_decorator.py
[2022-11-20T00:19:01.384+0000] {processor.py:756} INFO - Processing file /home/airflow/.local/lib/python3.7/site-packages/airflow/example_dags/example_task_group_decorator.py for tasks to queue
[2022-11-20T00:19:01.386+0000] {logging_mixin.py:137} INFO - [2022-11-20T00:19:01.386+0000] {dagbag.py:537} INFO - Filling up the DagBag from /home/airflow/.local/lib/python3.7/site-packages/airflow/example_dags/example_task_group_decorator.py
[2022-11-20T00:19:01.404+0000] {processor.py:766} INFO - DAG(s) dict_keys(['example_task_group_decorator']) retrieved from /home/airflow/.local/lib/python3.7/site-packages/airflow/example_dags/example_task_group_decorator.py
[2022-11-20T00:19:01.438+0000] {logging_mixin.py:137} INFO - [2022-11-20T00:19:01.438+0000] {dag.py:2585} INFO - Sync 1 DAGs
[2022-11-20T00:19:01.454+0000] {logging_mixin.py:137} INFO - [2022-11-20T00:19:01.454+0000] {dag.py:3340} INFO - Setting next_dagrun for example_task_group_decorator to 2022-11-19T00:19:01.454651+00:00, run_after=2022-11-20T00:19:01.454651+00:00
[2022-11-20T00:19:01.468+0000] {processor.py:176} INFO - Processing /home/airflow/.local/lib/python3.7/site-packages/airflow/example_dags/example_task_group_decorator.py took 0.089 seconds
[2022-11-20T00:19:31.776+0000] {processor.py:154} INFO - Started process (PID=500) to work on /home/airflow/.local/lib/python3.7/site-packages/airflow/example_dags/example_task_group_decorator.py
[2022-11-20T00:19:31.778+0000] {processor.py:756} INFO - Processing file /home/airflow/.local/lib/python3.7/site-packages/airflow/example_dags/example_task_group_decorator.py for tasks to queue
[2022-11-20T00:19:31.779+0000] {logging_mixin.py:137} INFO - [2022-11-20T00:19:31.779+0000] {dagbag.py:537} INFO - Filling up the DagBag from /home/airflow/.local/lib/python3.7/site-packages/airflow/example_dags/example_task_group_decorator.py
[2022-11-20T00:19:31.797+0000] {processor.py:766} INFO - DAG(s) dict_keys(['example_task_group_decorator']) retrieved from /home/airflow/.local/lib/python3.7/site-packages/airflow/example_dags/example_task_group_decorator.py
[2022-11-20T00:19:31.832+0000] {logging_mixin.py:137} INFO - [2022-11-20T00:19:31.832+0000] {dag.py:2585} INFO - Sync 1 DAGs
[2022-11-20T00:19:31.848+0000] {logging_mixin.py:137} INFO - [2022-11-20T00:19:31.848+0000] {dag.py:3340} INFO - Setting next_dagrun for example_task_group_decorator to 2022-11-19T00:19:31.848393+00:00, run_after=2022-11-20T00:19:31.848393+00:00
[2022-11-20T00:19:31.860+0000] {processor.py:176} INFO - Processing /home/airflow/.local/lib/python3.7/site-packages/airflow/example_dags/example_task_group_decorator.py took 0.087 seconds
[2022-11-20T00:20:02.435+0000] {processor.py:154} INFO - Started process (PID=565) to work on /home/airflow/.local/lib/python3.7/site-packages/airflow/example_dags/example_task_group_decorator.py
[2022-11-20T00:20:02.436+0000] {processor.py:756} INFO - Processing file /home/airflow/.local/lib/python3.7/site-packages/airflow/example_dags/example_task_group_decorator.py for tasks to queue
[2022-11-20T00:20:02.437+0000] {logging_mixin.py:137} INFO - [2022-11-20T00:20:02.437+0000] {dagbag.py:537} INFO - Filling up the DagBag from /home/airflow/.local/lib/python3.7/site-packages/airflow/example_dags/example_task_group_decorator.py
[2022-11-20T00:20:02.455+0000] {processor.py:766} INFO - DAG(s) dict_keys(['example_task_group_decorator']) retrieved from /home/airflow/.local/lib/python3.7/site-packages/airflow/example_dags/example_task_group_decorator.py
[2022-11-20T00:20:02.484+0000] {logging_mixin.py:137} INFO - [2022-11-20T00:20:02.484+0000] {dag.py:2585} INFO - Sync 1 DAGs
[2022-11-20T00:20:02.499+0000] {logging_mixin.py:137} INFO - [2022-11-20T00:20:02.499+0000] {dag.py:3340} INFO - Setting next_dagrun for example_task_group_decorator to 2022-11-19T00:20:02.499553+00:00, run_after=2022-11-20T00:20:02.499553+00:00
[2022-11-20T00:20:02.511+0000] {processor.py:176} INFO - Processing /home/airflow/.local/lib/python3.7/site-packages/airflow/example_dags/example_task_group_decorator.py took 0.078 seconds
[2022-11-20T00:20:32.747+0000] {processor.py:154} INFO - Started process (PID=629) to work on /home/airflow/.local/lib/python3.7/site-packages/airflow/example_dags/example_task_group_decorator.py
[2022-11-20T00:20:32.749+0000] {processor.py:756} INFO - Processing file /home/airflow/.local/lib/python3.7/site-packages/airflow/example_dags/example_task_group_decorator.py for tasks to queue
[2022-11-20T00:20:32.751+0000] {logging_mixin.py:137} INFO - [2022-11-20T00:20:32.751+0000] {dagbag.py:537} INFO - Filling up the DagBag from /home/airflow/.local/lib/python3.7/site-packages/airflow/example_dags/example_task_group_decorator.py
[2022-11-20T00:20:32.768+0000] {processor.py:766} INFO - DAG(s) dict_keys(['example_task_group_decorator']) retrieved from /home/airflow/.local/lib/python3.7/site-packages/airflow/example_dags/example_task_group_decorator.py
[2022-11-20T00:20:32.800+0000] {logging_mixin.py:137} INFO - [2022-11-20T00:20:32.800+0000] {dag.py:2585} INFO - Sync 1 DAGs
[2022-11-20T00:20:32.821+0000] {logging_mixin.py:137} INFO - [2022-11-20T00:20:32.821+0000] {dag.py:3340} INFO - Setting next_dagrun for example_task_group_decorator to 2022-11-19T00:20:32.821344+00:00, run_after=2022-11-20T00:20:32.821344+00:00
[2022-11-20T00:20:32.836+0000] {processor.py:176} INFO - Processing /home/airflow/.local/lib/python3.7/site-packages/airflow/example_dags/example_task_group_decorator.py took 0.092 seconds
