[2022-11-20T00:15:57.162+0000] {processor.py:154} INFO - Started process (PID=48) to work on /home/airflow/.local/lib/python3.7/site-packages/airflow/example_dags/example_branch_operator.py
[2022-11-20T00:15:57.164+0000] {processor.py:756} INFO - Processing file /home/airflow/.local/lib/python3.7/site-packages/airflow/example_dags/example_branch_operator.py for tasks to queue
[2022-11-20T00:15:57.165+0000] {logging_mixin.py:137} INFO - [2022-11-20T00:15:57.165+0000] {dagbag.py:537} INFO - Filling up the DagBag from /home/airflow/.local/lib/python3.7/site-packages/airflow/example_dags/example_branch_operator.py
[2022-11-20T00:15:57.180+0000] {processor.py:766} INFO - DAG(s) dict_keys(['example_branch_operator']) retrieved from /home/airflow/.local/lib/python3.7/site-packages/airflow/example_dags/example_branch_operator.py
[2022-11-20T00:15:57.201+0000] {logging_mixin.py:137} INFO - [2022-11-20T00:15:57.201+0000] {dag.py:2585} INFO - Sync 1 DAGs
[2022-11-20T00:15:57.227+0000] {logging_mixin.py:137} INFO - [2022-11-20T00:15:57.227+0000] {dag.py:3340} INFO - Setting next_dagrun for example_branch_operator to 2022-11-19T00:00:00+00:00, run_after=2022-11-20T00:00:00+00:00
[2022-11-20T00:15:57.242+0000] {processor.py:176} INFO - Processing /home/airflow/.local/lib/python3.7/site-packages/airflow/example_dags/example_branch_operator.py took 0.082 seconds
[2022-11-20T00:16:28.247+0000] {processor.py:154} INFO - Started process (PID=111) to work on /home/airflow/.local/lib/python3.7/site-packages/airflow/example_dags/example_branch_operator.py
[2022-11-20T00:16:28.249+0000] {processor.py:756} INFO - Processing file /home/airflow/.local/lib/python3.7/site-packages/airflow/example_dags/example_branch_operator.py for tasks to queue
[2022-11-20T00:16:28.250+0000] {logging_mixin.py:137} INFO - [2022-11-20T00:16:28.250+0000] {dagbag.py:537} INFO - Filling up the DagBag from /home/airflow/.local/lib/python3.7/site-packages/airflow/example_dags/example_branch_operator.py
[2022-11-20T00:16:28.262+0000] {processor.py:766} INFO - DAG(s) dict_keys(['example_branch_operator']) retrieved from /home/airflow/.local/lib/python3.7/site-packages/airflow/example_dags/example_branch_operator.py
[2022-11-20T00:16:28.289+0000] {logging_mixin.py:137} INFO - [2022-11-20T00:16:28.289+0000] {dag.py:2585} INFO - Sync 1 DAGs
[2022-11-20T00:16:28.304+0000] {logging_mixin.py:137} INFO - [2022-11-20T00:16:28.304+0000] {dag.py:3340} INFO - Setting next_dagrun for example_branch_operator to 2022-11-19T00:00:00+00:00, run_after=2022-11-20T00:00:00+00:00
[2022-11-20T00:16:28.316+0000] {processor.py:176} INFO - Processing /home/airflow/.local/lib/python3.7/site-packages/airflow/example_dags/example_branch_operator.py took 0.071 seconds
[2022-11-20T00:16:58.679+0000] {processor.py:154} INFO - Started process (PID=177) to work on /home/airflow/.local/lib/python3.7/site-packages/airflow/example_dags/example_branch_operator.py
[2022-11-20T00:16:58.680+0000] {processor.py:756} INFO - Processing file /home/airflow/.local/lib/python3.7/site-packages/airflow/example_dags/example_branch_operator.py for tasks to queue
[2022-11-20T00:16:58.681+0000] {logging_mixin.py:137} INFO - [2022-11-20T00:16:58.681+0000] {dagbag.py:537} INFO - Filling up the DagBag from /home/airflow/.local/lib/python3.7/site-packages/airflow/example_dags/example_branch_operator.py
[2022-11-20T00:16:58.693+0000] {processor.py:766} INFO - DAG(s) dict_keys(['example_branch_operator']) retrieved from /home/airflow/.local/lib/python3.7/site-packages/airflow/example_dags/example_branch_operator.py
[2022-11-20T00:16:58.724+0000] {logging_mixin.py:137} INFO - [2022-11-20T00:16:58.723+0000] {dag.py:2585} INFO - Sync 1 DAGs
[2022-11-20T00:16:58.739+0000] {logging_mixin.py:137} INFO - [2022-11-20T00:16:58.739+0000] {dag.py:3340} INFO - Setting next_dagrun for example_branch_operator to 2022-11-19T00:00:00+00:00, run_after=2022-11-20T00:00:00+00:00
[2022-11-20T00:16:58.753+0000] {processor.py:176} INFO - Processing /home/airflow/.local/lib/python3.7/site-packages/airflow/example_dags/example_branch_operator.py took 0.076 seconds
[2022-11-20T00:17:29.034+0000] {processor.py:154} INFO - Started process (PID=242) to work on /home/airflow/.local/lib/python3.7/site-packages/airflow/example_dags/example_branch_operator.py
[2022-11-20T00:17:29.036+0000] {processor.py:756} INFO - Processing file /home/airflow/.local/lib/python3.7/site-packages/airflow/example_dags/example_branch_operator.py for tasks to queue
[2022-11-20T00:17:29.037+0000] {logging_mixin.py:137} INFO - [2022-11-20T00:17:29.037+0000] {dagbag.py:537} INFO - Filling up the DagBag from /home/airflow/.local/lib/python3.7/site-packages/airflow/example_dags/example_branch_operator.py
[2022-11-20T00:17:29.048+0000] {processor.py:766} INFO - DAG(s) dict_keys(['example_branch_operator']) retrieved from /home/airflow/.local/lib/python3.7/site-packages/airflow/example_dags/example_branch_operator.py
[2022-11-20T00:17:29.074+0000] {logging_mixin.py:137} INFO - [2022-11-20T00:17:29.074+0000] {dag.py:2585} INFO - Sync 1 DAGs
[2022-11-20T00:17:29.089+0000] {logging_mixin.py:137} INFO - [2022-11-20T00:17:29.089+0000] {dag.py:3340} INFO - Setting next_dagrun for example_branch_operator to 2022-11-19T00:00:00+00:00, run_after=2022-11-20T00:00:00+00:00
[2022-11-20T00:17:29.100+0000] {processor.py:176} INFO - Processing /home/airflow/.local/lib/python3.7/site-packages/airflow/example_dags/example_branch_operator.py took 0.069 seconds
[2022-11-20T00:17:59.782+0000] {processor.py:154} INFO - Started process (PID=307) to work on /home/airflow/.local/lib/python3.7/site-packages/airflow/example_dags/example_branch_operator.py
[2022-11-20T00:17:59.784+0000] {processor.py:756} INFO - Processing file /home/airflow/.local/lib/python3.7/site-packages/airflow/example_dags/example_branch_operator.py for tasks to queue
[2022-11-20T00:17:59.785+0000] {logging_mixin.py:137} INFO - [2022-11-20T00:17:59.785+0000] {dagbag.py:537} INFO - Filling up the DagBag from /home/airflow/.local/lib/python3.7/site-packages/airflow/example_dags/example_branch_operator.py
[2022-11-20T00:17:59.797+0000] {processor.py:766} INFO - DAG(s) dict_keys(['example_branch_operator']) retrieved from /home/airflow/.local/lib/python3.7/site-packages/airflow/example_dags/example_branch_operator.py
[2022-11-20T00:17:59.826+0000] {logging_mixin.py:137} INFO - [2022-11-20T00:17:59.826+0000] {dag.py:2585} INFO - Sync 1 DAGs
[2022-11-20T00:17:59.843+0000] {logging_mixin.py:137} INFO - [2022-11-20T00:17:59.843+0000] {dag.py:3340} INFO - Setting next_dagrun for example_branch_operator to 2022-11-19T00:00:00+00:00, run_after=2022-11-20T00:00:00+00:00
[2022-11-20T00:17:59.858+0000] {processor.py:176} INFO - Processing /home/airflow/.local/lib/python3.7/site-packages/airflow/example_dags/example_branch_operator.py took 0.078 seconds
[2022-11-20T00:18:30.321+0000] {processor.py:154} INFO - Started process (PID=363) to work on /home/airflow/.local/lib/python3.7/site-packages/airflow/example_dags/example_branch_operator.py
[2022-11-20T00:18:30.323+0000] {processor.py:756} INFO - Processing file /home/airflow/.local/lib/python3.7/site-packages/airflow/example_dags/example_branch_operator.py for tasks to queue
[2022-11-20T00:18:30.325+0000] {logging_mixin.py:137} INFO - [2022-11-20T00:18:30.324+0000] {dagbag.py:537} INFO - Filling up the DagBag from /home/airflow/.local/lib/python3.7/site-packages/airflow/example_dags/example_branch_operator.py
[2022-11-20T00:18:30.338+0000] {processor.py:766} INFO - DAG(s) dict_keys(['example_branch_operator']) retrieved from /home/airflow/.local/lib/python3.7/site-packages/airflow/example_dags/example_branch_operator.py
[2022-11-20T00:18:30.366+0000] {logging_mixin.py:137} INFO - [2022-11-20T00:18:30.366+0000] {dag.py:2585} INFO - Sync 1 DAGs
[2022-11-20T00:18:30.384+0000] {logging_mixin.py:137} INFO - [2022-11-20T00:18:30.384+0000] {dag.py:3340} INFO - Setting next_dagrun for example_branch_operator to 2022-11-19T00:00:00+00:00, run_after=2022-11-20T00:00:00+00:00
[2022-11-20T00:18:30.399+0000] {processor.py:176} INFO - Processing /home/airflow/.local/lib/python3.7/site-packages/airflow/example_dags/example_branch_operator.py took 0.081 seconds
[2022-11-20T00:19:00.986+0000] {processor.py:154} INFO - Started process (PID=428) to work on /home/airflow/.local/lib/python3.7/site-packages/airflow/example_dags/example_branch_operator.py
[2022-11-20T00:19:00.989+0000] {processor.py:756} INFO - Processing file /home/airflow/.local/lib/python3.7/site-packages/airflow/example_dags/example_branch_operator.py for tasks to queue
[2022-11-20T00:19:00.990+0000] {logging_mixin.py:137} INFO - [2022-11-20T00:19:00.990+0000] {dagbag.py:537} INFO - Filling up the DagBag from /home/airflow/.local/lib/python3.7/site-packages/airflow/example_dags/example_branch_operator.py
[2022-11-20T00:19:01.001+0000] {processor.py:766} INFO - DAG(s) dict_keys(['example_branch_operator']) retrieved from /home/airflow/.local/lib/python3.7/site-packages/airflow/example_dags/example_branch_operator.py
[2022-11-20T00:19:01.029+0000] {logging_mixin.py:137} INFO - [2022-11-20T00:19:01.029+0000] {dag.py:2585} INFO - Sync 1 DAGs
[2022-11-20T00:19:01.045+0000] {logging_mixin.py:137} INFO - [2022-11-20T00:19:01.045+0000] {dag.py:3340} INFO - Setting next_dagrun for example_branch_operator to 2022-11-19T00:00:00+00:00, run_after=2022-11-20T00:00:00+00:00
[2022-11-20T00:19:01.058+0000] {processor.py:176} INFO - Processing /home/airflow/.local/lib/python3.7/site-packages/airflow/example_dags/example_branch_operator.py took 0.074 seconds
[2022-11-20T00:19:31.508+0000] {processor.py:154} INFO - Started process (PID=495) to work on /home/airflow/.local/lib/python3.7/site-packages/airflow/example_dags/example_branch_operator.py
[2022-11-20T00:19:31.510+0000] {processor.py:756} INFO - Processing file /home/airflow/.local/lib/python3.7/site-packages/airflow/example_dags/example_branch_operator.py for tasks to queue
[2022-11-20T00:19:31.511+0000] {logging_mixin.py:137} INFO - [2022-11-20T00:19:31.511+0000] {dagbag.py:537} INFO - Filling up the DagBag from /home/airflow/.local/lib/python3.7/site-packages/airflow/example_dags/example_branch_operator.py
[2022-11-20T00:19:31.522+0000] {processor.py:766} INFO - DAG(s) dict_keys(['example_branch_operator']) retrieved from /home/airflow/.local/lib/python3.7/site-packages/airflow/example_dags/example_branch_operator.py
[2022-11-20T00:19:31.555+0000] {logging_mixin.py:137} INFO - [2022-11-20T00:19:31.555+0000] {dag.py:2585} INFO - Sync 1 DAGs
[2022-11-20T00:19:31.572+0000] {logging_mixin.py:137} INFO - [2022-11-20T00:19:31.572+0000] {dag.py:3340} INFO - Setting next_dagrun for example_branch_operator to 2022-11-19T00:00:00+00:00, run_after=2022-11-20T00:00:00+00:00
[2022-11-20T00:19:31.586+0000] {processor.py:176} INFO - Processing /home/airflow/.local/lib/python3.7/site-packages/airflow/example_dags/example_branch_operator.py took 0.080 seconds
[2022-11-20T00:20:02.112+0000] {processor.py:154} INFO - Started process (PID=560) to work on /home/airflow/.local/lib/python3.7/site-packages/airflow/example_dags/example_branch_operator.py
[2022-11-20T00:20:02.114+0000] {processor.py:756} INFO - Processing file /home/airflow/.local/lib/python3.7/site-packages/airflow/example_dags/example_branch_operator.py for tasks to queue
[2022-11-20T00:20:02.115+0000] {logging_mixin.py:137} INFO - [2022-11-20T00:20:02.115+0000] {dagbag.py:537} INFO - Filling up the DagBag from /home/airflow/.local/lib/python3.7/site-packages/airflow/example_dags/example_branch_operator.py
[2022-11-20T00:20:02.129+0000] {processor.py:766} INFO - DAG(s) dict_keys(['example_branch_operator']) retrieved from /home/airflow/.local/lib/python3.7/site-packages/airflow/example_dags/example_branch_operator.py
[2022-11-20T00:20:02.157+0000] {logging_mixin.py:137} INFO - [2022-11-20T00:20:02.157+0000] {dag.py:2585} INFO - Sync 1 DAGs
[2022-11-20T00:20:02.173+0000] {logging_mixin.py:137} INFO - [2022-11-20T00:20:02.173+0000] {dag.py:3340} INFO - Setting next_dagrun for example_branch_operator to 2022-11-19T00:00:00+00:00, run_after=2022-11-20T00:00:00+00:00
[2022-11-20T00:20:02.186+0000] {processor.py:176} INFO - Processing /home/airflow/.local/lib/python3.7/site-packages/airflow/example_dags/example_branch_operator.py took 0.076 seconds
[2022-11-20T00:20:32.489+0000] {processor.py:154} INFO - Started process (PID=624) to work on /home/airflow/.local/lib/python3.7/site-packages/airflow/example_dags/example_branch_operator.py
[2022-11-20T00:20:32.491+0000] {processor.py:756} INFO - Processing file /home/airflow/.local/lib/python3.7/site-packages/airflow/example_dags/example_branch_operator.py for tasks to queue
[2022-11-20T00:20:32.492+0000] {logging_mixin.py:137} INFO - [2022-11-20T00:20:32.492+0000] {dagbag.py:537} INFO - Filling up the DagBag from /home/airflow/.local/lib/python3.7/site-packages/airflow/example_dags/example_branch_operator.py
[2022-11-20T00:20:32.504+0000] {processor.py:766} INFO - DAG(s) dict_keys(['example_branch_operator']) retrieved from /home/airflow/.local/lib/python3.7/site-packages/airflow/example_dags/example_branch_operator.py
[2022-11-20T00:20:32.534+0000] {logging_mixin.py:137} INFO - [2022-11-20T00:20:32.534+0000] {dag.py:2585} INFO - Sync 1 DAGs
[2022-11-20T00:20:32.550+0000] {logging_mixin.py:137} INFO - [2022-11-20T00:20:32.550+0000] {dag.py:3340} INFO - Setting next_dagrun for example_branch_operator to 2022-11-19T00:00:00+00:00, run_after=2022-11-20T00:00:00+00:00
[2022-11-20T00:20:32.564+0000] {processor.py:176} INFO - Processing /home/airflow/.local/lib/python3.7/site-packages/airflow/example_dags/example_branch_operator.py took 0.077 seconds
