[2022-11-20T00:15:58.310+0000] {processor.py:154} INFO - Started process (PID=62) to work on /home/airflow/.local/lib/python3.7/site-packages/airflow/example_dags/example_branch_labels.py
[2022-11-20T00:15:58.314+0000] {processor.py:756} INFO - Processing file /home/airflow/.local/lib/python3.7/site-packages/airflow/example_dags/example_branch_labels.py for tasks to queue
[2022-11-20T00:15:58.315+0000] {logging_mixin.py:137} INFO - [2022-11-20T00:15:58.315+0000] {dagbag.py:537} INFO - Filling up the DagBag from /home/airflow/.local/lib/python3.7/site-packages/airflow/example_dags/example_branch_labels.py
[2022-11-20T00:15:58.328+0000] {processor.py:766} INFO - DAG(s) dict_keys(['example_branch_labels']) retrieved from /home/airflow/.local/lib/python3.7/site-packages/airflow/example_dags/example_branch_labels.py
[2022-11-20T00:15:58.351+0000] {logging_mixin.py:137} INFO - [2022-11-20T00:15:58.351+0000] {dag.py:2585} INFO - Sync 1 DAGs
[2022-11-20T00:15:58.386+0000] {logging_mixin.py:137} INFO - [2022-11-20T00:15:58.386+0000] {dag.py:3340} INFO - Setting next_dagrun for example_branch_labels to 2022-11-19T00:00:00+00:00, run_after=2022-11-20T00:00:00+00:00
[2022-11-20T00:15:58.401+0000] {processor.py:176} INFO - Processing /home/airflow/.local/lib/python3.7/site-packages/airflow/example_dags/example_branch_labels.py took 0.096 seconds
[2022-11-20T00:16:29.105+0000] {processor.py:154} INFO - Started process (PID=125) to work on /home/airflow/.local/lib/python3.7/site-packages/airflow/example_dags/example_branch_labels.py
[2022-11-20T00:16:29.106+0000] {processor.py:756} INFO - Processing file /home/airflow/.local/lib/python3.7/site-packages/airflow/example_dags/example_branch_labels.py for tasks to queue
[2022-11-20T00:16:29.107+0000] {logging_mixin.py:137} INFO - [2022-11-20T00:16:29.107+0000] {dagbag.py:537} INFO - Filling up the DagBag from /home/airflow/.local/lib/python3.7/site-packages/airflow/example_dags/example_branch_labels.py
[2022-11-20T00:16:29.118+0000] {processor.py:766} INFO - DAG(s) dict_keys(['example_branch_labels']) retrieved from /home/airflow/.local/lib/python3.7/site-packages/airflow/example_dags/example_branch_labels.py
[2022-11-20T00:16:29.145+0000] {logging_mixin.py:137} INFO - [2022-11-20T00:16:29.145+0000] {dag.py:2585} INFO - Sync 1 DAGs
[2022-11-20T00:16:29.161+0000] {logging_mixin.py:137} INFO - [2022-11-20T00:16:29.161+0000] {dag.py:3340} INFO - Setting next_dagrun for example_branch_labels to 2022-11-19T00:00:00+00:00, run_after=2022-11-20T00:00:00+00:00
[2022-11-20T00:16:29.176+0000] {processor.py:176} INFO - Processing /home/airflow/.local/lib/python3.7/site-packages/airflow/example_dags/example_branch_labels.py took 0.073 seconds
[2022-11-20T00:16:59.415+0000] {processor.py:154} INFO - Started process (PID=191) to work on /home/airflow/.local/lib/python3.7/site-packages/airflow/example_dags/example_branch_labels.py
[2022-11-20T00:16:59.416+0000] {processor.py:756} INFO - Processing file /home/airflow/.local/lib/python3.7/site-packages/airflow/example_dags/example_branch_labels.py for tasks to queue
[2022-11-20T00:16:59.418+0000] {logging_mixin.py:137} INFO - [2022-11-20T00:16:59.418+0000] {dagbag.py:537} INFO - Filling up the DagBag from /home/airflow/.local/lib/python3.7/site-packages/airflow/example_dags/example_branch_labels.py
[2022-11-20T00:16:59.428+0000] {processor.py:766} INFO - DAG(s) dict_keys(['example_branch_labels']) retrieved from /home/airflow/.local/lib/python3.7/site-packages/airflow/example_dags/example_branch_labels.py
[2022-11-20T00:16:59.456+0000] {logging_mixin.py:137} INFO - [2022-11-20T00:16:59.456+0000] {dag.py:2585} INFO - Sync 1 DAGs
[2022-11-20T00:16:59.472+0000] {logging_mixin.py:137} INFO - [2022-11-20T00:16:59.472+0000] {dag.py:3340} INFO - Setting next_dagrun for example_branch_labels to 2022-11-19T00:00:00+00:00, run_after=2022-11-20T00:00:00+00:00
[2022-11-20T00:16:59.486+0000] {processor.py:176} INFO - Processing /home/airflow/.local/lib/python3.7/site-packages/airflow/example_dags/example_branch_labels.py took 0.073 seconds
[2022-11-20T00:17:29.897+0000] {processor.py:154} INFO - Started process (PID=256) to work on /home/airflow/.local/lib/python3.7/site-packages/airflow/example_dags/example_branch_labels.py
[2022-11-20T00:17:29.901+0000] {processor.py:756} INFO - Processing file /home/airflow/.local/lib/python3.7/site-packages/airflow/example_dags/example_branch_labels.py for tasks to queue
[2022-11-20T00:17:29.902+0000] {logging_mixin.py:137} INFO - [2022-11-20T00:17:29.902+0000] {dagbag.py:537} INFO - Filling up the DagBag from /home/airflow/.local/lib/python3.7/site-packages/airflow/example_dags/example_branch_labels.py
[2022-11-20T00:17:29.913+0000] {processor.py:766} INFO - DAG(s) dict_keys(['example_branch_labels']) retrieved from /home/airflow/.local/lib/python3.7/site-packages/airflow/example_dags/example_branch_labels.py
[2022-11-20T00:17:29.945+0000] {logging_mixin.py:137} INFO - [2022-11-20T00:17:29.945+0000] {dag.py:2585} INFO - Sync 1 DAGs
[2022-11-20T00:17:29.962+0000] {logging_mixin.py:137} INFO - [2022-11-20T00:17:29.962+0000] {dag.py:3340} INFO - Setting next_dagrun for example_branch_labels to 2022-11-19T00:00:00+00:00, run_after=2022-11-20T00:00:00+00:00
[2022-11-20T00:17:29.976+0000] {processor.py:176} INFO - Processing /home/airflow/.local/lib/python3.7/site-packages/airflow/example_dags/example_branch_labels.py took 0.081 seconds
[2022-11-20T00:18:00.550+0000] {processor.py:154} INFO - Started process (PID=321) to work on /home/airflow/.local/lib/python3.7/site-packages/airflow/example_dags/example_branch_labels.py
[2022-11-20T00:18:00.552+0000] {processor.py:756} INFO - Processing file /home/airflow/.local/lib/python3.7/site-packages/airflow/example_dags/example_branch_labels.py for tasks to queue
[2022-11-20T00:18:00.553+0000] {logging_mixin.py:137} INFO - [2022-11-20T00:18:00.553+0000] {dagbag.py:537} INFO - Filling up the DagBag from /home/airflow/.local/lib/python3.7/site-packages/airflow/example_dags/example_branch_labels.py
[2022-11-20T00:18:00.563+0000] {processor.py:766} INFO - DAG(s) dict_keys(['example_branch_labels']) retrieved from /home/airflow/.local/lib/python3.7/site-packages/airflow/example_dags/example_branch_labels.py
[2022-11-20T00:18:00.594+0000] {logging_mixin.py:137} INFO - [2022-11-20T00:18:00.594+0000] {dag.py:2585} INFO - Sync 1 DAGs
[2022-11-20T00:18:00.614+0000] {logging_mixin.py:137} INFO - [2022-11-20T00:18:00.613+0000] {dag.py:3340} INFO - Setting next_dagrun for example_branch_labels to 2022-11-19T00:00:00+00:00, run_after=2022-11-20T00:00:00+00:00
[2022-11-20T00:18:00.634+0000] {processor.py:176} INFO - Processing /home/airflow/.local/lib/python3.7/site-packages/airflow/example_dags/example_branch_labels.py took 0.086 seconds
[2022-11-20T00:18:31.178+0000] {processor.py:154} INFO - Started process (PID=377) to work on /home/airflow/.local/lib/python3.7/site-packages/airflow/example_dags/example_branch_labels.py
[2022-11-20T00:18:31.185+0000] {processor.py:756} INFO - Processing file /home/airflow/.local/lib/python3.7/site-packages/airflow/example_dags/example_branch_labels.py for tasks to queue
[2022-11-20T00:18:31.187+0000] {logging_mixin.py:137} INFO - [2022-11-20T00:18:31.187+0000] {dagbag.py:537} INFO - Filling up the DagBag from /home/airflow/.local/lib/python3.7/site-packages/airflow/example_dags/example_branch_labels.py
[2022-11-20T00:18:31.197+0000] {processor.py:766} INFO - DAG(s) dict_keys(['example_branch_labels']) retrieved from /home/airflow/.local/lib/python3.7/site-packages/airflow/example_dags/example_branch_labels.py
[2022-11-20T00:18:31.228+0000] {logging_mixin.py:137} INFO - [2022-11-20T00:18:31.228+0000] {dag.py:2585} INFO - Sync 1 DAGs
[2022-11-20T00:18:31.256+0000] {logging_mixin.py:137} INFO - [2022-11-20T00:18:31.256+0000] {dag.py:3340} INFO - Setting next_dagrun for example_branch_labels to 2022-11-19T00:00:00+00:00, run_after=2022-11-20T00:00:00+00:00
[2022-11-20T00:18:31.278+0000] {processor.py:176} INFO - Processing /home/airflow/.local/lib/python3.7/site-packages/airflow/example_dags/example_branch_labels.py took 0.102 seconds
[2022-11-20T00:19:01.959+0000] {processor.py:154} INFO - Started process (PID=442) to work on /home/airflow/.local/lib/python3.7/site-packages/airflow/example_dags/example_branch_labels.py
[2022-11-20T00:19:01.962+0000] {processor.py:756} INFO - Processing file /home/airflow/.local/lib/python3.7/site-packages/airflow/example_dags/example_branch_labels.py for tasks to queue
[2022-11-20T00:19:01.963+0000] {logging_mixin.py:137} INFO - [2022-11-20T00:19:01.963+0000] {dagbag.py:537} INFO - Filling up the DagBag from /home/airflow/.local/lib/python3.7/site-packages/airflow/example_dags/example_branch_labels.py
[2022-11-20T00:19:01.974+0000] {processor.py:766} INFO - DAG(s) dict_keys(['example_branch_labels']) retrieved from /home/airflow/.local/lib/python3.7/site-packages/airflow/example_dags/example_branch_labels.py
[2022-11-20T00:19:02.003+0000] {logging_mixin.py:137} INFO - [2022-11-20T00:19:02.002+0000] {dag.py:2585} INFO - Sync 1 DAGs
[2022-11-20T00:19:02.020+0000] {logging_mixin.py:137} INFO - [2022-11-20T00:19:02.020+0000] {dag.py:3340} INFO - Setting next_dagrun for example_branch_labels to 2022-11-19T00:00:00+00:00, run_after=2022-11-20T00:00:00+00:00
[2022-11-20T00:19:02.036+0000] {processor.py:176} INFO - Processing /home/airflow/.local/lib/python3.7/site-packages/airflow/example_dags/example_branch_labels.py took 0.079 seconds
[2022-11-20T00:19:32.323+0000] {processor.py:154} INFO - Started process (PID=509) to work on /home/airflow/.local/lib/python3.7/site-packages/airflow/example_dags/example_branch_labels.py
[2022-11-20T00:19:32.325+0000] {processor.py:756} INFO - Processing file /home/airflow/.local/lib/python3.7/site-packages/airflow/example_dags/example_branch_labels.py for tasks to queue
[2022-11-20T00:19:32.326+0000] {logging_mixin.py:137} INFO - [2022-11-20T00:19:32.326+0000] {dagbag.py:537} INFO - Filling up the DagBag from /home/airflow/.local/lib/python3.7/site-packages/airflow/example_dags/example_branch_labels.py
[2022-11-20T00:19:32.336+0000] {processor.py:766} INFO - DAG(s) dict_keys(['example_branch_labels']) retrieved from /home/airflow/.local/lib/python3.7/site-packages/airflow/example_dags/example_branch_labels.py
[2022-11-20T00:19:32.365+0000] {logging_mixin.py:137} INFO - [2022-11-20T00:19:32.365+0000] {dag.py:2585} INFO - Sync 1 DAGs
[2022-11-20T00:19:32.385+0000] {logging_mixin.py:137} INFO - [2022-11-20T00:19:32.385+0000] {dag.py:3340} INFO - Setting next_dagrun for example_branch_labels to 2022-11-19T00:00:00+00:00, run_after=2022-11-20T00:00:00+00:00
[2022-11-20T00:19:32.397+0000] {processor.py:176} INFO - Processing /home/airflow/.local/lib/python3.7/site-packages/airflow/example_dags/example_branch_labels.py took 0.077 seconds
[2022-11-20T00:20:02.960+0000] {processor.py:154} INFO - Started process (PID=574) to work on /home/airflow/.local/lib/python3.7/site-packages/airflow/example_dags/example_branch_labels.py
[2022-11-20T00:20:02.961+0000] {processor.py:756} INFO - Processing file /home/airflow/.local/lib/python3.7/site-packages/airflow/example_dags/example_branch_labels.py for tasks to queue
[2022-11-20T00:20:02.962+0000] {logging_mixin.py:137} INFO - [2022-11-20T00:20:02.962+0000] {dagbag.py:537} INFO - Filling up the DagBag from /home/airflow/.local/lib/python3.7/site-packages/airflow/example_dags/example_branch_labels.py
[2022-11-20T00:20:02.973+0000] {processor.py:766} INFO - DAG(s) dict_keys(['example_branch_labels']) retrieved from /home/airflow/.local/lib/python3.7/site-packages/airflow/example_dags/example_branch_labels.py
[2022-11-20T00:20:03.004+0000] {logging_mixin.py:137} INFO - [2022-11-20T00:20:03.004+0000] {dag.py:2585} INFO - Sync 1 DAGs
[2022-11-20T00:20:03.021+0000] {logging_mixin.py:137} INFO - [2022-11-20T00:20:03.021+0000] {dag.py:3340} INFO - Setting next_dagrun for example_branch_labels to 2022-11-19T00:00:00+00:00, run_after=2022-11-20T00:00:00+00:00
[2022-11-20T00:20:03.035+0000] {processor.py:176} INFO - Processing /home/airflow/.local/lib/python3.7/site-packages/airflow/example_dags/example_branch_labels.py took 0.077 seconds
[2022-11-20T00:20:33.284+0000] {processor.py:154} INFO - Started process (PID=638) to work on /home/airflow/.local/lib/python3.7/site-packages/airflow/example_dags/example_branch_labels.py
[2022-11-20T00:20:33.287+0000] {processor.py:756} INFO - Processing file /home/airflow/.local/lib/python3.7/site-packages/airflow/example_dags/example_branch_labels.py for tasks to queue
[2022-11-20T00:20:33.288+0000] {logging_mixin.py:137} INFO - [2022-11-20T00:20:33.288+0000] {dagbag.py:537} INFO - Filling up the DagBag from /home/airflow/.local/lib/python3.7/site-packages/airflow/example_dags/example_branch_labels.py
[2022-11-20T00:20:33.299+0000] {processor.py:766} INFO - DAG(s) dict_keys(['example_branch_labels']) retrieved from /home/airflow/.local/lib/python3.7/site-packages/airflow/example_dags/example_branch_labels.py
[2022-11-20T00:20:33.327+0000] {logging_mixin.py:137} INFO - [2022-11-20T00:20:33.327+0000] {dag.py:2585} INFO - Sync 1 DAGs
[2022-11-20T00:20:33.345+0000] {logging_mixin.py:137} INFO - [2022-11-20T00:20:33.345+0000] {dag.py:3340} INFO - Setting next_dagrun for example_branch_labels to 2022-11-19T00:00:00+00:00, run_after=2022-11-20T00:00:00+00:00
[2022-11-20T00:20:33.362+0000] {processor.py:176} INFO - Processing /home/airflow/.local/lib/python3.7/site-packages/airflow/example_dags/example_branch_labels.py took 0.081 seconds
