[2022-11-20T00:15:56.398+0000] {processor.py:154} INFO - Started process (PID=38) to work on /home/airflow/.local/lib/python3.7/site-packages/airflow/example_dags/example_branch_day_of_week_operator.py
[2022-11-20T00:15:56.400+0000] {processor.py:756} INFO - Processing file /home/airflow/.local/lib/python3.7/site-packages/airflow/example_dags/example_branch_day_of_week_operator.py for tasks to queue
[2022-11-20T00:15:56.401+0000] {logging_mixin.py:137} INFO - [2022-11-20T00:15:56.401+0000] {dagbag.py:537} INFO - Filling up the DagBag from /home/airflow/.local/lib/python3.7/site-packages/airflow/example_dags/example_branch_day_of_week_operator.py
[2022-11-20T00:15:56.413+0000] {processor.py:766} INFO - DAG(s) dict_keys(['example_weekday_branch_operator']) retrieved from /home/airflow/.local/lib/python3.7/site-packages/airflow/example_dags/example_branch_day_of_week_operator.py
[2022-11-20T00:15:56.430+0000] {logging_mixin.py:137} INFO - [2022-11-20T00:15:56.429+0000] {dag.py:2585} INFO - Sync 1 DAGs
[2022-11-20T00:15:56.447+0000] {logging_mixin.py:137} INFO - [2022-11-20T00:15:56.447+0000] {dag.py:3340} INFO - Setting next_dagrun for example_weekday_branch_operator to 2022-11-19T00:00:00+00:00, run_after=2022-11-20T00:00:00+00:00
[2022-11-20T00:15:56.464+0000] {processor.py:176} INFO - Processing /home/airflow/.local/lib/python3.7/site-packages/airflow/example_dags/example_branch_day_of_week_operator.py took 0.068 seconds
[2022-11-20T00:16:27.494+0000] {processor.py:154} INFO - Started process (PID=101) to work on /home/airflow/.local/lib/python3.7/site-packages/airflow/example_dags/example_branch_day_of_week_operator.py
[2022-11-20T00:16:27.496+0000] {processor.py:756} INFO - Processing file /home/airflow/.local/lib/python3.7/site-packages/airflow/example_dags/example_branch_day_of_week_operator.py for tasks to queue
[2022-11-20T00:16:27.497+0000] {logging_mixin.py:137} INFO - [2022-11-20T00:16:27.497+0000] {dagbag.py:537} INFO - Filling up the DagBag from /home/airflow/.local/lib/python3.7/site-packages/airflow/example_dags/example_branch_day_of_week_operator.py
[2022-11-20T00:16:27.507+0000] {processor.py:766} INFO - DAG(s) dict_keys(['example_weekday_branch_operator']) retrieved from /home/airflow/.local/lib/python3.7/site-packages/airflow/example_dags/example_branch_day_of_week_operator.py
[2022-11-20T00:16:27.534+0000] {logging_mixin.py:137} INFO - [2022-11-20T00:16:27.534+0000] {dag.py:2585} INFO - Sync 1 DAGs
[2022-11-20T00:16:27.549+0000] {logging_mixin.py:137} INFO - [2022-11-20T00:16:27.549+0000] {dag.py:3340} INFO - Setting next_dagrun for example_weekday_branch_operator to 2022-11-19T00:00:00+00:00, run_after=2022-11-20T00:00:00+00:00
[2022-11-20T00:16:27.561+0000] {processor.py:176} INFO - Processing /home/airflow/.local/lib/python3.7/site-packages/airflow/example_dags/example_branch_day_of_week_operator.py took 0.069 seconds
[2022-11-20T00:16:58.104+0000] {processor.py:154} INFO - Started process (PID=167) to work on /home/airflow/.local/lib/python3.7/site-packages/airflow/example_dags/example_branch_day_of_week_operator.py
[2022-11-20T00:16:58.106+0000] {processor.py:756} INFO - Processing file /home/airflow/.local/lib/python3.7/site-packages/airflow/example_dags/example_branch_day_of_week_operator.py for tasks to queue
[2022-11-20T00:16:58.107+0000] {logging_mixin.py:137} INFO - [2022-11-20T00:16:58.107+0000] {dagbag.py:537} INFO - Filling up the DagBag from /home/airflow/.local/lib/python3.7/site-packages/airflow/example_dags/example_branch_day_of_week_operator.py
[2022-11-20T00:16:58.117+0000] {processor.py:766} INFO - DAG(s) dict_keys(['example_weekday_branch_operator']) retrieved from /home/airflow/.local/lib/python3.7/site-packages/airflow/example_dags/example_branch_day_of_week_operator.py
[2022-11-20T00:16:58.145+0000] {logging_mixin.py:137} INFO - [2022-11-20T00:16:58.145+0000] {dag.py:2585} INFO - Sync 1 DAGs
[2022-11-20T00:16:58.161+0000] {logging_mixin.py:137} INFO - [2022-11-20T00:16:58.160+0000] {dag.py:3340} INFO - Setting next_dagrun for example_weekday_branch_operator to 2022-11-19T00:00:00+00:00, run_after=2022-11-20T00:00:00+00:00
[2022-11-20T00:16:58.176+0000] {processor.py:176} INFO - Processing /home/airflow/.local/lib/python3.7/site-packages/airflow/example_dags/example_branch_day_of_week_operator.py took 0.074 seconds
[2022-11-20T00:17:28.376+0000] {processor.py:154} INFO - Started process (PID=232) to work on /home/airflow/.local/lib/python3.7/site-packages/airflow/example_dags/example_branch_day_of_week_operator.py
[2022-11-20T00:17:28.377+0000] {processor.py:756} INFO - Processing file /home/airflow/.local/lib/python3.7/site-packages/airflow/example_dags/example_branch_day_of_week_operator.py for tasks to queue
[2022-11-20T00:17:28.378+0000] {logging_mixin.py:137} INFO - [2022-11-20T00:17:28.378+0000] {dagbag.py:537} INFO - Filling up the DagBag from /home/airflow/.local/lib/python3.7/site-packages/airflow/example_dags/example_branch_day_of_week_operator.py
[2022-11-20T00:17:28.389+0000] {processor.py:766} INFO - DAG(s) dict_keys(['example_weekday_branch_operator']) retrieved from /home/airflow/.local/lib/python3.7/site-packages/airflow/example_dags/example_branch_day_of_week_operator.py
[2022-11-20T00:17:28.417+0000] {logging_mixin.py:137} INFO - [2022-11-20T00:17:28.417+0000] {dag.py:2585} INFO - Sync 1 DAGs
[2022-11-20T00:17:28.433+0000] {logging_mixin.py:137} INFO - [2022-11-20T00:17:28.432+0000] {dag.py:3340} INFO - Setting next_dagrun for example_weekday_branch_operator to 2022-11-19T00:00:00+00:00, run_after=2022-11-20T00:00:00+00:00
[2022-11-20T00:17:28.445+0000] {processor.py:176} INFO - Processing /home/airflow/.local/lib/python3.7/site-packages/airflow/example_dags/example_branch_day_of_week_operator.py took 0.071 seconds
[2022-11-20T00:17:58.962+0000] {processor.py:154} INFO - Started process (PID=295) to work on /home/airflow/.local/lib/python3.7/site-packages/airflow/example_dags/example_branch_day_of_week_operator.py
[2022-11-20T00:17:58.965+0000] {processor.py:756} INFO - Processing file /home/airflow/.local/lib/python3.7/site-packages/airflow/example_dags/example_branch_day_of_week_operator.py for tasks to queue
[2022-11-20T00:17:58.966+0000] {logging_mixin.py:137} INFO - [2022-11-20T00:17:58.966+0000] {dagbag.py:537} INFO - Filling up the DagBag from /home/airflow/.local/lib/python3.7/site-packages/airflow/example_dags/example_branch_day_of_week_operator.py
[2022-11-20T00:17:58.982+0000] {processor.py:766} INFO - DAG(s) dict_keys(['example_weekday_branch_operator']) retrieved from /home/airflow/.local/lib/python3.7/site-packages/airflow/example_dags/example_branch_day_of_week_operator.py
[2022-11-20T00:17:59.013+0000] {logging_mixin.py:137} INFO - [2022-11-20T00:17:59.013+0000] {dag.py:2585} INFO - Sync 1 DAGs
[2022-11-20T00:17:59.031+0000] {logging_mixin.py:137} INFO - [2022-11-20T00:17:59.031+0000] {dag.py:3340} INFO - Setting next_dagrun for example_weekday_branch_operator to 2022-11-19T00:00:00+00:00, run_after=2022-11-20T00:00:00+00:00
[2022-11-20T00:17:59.046+0000] {processor.py:176} INFO - Processing /home/airflow/.local/lib/python3.7/site-packages/airflow/example_dags/example_branch_day_of_week_operator.py took 0.086 seconds
[2022-11-20T00:18:29.574+0000] {processor.py:154} INFO - Started process (PID=353) to work on /home/airflow/.local/lib/python3.7/site-packages/airflow/example_dags/example_branch_day_of_week_operator.py
[2022-11-20T00:18:29.576+0000] {processor.py:756} INFO - Processing file /home/airflow/.local/lib/python3.7/site-packages/airflow/example_dags/example_branch_day_of_week_operator.py for tasks to queue
[2022-11-20T00:18:29.578+0000] {logging_mixin.py:137} INFO - [2022-11-20T00:18:29.578+0000] {dagbag.py:537} INFO - Filling up the DagBag from /home/airflow/.local/lib/python3.7/site-packages/airflow/example_dags/example_branch_day_of_week_operator.py
[2022-11-20T00:18:29.589+0000] {processor.py:766} INFO - DAG(s) dict_keys(['example_weekday_branch_operator']) retrieved from /home/airflow/.local/lib/python3.7/site-packages/airflow/example_dags/example_branch_day_of_week_operator.py
[2022-11-20T00:18:29.618+0000] {logging_mixin.py:137} INFO - [2022-11-20T00:18:29.618+0000] {dag.py:2585} INFO - Sync 1 DAGs
[2022-11-20T00:18:29.635+0000] {logging_mixin.py:137} INFO - [2022-11-20T00:18:29.635+0000] {dag.py:3340} INFO - Setting next_dagrun for example_weekday_branch_operator to 2022-11-19T00:00:00+00:00, run_after=2022-11-20T00:00:00+00:00
[2022-11-20T00:18:29.648+0000] {processor.py:176} INFO - Processing /home/airflow/.local/lib/python3.7/site-packages/airflow/example_dags/example_branch_day_of_week_operator.py took 0.076 seconds
[2022-11-20T00:19:00.214+0000] {processor.py:154} INFO - Started process (PID=418) to work on /home/airflow/.local/lib/python3.7/site-packages/airflow/example_dags/example_branch_day_of_week_operator.py
[2022-11-20T00:19:00.216+0000] {processor.py:756} INFO - Processing file /home/airflow/.local/lib/python3.7/site-packages/airflow/example_dags/example_branch_day_of_week_operator.py for tasks to queue
[2022-11-20T00:19:00.217+0000] {logging_mixin.py:137} INFO - [2022-11-20T00:19:00.217+0000] {dagbag.py:537} INFO - Filling up the DagBag from /home/airflow/.local/lib/python3.7/site-packages/airflow/example_dags/example_branch_day_of_week_operator.py
[2022-11-20T00:19:00.227+0000] {processor.py:766} INFO - DAG(s) dict_keys(['example_weekday_branch_operator']) retrieved from /home/airflow/.local/lib/python3.7/site-packages/airflow/example_dags/example_branch_day_of_week_operator.py
[2022-11-20T00:19:00.255+0000] {logging_mixin.py:137} INFO - [2022-11-20T00:19:00.255+0000] {dag.py:2585} INFO - Sync 1 DAGs
[2022-11-20T00:19:00.272+0000] {logging_mixin.py:137} INFO - [2022-11-20T00:19:00.272+0000] {dag.py:3340} INFO - Setting next_dagrun for example_weekday_branch_operator to 2022-11-19T00:00:00+00:00, run_after=2022-11-20T00:00:00+00:00
[2022-11-20T00:19:00.285+0000] {processor.py:176} INFO - Processing /home/airflow/.local/lib/python3.7/site-packages/airflow/example_dags/example_branch_day_of_week_operator.py took 0.073 seconds
[2022-11-20T00:19:30.941+0000] {processor.py:154} INFO - Started process (PID=485) to work on /home/airflow/.local/lib/python3.7/site-packages/airflow/example_dags/example_branch_day_of_week_operator.py
[2022-11-20T00:19:30.942+0000] {processor.py:756} INFO - Processing file /home/airflow/.local/lib/python3.7/site-packages/airflow/example_dags/example_branch_day_of_week_operator.py for tasks to queue
[2022-11-20T00:19:30.943+0000] {logging_mixin.py:137} INFO - [2022-11-20T00:19:30.943+0000] {dagbag.py:537} INFO - Filling up the DagBag from /home/airflow/.local/lib/python3.7/site-packages/airflow/example_dags/example_branch_day_of_week_operator.py
[2022-11-20T00:19:30.954+0000] {processor.py:766} INFO - DAG(s) dict_keys(['example_weekday_branch_operator']) retrieved from /home/airflow/.local/lib/python3.7/site-packages/airflow/example_dags/example_branch_day_of_week_operator.py
[2022-11-20T00:19:30.981+0000] {logging_mixin.py:137} INFO - [2022-11-20T00:19:30.981+0000] {dag.py:2585} INFO - Sync 1 DAGs
[2022-11-20T00:19:30.997+0000] {logging_mixin.py:137} INFO - [2022-11-20T00:19:30.997+0000] {dag.py:3340} INFO - Setting next_dagrun for example_weekday_branch_operator to 2022-11-19T00:00:00+00:00, run_after=2022-11-20T00:00:00+00:00
[2022-11-20T00:19:31.009+0000] {processor.py:176} INFO - Processing /home/airflow/.local/lib/python3.7/site-packages/airflow/example_dags/example_branch_day_of_week_operator.py took 0.070 seconds
[2022-11-20T00:20:01.354+0000] {processor.py:154} INFO - Started process (PID=550) to work on /home/airflow/.local/lib/python3.7/site-packages/airflow/example_dags/example_branch_day_of_week_operator.py
[2022-11-20T00:20:01.355+0000] {processor.py:756} INFO - Processing file /home/airflow/.local/lib/python3.7/site-packages/airflow/example_dags/example_branch_day_of_week_operator.py for tasks to queue
[2022-11-20T00:20:01.357+0000] {logging_mixin.py:137} INFO - [2022-11-20T00:20:01.357+0000] {dagbag.py:537} INFO - Filling up the DagBag from /home/airflow/.local/lib/python3.7/site-packages/airflow/example_dags/example_branch_day_of_week_operator.py
[2022-11-20T00:20:01.368+0000] {processor.py:766} INFO - DAG(s) dict_keys(['example_weekday_branch_operator']) retrieved from /home/airflow/.local/lib/python3.7/site-packages/airflow/example_dags/example_branch_day_of_week_operator.py
[2022-11-20T00:20:01.396+0000] {logging_mixin.py:137} INFO - [2022-11-20T00:20:01.396+0000] {dag.py:2585} INFO - Sync 1 DAGs
[2022-11-20T00:20:01.413+0000] {logging_mixin.py:137} INFO - [2022-11-20T00:20:01.412+0000] {dag.py:3340} INFO - Setting next_dagrun for example_weekday_branch_operator to 2022-11-19T00:00:00+00:00, run_after=2022-11-20T00:00:00+00:00
[2022-11-20T00:20:01.424+0000] {processor.py:176} INFO - Processing /home/airflow/.local/lib/python3.7/site-packages/airflow/example_dags/example_branch_day_of_week_operator.py took 0.072 seconds
[2022-11-20T00:20:31.881+0000] {processor.py:154} INFO - Started process (PID=614) to work on /home/airflow/.local/lib/python3.7/site-packages/airflow/example_dags/example_branch_day_of_week_operator.py
[2022-11-20T00:20:31.882+0000] {processor.py:756} INFO - Processing file /home/airflow/.local/lib/python3.7/site-packages/airflow/example_dags/example_branch_day_of_week_operator.py for tasks to queue
[2022-11-20T00:20:31.884+0000] {logging_mixin.py:137} INFO - [2022-11-20T00:20:31.884+0000] {dagbag.py:537} INFO - Filling up the DagBag from /home/airflow/.local/lib/python3.7/site-packages/airflow/example_dags/example_branch_day_of_week_operator.py
[2022-11-20T00:20:31.895+0000] {processor.py:766} INFO - DAG(s) dict_keys(['example_weekday_branch_operator']) retrieved from /home/airflow/.local/lib/python3.7/site-packages/airflow/example_dags/example_branch_day_of_week_operator.py
[2022-11-20T00:20:31.923+0000] {logging_mixin.py:137} INFO - [2022-11-20T00:20:31.923+0000] {dag.py:2585} INFO - Sync 1 DAGs
[2022-11-20T00:20:31.939+0000] {logging_mixin.py:137} INFO - [2022-11-20T00:20:31.938+0000] {dag.py:3340} INFO - Setting next_dagrun for example_weekday_branch_operator to 2022-11-19T00:00:00+00:00, run_after=2022-11-20T00:00:00+00:00
[2022-11-20T00:20:31.952+0000] {processor.py:176} INFO - Processing /home/airflow/.local/lib/python3.7/site-packages/airflow/example_dags/example_branch_day_of_week_operator.py took 0.074 seconds
