[2022-11-20T00:15:58.379+0000] {processor.py:154} INFO - Started process (PID=63) to work on /home/airflow/.local/lib/python3.7/site-packages/airflow/example_dags/example_sla_dag.py
[2022-11-20T00:15:58.381+0000] {processor.py:756} INFO - Processing file /home/airflow/.local/lib/python3.7/site-packages/airflow/example_dags/example_sla_dag.py for tasks to queue
[2022-11-20T00:15:58.382+0000] {logging_mixin.py:137} INFO - [2022-11-20T00:15:58.382+0000] {dagbag.py:537} INFO - Filling up the DagBag from /home/airflow/.local/lib/python3.7/site-packages/airflow/example_dags/example_sla_dag.py
[2022-11-20T00:15:58.405+0000] {processor.py:766} INFO - DAG(s) dict_keys(['example_sla_dag']) retrieved from /home/airflow/.local/lib/python3.7/site-packages/airflow/example_dags/example_sla_dag.py
[2022-11-20T00:15:58.437+0000] {logging_mixin.py:137} INFO - [2022-11-20T00:15:58.437+0000] {dag.py:2585} INFO - Sync 1 DAGs
[2022-11-20T00:15:58.467+0000] {logging_mixin.py:137} INFO - [2022-11-20T00:15:58.467+0000] {dag.py:3340} INFO - Setting next_dagrun for example_sla_dag to 2022-11-20T00:12:00+00:00, run_after=2022-11-20T00:14:00+00:00
[2022-11-20T00:15:58.484+0000] {processor.py:176} INFO - Processing /home/airflow/.local/lib/python3.7/site-packages/airflow/example_dags/example_sla_dag.py took 0.108 seconds
[2022-11-20T00:16:29.173+0000] {processor.py:154} INFO - Started process (PID=126) to work on /home/airflow/.local/lib/python3.7/site-packages/airflow/example_dags/example_sla_dag.py
[2022-11-20T00:16:29.175+0000] {processor.py:756} INFO - Processing file /home/airflow/.local/lib/python3.7/site-packages/airflow/example_dags/example_sla_dag.py for tasks to queue
[2022-11-20T00:16:29.176+0000] {logging_mixin.py:137} INFO - [2022-11-20T00:16:29.176+0000] {dagbag.py:537} INFO - Filling up the DagBag from /home/airflow/.local/lib/python3.7/site-packages/airflow/example_dags/example_sla_dag.py
[2022-11-20T00:16:29.192+0000] {processor.py:766} INFO - DAG(s) dict_keys(['example_sla_dag']) retrieved from /home/airflow/.local/lib/python3.7/site-packages/airflow/example_dags/example_sla_dag.py
[2022-11-20T00:16:29.219+0000] {logging_mixin.py:137} INFO - [2022-11-20T00:16:29.219+0000] {dag.py:2585} INFO - Sync 1 DAGs
[2022-11-20T00:16:29.237+0000] {logging_mixin.py:137} INFO - [2022-11-20T00:16:29.236+0000] {dag.py:3340} INFO - Setting next_dagrun for example_sla_dag to 2022-11-20T00:14:00+00:00, run_after=2022-11-20T00:16:00+00:00
[2022-11-20T00:16:29.249+0000] {processor.py:176} INFO - Processing /home/airflow/.local/lib/python3.7/site-packages/airflow/example_dags/example_sla_dag.py took 0.079 seconds
[2022-11-20T00:16:59.498+0000] {processor.py:154} INFO - Started process (PID=192) to work on /home/airflow/.local/lib/python3.7/site-packages/airflow/example_dags/example_sla_dag.py
[2022-11-20T00:16:59.500+0000] {processor.py:756} INFO - Processing file /home/airflow/.local/lib/python3.7/site-packages/airflow/example_dags/example_sla_dag.py for tasks to queue
[2022-11-20T00:16:59.501+0000] {logging_mixin.py:137} INFO - [2022-11-20T00:16:59.501+0000] {dagbag.py:537} INFO - Filling up the DagBag from /home/airflow/.local/lib/python3.7/site-packages/airflow/example_dags/example_sla_dag.py
[2022-11-20T00:16:59.516+0000] {processor.py:766} INFO - DAG(s) dict_keys(['example_sla_dag']) retrieved from /home/airflow/.local/lib/python3.7/site-packages/airflow/example_dags/example_sla_dag.py
[2022-11-20T00:16:59.543+0000] {logging_mixin.py:137} INFO - [2022-11-20T00:16:59.543+0000] {dag.py:2585} INFO - Sync 1 DAGs
[2022-11-20T00:16:59.561+0000] {logging_mixin.py:137} INFO - [2022-11-20T00:16:59.561+0000] {dag.py:3340} INFO - Setting next_dagrun for example_sla_dag to 2022-11-20T00:14:00+00:00, run_after=2022-11-20T00:16:00+00:00
[2022-11-20T00:16:59.573+0000] {processor.py:176} INFO - Processing /home/airflow/.local/lib/python3.7/site-packages/airflow/example_dags/example_sla_dag.py took 0.077 seconds
[2022-11-20T00:17:29.946+0000] {processor.py:154} INFO - Started process (PID=257) to work on /home/airflow/.local/lib/python3.7/site-packages/airflow/example_dags/example_sla_dag.py
[2022-11-20T00:17:29.949+0000] {processor.py:756} INFO - Processing file /home/airflow/.local/lib/python3.7/site-packages/airflow/example_dags/example_sla_dag.py for tasks to queue
[2022-11-20T00:17:29.951+0000] {logging_mixin.py:137} INFO - [2022-11-20T00:17:29.951+0000] {dagbag.py:537} INFO - Filling up the DagBag from /home/airflow/.local/lib/python3.7/site-packages/airflow/example_dags/example_sla_dag.py
[2022-11-20T00:17:29.966+0000] {processor.py:766} INFO - DAG(s) dict_keys(['example_sla_dag']) retrieved from /home/airflow/.local/lib/python3.7/site-packages/airflow/example_dags/example_sla_dag.py
[2022-11-20T00:17:29.996+0000] {logging_mixin.py:137} INFO - [2022-11-20T00:17:29.996+0000] {dag.py:2585} INFO - Sync 1 DAGs
[2022-11-20T00:17:30.015+0000] {logging_mixin.py:137} INFO - [2022-11-20T00:17:30.015+0000] {dag.py:3340} INFO - Setting next_dagrun for example_sla_dag to 2022-11-20T00:14:00+00:00, run_after=2022-11-20T00:16:00+00:00
[2022-11-20T00:17:30.028+0000] {processor.py:176} INFO - Processing /home/airflow/.local/lib/python3.7/site-packages/airflow/example_dags/example_sla_dag.py took 0.084 seconds
[2022-11-20T00:18:00.646+0000] {processor.py:154} INFO - Started process (PID=322) to work on /home/airflow/.local/lib/python3.7/site-packages/airflow/example_dags/example_sla_dag.py
[2022-11-20T00:18:00.648+0000] {processor.py:756} INFO - Processing file /home/airflow/.local/lib/python3.7/site-packages/airflow/example_dags/example_sla_dag.py for tasks to queue
[2022-11-20T00:18:00.649+0000] {logging_mixin.py:137} INFO - [2022-11-20T00:18:00.649+0000] {dagbag.py:537} INFO - Filling up the DagBag from /home/airflow/.local/lib/python3.7/site-packages/airflow/example_dags/example_sla_dag.py
[2022-11-20T00:18:00.667+0000] {processor.py:766} INFO - DAG(s) dict_keys(['example_sla_dag']) retrieved from /home/airflow/.local/lib/python3.7/site-packages/airflow/example_dags/example_sla_dag.py
[2022-11-20T00:18:00.695+0000] {logging_mixin.py:137} INFO - [2022-11-20T00:18:00.695+0000] {dag.py:2585} INFO - Sync 1 DAGs
[2022-11-20T00:18:00.712+0000] {logging_mixin.py:137} INFO - [2022-11-20T00:18:00.712+0000] {dag.py:3340} INFO - Setting next_dagrun for example_sla_dag to 2022-11-20T00:16:00+00:00, run_after=2022-11-20T00:18:00+00:00
[2022-11-20T00:18:00.727+0000] {processor.py:176} INFO - Processing /home/airflow/.local/lib/python3.7/site-packages/airflow/example_dags/example_sla_dag.py took 0.083 seconds
[2022-11-20T00:18:31.263+0000] {processor.py:154} INFO - Started process (PID=378) to work on /home/airflow/.local/lib/python3.7/site-packages/airflow/example_dags/example_sla_dag.py
[2022-11-20T00:18:31.265+0000] {processor.py:756} INFO - Processing file /home/airflow/.local/lib/python3.7/site-packages/airflow/example_dags/example_sla_dag.py for tasks to queue
[2022-11-20T00:18:31.271+0000] {logging_mixin.py:137} INFO - [2022-11-20T00:18:31.271+0000] {dagbag.py:537} INFO - Filling up the DagBag from /home/airflow/.local/lib/python3.7/site-packages/airflow/example_dags/example_sla_dag.py
[2022-11-20T00:18:31.301+0000] {processor.py:766} INFO - DAG(s) dict_keys(['example_sla_dag']) retrieved from /home/airflow/.local/lib/python3.7/site-packages/airflow/example_dags/example_sla_dag.py
[2022-11-20T00:18:31.336+0000] {logging_mixin.py:137} INFO - [2022-11-20T00:18:31.336+0000] {dag.py:2585} INFO - Sync 1 DAGs
[2022-11-20T00:18:31.357+0000] {logging_mixin.py:137} INFO - [2022-11-20T00:18:31.357+0000] {dag.py:3340} INFO - Setting next_dagrun for example_sla_dag to 2022-11-20T00:16:00+00:00, run_after=2022-11-20T00:18:00+00:00
[2022-11-20T00:18:31.371+0000] {processor.py:176} INFO - Processing /home/airflow/.local/lib/python3.7/site-packages/airflow/example_dags/example_sla_dag.py took 0.111 seconds
[2022-11-20T00:19:02.031+0000] {processor.py:154} INFO - Started process (PID=443) to work on /home/airflow/.local/lib/python3.7/site-packages/airflow/example_dags/example_sla_dag.py
[2022-11-20T00:19:02.033+0000] {processor.py:756} INFO - Processing file /home/airflow/.local/lib/python3.7/site-packages/airflow/example_dags/example_sla_dag.py for tasks to queue
[2022-11-20T00:19:02.035+0000] {logging_mixin.py:137} INFO - [2022-11-20T00:19:02.034+0000] {dagbag.py:537} INFO - Filling up the DagBag from /home/airflow/.local/lib/python3.7/site-packages/airflow/example_dags/example_sla_dag.py
[2022-11-20T00:19:02.050+0000] {processor.py:766} INFO - DAG(s) dict_keys(['example_sla_dag']) retrieved from /home/airflow/.local/lib/python3.7/site-packages/airflow/example_dags/example_sla_dag.py
[2022-11-20T00:19:02.079+0000] {logging_mixin.py:137} INFO - [2022-11-20T00:19:02.079+0000] {dag.py:2585} INFO - Sync 1 DAGs
[2022-11-20T00:19:02.096+0000] {logging_mixin.py:137} INFO - [2022-11-20T00:19:02.096+0000] {dag.py:3340} INFO - Setting next_dagrun for example_sla_dag to 2022-11-20T00:16:00+00:00, run_after=2022-11-20T00:18:00+00:00
[2022-11-20T00:19:02.109+0000] {processor.py:176} INFO - Processing /home/airflow/.local/lib/python3.7/site-packages/airflow/example_dags/example_sla_dag.py took 0.081 seconds
[2022-11-20T00:19:32.382+0000] {processor.py:154} INFO - Started process (PID=510) to work on /home/airflow/.local/lib/python3.7/site-packages/airflow/example_dags/example_sla_dag.py
[2022-11-20T00:19:32.384+0000] {processor.py:756} INFO - Processing file /home/airflow/.local/lib/python3.7/site-packages/airflow/example_dags/example_sla_dag.py for tasks to queue
[2022-11-20T00:19:32.385+0000] {logging_mixin.py:137} INFO - [2022-11-20T00:19:32.385+0000] {dagbag.py:537} INFO - Filling up the DagBag from /home/airflow/.local/lib/python3.7/site-packages/airflow/example_dags/example_sla_dag.py
[2022-11-20T00:19:32.401+0000] {processor.py:766} INFO - DAG(s) dict_keys(['example_sla_dag']) retrieved from /home/airflow/.local/lib/python3.7/site-packages/airflow/example_dags/example_sla_dag.py
[2022-11-20T00:19:32.431+0000] {logging_mixin.py:137} INFO - [2022-11-20T00:19:32.431+0000] {dag.py:2585} INFO - Sync 1 DAGs
[2022-11-20T00:19:32.448+0000] {logging_mixin.py:137} INFO - [2022-11-20T00:19:32.448+0000] {dag.py:3340} INFO - Setting next_dagrun for example_sla_dag to 2022-11-20T00:16:00+00:00, run_after=2022-11-20T00:18:00+00:00
[2022-11-20T00:19:32.460+0000] {processor.py:176} INFO - Processing /home/airflow/.local/lib/python3.7/site-packages/airflow/example_dags/example_sla_dag.py took 0.081 seconds
[2022-11-20T00:20:03.033+0000] {processor.py:154} INFO - Started process (PID=575) to work on /home/airflow/.local/lib/python3.7/site-packages/airflow/example_dags/example_sla_dag.py
[2022-11-20T00:20:03.035+0000] {processor.py:756} INFO - Processing file /home/airflow/.local/lib/python3.7/site-packages/airflow/example_dags/example_sla_dag.py for tasks to queue
[2022-11-20T00:20:03.037+0000] {logging_mixin.py:137} INFO - [2022-11-20T00:20:03.036+0000] {dagbag.py:537} INFO - Filling up the DagBag from /home/airflow/.local/lib/python3.7/site-packages/airflow/example_dags/example_sla_dag.py
[2022-11-20T00:20:03.052+0000] {processor.py:766} INFO - DAG(s) dict_keys(['example_sla_dag']) retrieved from /home/airflow/.local/lib/python3.7/site-packages/airflow/example_dags/example_sla_dag.py
[2022-11-20T00:20:03.083+0000] {logging_mixin.py:137} INFO - [2022-11-20T00:20:03.083+0000] {dag.py:2585} INFO - Sync 1 DAGs
[2022-11-20T00:20:03.100+0000] {logging_mixin.py:137} INFO - [2022-11-20T00:20:03.100+0000] {dag.py:3340} INFO - Setting next_dagrun for example_sla_dag to 2022-11-20T00:18:00+00:00, run_after=2022-11-20T00:20:00+00:00
[2022-11-20T00:20:03.114+0000] {processor.py:176} INFO - Processing /home/airflow/.local/lib/python3.7/site-packages/airflow/example_dags/example_sla_dag.py took 0.083 seconds
[2022-11-20T00:20:33.357+0000] {processor.py:154} INFO - Started process (PID=639) to work on /home/airflow/.local/lib/python3.7/site-packages/airflow/example_dags/example_sla_dag.py
[2022-11-20T00:20:33.359+0000] {processor.py:756} INFO - Processing file /home/airflow/.local/lib/python3.7/site-packages/airflow/example_dags/example_sla_dag.py for tasks to queue
[2022-11-20T00:20:33.360+0000] {logging_mixin.py:137} INFO - [2022-11-20T00:20:33.360+0000] {dagbag.py:537} INFO - Filling up the DagBag from /home/airflow/.local/lib/python3.7/site-packages/airflow/example_dags/example_sla_dag.py
[2022-11-20T00:20:33.377+0000] {processor.py:766} INFO - DAG(s) dict_keys(['example_sla_dag']) retrieved from /home/airflow/.local/lib/python3.7/site-packages/airflow/example_dags/example_sla_dag.py
[2022-11-20T00:20:33.407+0000] {logging_mixin.py:137} INFO - [2022-11-20T00:20:33.407+0000] {dag.py:2585} INFO - Sync 1 DAGs
[2022-11-20T00:20:33.426+0000] {logging_mixin.py:137} INFO - [2022-11-20T00:20:33.426+0000] {dag.py:3340} INFO - Setting next_dagrun for example_sla_dag to 2022-11-20T00:18:00+00:00, run_after=2022-11-20T00:20:00+00:00
[2022-11-20T00:20:33.439+0000] {processor.py:176} INFO - Processing /home/airflow/.local/lib/python3.7/site-packages/airflow/example_dags/example_sla_dag.py took 0.084 seconds
