[2022-11-20T00:15:56.305+0000] {processor.py:154} INFO - Started process (PID=36) to work on /home/airflow/.local/lib/python3.7/site-packages/airflow/example_dags/example_latest_only_with_trigger.py
[2022-11-20T00:15:56.306+0000] {processor.py:756} INFO - Processing file /home/airflow/.local/lib/python3.7/site-packages/airflow/example_dags/example_latest_only_with_trigger.py for tasks to queue
[2022-11-20T00:15:56.308+0000] {logging_mixin.py:137} INFO - [2022-11-20T00:15:56.307+0000] {dagbag.py:537} INFO - Filling up the DagBag from /home/airflow/.local/lib/python3.7/site-packages/airflow/example_dags/example_latest_only_with_trigger.py
[2022-11-20T00:15:56.319+0000] {processor.py:766} INFO - DAG(s) dict_keys(['latest_only_with_trigger']) retrieved from /home/airflow/.local/lib/python3.7/site-packages/airflow/example_dags/example_latest_only_with_trigger.py
[2022-11-20T00:15:56.337+0000] {logging_mixin.py:137} INFO - [2022-11-20T00:15:56.337+0000] {dag.py:2585} INFO - Sync 1 DAGs
[2022-11-20T00:15:56.353+0000] {logging_mixin.py:137} INFO - [2022-11-20T00:15:56.353+0000] {dag.py:3340} INFO - Setting next_dagrun for latest_only_with_trigger to 2022-11-19T20:15:56.353309+00:00, run_after=2022-11-20T00:15:56.353309+00:00
[2022-11-20T00:15:56.367+0000] {processor.py:176} INFO - Processing /home/airflow/.local/lib/python3.7/site-packages/airflow/example_dags/example_latest_only_with_trigger.py took 0.064 seconds
[2022-11-20T00:16:27.395+0000] {processor.py:154} INFO - Started process (PID=99) to work on /home/airflow/.local/lib/python3.7/site-packages/airflow/example_dags/example_latest_only_with_trigger.py
[2022-11-20T00:16:27.398+0000] {processor.py:756} INFO - Processing file /home/airflow/.local/lib/python3.7/site-packages/airflow/example_dags/example_latest_only_with_trigger.py for tasks to queue
[2022-11-20T00:16:27.399+0000] {logging_mixin.py:137} INFO - [2022-11-20T00:16:27.399+0000] {dagbag.py:537} INFO - Filling up the DagBag from /home/airflow/.local/lib/python3.7/site-packages/airflow/example_dags/example_latest_only_with_trigger.py
[2022-11-20T00:16:27.411+0000] {processor.py:766} INFO - DAG(s) dict_keys(['latest_only_with_trigger']) retrieved from /home/airflow/.local/lib/python3.7/site-packages/airflow/example_dags/example_latest_only_with_trigger.py
[2022-11-20T00:16:27.440+0000] {logging_mixin.py:137} INFO - [2022-11-20T00:16:27.440+0000] {dag.py:2585} INFO - Sync 1 DAGs
[2022-11-20T00:16:27.455+0000] {logging_mixin.py:137} INFO - [2022-11-20T00:16:27.455+0000] {dag.py:3340} INFO - Setting next_dagrun for latest_only_with_trigger to 2022-11-19T20:16:27.455310+00:00, run_after=2022-11-20T00:16:27.455310+00:00
[2022-11-20T00:16:27.468+0000] {processor.py:176} INFO - Processing /home/airflow/.local/lib/python3.7/site-packages/airflow/example_dags/example_latest_only_with_trigger.py took 0.075 seconds
[2022-11-20T00:16:58.013+0000] {processor.py:154} INFO - Started process (PID=165) to work on /home/airflow/.local/lib/python3.7/site-packages/airflow/example_dags/example_latest_only_with_trigger.py
[2022-11-20T00:16:58.015+0000] {processor.py:756} INFO - Processing file /home/airflow/.local/lib/python3.7/site-packages/airflow/example_dags/example_latest_only_with_trigger.py for tasks to queue
[2022-11-20T00:16:58.017+0000] {logging_mixin.py:137} INFO - [2022-11-20T00:16:58.016+0000] {dagbag.py:537} INFO - Filling up the DagBag from /home/airflow/.local/lib/python3.7/site-packages/airflow/example_dags/example_latest_only_with_trigger.py
[2022-11-20T00:16:58.027+0000] {processor.py:766} INFO - DAG(s) dict_keys(['latest_only_with_trigger']) retrieved from /home/airflow/.local/lib/python3.7/site-packages/airflow/example_dags/example_latest_only_with_trigger.py
[2022-11-20T00:16:58.055+0000] {logging_mixin.py:137} INFO - [2022-11-20T00:16:58.055+0000] {dag.py:2585} INFO - Sync 1 DAGs
[2022-11-20T00:16:58.070+0000] {logging_mixin.py:137} INFO - [2022-11-20T00:16:58.070+0000] {dag.py:3340} INFO - Setting next_dagrun for latest_only_with_trigger to 2022-11-19T20:16:58.070652+00:00, run_after=2022-11-20T00:16:58.070652+00:00
[2022-11-20T00:16:58.083+0000] {processor.py:176} INFO - Processing /home/airflow/.local/lib/python3.7/site-packages/airflow/example_dags/example_latest_only_with_trigger.py took 0.072 seconds
[2022-11-20T00:17:28.280+0000] {processor.py:154} INFO - Started process (PID=230) to work on /home/airflow/.local/lib/python3.7/site-packages/airflow/example_dags/example_latest_only_with_trigger.py
[2022-11-20T00:17:28.282+0000] {processor.py:756} INFO - Processing file /home/airflow/.local/lib/python3.7/site-packages/airflow/example_dags/example_latest_only_with_trigger.py for tasks to queue
[2022-11-20T00:17:28.283+0000] {logging_mixin.py:137} INFO - [2022-11-20T00:17:28.283+0000] {dagbag.py:537} INFO - Filling up the DagBag from /home/airflow/.local/lib/python3.7/site-packages/airflow/example_dags/example_latest_only_with_trigger.py
[2022-11-20T00:17:28.293+0000] {processor.py:766} INFO - DAG(s) dict_keys(['latest_only_with_trigger']) retrieved from /home/airflow/.local/lib/python3.7/site-packages/airflow/example_dags/example_latest_only_with_trigger.py
[2022-11-20T00:17:28.321+0000] {logging_mixin.py:137} INFO - [2022-11-20T00:17:28.320+0000] {dag.py:2585} INFO - Sync 1 DAGs
[2022-11-20T00:17:28.336+0000] {logging_mixin.py:137} INFO - [2022-11-20T00:17:28.336+0000] {dag.py:3340} INFO - Setting next_dagrun for latest_only_with_trigger to 2022-11-19T20:17:28.336546+00:00, run_after=2022-11-20T00:17:28.336546+00:00
[2022-11-20T00:17:28.348+0000] {processor.py:176} INFO - Processing /home/airflow/.local/lib/python3.7/site-packages/airflow/example_dags/example_latest_only_with_trigger.py took 0.070 seconds
[2022-11-20T00:17:58.861+0000] {processor.py:154} INFO - Started process (PID=293) to work on /home/airflow/.local/lib/python3.7/site-packages/airflow/example_dags/example_latest_only_with_trigger.py
[2022-11-20T00:17:58.862+0000] {processor.py:756} INFO - Processing file /home/airflow/.local/lib/python3.7/site-packages/airflow/example_dags/example_latest_only_with_trigger.py for tasks to queue
[2022-11-20T00:17:58.864+0000] {logging_mixin.py:137} INFO - [2022-11-20T00:17:58.864+0000] {dagbag.py:537} INFO - Filling up the DagBag from /home/airflow/.local/lib/python3.7/site-packages/airflow/example_dags/example_latest_only_with_trigger.py
[2022-11-20T00:17:58.874+0000] {processor.py:766} INFO - DAG(s) dict_keys(['latest_only_with_trigger']) retrieved from /home/airflow/.local/lib/python3.7/site-packages/airflow/example_dags/example_latest_only_with_trigger.py
[2022-11-20T00:17:58.902+0000] {logging_mixin.py:137} INFO - [2022-11-20T00:17:58.902+0000] {dag.py:2585} INFO - Sync 1 DAGs
[2022-11-20T00:17:58.918+0000] {logging_mixin.py:137} INFO - [2022-11-20T00:17:58.918+0000] {dag.py:3340} INFO - Setting next_dagrun for latest_only_with_trigger to 2022-11-19T20:17:58.918137+00:00, run_after=2022-11-20T00:17:58.918137+00:00
[2022-11-20T00:17:58.933+0000] {processor.py:176} INFO - Processing /home/airflow/.local/lib/python3.7/site-packages/airflow/example_dags/example_latest_only_with_trigger.py took 0.075 seconds
[2022-11-20T00:18:29.468+0000] {processor.py:154} INFO - Started process (PID=351) to work on /home/airflow/.local/lib/python3.7/site-packages/airflow/example_dags/example_latest_only_with_trigger.py
[2022-11-20T00:18:29.470+0000] {processor.py:756} INFO - Processing file /home/airflow/.local/lib/python3.7/site-packages/airflow/example_dags/example_latest_only_with_trigger.py for tasks to queue
[2022-11-20T00:18:29.471+0000] {logging_mixin.py:137} INFO - [2022-11-20T00:18:29.471+0000] {dagbag.py:537} INFO - Filling up the DagBag from /home/airflow/.local/lib/python3.7/site-packages/airflow/example_dags/example_latest_only_with_trigger.py
[2022-11-20T00:18:29.482+0000] {processor.py:766} INFO - DAG(s) dict_keys(['latest_only_with_trigger']) retrieved from /home/airflow/.local/lib/python3.7/site-packages/airflow/example_dags/example_latest_only_with_trigger.py
[2022-11-20T00:18:29.507+0000] {logging_mixin.py:137} INFO - [2022-11-20T00:18:29.507+0000] {dag.py:2585} INFO - Sync 1 DAGs
[2022-11-20T00:18:29.521+0000] {logging_mixin.py:137} INFO - [2022-11-20T00:18:29.521+0000] {dag.py:3340} INFO - Setting next_dagrun for latest_only_with_trigger to 2022-11-19T20:18:29.521088+00:00, run_after=2022-11-20T00:18:29.521088+00:00
[2022-11-20T00:18:29.534+0000] {processor.py:176} INFO - Processing /home/airflow/.local/lib/python3.7/site-packages/airflow/example_dags/example_latest_only_with_trigger.py took 0.068 seconds
[2022-11-20T00:19:00.120+0000] {processor.py:154} INFO - Started process (PID=416) to work on /home/airflow/.local/lib/python3.7/site-packages/airflow/example_dags/example_latest_only_with_trigger.py
[2022-11-20T00:19:00.122+0000] {processor.py:756} INFO - Processing file /home/airflow/.local/lib/python3.7/site-packages/airflow/example_dags/example_latest_only_with_trigger.py for tasks to queue
[2022-11-20T00:19:00.124+0000] {logging_mixin.py:137} INFO - [2022-11-20T00:19:00.123+0000] {dagbag.py:537} INFO - Filling up the DagBag from /home/airflow/.local/lib/python3.7/site-packages/airflow/example_dags/example_latest_only_with_trigger.py
[2022-11-20T00:19:00.133+0000] {processor.py:766} INFO - DAG(s) dict_keys(['latest_only_with_trigger']) retrieved from /home/airflow/.local/lib/python3.7/site-packages/airflow/example_dags/example_latest_only_with_trigger.py
[2022-11-20T00:19:00.161+0000] {logging_mixin.py:137} INFO - [2022-11-20T00:19:00.161+0000] {dag.py:2585} INFO - Sync 1 DAGs
[2022-11-20T00:19:00.176+0000] {logging_mixin.py:137} INFO - [2022-11-20T00:19:00.176+0000] {dag.py:3340} INFO - Setting next_dagrun for latest_only_with_trigger to 2022-11-19T20:19:00.175887+00:00, run_after=2022-11-20T00:19:00.175887+00:00
[2022-11-20T00:19:00.188+0000] {processor.py:176} INFO - Processing /home/airflow/.local/lib/python3.7/site-packages/airflow/example_dags/example_latest_only_with_trigger.py took 0.071 seconds
[2022-11-20T00:19:30.847+0000] {processor.py:154} INFO - Started process (PID=483) to work on /home/airflow/.local/lib/python3.7/site-packages/airflow/example_dags/example_latest_only_with_trigger.py
[2022-11-20T00:19:30.849+0000] {processor.py:756} INFO - Processing file /home/airflow/.local/lib/python3.7/site-packages/airflow/example_dags/example_latest_only_with_trigger.py for tasks to queue
[2022-11-20T00:19:30.851+0000] {logging_mixin.py:137} INFO - [2022-11-20T00:19:30.851+0000] {dagbag.py:537} INFO - Filling up the DagBag from /home/airflow/.local/lib/python3.7/site-packages/airflow/example_dags/example_latest_only_with_trigger.py
[2022-11-20T00:19:30.862+0000] {processor.py:766} INFO - DAG(s) dict_keys(['latest_only_with_trigger']) retrieved from /home/airflow/.local/lib/python3.7/site-packages/airflow/example_dags/example_latest_only_with_trigger.py
[2022-11-20T00:19:30.890+0000] {logging_mixin.py:137} INFO - [2022-11-20T00:19:30.889+0000] {dag.py:2585} INFO - Sync 1 DAGs
[2022-11-20T00:19:30.904+0000] {logging_mixin.py:137} INFO - [2022-11-20T00:19:30.904+0000] {dag.py:3340} INFO - Setting next_dagrun for latest_only_with_trigger to 2022-11-19T20:19:30.904675+00:00, run_after=2022-11-20T00:19:30.904675+00:00
[2022-11-20T00:19:30.916+0000] {processor.py:176} INFO - Processing /home/airflow/.local/lib/python3.7/site-packages/airflow/example_dags/example_latest_only_with_trigger.py took 0.072 seconds
[2022-11-20T00:20:01.266+0000] {processor.py:154} INFO - Started process (PID=548) to work on /home/airflow/.local/lib/python3.7/site-packages/airflow/example_dags/example_latest_only_with_trigger.py
[2022-11-20T00:20:01.267+0000] {processor.py:756} INFO - Processing file /home/airflow/.local/lib/python3.7/site-packages/airflow/example_dags/example_latest_only_with_trigger.py for tasks to queue
[2022-11-20T00:20:01.268+0000] {logging_mixin.py:137} INFO - [2022-11-20T00:20:01.268+0000] {dagbag.py:537} INFO - Filling up the DagBag from /home/airflow/.local/lib/python3.7/site-packages/airflow/example_dags/example_latest_only_with_trigger.py
[2022-11-20T00:20:01.278+0000] {processor.py:766} INFO - DAG(s) dict_keys(['latest_only_with_trigger']) retrieved from /home/airflow/.local/lib/python3.7/site-packages/airflow/example_dags/example_latest_only_with_trigger.py
[2022-11-20T00:20:01.303+0000] {logging_mixin.py:137} INFO - [2022-11-20T00:20:01.303+0000] {dag.py:2585} INFO - Sync 1 DAGs
[2022-11-20T00:20:01.318+0000] {logging_mixin.py:137} INFO - [2022-11-20T00:20:01.317+0000] {dag.py:3340} INFO - Setting next_dagrun for latest_only_with_trigger to 2022-11-19T20:20:01.317773+00:00, run_after=2022-11-20T00:20:01.317773+00:00
[2022-11-20T00:20:01.329+0000] {processor.py:176} INFO - Processing /home/airflow/.local/lib/python3.7/site-packages/airflow/example_dags/example_latest_only_with_trigger.py took 0.065 seconds
[2022-11-20T00:20:31.792+0000] {processor.py:154} INFO - Started process (PID=612) to work on /home/airflow/.local/lib/python3.7/site-packages/airflow/example_dags/example_latest_only_with_trigger.py
[2022-11-20T00:20:31.793+0000] {processor.py:756} INFO - Processing file /home/airflow/.local/lib/python3.7/site-packages/airflow/example_dags/example_latest_only_with_trigger.py for tasks to queue
[2022-11-20T00:20:31.795+0000] {logging_mixin.py:137} INFO - [2022-11-20T00:20:31.795+0000] {dagbag.py:537} INFO - Filling up the DagBag from /home/airflow/.local/lib/python3.7/site-packages/airflow/example_dags/example_latest_only_with_trigger.py
[2022-11-20T00:20:31.804+0000] {processor.py:766} INFO - DAG(s) dict_keys(['latest_only_with_trigger']) retrieved from /home/airflow/.local/lib/python3.7/site-packages/airflow/example_dags/example_latest_only_with_trigger.py
[2022-11-20T00:20:31.831+0000] {logging_mixin.py:137} INFO - [2022-11-20T00:20:31.831+0000] {dag.py:2585} INFO - Sync 1 DAGs
[2022-11-20T00:20:31.847+0000] {logging_mixin.py:137} INFO - [2022-11-20T00:20:31.847+0000] {dag.py:3340} INFO - Setting next_dagrun for latest_only_with_trigger to 2022-11-19T20:20:31.846833+00:00, run_after=2022-11-20T00:20:31.846833+00:00
[2022-11-20T00:20:31.859+0000] {processor.py:176} INFO - Processing /home/airflow/.local/lib/python3.7/site-packages/airflow/example_dags/example_latest_only_with_trigger.py took 0.070 seconds
