[2022-11-20T00:15:56.868+0000] {processor.py:154} INFO - Started process (PID=44) to work on /home/airflow/.local/lib/python3.7/site-packages/airflow/example_dags/example_short_circuit_decorator.py
[2022-11-20T00:15:56.870+0000] {processor.py:756} INFO - Processing file /home/airflow/.local/lib/python3.7/site-packages/airflow/example_dags/example_short_circuit_decorator.py for tasks to queue
[2022-11-20T00:15:56.871+0000] {logging_mixin.py:137} INFO - [2022-11-20T00:15:56.871+0000] {dagbag.py:537} INFO - Filling up the DagBag from /home/airflow/.local/lib/python3.7/site-packages/airflow/example_dags/example_short_circuit_decorator.py
[2022-11-20T00:15:56.900+0000] {processor.py:766} INFO - DAG(s) dict_keys(['example_short_circuit_decorator']) retrieved from /home/airflow/.local/lib/python3.7/site-packages/airflow/example_dags/example_short_circuit_decorator.py
[2022-11-20T00:15:56.934+0000] {logging_mixin.py:137} INFO - [2022-11-20T00:15:56.934+0000] {dag.py:2585} INFO - Sync 1 DAGs
[2022-11-20T00:15:56.968+0000] {logging_mixin.py:137} INFO - [2022-11-20T00:15:56.968+0000] {dag.py:3340} INFO - Setting next_dagrun for example_short_circuit_decorator to 2022-11-19T00:15:56.967865+00:00, run_after=2022-11-20T00:15:56.967865+00:00
[2022-11-20T00:15:56.984+0000] {processor.py:176} INFO - Processing /home/airflow/.local/lib/python3.7/site-packages/airflow/example_dags/example_short_circuit_decorator.py took 0.118 seconds
[2022-11-20T00:16:27.956+0000] {processor.py:154} INFO - Started process (PID=107) to work on /home/airflow/.local/lib/python3.7/site-packages/airflow/example_dags/example_short_circuit_decorator.py
[2022-11-20T00:16:27.958+0000] {processor.py:756} INFO - Processing file /home/airflow/.local/lib/python3.7/site-packages/airflow/example_dags/example_short_circuit_decorator.py for tasks to queue
[2022-11-20T00:16:27.959+0000] {logging_mixin.py:137} INFO - [2022-11-20T00:16:27.959+0000] {dagbag.py:537} INFO - Filling up the DagBag from /home/airflow/.local/lib/python3.7/site-packages/airflow/example_dags/example_short_circuit_decorator.py
[2022-11-20T00:16:27.973+0000] {processor.py:766} INFO - DAG(s) dict_keys(['example_short_circuit_decorator']) retrieved from /home/airflow/.local/lib/python3.7/site-packages/airflow/example_dags/example_short_circuit_decorator.py
[2022-11-20T00:16:27.999+0000] {logging_mixin.py:137} INFO - [2022-11-20T00:16:27.999+0000] {dag.py:2585} INFO - Sync 1 DAGs
[2022-11-20T00:16:28.013+0000] {logging_mixin.py:137} INFO - [2022-11-20T00:16:28.013+0000] {dag.py:3340} INFO - Setting next_dagrun for example_short_circuit_decorator to 2022-11-19T00:16:28.013507+00:00, run_after=2022-11-20T00:16:28.013507+00:00
[2022-11-20T00:16:28.025+0000] {processor.py:176} INFO - Processing /home/airflow/.local/lib/python3.7/site-packages/airflow/example_dags/example_short_circuit_decorator.py took 0.071 seconds
[2022-11-20T00:16:58.465+0000] {processor.py:154} INFO - Started process (PID=173) to work on /home/airflow/.local/lib/python3.7/site-packages/airflow/example_dags/example_short_circuit_decorator.py
[2022-11-20T00:16:58.467+0000] {processor.py:756} INFO - Processing file /home/airflow/.local/lib/python3.7/site-packages/airflow/example_dags/example_short_circuit_decorator.py for tasks to queue
[2022-11-20T00:16:58.469+0000] {logging_mixin.py:137} INFO - [2022-11-20T00:16:58.469+0000] {dagbag.py:537} INFO - Filling up the DagBag from /home/airflow/.local/lib/python3.7/site-packages/airflow/example_dags/example_short_circuit_decorator.py
[2022-11-20T00:16:58.487+0000] {processor.py:766} INFO - DAG(s) dict_keys(['example_short_circuit_decorator']) retrieved from /home/airflow/.local/lib/python3.7/site-packages/airflow/example_dags/example_short_circuit_decorator.py
[2022-11-20T00:16:58.520+0000] {logging_mixin.py:137} INFO - [2022-11-20T00:16:58.520+0000] {dag.py:2585} INFO - Sync 1 DAGs
[2022-11-20T00:16:58.537+0000] {logging_mixin.py:137} INFO - [2022-11-20T00:16:58.537+0000] {dag.py:3340} INFO - Setting next_dagrun for example_short_circuit_decorator to 2022-11-19T00:16:58.536878+00:00, run_after=2022-11-20T00:16:58.536878+00:00
[2022-11-20T00:16:58.551+0000] {processor.py:176} INFO - Processing /home/airflow/.local/lib/python3.7/site-packages/airflow/example_dags/example_short_circuit_decorator.py took 0.088 seconds
[2022-11-20T00:17:28.738+0000] {processor.py:154} INFO - Started process (PID=238) to work on /home/airflow/.local/lib/python3.7/site-packages/airflow/example_dags/example_short_circuit_decorator.py
[2022-11-20T00:17:28.740+0000] {processor.py:756} INFO - Processing file /home/airflow/.local/lib/python3.7/site-packages/airflow/example_dags/example_short_circuit_decorator.py for tasks to queue
[2022-11-20T00:17:28.741+0000] {logging_mixin.py:137} INFO - [2022-11-20T00:17:28.741+0000] {dagbag.py:537} INFO - Filling up the DagBag from /home/airflow/.local/lib/python3.7/site-packages/airflow/example_dags/example_short_circuit_decorator.py
[2022-11-20T00:17:28.755+0000] {processor.py:766} INFO - DAG(s) dict_keys(['example_short_circuit_decorator']) retrieved from /home/airflow/.local/lib/python3.7/site-packages/airflow/example_dags/example_short_circuit_decorator.py
[2022-11-20T00:17:28.781+0000] {logging_mixin.py:137} INFO - [2022-11-20T00:17:28.781+0000] {dag.py:2585} INFO - Sync 1 DAGs
[2022-11-20T00:17:28.797+0000] {logging_mixin.py:137} INFO - [2022-11-20T00:17:28.796+0000] {dag.py:3340} INFO - Setting next_dagrun for example_short_circuit_decorator to 2022-11-19T00:17:28.796829+00:00, run_after=2022-11-20T00:17:28.796829+00:00
[2022-11-20T00:17:28.809+0000] {processor.py:176} INFO - Processing /home/airflow/.local/lib/python3.7/site-packages/airflow/example_dags/example_short_circuit_decorator.py took 0.073 seconds
[2022-11-20T00:17:59.530+0000] {processor.py:154} INFO - Started process (PID=303) to work on /home/airflow/.local/lib/python3.7/site-packages/airflow/example_dags/example_short_circuit_decorator.py
[2022-11-20T00:17:59.532+0000] {processor.py:756} INFO - Processing file /home/airflow/.local/lib/python3.7/site-packages/airflow/example_dags/example_short_circuit_decorator.py for tasks to queue
[2022-11-20T00:17:59.534+0000] {logging_mixin.py:137} INFO - [2022-11-20T00:17:59.534+0000] {dagbag.py:537} INFO - Filling up the DagBag from /home/airflow/.local/lib/python3.7/site-packages/airflow/example_dags/example_short_circuit_decorator.py
[2022-11-20T00:17:59.555+0000] {processor.py:766} INFO - DAG(s) dict_keys(['example_short_circuit_decorator']) retrieved from /home/airflow/.local/lib/python3.7/site-packages/airflow/example_dags/example_short_circuit_decorator.py
[2022-11-20T00:17:59.592+0000] {logging_mixin.py:137} INFO - [2022-11-20T00:17:59.592+0000] {dag.py:2585} INFO - Sync 1 DAGs
[2022-11-20T00:17:59.616+0000] {logging_mixin.py:137} INFO - [2022-11-20T00:17:59.616+0000] {dag.py:3340} INFO - Setting next_dagrun for example_short_circuit_decorator to 2022-11-19T00:17:59.616163+00:00, run_after=2022-11-20T00:17:59.616163+00:00
[2022-11-20T00:17:59.635+0000] {processor.py:176} INFO - Processing /home/airflow/.local/lib/python3.7/site-packages/airflow/example_dags/example_short_circuit_decorator.py took 0.110 seconds
[2022-11-20T00:18:30.033+0000] {processor.py:154} INFO - Started process (PID=359) to work on /home/airflow/.local/lib/python3.7/site-packages/airflow/example_dags/example_short_circuit_decorator.py
[2022-11-20T00:18:30.035+0000] {processor.py:756} INFO - Processing file /home/airflow/.local/lib/python3.7/site-packages/airflow/example_dags/example_short_circuit_decorator.py for tasks to queue
[2022-11-20T00:18:30.037+0000] {logging_mixin.py:137} INFO - [2022-11-20T00:18:30.037+0000] {dagbag.py:537} INFO - Filling up the DagBag from /home/airflow/.local/lib/python3.7/site-packages/airflow/example_dags/example_short_circuit_decorator.py
[2022-11-20T00:18:30.053+0000] {processor.py:766} INFO - DAG(s) dict_keys(['example_short_circuit_decorator']) retrieved from /home/airflow/.local/lib/python3.7/site-packages/airflow/example_dags/example_short_circuit_decorator.py
[2022-11-20T00:18:30.082+0000] {logging_mixin.py:137} INFO - [2022-11-20T00:18:30.082+0000] {dag.py:2585} INFO - Sync 1 DAGs
[2022-11-20T00:18:30.100+0000] {logging_mixin.py:137} INFO - [2022-11-20T00:18:30.100+0000] {dag.py:3340} INFO - Setting next_dagrun for example_short_circuit_decorator to 2022-11-19T00:18:30.099826+00:00, run_after=2022-11-20T00:18:30.099826+00:00
[2022-11-20T00:18:30.113+0000] {processor.py:176} INFO - Processing /home/airflow/.local/lib/python3.7/site-packages/airflow/example_dags/example_short_circuit_decorator.py took 0.083 seconds
[2022-11-20T00:19:00.680+0000] {processor.py:154} INFO - Started process (PID=424) to work on /home/airflow/.local/lib/python3.7/site-packages/airflow/example_dags/example_short_circuit_decorator.py
[2022-11-20T00:19:00.682+0000] {processor.py:756} INFO - Processing file /home/airflow/.local/lib/python3.7/site-packages/airflow/example_dags/example_short_circuit_decorator.py for tasks to queue
[2022-11-20T00:19:00.683+0000] {logging_mixin.py:137} INFO - [2022-11-20T00:19:00.683+0000] {dagbag.py:537} INFO - Filling up the DagBag from /home/airflow/.local/lib/python3.7/site-packages/airflow/example_dags/example_short_circuit_decorator.py
[2022-11-20T00:19:00.699+0000] {processor.py:766} INFO - DAG(s) dict_keys(['example_short_circuit_decorator']) retrieved from /home/airflow/.local/lib/python3.7/site-packages/airflow/example_dags/example_short_circuit_decorator.py
[2022-11-20T00:19:00.726+0000] {logging_mixin.py:137} INFO - [2022-11-20T00:19:00.726+0000] {dag.py:2585} INFO - Sync 1 DAGs
[2022-11-20T00:19:00.740+0000] {logging_mixin.py:137} INFO - [2022-11-20T00:19:00.740+0000] {dag.py:3340} INFO - Setting next_dagrun for example_short_circuit_decorator to 2022-11-19T00:19:00.739911+00:00, run_after=2022-11-20T00:19:00.739911+00:00
[2022-11-20T00:19:00.752+0000] {processor.py:176} INFO - Processing /home/airflow/.local/lib/python3.7/site-packages/airflow/example_dags/example_short_circuit_decorator.py took 0.074 seconds
[2022-11-20T00:19:31.303+0000] {processor.py:154} INFO - Started process (PID=491) to work on /home/airflow/.local/lib/python3.7/site-packages/airflow/example_dags/example_short_circuit_decorator.py
[2022-11-20T00:19:31.304+0000] {processor.py:756} INFO - Processing file /home/airflow/.local/lib/python3.7/site-packages/airflow/example_dags/example_short_circuit_decorator.py for tasks to queue
[2022-11-20T00:19:31.306+0000] {logging_mixin.py:137} INFO - [2022-11-20T00:19:31.306+0000] {dagbag.py:537} INFO - Filling up the DagBag from /home/airflow/.local/lib/python3.7/site-packages/airflow/example_dags/example_short_circuit_decorator.py
[2022-11-20T00:19:31.321+0000] {processor.py:766} INFO - DAG(s) dict_keys(['example_short_circuit_decorator']) retrieved from /home/airflow/.local/lib/python3.7/site-packages/airflow/example_dags/example_short_circuit_decorator.py
[2022-11-20T00:19:31.350+0000] {logging_mixin.py:137} INFO - [2022-11-20T00:19:31.350+0000] {dag.py:2585} INFO - Sync 1 DAGs
[2022-11-20T00:19:31.367+0000] {logging_mixin.py:137} INFO - [2022-11-20T00:19:31.367+0000] {dag.py:3340} INFO - Setting next_dagrun for example_short_circuit_decorator to 2022-11-19T00:19:31.367257+00:00, run_after=2022-11-20T00:19:31.367257+00:00
[2022-11-20T00:19:31.380+0000] {processor.py:176} INFO - Processing /home/airflow/.local/lib/python3.7/site-packages/airflow/example_dags/example_short_circuit_decorator.py took 0.080 seconds
[2022-11-20T00:20:01.806+0000] {processor.py:154} INFO - Started process (PID=556) to work on /home/airflow/.local/lib/python3.7/site-packages/airflow/example_dags/example_short_circuit_decorator.py
[2022-11-20T00:20:01.807+0000] {processor.py:756} INFO - Processing file /home/airflow/.local/lib/python3.7/site-packages/airflow/example_dags/example_short_circuit_decorator.py for tasks to queue
[2022-11-20T00:20:01.808+0000] {logging_mixin.py:137} INFO - [2022-11-20T00:20:01.808+0000] {dagbag.py:537} INFO - Filling up the DagBag from /home/airflow/.local/lib/python3.7/site-packages/airflow/example_dags/example_short_circuit_decorator.py
[2022-11-20T00:20:01.823+0000] {processor.py:766} INFO - DAG(s) dict_keys(['example_short_circuit_decorator']) retrieved from /home/airflow/.local/lib/python3.7/site-packages/airflow/example_dags/example_short_circuit_decorator.py
[2022-11-20T00:20:01.850+0000] {logging_mixin.py:137} INFO - [2022-11-20T00:20:01.850+0000] {dag.py:2585} INFO - Sync 1 DAGs
[2022-11-20T00:20:01.865+0000] {logging_mixin.py:137} INFO - [2022-11-20T00:20:01.865+0000] {dag.py:3340} INFO - Setting next_dagrun for example_short_circuit_decorator to 2022-11-19T00:20:01.865027+00:00, run_after=2022-11-20T00:20:01.865027+00:00
[2022-11-20T00:20:01.876+0000] {processor.py:176} INFO - Processing /home/airflow/.local/lib/python3.7/site-packages/airflow/example_dags/example_short_circuit_decorator.py took 0.073 seconds
[2022-11-20T00:20:32.285+0000] {processor.py:154} INFO - Started process (PID=620) to work on /home/airflow/.local/lib/python3.7/site-packages/airflow/example_dags/example_short_circuit_decorator.py
[2022-11-20T00:20:32.287+0000] {processor.py:756} INFO - Processing file /home/airflow/.local/lib/python3.7/site-packages/airflow/example_dags/example_short_circuit_decorator.py for tasks to queue
[2022-11-20T00:20:32.288+0000] {logging_mixin.py:137} INFO - [2022-11-20T00:20:32.288+0000] {dagbag.py:537} INFO - Filling up the DagBag from /home/airflow/.local/lib/python3.7/site-packages/airflow/example_dags/example_short_circuit_decorator.py
[2022-11-20T00:20:32.305+0000] {processor.py:766} INFO - DAG(s) dict_keys(['example_short_circuit_decorator']) retrieved from /home/airflow/.local/lib/python3.7/site-packages/airflow/example_dags/example_short_circuit_decorator.py
[2022-11-20T00:20:32.333+0000] {logging_mixin.py:137} INFO - [2022-11-20T00:20:32.333+0000] {dag.py:2585} INFO - Sync 1 DAGs
[2022-11-20T00:20:32.349+0000] {logging_mixin.py:137} INFO - [2022-11-20T00:20:32.349+0000] {dag.py:3340} INFO - Setting next_dagrun for example_short_circuit_decorator to 2022-11-19T00:20:32.349555+00:00, run_after=2022-11-20T00:20:32.349555+00:00
[2022-11-20T00:20:32.362+0000] {processor.py:176} INFO - Processing /home/airflow/.local/lib/python3.7/site-packages/airflow/example_dags/example_short_circuit_decorator.py took 0.079 seconds
