[2022-11-20T00:15:56.604+0000] {processor.py:154} INFO - Started process (PID=40) to work on /home/airflow/.local/lib/python3.7/site-packages/airflow/example_dags/example_short_circuit_operator.py
[2022-11-20T00:15:56.606+0000] {processor.py:756} INFO - Processing file /home/airflow/.local/lib/python3.7/site-packages/airflow/example_dags/example_short_circuit_operator.py for tasks to queue
[2022-11-20T00:15:56.608+0000] {logging_mixin.py:137} INFO - [2022-11-20T00:15:56.608+0000] {dagbag.py:537} INFO - Filling up the DagBag from /home/airflow/.local/lib/python3.7/site-packages/airflow/example_dags/example_short_circuit_operator.py
[2022-11-20T00:15:56.630+0000] {processor.py:766} INFO - DAG(s) dict_keys(['example_short_circuit_operator']) retrieved from /home/airflow/.local/lib/python3.7/site-packages/airflow/example_dags/example_short_circuit_operator.py
[2022-11-20T00:15:56.656+0000] {logging_mixin.py:137} INFO - [2022-11-20T00:15:56.656+0000] {dag.py:2585} INFO - Sync 1 DAGs
[2022-11-20T00:15:56.681+0000] {logging_mixin.py:137} INFO - [2022-11-20T00:15:56.680+0000] {dag.py:3340} INFO - Setting next_dagrun for example_short_circuit_operator to 2022-11-19T00:15:56.680530+00:00, run_after=2022-11-20T00:15:56.680530+00:00
[2022-11-20T00:15:56.694+0000] {processor.py:176} INFO - Processing /home/airflow/.local/lib/python3.7/site-packages/airflow/example_dags/example_short_circuit_operator.py took 0.093 seconds
[2022-11-20T00:16:27.662+0000] {processor.py:154} INFO - Started process (PID=103) to work on /home/airflow/.local/lib/python3.7/site-packages/airflow/example_dags/example_short_circuit_operator.py
[2022-11-20T00:16:27.664+0000] {processor.py:756} INFO - Processing file /home/airflow/.local/lib/python3.7/site-packages/airflow/example_dags/example_short_circuit_operator.py for tasks to queue
[2022-11-20T00:16:27.665+0000] {logging_mixin.py:137} INFO - [2022-11-20T00:16:27.664+0000] {dagbag.py:537} INFO - Filling up the DagBag from /home/airflow/.local/lib/python3.7/site-packages/airflow/example_dags/example_short_circuit_operator.py
[2022-11-20T00:16:27.676+0000] {processor.py:766} INFO - DAG(s) dict_keys(['example_short_circuit_operator']) retrieved from /home/airflow/.local/lib/python3.7/site-packages/airflow/example_dags/example_short_circuit_operator.py
[2022-11-20T00:16:27.702+0000] {logging_mixin.py:137} INFO - [2022-11-20T00:16:27.702+0000] {dag.py:2585} INFO - Sync 1 DAGs
[2022-11-20T00:16:27.717+0000] {logging_mixin.py:137} INFO - [2022-11-20T00:16:27.717+0000] {dag.py:3340} INFO - Setting next_dagrun for example_short_circuit_operator to 2022-11-19T00:16:27.717673+00:00, run_after=2022-11-20T00:16:27.717673+00:00
[2022-11-20T00:16:27.732+0000] {processor.py:176} INFO - Processing /home/airflow/.local/lib/python3.7/site-packages/airflow/example_dags/example_short_circuit_operator.py took 0.072 seconds
[2022-11-20T00:16:58.200+0000] {processor.py:154} INFO - Started process (PID=169) to work on /home/airflow/.local/lib/python3.7/site-packages/airflow/example_dags/example_short_circuit_operator.py
[2022-11-20T00:16:58.202+0000] {processor.py:756} INFO - Processing file /home/airflow/.local/lib/python3.7/site-packages/airflow/example_dags/example_short_circuit_operator.py for tasks to queue
[2022-11-20T00:16:58.203+0000] {logging_mixin.py:137} INFO - [2022-11-20T00:16:58.203+0000] {dagbag.py:537} INFO - Filling up the DagBag from /home/airflow/.local/lib/python3.7/site-packages/airflow/example_dags/example_short_circuit_operator.py
[2022-11-20T00:16:58.215+0000] {processor.py:766} INFO - DAG(s) dict_keys(['example_short_circuit_operator']) retrieved from /home/airflow/.local/lib/python3.7/site-packages/airflow/example_dags/example_short_circuit_operator.py
[2022-11-20T00:16:58.241+0000] {logging_mixin.py:137} INFO - [2022-11-20T00:16:58.241+0000] {dag.py:2585} INFO - Sync 1 DAGs
[2022-11-20T00:16:58.257+0000] {logging_mixin.py:137} INFO - [2022-11-20T00:16:58.257+0000] {dag.py:3340} INFO - Setting next_dagrun for example_short_circuit_operator to 2022-11-19T00:16:58.257651+00:00, run_after=2022-11-20T00:16:58.257651+00:00
[2022-11-20T00:16:58.271+0000] {processor.py:176} INFO - Processing /home/airflow/.local/lib/python3.7/site-packages/airflow/example_dags/example_short_circuit_operator.py took 0.073 seconds
[2022-11-20T00:17:28.538+0000] {processor.py:154} INFO - Started process (PID=234) to work on /home/airflow/.local/lib/python3.7/site-packages/airflow/example_dags/example_short_circuit_operator.py
[2022-11-20T00:17:28.540+0000] {processor.py:756} INFO - Processing file /home/airflow/.local/lib/python3.7/site-packages/airflow/example_dags/example_short_circuit_operator.py for tasks to queue
[2022-11-20T00:17:28.542+0000] {logging_mixin.py:137} INFO - [2022-11-20T00:17:28.542+0000] {dagbag.py:537} INFO - Filling up the DagBag from /home/airflow/.local/lib/python3.7/site-packages/airflow/example_dags/example_short_circuit_operator.py
[2022-11-20T00:17:28.553+0000] {processor.py:766} INFO - DAG(s) dict_keys(['example_short_circuit_operator']) retrieved from /home/airflow/.local/lib/python3.7/site-packages/airflow/example_dags/example_short_circuit_operator.py
[2022-11-20T00:17:28.580+0000] {logging_mixin.py:137} INFO - [2022-11-20T00:17:28.580+0000] {dag.py:2585} INFO - Sync 1 DAGs
[2022-11-20T00:17:28.595+0000] {logging_mixin.py:137} INFO - [2022-11-20T00:17:28.595+0000] {dag.py:3340} INFO - Setting next_dagrun for example_short_circuit_operator to 2022-11-19T00:17:28.595186+00:00, run_after=2022-11-20T00:17:28.595186+00:00
[2022-11-20T00:17:28.608+0000] {processor.py:176} INFO - Processing /home/airflow/.local/lib/python3.7/site-packages/airflow/example_dags/example_short_circuit_operator.py took 0.072 seconds
[2022-11-20T00:17:59.155+0000] {processor.py:154} INFO - Started process (PID=299) to work on /home/airflow/.local/lib/python3.7/site-packages/airflow/example_dags/example_short_circuit_operator.py
[2022-11-20T00:17:59.157+0000] {processor.py:756} INFO - Processing file /home/airflow/.local/lib/python3.7/site-packages/airflow/example_dags/example_short_circuit_operator.py for tasks to queue
[2022-11-20T00:17:59.158+0000] {logging_mixin.py:137} INFO - [2022-11-20T00:17:59.158+0000] {dagbag.py:537} INFO - Filling up the DagBag from /home/airflow/.local/lib/python3.7/site-packages/airflow/example_dags/example_short_circuit_operator.py
[2022-11-20T00:17:59.171+0000] {processor.py:766} INFO - DAG(s) dict_keys(['example_short_circuit_operator']) retrieved from /home/airflow/.local/lib/python3.7/site-packages/airflow/example_dags/example_short_circuit_operator.py
[2022-11-20T00:17:59.207+0000] {logging_mixin.py:137} INFO - [2022-11-20T00:17:59.207+0000] {dag.py:2585} INFO - Sync 1 DAGs
[2022-11-20T00:17:59.227+0000] {logging_mixin.py:137} INFO - [2022-11-20T00:17:59.227+0000] {dag.py:3340} INFO - Setting next_dagrun for example_short_circuit_operator to 2022-11-19T00:17:59.227549+00:00, run_after=2022-11-20T00:17:59.227549+00:00
[2022-11-20T00:17:59.243+0000] {processor.py:176} INFO - Processing /home/airflow/.local/lib/python3.7/site-packages/airflow/example_dags/example_short_circuit_operator.py took 0.091 seconds
[2022-11-20T00:18:29.741+0000] {processor.py:154} INFO - Started process (PID=355) to work on /home/airflow/.local/lib/python3.7/site-packages/airflow/example_dags/example_short_circuit_operator.py
[2022-11-20T00:18:29.743+0000] {processor.py:756} INFO - Processing file /home/airflow/.local/lib/python3.7/site-packages/airflow/example_dags/example_short_circuit_operator.py for tasks to queue
[2022-11-20T00:18:29.744+0000] {logging_mixin.py:137} INFO - [2022-11-20T00:18:29.744+0000] {dagbag.py:537} INFO - Filling up the DagBag from /home/airflow/.local/lib/python3.7/site-packages/airflow/example_dags/example_short_circuit_operator.py
[2022-11-20T00:18:29.756+0000] {processor.py:766} INFO - DAG(s) dict_keys(['example_short_circuit_operator']) retrieved from /home/airflow/.local/lib/python3.7/site-packages/airflow/example_dags/example_short_circuit_operator.py
[2022-11-20T00:18:29.783+0000] {logging_mixin.py:137} INFO - [2022-11-20T00:18:29.783+0000] {dag.py:2585} INFO - Sync 1 DAGs
[2022-11-20T00:18:29.799+0000] {logging_mixin.py:137} INFO - [2022-11-20T00:18:29.799+0000] {dag.py:3340} INFO - Setting next_dagrun for example_short_circuit_operator to 2022-11-19T00:18:29.799148+00:00, run_after=2022-11-20T00:18:29.799148+00:00
[2022-11-20T00:18:29.815+0000] {processor.py:176} INFO - Processing /home/airflow/.local/lib/python3.7/site-packages/airflow/example_dags/example_short_circuit_operator.py took 0.076 seconds
[2022-11-20T00:19:00.388+0000] {processor.py:154} INFO - Started process (PID=420) to work on /home/airflow/.local/lib/python3.7/site-packages/airflow/example_dags/example_short_circuit_operator.py
[2022-11-20T00:19:00.390+0000] {processor.py:756} INFO - Processing file /home/airflow/.local/lib/python3.7/site-packages/airflow/example_dags/example_short_circuit_operator.py for tasks to queue
[2022-11-20T00:19:00.391+0000] {logging_mixin.py:137} INFO - [2022-11-20T00:19:00.391+0000] {dagbag.py:537} INFO - Filling up the DagBag from /home/airflow/.local/lib/python3.7/site-packages/airflow/example_dags/example_short_circuit_operator.py
[2022-11-20T00:19:00.402+0000] {processor.py:766} INFO - DAG(s) dict_keys(['example_short_circuit_operator']) retrieved from /home/airflow/.local/lib/python3.7/site-packages/airflow/example_dags/example_short_circuit_operator.py
[2022-11-20T00:19:00.428+0000] {logging_mixin.py:137} INFO - [2022-11-20T00:19:00.428+0000] {dag.py:2585} INFO - Sync 1 DAGs
[2022-11-20T00:19:00.445+0000] {logging_mixin.py:137} INFO - [2022-11-20T00:19:00.445+0000] {dag.py:3340} INFO - Setting next_dagrun for example_short_circuit_operator to 2022-11-19T00:19:00.444950+00:00, run_after=2022-11-20T00:19:00.444950+00:00
[2022-11-20T00:19:00.459+0000] {processor.py:176} INFO - Processing /home/airflow/.local/lib/python3.7/site-packages/airflow/example_dags/example_short_circuit_operator.py took 0.074 seconds
[2022-11-20T00:19:31.035+0000] {processor.py:154} INFO - Started process (PID=487) to work on /home/airflow/.local/lib/python3.7/site-packages/airflow/example_dags/example_short_circuit_operator.py
[2022-11-20T00:19:31.037+0000] {processor.py:756} INFO - Processing file /home/airflow/.local/lib/python3.7/site-packages/airflow/example_dags/example_short_circuit_operator.py for tasks to queue
[2022-11-20T00:19:31.038+0000] {logging_mixin.py:137} INFO - [2022-11-20T00:19:31.038+0000] {dagbag.py:537} INFO - Filling up the DagBag from /home/airflow/.local/lib/python3.7/site-packages/airflow/example_dags/example_short_circuit_operator.py
[2022-11-20T00:19:31.048+0000] {processor.py:766} INFO - DAG(s) dict_keys(['example_short_circuit_operator']) retrieved from /home/airflow/.local/lib/python3.7/site-packages/airflow/example_dags/example_short_circuit_operator.py
[2022-11-20T00:19:31.080+0000] {logging_mixin.py:137} INFO - [2022-11-20T00:19:31.080+0000] {dag.py:2585} INFO - Sync 1 DAGs
[2022-11-20T00:19:31.100+0000] {logging_mixin.py:137} INFO - [2022-11-20T00:19:31.099+0000] {dag.py:3340} INFO - Setting next_dagrun for example_short_circuit_operator to 2022-11-19T00:19:31.099735+00:00, run_after=2022-11-20T00:19:31.099735+00:00
[2022-11-20T00:19:31.112+0000] {processor.py:176} INFO - Processing /home/airflow/.local/lib/python3.7/site-packages/airflow/example_dags/example_short_circuit_operator.py took 0.079 seconds
[2022-11-20T00:20:01.520+0000] {processor.py:154} INFO - Started process (PID=552) to work on /home/airflow/.local/lib/python3.7/site-packages/airflow/example_dags/example_short_circuit_operator.py
[2022-11-20T00:20:01.521+0000] {processor.py:756} INFO - Processing file /home/airflow/.local/lib/python3.7/site-packages/airflow/example_dags/example_short_circuit_operator.py for tasks to queue
[2022-11-20T00:20:01.523+0000] {logging_mixin.py:137} INFO - [2022-11-20T00:20:01.523+0000] {dagbag.py:537} INFO - Filling up the DagBag from /home/airflow/.local/lib/python3.7/site-packages/airflow/example_dags/example_short_circuit_operator.py
[2022-11-20T00:20:01.534+0000] {processor.py:766} INFO - DAG(s) dict_keys(['example_short_circuit_operator']) retrieved from /home/airflow/.local/lib/python3.7/site-packages/airflow/example_dags/example_short_circuit_operator.py
[2022-11-20T00:20:01.561+0000] {logging_mixin.py:137} INFO - [2022-11-20T00:20:01.561+0000] {dag.py:2585} INFO - Sync 1 DAGs
[2022-11-20T00:20:01.578+0000] {logging_mixin.py:137} INFO - [2022-11-20T00:20:01.578+0000] {dag.py:3340} INFO - Setting next_dagrun for example_short_circuit_operator to 2022-11-19T00:20:01.578209+00:00, run_after=2022-11-20T00:20:01.578209+00:00
[2022-11-20T00:20:01.591+0000] {processor.py:176} INFO - Processing /home/airflow/.local/lib/python3.7/site-packages/airflow/example_dags/example_short_circuit_operator.py took 0.074 seconds
[2022-11-20T00:20:31.980+0000] {processor.py:154} INFO - Started process (PID=616) to work on /home/airflow/.local/lib/python3.7/site-packages/airflow/example_dags/example_short_circuit_operator.py
[2022-11-20T00:20:31.982+0000] {processor.py:756} INFO - Processing file /home/airflow/.local/lib/python3.7/site-packages/airflow/example_dags/example_short_circuit_operator.py for tasks to queue
[2022-11-20T00:20:31.983+0000] {logging_mixin.py:137} INFO - [2022-11-20T00:20:31.983+0000] {dagbag.py:537} INFO - Filling up the DagBag from /home/airflow/.local/lib/python3.7/site-packages/airflow/example_dags/example_short_circuit_operator.py
[2022-11-20T00:20:31.994+0000] {processor.py:766} INFO - DAG(s) dict_keys(['example_short_circuit_operator']) retrieved from /home/airflow/.local/lib/python3.7/site-packages/airflow/example_dags/example_short_circuit_operator.py
[2022-11-20T00:20:32.023+0000] {logging_mixin.py:137} INFO - [2022-11-20T00:20:32.023+0000] {dag.py:2585} INFO - Sync 1 DAGs
[2022-11-20T00:20:32.038+0000] {logging_mixin.py:137} INFO - [2022-11-20T00:20:32.037+0000] {dag.py:3340} INFO - Setting next_dagrun for example_short_circuit_operator to 2022-11-19T00:20:32.037828+00:00, run_after=2022-11-20T00:20:32.037828+00:00
[2022-11-20T00:20:32.050+0000] {processor.py:176} INFO - Processing /home/airflow/.local/lib/python3.7/site-packages/airflow/example_dags/example_short_circuit_operator.py took 0.072 seconds
