[2022-11-20T00:15:58.004+0000] {processor.py:154} INFO - Started process (PID=58) to work on /home/airflow/.local/lib/python3.7/site-packages/airflow/example_dags/example_dag_decorator.py
[2022-11-20T00:15:58.006+0000] {processor.py:756} INFO - Processing file /home/airflow/.local/lib/python3.7/site-packages/airflow/example_dags/example_dag_decorator.py for tasks to queue
[2022-11-20T00:15:58.007+0000] {logging_mixin.py:137} INFO - [2022-11-20T00:15:58.007+0000] {dagbag.py:537} INFO - Filling up the DagBag from /home/airflow/.local/lib/python3.7/site-packages/airflow/example_dags/example_dag_decorator.py
[2022-11-20T00:15:58.022+0000] {logging_mixin.py:137} INFO - [2022-11-20T00:15:58.022+0000] {taskmixin.py:205} WARNING - Dependency <Task(_PythonDecoratedOperator): prepare_email>, send_email already registered for DAG: example_dag_decorator
[2022-11-20T00:15:58.023+0000] {logging_mixin.py:137} INFO - [2022-11-20T00:15:58.023+0000] {taskmixin.py:205} WARNING - Dependency <Task(EmailOperator): send_email>, prepare_email already registered for DAG: example_dag_decorator
[2022-11-20T00:15:58.039+0000] {processor.py:766} INFO - DAG(s) dict_keys(['example_dag_decorator']) retrieved from /home/airflow/.local/lib/python3.7/site-packages/airflow/example_dags/example_dag_decorator.py
[2022-11-20T00:15:58.076+0000] {logging_mixin.py:137} INFO - [2022-11-20T00:15:58.075+0000] {dag.py:2585} INFO - Sync 1 DAGs
[2022-11-20T00:15:58.099+0000] {logging_mixin.py:137} INFO - [2022-11-20T00:15:58.099+0000] {dag.py:3340} INFO - Setting next_dagrun for example_dag_decorator to None, run_after=None
[2022-11-20T00:15:58.116+0000] {processor.py:176} INFO - Processing /home/airflow/.local/lib/python3.7/site-packages/airflow/example_dags/example_dag_decorator.py took 0.115 seconds
[2022-11-20T00:16:28.867+0000] {processor.py:154} INFO - Started process (PID=121) to work on /home/airflow/.local/lib/python3.7/site-packages/airflow/example_dags/example_dag_decorator.py
[2022-11-20T00:16:28.869+0000] {processor.py:756} INFO - Processing file /home/airflow/.local/lib/python3.7/site-packages/airflow/example_dags/example_dag_decorator.py for tasks to queue
[2022-11-20T00:16:28.870+0000] {logging_mixin.py:137} INFO - [2022-11-20T00:16:28.870+0000] {dagbag.py:537} INFO - Filling up the DagBag from /home/airflow/.local/lib/python3.7/site-packages/airflow/example_dags/example_dag_decorator.py
[2022-11-20T00:16:28.881+0000] {logging_mixin.py:137} INFO - [2022-11-20T00:16:28.881+0000] {taskmixin.py:205} WARNING - Dependency <Task(_PythonDecoratedOperator): prepare_email>, send_email already registered for DAG: example_dag_decorator
[2022-11-20T00:16:28.882+0000] {logging_mixin.py:137} INFO - [2022-11-20T00:16:28.882+0000] {taskmixin.py:205} WARNING - Dependency <Task(EmailOperator): send_email>, prepare_email already registered for DAG: example_dag_decorator
[2022-11-20T00:16:28.891+0000] {processor.py:766} INFO - DAG(s) dict_keys(['example_dag_decorator']) retrieved from /home/airflow/.local/lib/python3.7/site-packages/airflow/example_dags/example_dag_decorator.py
[2022-11-20T00:16:28.940+0000] {logging_mixin.py:137} INFO - [2022-11-20T00:16:28.940+0000] {dag.py:2585} INFO - Sync 1 DAGs
[2022-11-20T00:16:28.954+0000] {logging_mixin.py:137} INFO - [2022-11-20T00:16:28.954+0000] {dag.py:3340} INFO - Setting next_dagrun for example_dag_decorator to None, run_after=None
[2022-11-20T00:16:28.967+0000] {processor.py:176} INFO - Processing /home/airflow/.local/lib/python3.7/site-packages/airflow/example_dags/example_dag_decorator.py took 0.102 seconds
[2022-11-20T00:16:59.185+0000] {processor.py:154} INFO - Started process (PID=187) to work on /home/airflow/.local/lib/python3.7/site-packages/airflow/example_dags/example_dag_decorator.py
[2022-11-20T00:16:59.187+0000] {processor.py:756} INFO - Processing file /home/airflow/.local/lib/python3.7/site-packages/airflow/example_dags/example_dag_decorator.py for tasks to queue
[2022-11-20T00:16:59.189+0000] {logging_mixin.py:137} INFO - [2022-11-20T00:16:59.189+0000] {dagbag.py:537} INFO - Filling up the DagBag from /home/airflow/.local/lib/python3.7/site-packages/airflow/example_dags/example_dag_decorator.py
[2022-11-20T00:16:59.200+0000] {logging_mixin.py:137} INFO - [2022-11-20T00:16:59.200+0000] {taskmixin.py:205} WARNING - Dependency <Task(_PythonDecoratedOperator): prepare_email>, send_email already registered for DAG: example_dag_decorator
[2022-11-20T00:16:59.201+0000] {logging_mixin.py:137} INFO - [2022-11-20T00:16:59.201+0000] {taskmixin.py:205} WARNING - Dependency <Task(EmailOperator): send_email>, prepare_email already registered for DAG: example_dag_decorator
[2022-11-20T00:16:59.210+0000] {processor.py:766} INFO - DAG(s) dict_keys(['example_dag_decorator']) retrieved from /home/airflow/.local/lib/python3.7/site-packages/airflow/example_dags/example_dag_decorator.py
[2022-11-20T00:16:59.260+0000] {logging_mixin.py:137} INFO - [2022-11-20T00:16:59.260+0000] {dag.py:2585} INFO - Sync 1 DAGs
[2022-11-20T00:16:59.274+0000] {logging_mixin.py:137} INFO - [2022-11-20T00:16:59.274+0000] {dag.py:3340} INFO - Setting next_dagrun for example_dag_decorator to None, run_after=None
[2022-11-20T00:16:59.287+0000] {processor.py:176} INFO - Processing /home/airflow/.local/lib/python3.7/site-packages/airflow/example_dags/example_dag_decorator.py took 0.104 seconds
[2022-11-20T00:17:29.621+0000] {processor.py:154} INFO - Started process (PID=252) to work on /home/airflow/.local/lib/python3.7/site-packages/airflow/example_dags/example_dag_decorator.py
[2022-11-20T00:17:29.622+0000] {processor.py:756} INFO - Processing file /home/airflow/.local/lib/python3.7/site-packages/airflow/example_dags/example_dag_decorator.py for tasks to queue
[2022-11-20T00:17:29.624+0000] {logging_mixin.py:137} INFO - [2022-11-20T00:17:29.624+0000] {dagbag.py:537} INFO - Filling up the DagBag from /home/airflow/.local/lib/python3.7/site-packages/airflow/example_dags/example_dag_decorator.py
[2022-11-20T00:17:29.634+0000] {logging_mixin.py:137} INFO - [2022-11-20T00:17:29.634+0000] {taskmixin.py:205} WARNING - Dependency <Task(_PythonDecoratedOperator): prepare_email>, send_email already registered for DAG: example_dag_decorator
[2022-11-20T00:17:29.635+0000] {logging_mixin.py:137} INFO - [2022-11-20T00:17:29.635+0000] {taskmixin.py:205} WARNING - Dependency <Task(EmailOperator): send_email>, prepare_email already registered for DAG: example_dag_decorator
[2022-11-20T00:17:29.645+0000] {processor.py:766} INFO - DAG(s) dict_keys(['example_dag_decorator']) retrieved from /home/airflow/.local/lib/python3.7/site-packages/airflow/example_dags/example_dag_decorator.py
[2022-11-20T00:17:29.697+0000] {logging_mixin.py:137} INFO - [2022-11-20T00:17:29.697+0000] {dag.py:2585} INFO - Sync 1 DAGs
[2022-11-20T00:17:29.714+0000] {logging_mixin.py:137} INFO - [2022-11-20T00:17:29.714+0000] {dag.py:3340} INFO - Setting next_dagrun for example_dag_decorator to None, run_after=None
[2022-11-20T00:17:29.728+0000] {processor.py:176} INFO - Processing /home/airflow/.local/lib/python3.7/site-packages/airflow/example_dags/example_dag_decorator.py took 0.109 seconds
[2022-11-20T00:18:00.323+0000] {processor.py:154} INFO - Started process (PID=317) to work on /home/airflow/.local/lib/python3.7/site-packages/airflow/example_dags/example_dag_decorator.py
[2022-11-20T00:18:00.325+0000] {processor.py:756} INFO - Processing file /home/airflow/.local/lib/python3.7/site-packages/airflow/example_dags/example_dag_decorator.py for tasks to queue
[2022-11-20T00:18:00.326+0000] {logging_mixin.py:137} INFO - [2022-11-20T00:18:00.326+0000] {dagbag.py:537} INFO - Filling up the DagBag from /home/airflow/.local/lib/python3.7/site-packages/airflow/example_dags/example_dag_decorator.py
[2022-11-20T00:18:00.337+0000] {logging_mixin.py:137} INFO - [2022-11-20T00:18:00.337+0000] {taskmixin.py:205} WARNING - Dependency <Task(_PythonDecoratedOperator): prepare_email>, send_email already registered for DAG: example_dag_decorator
[2022-11-20T00:18:00.338+0000] {logging_mixin.py:137} INFO - [2022-11-20T00:18:00.338+0000] {taskmixin.py:205} WARNING - Dependency <Task(EmailOperator): send_email>, prepare_email already registered for DAG: example_dag_decorator
[2022-11-20T00:18:00.349+0000] {processor.py:766} INFO - DAG(s) dict_keys(['example_dag_decorator']) retrieved from /home/airflow/.local/lib/python3.7/site-packages/airflow/example_dags/example_dag_decorator.py
[2022-11-20T00:18:00.398+0000] {logging_mixin.py:137} INFO - [2022-11-20T00:18:00.398+0000] {dag.py:2585} INFO - Sync 1 DAGs
[2022-11-20T00:18:00.411+0000] {logging_mixin.py:137} INFO - [2022-11-20T00:18:00.411+0000] {dag.py:3340} INFO - Setting next_dagrun for example_dag_decorator to None, run_after=None
[2022-11-20T00:18:00.424+0000] {processor.py:176} INFO - Processing /home/airflow/.local/lib/python3.7/site-packages/airflow/example_dags/example_dag_decorator.py took 0.103 seconds
[2022-11-20T00:18:30.924+0000] {processor.py:154} INFO - Started process (PID=373) to work on /home/airflow/.local/lib/python3.7/site-packages/airflow/example_dags/example_dag_decorator.py
[2022-11-20T00:18:30.926+0000] {processor.py:756} INFO - Processing file /home/airflow/.local/lib/python3.7/site-packages/airflow/example_dags/example_dag_decorator.py for tasks to queue
[2022-11-20T00:18:30.927+0000] {logging_mixin.py:137} INFO - [2022-11-20T00:18:30.927+0000] {dagbag.py:537} INFO - Filling up the DagBag from /home/airflow/.local/lib/python3.7/site-packages/airflow/example_dags/example_dag_decorator.py
[2022-11-20T00:18:30.939+0000] {logging_mixin.py:137} INFO - [2022-11-20T00:18:30.938+0000] {taskmixin.py:205} WARNING - Dependency <Task(_PythonDecoratedOperator): prepare_email>, send_email already registered for DAG: example_dag_decorator
[2022-11-20T00:18:30.940+0000] {logging_mixin.py:137} INFO - [2022-11-20T00:18:30.939+0000] {taskmixin.py:205} WARNING - Dependency <Task(EmailOperator): send_email>, prepare_email already registered for DAG: example_dag_decorator
[2022-11-20T00:18:30.948+0000] {processor.py:766} INFO - DAG(s) dict_keys(['example_dag_decorator']) retrieved from /home/airflow/.local/lib/python3.7/site-packages/airflow/example_dags/example_dag_decorator.py
[2022-11-20T00:18:30.996+0000] {logging_mixin.py:137} INFO - [2022-11-20T00:18:30.996+0000] {dag.py:2585} INFO - Sync 1 DAGs
[2022-11-20T00:18:31.012+0000] {logging_mixin.py:137} INFO - [2022-11-20T00:18:31.012+0000] {dag.py:3340} INFO - Setting next_dagrun for example_dag_decorator to None, run_after=None
[2022-11-20T00:18:31.029+0000] {processor.py:176} INFO - Processing /home/airflow/.local/lib/python3.7/site-packages/airflow/example_dags/example_dag_decorator.py took 0.107 seconds
[2022-11-20T00:19:01.736+0000] {processor.py:154} INFO - Started process (PID=438) to work on /home/airflow/.local/lib/python3.7/site-packages/airflow/example_dags/example_dag_decorator.py
[2022-11-20T00:19:01.738+0000] {processor.py:756} INFO - Processing file /home/airflow/.local/lib/python3.7/site-packages/airflow/example_dags/example_dag_decorator.py for tasks to queue
[2022-11-20T00:19:01.740+0000] {logging_mixin.py:137} INFO - [2022-11-20T00:19:01.740+0000] {dagbag.py:537} INFO - Filling up the DagBag from /home/airflow/.local/lib/python3.7/site-packages/airflow/example_dags/example_dag_decorator.py
[2022-11-20T00:19:01.751+0000] {logging_mixin.py:137} INFO - [2022-11-20T00:19:01.751+0000] {taskmixin.py:205} WARNING - Dependency <Task(_PythonDecoratedOperator): prepare_email>, send_email already registered for DAG: example_dag_decorator
[2022-11-20T00:19:01.752+0000] {logging_mixin.py:137} INFO - [2022-11-20T00:19:01.752+0000] {taskmixin.py:205} WARNING - Dependency <Task(EmailOperator): send_email>, prepare_email already registered for DAG: example_dag_decorator
[2022-11-20T00:19:01.760+0000] {processor.py:766} INFO - DAG(s) dict_keys(['example_dag_decorator']) retrieved from /home/airflow/.local/lib/python3.7/site-packages/airflow/example_dags/example_dag_decorator.py
[2022-11-20T00:19:01.810+0000] {logging_mixin.py:137} INFO - [2022-11-20T00:19:01.810+0000] {dag.py:2585} INFO - Sync 1 DAGs
[2022-11-20T00:19:01.823+0000] {logging_mixin.py:137} INFO - [2022-11-20T00:19:01.823+0000] {dag.py:3340} INFO - Setting next_dagrun for example_dag_decorator to None, run_after=None
[2022-11-20T00:19:01.838+0000] {processor.py:176} INFO - Processing /home/airflow/.local/lib/python3.7/site-packages/airflow/example_dags/example_dag_decorator.py took 0.104 seconds
[2022-11-20T00:19:32.063+0000] {processor.py:154} INFO - Started process (PID=505) to work on /home/airflow/.local/lib/python3.7/site-packages/airflow/example_dags/example_dag_decorator.py
[2022-11-20T00:19:32.065+0000] {processor.py:756} INFO - Processing file /home/airflow/.local/lib/python3.7/site-packages/airflow/example_dags/example_dag_decorator.py for tasks to queue
[2022-11-20T00:19:32.066+0000] {logging_mixin.py:137} INFO - [2022-11-20T00:19:32.066+0000] {dagbag.py:537} INFO - Filling up the DagBag from /home/airflow/.local/lib/python3.7/site-packages/airflow/example_dags/example_dag_decorator.py
[2022-11-20T00:19:32.076+0000] {logging_mixin.py:137} INFO - [2022-11-20T00:19:32.076+0000] {taskmixin.py:205} WARNING - Dependency <Task(_PythonDecoratedOperator): prepare_email>, send_email already registered for DAG: example_dag_decorator
[2022-11-20T00:19:32.078+0000] {logging_mixin.py:137} INFO - [2022-11-20T00:19:32.077+0000] {taskmixin.py:205} WARNING - Dependency <Task(EmailOperator): send_email>, prepare_email already registered for DAG: example_dag_decorator
[2022-11-20T00:19:32.087+0000] {processor.py:766} INFO - DAG(s) dict_keys(['example_dag_decorator']) retrieved from /home/airflow/.local/lib/python3.7/site-packages/airflow/example_dags/example_dag_decorator.py
[2022-11-20T00:19:32.136+0000] {logging_mixin.py:137} INFO - [2022-11-20T00:19:32.136+0000] {dag.py:2585} INFO - Sync 1 DAGs
[2022-11-20T00:19:32.152+0000] {logging_mixin.py:137} INFO - [2022-11-20T00:19:32.151+0000] {dag.py:3340} INFO - Setting next_dagrun for example_dag_decorator to None, run_after=None
[2022-11-20T00:19:32.165+0000] {processor.py:176} INFO - Processing /home/airflow/.local/lib/python3.7/site-packages/airflow/example_dags/example_dag_decorator.py took 0.104 seconds
[2022-11-20T00:20:02.736+0000] {processor.py:154} INFO - Started process (PID=570) to work on /home/airflow/.local/lib/python3.7/site-packages/airflow/example_dags/example_dag_decorator.py
[2022-11-20T00:20:02.737+0000] {processor.py:756} INFO - Processing file /home/airflow/.local/lib/python3.7/site-packages/airflow/example_dags/example_dag_decorator.py for tasks to queue
[2022-11-20T00:20:02.739+0000] {logging_mixin.py:137} INFO - [2022-11-20T00:20:02.738+0000] {dagbag.py:537} INFO - Filling up the DagBag from /home/airflow/.local/lib/python3.7/site-packages/airflow/example_dags/example_dag_decorator.py
[2022-11-20T00:20:02.756+0000] {logging_mixin.py:137} INFO - [2022-11-20T00:20:02.755+0000] {taskmixin.py:205} WARNING - Dependency <Task(_PythonDecoratedOperator): prepare_email>, send_email already registered for DAG: example_dag_decorator
[2022-11-20T00:20:02.757+0000] {logging_mixin.py:137} INFO - [2022-11-20T00:20:02.757+0000] {taskmixin.py:205} WARNING - Dependency <Task(EmailOperator): send_email>, prepare_email already registered for DAG: example_dag_decorator
[2022-11-20T00:20:02.765+0000] {processor.py:766} INFO - DAG(s) dict_keys(['example_dag_decorator']) retrieved from /home/airflow/.local/lib/python3.7/site-packages/airflow/example_dags/example_dag_decorator.py
[2022-11-20T00:20:02.811+0000] {logging_mixin.py:137} INFO - [2022-11-20T00:20:02.811+0000] {dag.py:2585} INFO - Sync 1 DAGs
[2022-11-20T00:20:02.825+0000] {logging_mixin.py:137} INFO - [2022-11-20T00:20:02.825+0000] {dag.py:3340} INFO - Setting next_dagrun for example_dag_decorator to None, run_after=None
[2022-11-20T00:20:02.838+0000] {processor.py:176} INFO - Processing /home/airflow/.local/lib/python3.7/site-packages/airflow/example_dags/example_dag_decorator.py took 0.105 seconds
[2022-11-20T00:20:33.034+0000] {processor.py:154} INFO - Started process (PID=634) to work on /home/airflow/.local/lib/python3.7/site-packages/airflow/example_dags/example_dag_decorator.py
[2022-11-20T00:20:33.036+0000] {processor.py:756} INFO - Processing file /home/airflow/.local/lib/python3.7/site-packages/airflow/example_dags/example_dag_decorator.py for tasks to queue
[2022-11-20T00:20:33.039+0000] {logging_mixin.py:137} INFO - [2022-11-20T00:20:33.039+0000] {dagbag.py:537} INFO - Filling up the DagBag from /home/airflow/.local/lib/python3.7/site-packages/airflow/example_dags/example_dag_decorator.py
[2022-11-20T00:20:33.049+0000] {logging_mixin.py:137} INFO - [2022-11-20T00:20:33.049+0000] {taskmixin.py:205} WARNING - Dependency <Task(_PythonDecoratedOperator): prepare_email>, send_email already registered for DAG: example_dag_decorator
[2022-11-20T00:20:33.050+0000] {logging_mixin.py:137} INFO - [2022-11-20T00:20:33.050+0000] {taskmixin.py:205} WARNING - Dependency <Task(EmailOperator): send_email>, prepare_email already registered for DAG: example_dag_decorator
[2022-11-20T00:20:33.060+0000] {processor.py:766} INFO - DAG(s) dict_keys(['example_dag_decorator']) retrieved from /home/airflow/.local/lib/python3.7/site-packages/airflow/example_dags/example_dag_decorator.py
[2022-11-20T00:20:33.111+0000] {logging_mixin.py:137} INFO - [2022-11-20T00:20:33.111+0000] {dag.py:2585} INFO - Sync 1 DAGs
[2022-11-20T00:20:33.125+0000] {logging_mixin.py:137} INFO - [2022-11-20T00:20:33.125+0000] {dag.py:3340} INFO - Setting next_dagrun for example_dag_decorator to None, run_after=None
[2022-11-20T00:20:33.139+0000] {processor.py:176} INFO - Processing /home/airflow/.local/lib/python3.7/site-packages/airflow/example_dags/example_dag_decorator.py took 0.107 seconds
