[2022-11-20T00:15:57.722+0000] {processor.py:154} INFO - Started process (PID=55) to work on /home/airflow/.local/lib/python3.7/site-packages/airflow/example_dags/example_datasets.py
[2022-11-20T00:15:57.724+0000] {processor.py:756} INFO - Processing file /home/airflow/.local/lib/python3.7/site-packages/airflow/example_dags/example_datasets.py for tasks to queue
[2022-11-20T00:15:57.726+0000] {logging_mixin.py:137} INFO - [2022-11-20T00:15:57.726+0000] {dagbag.py:537} INFO - Filling up the DagBag from /home/airflow/.local/lib/python3.7/site-packages/airflow/example_dags/example_datasets.py
[2022-11-20T00:15:57.745+0000] {processor.py:766} INFO - DAG(s) dict_keys(['dataset_produces_2', 'dataset_consumes_1_and_2', 'dataset_produces_1', 'dataset_consumes_1_never_scheduled', 'dataset_consumes_unknown_never_scheduled', 'dataset_consumes_1']) retrieved from /home/airflow/.local/lib/python3.7/site-packages/airflow/example_dags/example_datasets.py
[2022-11-20T00:15:57.795+0000] {logging_mixin.py:137} INFO - [2022-11-20T00:15:57.795+0000] {dag.py:2585} INFO - Sync 6 DAGs
[2022-11-20T00:15:57.822+0000] {logging_mixin.py:137} INFO - [2022-11-20T00:15:57.822+0000] {dag.py:3340} INFO - Setting next_dagrun for dataset_consumes_1 to None, run_after=None
[2022-11-20T00:15:57.826+0000] {logging_mixin.py:137} INFO - [2022-11-20T00:15:57.826+0000] {dag.py:3340} INFO - Setting next_dagrun for dataset_consumes_1_and_2 to None, run_after=None
[2022-11-20T00:15:57.828+0000] {logging_mixin.py:137} INFO - [2022-11-20T00:15:57.828+0000] {dag.py:3340} INFO - Setting next_dagrun for dataset_consumes_1_never_scheduled to None, run_after=None
[2022-11-20T00:15:57.829+0000] {logging_mixin.py:137} INFO - [2022-11-20T00:15:57.829+0000] {dag.py:3340} INFO - Setting next_dagrun for dataset_consumes_unknown_never_scheduled to None, run_after=None
[2022-11-20T00:15:57.833+0000] {logging_mixin.py:137} INFO - [2022-11-20T00:15:57.833+0000] {dag.py:3340} INFO - Setting next_dagrun for dataset_produces_1 to 2022-11-19T00:00:00+00:00, run_after=2022-11-20T00:00:00+00:00
[2022-11-20T00:15:57.836+0000] {logging_mixin.py:137} INFO - [2022-11-20T00:15:57.836+0000] {dag.py:3340} INFO - Setting next_dagrun for dataset_produces_2 to None, run_after=None
[2022-11-20T00:15:57.868+0000] {processor.py:176} INFO - Processing /home/airflow/.local/lib/python3.7/site-packages/airflow/example_dags/example_datasets.py took 0.157 seconds
[2022-11-20T00:16:28.715+0000] {processor.py:154} INFO - Started process (PID=118) to work on /home/airflow/.local/lib/python3.7/site-packages/airflow/example_dags/example_datasets.py
[2022-11-20T00:16:28.717+0000] {processor.py:756} INFO - Processing file /home/airflow/.local/lib/python3.7/site-packages/airflow/example_dags/example_datasets.py for tasks to queue
[2022-11-20T00:16:28.719+0000] {logging_mixin.py:137} INFO - [2022-11-20T00:16:28.718+0000] {dagbag.py:537} INFO - Filling up the DagBag from /home/airflow/.local/lib/python3.7/site-packages/airflow/example_dags/example_datasets.py
[2022-11-20T00:16:28.730+0000] {processor.py:766} INFO - DAG(s) dict_keys(['dataset_consumes_1_and_2', 'dataset_produces_2', 'dataset_produces_1', 'dataset_consumes_1', 'dataset_consumes_unknown_never_scheduled', 'dataset_consumes_1_never_scheduled']) retrieved from /home/airflow/.local/lib/python3.7/site-packages/airflow/example_dags/example_datasets.py
[2022-11-20T00:16:28.796+0000] {logging_mixin.py:137} INFO - [2022-11-20T00:16:28.796+0000] {dag.py:2585} INFO - Sync 6 DAGs
[2022-11-20T00:16:28.811+0000] {logging_mixin.py:137} INFO - [2022-11-20T00:16:28.811+0000] {dag.py:3340} INFO - Setting next_dagrun for dataset_consumes_1 to None, run_after=None
[2022-11-20T00:16:28.814+0000] {logging_mixin.py:137} INFO - [2022-11-20T00:16:28.814+0000] {dag.py:3340} INFO - Setting next_dagrun for dataset_consumes_1_and_2 to None, run_after=None
[2022-11-20T00:16:28.816+0000] {logging_mixin.py:137} INFO - [2022-11-20T00:16:28.815+0000] {dag.py:3340} INFO - Setting next_dagrun for dataset_consumes_1_never_scheduled to None, run_after=None
[2022-11-20T00:16:28.818+0000] {logging_mixin.py:137} INFO - [2022-11-20T00:16:28.818+0000] {dag.py:3340} INFO - Setting next_dagrun for dataset_consumes_unknown_never_scheduled to None, run_after=None
[2022-11-20T00:16:28.821+0000] {logging_mixin.py:137} INFO - [2022-11-20T00:16:28.821+0000] {dag.py:3340} INFO - Setting next_dagrun for dataset_produces_1 to 2022-11-19T00:00:00+00:00, run_after=2022-11-20T00:00:00+00:00
[2022-11-20T00:16:28.823+0000] {logging_mixin.py:137} INFO - [2022-11-20T00:16:28.823+0000] {dag.py:3340} INFO - Setting next_dagrun for dataset_produces_2 to None, run_after=None
[2022-11-20T00:16:28.843+0000] {processor.py:176} INFO - Processing /home/airflow/.local/lib/python3.7/site-packages/airflow/example_dags/example_datasets.py took 0.130 seconds
[2022-11-20T00:16:59.016+0000] {processor.py:154} INFO - Started process (PID=184) to work on /home/airflow/.local/lib/python3.7/site-packages/airflow/example_dags/example_datasets.py
[2022-11-20T00:16:59.018+0000] {processor.py:756} INFO - Processing file /home/airflow/.local/lib/python3.7/site-packages/airflow/example_dags/example_datasets.py for tasks to queue
[2022-11-20T00:16:59.019+0000] {logging_mixin.py:137} INFO - [2022-11-20T00:16:59.019+0000] {dagbag.py:537} INFO - Filling up the DagBag from /home/airflow/.local/lib/python3.7/site-packages/airflow/example_dags/example_datasets.py
[2022-11-20T00:16:59.030+0000] {processor.py:766} INFO - DAG(s) dict_keys(['dataset_produces_1', 'dataset_consumes_1_and_2', 'dataset_consumes_unknown_never_scheduled', 'dataset_consumes_1_never_scheduled', 'dataset_consumes_1', 'dataset_produces_2']) retrieved from /home/airflow/.local/lib/python3.7/site-packages/airflow/example_dags/example_datasets.py
[2022-11-20T00:16:59.068+0000] {logging_mixin.py:137} INFO - [2022-11-20T00:16:59.067+0000] {dag.py:2585} INFO - Sync 6 DAGs
[2022-11-20T00:16:59.085+0000] {logging_mixin.py:137} INFO - [2022-11-20T00:16:59.085+0000] {dag.py:3340} INFO - Setting next_dagrun for dataset_consumes_1 to None, run_after=None
[2022-11-20T00:16:59.088+0000] {logging_mixin.py:137} INFO - [2022-11-20T00:16:59.088+0000] {dag.py:3340} INFO - Setting next_dagrun for dataset_consumes_1_and_2 to None, run_after=None
[2022-11-20T00:16:59.089+0000] {logging_mixin.py:137} INFO - [2022-11-20T00:16:59.089+0000] {dag.py:3340} INFO - Setting next_dagrun for dataset_consumes_1_never_scheduled to None, run_after=None
[2022-11-20T00:16:59.091+0000] {logging_mixin.py:137} INFO - [2022-11-20T00:16:59.091+0000] {dag.py:3340} INFO - Setting next_dagrun for dataset_consumes_unknown_never_scheduled to None, run_after=None
[2022-11-20T00:16:59.093+0000] {logging_mixin.py:137} INFO - [2022-11-20T00:16:59.093+0000] {dag.py:3340} INFO - Setting next_dagrun for dataset_produces_1 to 2022-11-19T00:00:00+00:00, run_after=2022-11-20T00:00:00+00:00
[2022-11-20T00:16:59.095+0000] {logging_mixin.py:137} INFO - [2022-11-20T00:16:59.095+0000] {dag.py:3340} INFO - Setting next_dagrun for dataset_produces_2 to None, run_after=None
[2022-11-20T00:16:59.112+0000] {processor.py:176} INFO - Processing /home/airflow/.local/lib/python3.7/site-packages/airflow/example_dags/example_datasets.py took 0.098 seconds
[2022-11-20T00:17:29.498+0000] {processor.py:154} INFO - Started process (PID=249) to work on /home/airflow/.local/lib/python3.7/site-packages/airflow/example_dags/example_datasets.py
[2022-11-20T00:17:29.500+0000] {processor.py:756} INFO - Processing file /home/airflow/.local/lib/python3.7/site-packages/airflow/example_dags/example_datasets.py for tasks to queue
[2022-11-20T00:17:29.502+0000] {logging_mixin.py:137} INFO - [2022-11-20T00:17:29.502+0000] {dagbag.py:537} INFO - Filling up the DagBag from /home/airflow/.local/lib/python3.7/site-packages/airflow/example_dags/example_datasets.py
[2022-11-20T00:17:29.515+0000] {processor.py:766} INFO - DAG(s) dict_keys(['dataset_consumes_1_and_2', 'dataset_produces_2', 'dataset_produces_1', 'dataset_consumes_1', 'dataset_consumes_unknown_never_scheduled', 'dataset_consumes_1_never_scheduled']) retrieved from /home/airflow/.local/lib/python3.7/site-packages/airflow/example_dags/example_datasets.py
[2022-11-20T00:17:29.553+0000] {logging_mixin.py:137} INFO - [2022-11-20T00:17:29.553+0000] {dag.py:2585} INFO - Sync 6 DAGs
[2022-11-20T00:17:29.569+0000] {logging_mixin.py:137} INFO - [2022-11-20T00:17:29.569+0000] {dag.py:3340} INFO - Setting next_dagrun for dataset_consumes_1 to None, run_after=None
[2022-11-20T00:17:29.572+0000] {logging_mixin.py:137} INFO - [2022-11-20T00:17:29.572+0000] {dag.py:3340} INFO - Setting next_dagrun for dataset_consumes_1_and_2 to None, run_after=None
[2022-11-20T00:17:29.575+0000] {logging_mixin.py:137} INFO - [2022-11-20T00:17:29.574+0000] {dag.py:3340} INFO - Setting next_dagrun for dataset_consumes_1_never_scheduled to None, run_after=None
[2022-11-20T00:17:29.576+0000] {logging_mixin.py:137} INFO - [2022-11-20T00:17:29.576+0000] {dag.py:3340} INFO - Setting next_dagrun for dataset_consumes_unknown_never_scheduled to None, run_after=None
[2022-11-20T00:17:29.579+0000] {logging_mixin.py:137} INFO - [2022-11-20T00:17:29.579+0000] {dag.py:3340} INFO - Setting next_dagrun for dataset_produces_1 to 2022-11-19T00:00:00+00:00, run_after=2022-11-20T00:00:00+00:00
[2022-11-20T00:17:29.580+0000] {logging_mixin.py:137} INFO - [2022-11-20T00:17:29.580+0000] {dag.py:3340} INFO - Setting next_dagrun for dataset_produces_2 to None, run_after=None
[2022-11-20T00:17:29.598+0000] {processor.py:176} INFO - Processing /home/airflow/.local/lib/python3.7/site-packages/airflow/example_dags/example_datasets.py took 0.102 seconds
[2022-11-20T00:18:00.139+0000] {processor.py:154} INFO - Started process (PID=314) to work on /home/airflow/.local/lib/python3.7/site-packages/airflow/example_dags/example_datasets.py
[2022-11-20T00:18:00.141+0000] {processor.py:756} INFO - Processing file /home/airflow/.local/lib/python3.7/site-packages/airflow/example_dags/example_datasets.py for tasks to queue
[2022-11-20T00:18:00.142+0000] {logging_mixin.py:137} INFO - [2022-11-20T00:18:00.142+0000] {dagbag.py:537} INFO - Filling up the DagBag from /home/airflow/.local/lib/python3.7/site-packages/airflow/example_dags/example_datasets.py
[2022-11-20T00:18:00.154+0000] {processor.py:766} INFO - DAG(s) dict_keys(['dataset_produces_2', 'dataset_consumes_unknown_never_scheduled', 'dataset_consumes_1', 'dataset_consumes_1_never_scheduled', 'dataset_consumes_1_and_2', 'dataset_produces_1']) retrieved from /home/airflow/.local/lib/python3.7/site-packages/airflow/example_dags/example_datasets.py
[2022-11-20T00:18:00.192+0000] {logging_mixin.py:137} INFO - [2022-11-20T00:18:00.192+0000] {dag.py:2585} INFO - Sync 6 DAGs
[2022-11-20T00:18:00.210+0000] {logging_mixin.py:137} INFO - [2022-11-20T00:18:00.210+0000] {dag.py:3340} INFO - Setting next_dagrun for dataset_consumes_1 to None, run_after=None
[2022-11-20T00:18:00.213+0000] {logging_mixin.py:137} INFO - [2022-11-20T00:18:00.212+0000] {dag.py:3340} INFO - Setting next_dagrun for dataset_consumes_1_and_2 to None, run_after=None
[2022-11-20T00:18:00.214+0000] {logging_mixin.py:137} INFO - [2022-11-20T00:18:00.214+0000] {dag.py:3340} INFO - Setting next_dagrun for dataset_consumes_1_never_scheduled to None, run_after=None
[2022-11-20T00:18:00.216+0000] {logging_mixin.py:137} INFO - [2022-11-20T00:18:00.216+0000] {dag.py:3340} INFO - Setting next_dagrun for dataset_consumes_unknown_never_scheduled to None, run_after=None
[2022-11-20T00:18:00.218+0000] {logging_mixin.py:137} INFO - [2022-11-20T00:18:00.218+0000] {dag.py:3340} INFO - Setting next_dagrun for dataset_produces_1 to 2022-11-19T00:00:00+00:00, run_after=2022-11-20T00:00:00+00:00
[2022-11-20T00:18:00.220+0000] {logging_mixin.py:137} INFO - [2022-11-20T00:18:00.220+0000] {dag.py:3340} INFO - Setting next_dagrun for dataset_produces_2 to None, run_after=None
[2022-11-20T00:18:00.237+0000] {processor.py:176} INFO - Processing /home/airflow/.local/lib/python3.7/site-packages/airflow/example_dags/example_datasets.py took 0.101 seconds
[2022-11-20T00:18:30.724+0000] {processor.py:154} INFO - Started process (PID=370) to work on /home/airflow/.local/lib/python3.7/site-packages/airflow/example_dags/example_datasets.py
[2022-11-20T00:18:30.727+0000] {processor.py:756} INFO - Processing file /home/airflow/.local/lib/python3.7/site-packages/airflow/example_dags/example_datasets.py for tasks to queue
[2022-11-20T00:18:30.728+0000] {logging_mixin.py:137} INFO - [2022-11-20T00:18:30.728+0000] {dagbag.py:537} INFO - Filling up the DagBag from /home/airflow/.local/lib/python3.7/site-packages/airflow/example_dags/example_datasets.py
[2022-11-20T00:18:30.740+0000] {processor.py:766} INFO - DAG(s) dict_keys(['dataset_consumes_unknown_never_scheduled', 'dataset_produces_1', 'dataset_consumes_1', 'dataset_produces_2', 'dataset_consumes_1_and_2', 'dataset_consumes_1_never_scheduled']) retrieved from /home/airflow/.local/lib/python3.7/site-packages/airflow/example_dags/example_datasets.py
[2022-11-20T00:18:30.778+0000] {logging_mixin.py:137} INFO - [2022-11-20T00:18:30.778+0000] {dag.py:2585} INFO - Sync 6 DAGs
[2022-11-20T00:18:30.795+0000] {logging_mixin.py:137} INFO - [2022-11-20T00:18:30.795+0000] {dag.py:3340} INFO - Setting next_dagrun for dataset_consumes_1 to None, run_after=None
[2022-11-20T00:18:30.798+0000] {logging_mixin.py:137} INFO - [2022-11-20T00:18:30.798+0000] {dag.py:3340} INFO - Setting next_dagrun for dataset_consumes_1_and_2 to None, run_after=None
[2022-11-20T00:18:30.799+0000] {logging_mixin.py:137} INFO - [2022-11-20T00:18:30.799+0000] {dag.py:3340} INFO - Setting next_dagrun for dataset_consumes_1_never_scheduled to None, run_after=None
[2022-11-20T00:18:30.801+0000] {logging_mixin.py:137} INFO - [2022-11-20T00:18:30.801+0000] {dag.py:3340} INFO - Setting next_dagrun for dataset_consumes_unknown_never_scheduled to None, run_after=None
[2022-11-20T00:18:30.803+0000] {logging_mixin.py:137} INFO - [2022-11-20T00:18:30.803+0000] {dag.py:3340} INFO - Setting next_dagrun for dataset_produces_1 to 2022-11-19T00:00:00+00:00, run_after=2022-11-20T00:00:00+00:00
[2022-11-20T00:18:30.805+0000] {logging_mixin.py:137} INFO - [2022-11-20T00:18:30.805+0000] {dag.py:3340} INFO - Setting next_dagrun for dataset_produces_2 to None, run_after=None
[2022-11-20T00:18:30.822+0000] {processor.py:176} INFO - Processing /home/airflow/.local/lib/python3.7/site-packages/airflow/example_dags/example_datasets.py took 0.101 seconds
[2022-11-20T00:19:01.499+0000] {processor.py:154} INFO - Started process (PID=435) to work on /home/airflow/.local/lib/python3.7/site-packages/airflow/example_dags/example_datasets.py
[2022-11-20T00:19:01.501+0000] {processor.py:756} INFO - Processing file /home/airflow/.local/lib/python3.7/site-packages/airflow/example_dags/example_datasets.py for tasks to queue
[2022-11-20T00:19:01.504+0000] {logging_mixin.py:137} INFO - [2022-11-20T00:19:01.504+0000] {dagbag.py:537} INFO - Filling up the DagBag from /home/airflow/.local/lib/python3.7/site-packages/airflow/example_dags/example_datasets.py
[2022-11-20T00:19:01.517+0000] {processor.py:766} INFO - DAG(s) dict_keys(['dataset_consumes_1_and_2', 'dataset_consumes_1_never_scheduled', 'dataset_consumes_1', 'dataset_consumes_unknown_never_scheduled', 'dataset_produces_1', 'dataset_produces_2']) retrieved from /home/airflow/.local/lib/python3.7/site-packages/airflow/example_dags/example_datasets.py
[2022-11-20T00:19:01.567+0000] {logging_mixin.py:137} INFO - [2022-11-20T00:19:01.567+0000] {dag.py:2585} INFO - Sync 6 DAGs
[2022-11-20T00:19:01.586+0000] {logging_mixin.py:137} INFO - [2022-11-20T00:19:01.586+0000] {dag.py:3340} INFO - Setting next_dagrun for dataset_consumes_1 to None, run_after=None
[2022-11-20T00:19:01.589+0000] {logging_mixin.py:137} INFO - [2022-11-20T00:19:01.589+0000] {dag.py:3340} INFO - Setting next_dagrun for dataset_consumes_1_and_2 to None, run_after=None
[2022-11-20T00:19:01.591+0000] {logging_mixin.py:137} INFO - [2022-11-20T00:19:01.591+0000] {dag.py:3340} INFO - Setting next_dagrun for dataset_consumes_1_never_scheduled to None, run_after=None
[2022-11-20T00:19:01.593+0000] {logging_mixin.py:137} INFO - [2022-11-20T00:19:01.593+0000] {dag.py:3340} INFO - Setting next_dagrun for dataset_consumes_unknown_never_scheduled to None, run_after=None
[2022-11-20T00:19:01.595+0000] {logging_mixin.py:137} INFO - [2022-11-20T00:19:01.595+0000] {dag.py:3340} INFO - Setting next_dagrun for dataset_produces_1 to 2022-11-19T00:00:00+00:00, run_after=2022-11-20T00:00:00+00:00
[2022-11-20T00:19:01.597+0000] {logging_mixin.py:137} INFO - [2022-11-20T00:19:01.597+0000] {dag.py:3340} INFO - Setting next_dagrun for dataset_produces_2 to None, run_after=None
[2022-11-20T00:19:01.613+0000] {processor.py:176} INFO - Processing /home/airflow/.local/lib/python3.7/site-packages/airflow/example_dags/example_datasets.py took 0.118 seconds
[2022-11-20T00:19:31.888+0000] {processor.py:154} INFO - Started process (PID=502) to work on /home/airflow/.local/lib/python3.7/site-packages/airflow/example_dags/example_datasets.py
[2022-11-20T00:19:31.892+0000] {processor.py:756} INFO - Processing file /home/airflow/.local/lib/python3.7/site-packages/airflow/example_dags/example_datasets.py for tasks to queue
[2022-11-20T00:19:31.895+0000] {logging_mixin.py:137} INFO - [2022-11-20T00:19:31.894+0000] {dagbag.py:537} INFO - Filling up the DagBag from /home/airflow/.local/lib/python3.7/site-packages/airflow/example_dags/example_datasets.py
[2022-11-20T00:19:31.906+0000] {processor.py:766} INFO - DAG(s) dict_keys(['dataset_consumes_1_never_scheduled', 'dataset_consumes_1', 'dataset_consumes_1_and_2', 'dataset_produces_1', 'dataset_produces_2', 'dataset_consumes_unknown_never_scheduled']) retrieved from /home/airflow/.local/lib/python3.7/site-packages/airflow/example_dags/example_datasets.py
[2022-11-20T00:19:31.952+0000] {logging_mixin.py:137} INFO - [2022-11-20T00:19:31.952+0000] {dag.py:2585} INFO - Sync 6 DAGs
[2022-11-20T00:19:31.972+0000] {logging_mixin.py:137} INFO - [2022-11-20T00:19:31.972+0000] {dag.py:3340} INFO - Setting next_dagrun for dataset_consumes_1 to None, run_after=None
[2022-11-20T00:19:31.975+0000] {logging_mixin.py:137} INFO - [2022-11-20T00:19:31.975+0000] {dag.py:3340} INFO - Setting next_dagrun for dataset_consumes_1_and_2 to None, run_after=None
[2022-11-20T00:19:31.978+0000] {logging_mixin.py:137} INFO - [2022-11-20T00:19:31.978+0000] {dag.py:3340} INFO - Setting next_dagrun for dataset_consumes_1_never_scheduled to None, run_after=None
[2022-11-20T00:19:31.979+0000] {logging_mixin.py:137} INFO - [2022-11-20T00:19:31.979+0000] {dag.py:3340} INFO - Setting next_dagrun for dataset_consumes_unknown_never_scheduled to None, run_after=None
[2022-11-20T00:19:31.982+0000] {logging_mixin.py:137} INFO - [2022-11-20T00:19:31.982+0000] {dag.py:3340} INFO - Setting next_dagrun for dataset_produces_1 to 2022-11-19T00:00:00+00:00, run_after=2022-11-20T00:00:00+00:00
[2022-11-20T00:19:31.984+0000] {logging_mixin.py:137} INFO - [2022-11-20T00:19:31.984+0000] {dag.py:3340} INFO - Setting next_dagrun for dataset_produces_2 to None, run_after=None
[2022-11-20T00:19:32.008+0000] {processor.py:176} INFO - Processing /home/airflow/.local/lib/python3.7/site-packages/airflow/example_dags/example_datasets.py took 0.122 seconds
[2022-11-20T00:20:02.537+0000] {processor.py:154} INFO - Started process (PID=567) to work on /home/airflow/.local/lib/python3.7/site-packages/airflow/example_dags/example_datasets.py
[2022-11-20T00:20:02.538+0000] {processor.py:756} INFO - Processing file /home/airflow/.local/lib/python3.7/site-packages/airflow/example_dags/example_datasets.py for tasks to queue
[2022-11-20T00:20:02.540+0000] {logging_mixin.py:137} INFO - [2022-11-20T00:20:02.540+0000] {dagbag.py:537} INFO - Filling up the DagBag from /home/airflow/.local/lib/python3.7/site-packages/airflow/example_dags/example_datasets.py
[2022-11-20T00:20:02.550+0000] {processor.py:766} INFO - DAG(s) dict_keys(['dataset_consumes_unknown_never_scheduled', 'dataset_produces_1', 'dataset_consumes_1', 'dataset_produces_2', 'dataset_consumes_1_never_scheduled', 'dataset_consumes_1_and_2']) retrieved from /home/airflow/.local/lib/python3.7/site-packages/airflow/example_dags/example_datasets.py
[2022-11-20T00:20:02.586+0000] {logging_mixin.py:137} INFO - [2022-11-20T00:20:02.586+0000] {dag.py:2585} INFO - Sync 6 DAGs
[2022-11-20T00:20:02.601+0000] {logging_mixin.py:137} INFO - [2022-11-20T00:20:02.601+0000] {dag.py:3340} INFO - Setting next_dagrun for dataset_consumes_1 to None, run_after=None
[2022-11-20T00:20:02.605+0000] {logging_mixin.py:137} INFO - [2022-11-20T00:20:02.605+0000] {dag.py:3340} INFO - Setting next_dagrun for dataset_consumes_1_and_2 to None, run_after=None
[2022-11-20T00:20:02.607+0000] {logging_mixin.py:137} INFO - [2022-11-20T00:20:02.607+0000] {dag.py:3340} INFO - Setting next_dagrun for dataset_consumes_1_never_scheduled to None, run_after=None
[2022-11-20T00:20:02.609+0000] {logging_mixin.py:137} INFO - [2022-11-20T00:20:02.608+0000] {dag.py:3340} INFO - Setting next_dagrun for dataset_consumes_unknown_never_scheduled to None, run_after=None
[2022-11-20T00:20:02.611+0000] {logging_mixin.py:137} INFO - [2022-11-20T00:20:02.611+0000] {dag.py:3340} INFO - Setting next_dagrun for dataset_produces_1 to 2022-11-19T00:00:00+00:00, run_after=2022-11-20T00:00:00+00:00
[2022-11-20T00:20:02.612+0000] {logging_mixin.py:137} INFO - [2022-11-20T00:20:02.612+0000] {dag.py:3340} INFO - Setting next_dagrun for dataset_produces_2 to None, run_after=None
[2022-11-20T00:20:02.631+0000] {processor.py:176} INFO - Processing /home/airflow/.local/lib/python3.7/site-packages/airflow/example_dags/example_datasets.py took 0.098 seconds
[2022-11-20T00:20:32.862+0000] {processor.py:154} INFO - Started process (PID=631) to work on /home/airflow/.local/lib/python3.7/site-packages/airflow/example_dags/example_datasets.py
[2022-11-20T00:20:32.864+0000] {processor.py:756} INFO - Processing file /home/airflow/.local/lib/python3.7/site-packages/airflow/example_dags/example_datasets.py for tasks to queue
[2022-11-20T00:20:32.867+0000] {logging_mixin.py:137} INFO - [2022-11-20T00:20:32.866+0000] {dagbag.py:537} INFO - Filling up the DagBag from /home/airflow/.local/lib/python3.7/site-packages/airflow/example_dags/example_datasets.py
[2022-11-20T00:20:32.880+0000] {processor.py:766} INFO - DAG(s) dict_keys(['dataset_consumes_1_never_scheduled', 'dataset_produces_2', 'dataset_consumes_unknown_never_scheduled', 'dataset_consumes_1_and_2', 'dataset_consumes_1', 'dataset_produces_1']) retrieved from /home/airflow/.local/lib/python3.7/site-packages/airflow/example_dags/example_datasets.py
[2022-11-20T00:20:32.919+0000] {logging_mixin.py:137} INFO - [2022-11-20T00:20:32.919+0000] {dag.py:2585} INFO - Sync 6 DAGs
[2022-11-20T00:20:32.941+0000] {logging_mixin.py:137} INFO - [2022-11-20T00:20:32.941+0000] {dag.py:3340} INFO - Setting next_dagrun for dataset_consumes_1 to None, run_after=None
[2022-11-20T00:20:32.945+0000] {logging_mixin.py:137} INFO - [2022-11-20T00:20:32.945+0000] {dag.py:3340} INFO - Setting next_dagrun for dataset_consumes_1_and_2 to None, run_after=None
[2022-11-20T00:20:32.947+0000] {logging_mixin.py:137} INFO - [2022-11-20T00:20:32.947+0000] {dag.py:3340} INFO - Setting next_dagrun for dataset_consumes_1_never_scheduled to None, run_after=None
[2022-11-20T00:20:32.949+0000] {logging_mixin.py:137} INFO - [2022-11-20T00:20:32.949+0000] {dag.py:3340} INFO - Setting next_dagrun for dataset_consumes_unknown_never_scheduled to None, run_after=None
[2022-11-20T00:20:32.951+0000] {logging_mixin.py:137} INFO - [2022-11-20T00:20:32.951+0000] {dag.py:3340} INFO - Setting next_dagrun for dataset_produces_1 to 2022-11-19T00:00:00+00:00, run_after=2022-11-20T00:00:00+00:00
[2022-11-20T00:20:32.953+0000] {logging_mixin.py:137} INFO - [2022-11-20T00:20:32.953+0000] {dag.py:3340} INFO - Setting next_dagrun for dataset_produces_2 to None, run_after=None
[2022-11-20T00:20:32.971+0000] {processor.py:176} INFO - Processing /home/airflow/.local/lib/python3.7/site-packages/airflow/example_dags/example_datasets.py took 0.111 seconds
