[2022-11-20T00:15:57.016+0000] {processor.py:154} INFO - Started process (PID=46) to work on /home/airflow/.local/lib/python3.7/site-packages/airflow/example_dags/example_xcomargs.py
[2022-11-20T00:15:57.018+0000] {processor.py:756} INFO - Processing file /home/airflow/.local/lib/python3.7/site-packages/airflow/example_dags/example_xcomargs.py for tasks to queue
[2022-11-20T00:15:57.020+0000] {logging_mixin.py:137} INFO - [2022-11-20T00:15:57.020+0000] {dagbag.py:537} INFO - Filling up the DagBag from /home/airflow/.local/lib/python3.7/site-packages/airflow/example_dags/example_xcomargs.py
[2022-11-20T00:15:57.047+0000] {processor.py:766} INFO - DAG(s) dict_keys(['example_xcom_args_with_operators', 'example_xcom_args']) retrieved from /home/airflow/.local/lib/python3.7/site-packages/airflow/example_dags/example_xcomargs.py
[2022-11-20T00:15:57.082+0000] {logging_mixin.py:137} INFO - [2022-11-20T00:15:57.081+0000] {dag.py:2585} INFO - Sync 2 DAGs
[2022-11-20T00:15:57.112+0000] {logging_mixin.py:137} INFO - [2022-11-20T00:15:57.112+0000] {dag.py:3340} INFO - Setting next_dagrun for example_xcom_args to None, run_after=None
[2022-11-20T00:15:57.116+0000] {logging_mixin.py:137} INFO - [2022-11-20T00:15:57.116+0000] {dag.py:3340} INFO - Setting next_dagrun for example_xcom_args_with_operators to None, run_after=None
[2022-11-20T00:15:57.132+0000] {processor.py:176} INFO - Processing /home/airflow/.local/lib/python3.7/site-packages/airflow/example_dags/example_xcomargs.py took 0.118 seconds
[2022-11-20T00:16:28.049+0000] {processor.py:154} INFO - Started process (PID=109) to work on /home/airflow/.local/lib/python3.7/site-packages/airflow/example_dags/example_xcomargs.py
[2022-11-20T00:16:28.051+0000] {processor.py:756} INFO - Processing file /home/airflow/.local/lib/python3.7/site-packages/airflow/example_dags/example_xcomargs.py for tasks to queue
[2022-11-20T00:16:28.052+0000] {logging_mixin.py:137} INFO - [2022-11-20T00:16:28.052+0000] {dagbag.py:537} INFO - Filling up the DagBag from /home/airflow/.local/lib/python3.7/site-packages/airflow/example_dags/example_xcomargs.py
[2022-11-20T00:16:28.073+0000] {processor.py:766} INFO - DAG(s) dict_keys(['example_xcom_args', 'example_xcom_args_with_operators']) retrieved from /home/airflow/.local/lib/python3.7/site-packages/airflow/example_dags/example_xcomargs.py
[2022-11-20T00:16:28.102+0000] {logging_mixin.py:137} INFO - [2022-11-20T00:16:28.102+0000] {dag.py:2585} INFO - Sync 2 DAGs
[2022-11-20T00:16:28.119+0000] {logging_mixin.py:137} INFO - [2022-11-20T00:16:28.119+0000] {dag.py:3340} INFO - Setting next_dagrun for example_xcom_args to None, run_after=None
[2022-11-20T00:16:28.122+0000] {logging_mixin.py:137} INFO - [2022-11-20T00:16:28.122+0000] {dag.py:3340} INFO - Setting next_dagrun for example_xcom_args_with_operators to None, run_after=None
[2022-11-20T00:16:28.132+0000] {processor.py:176} INFO - Processing /home/airflow/.local/lib/python3.7/site-packages/airflow/example_dags/example_xcomargs.py took 0.085 seconds
[2022-11-20T00:16:58.574+0000] {processor.py:154} INFO - Started process (PID=175) to work on /home/airflow/.local/lib/python3.7/site-packages/airflow/example_dags/example_xcomargs.py
[2022-11-20T00:16:58.576+0000] {processor.py:756} INFO - Processing file /home/airflow/.local/lib/python3.7/site-packages/airflow/example_dags/example_xcomargs.py for tasks to queue
[2022-11-20T00:16:58.577+0000] {logging_mixin.py:137} INFO - [2022-11-20T00:16:58.577+0000] {dagbag.py:537} INFO - Filling up the DagBag from /home/airflow/.local/lib/python3.7/site-packages/airflow/example_dags/example_xcomargs.py
[2022-11-20T00:16:58.591+0000] {processor.py:766} INFO - DAG(s) dict_keys(['example_xcom_args_with_operators', 'example_xcom_args']) retrieved from /home/airflow/.local/lib/python3.7/site-packages/airflow/example_dags/example_xcomargs.py
[2022-11-20T00:16:58.624+0000] {logging_mixin.py:137} INFO - [2022-11-20T00:16:58.624+0000] {dag.py:2585} INFO - Sync 2 DAGs
[2022-11-20T00:16:58.639+0000] {logging_mixin.py:137} INFO - [2022-11-20T00:16:58.639+0000] {dag.py:3340} INFO - Setting next_dagrun for example_xcom_args to None, run_after=None
[2022-11-20T00:16:58.643+0000] {logging_mixin.py:137} INFO - [2022-11-20T00:16:58.643+0000] {dag.py:3340} INFO - Setting next_dagrun for example_xcom_args_with_operators to None, run_after=None
[2022-11-20T00:16:58.655+0000] {processor.py:176} INFO - Processing /home/airflow/.local/lib/python3.7/site-packages/airflow/example_dags/example_xcomargs.py took 0.084 seconds
[2022-11-20T00:17:28.936+0000] {processor.py:154} INFO - Started process (PID=240) to work on /home/airflow/.local/lib/python3.7/site-packages/airflow/example_dags/example_xcomargs.py
[2022-11-20T00:17:28.938+0000] {processor.py:756} INFO - Processing file /home/airflow/.local/lib/python3.7/site-packages/airflow/example_dags/example_xcomargs.py for tasks to queue
[2022-11-20T00:17:28.940+0000] {logging_mixin.py:137} INFO - [2022-11-20T00:17:28.940+0000] {dagbag.py:537} INFO - Filling up the DagBag from /home/airflow/.local/lib/python3.7/site-packages/airflow/example_dags/example_xcomargs.py
[2022-11-20T00:17:28.954+0000] {processor.py:766} INFO - DAG(s) dict_keys(['example_xcom_args', 'example_xcom_args_with_operators']) retrieved from /home/airflow/.local/lib/python3.7/site-packages/airflow/example_dags/example_xcomargs.py
[2022-11-20T00:17:28.985+0000] {logging_mixin.py:137} INFO - [2022-11-20T00:17:28.985+0000] {dag.py:2585} INFO - Sync 2 DAGs
[2022-11-20T00:17:29.000+0000] {logging_mixin.py:137} INFO - [2022-11-20T00:17:29.000+0000] {dag.py:3340} INFO - Setting next_dagrun for example_xcom_args to None, run_after=None
[2022-11-20T00:17:29.003+0000] {logging_mixin.py:137} INFO - [2022-11-20T00:17:29.003+0000] {dag.py:3340} INFO - Setting next_dagrun for example_xcom_args_with_operators to None, run_after=None
[2022-11-20T00:17:29.014+0000] {processor.py:176} INFO - Processing /home/airflow/.local/lib/python3.7/site-packages/airflow/example_dags/example_xcomargs.py took 0.082 seconds
[2022-11-20T00:17:59.675+0000] {processor.py:154} INFO - Started process (PID=305) to work on /home/airflow/.local/lib/python3.7/site-packages/airflow/example_dags/example_xcomargs.py
[2022-11-20T00:17:59.676+0000] {processor.py:756} INFO - Processing file /home/airflow/.local/lib/python3.7/site-packages/airflow/example_dags/example_xcomargs.py for tasks to queue
[2022-11-20T00:17:59.678+0000] {logging_mixin.py:137} INFO - [2022-11-20T00:17:59.678+0000] {dagbag.py:537} INFO - Filling up the DagBag from /home/airflow/.local/lib/python3.7/site-packages/airflow/example_dags/example_xcomargs.py
[2022-11-20T00:17:59.696+0000] {processor.py:766} INFO - DAG(s) dict_keys(['example_xcom_args', 'example_xcom_args_with_operators']) retrieved from /home/airflow/.local/lib/python3.7/site-packages/airflow/example_dags/example_xcomargs.py
[2022-11-20T00:17:59.728+0000] {logging_mixin.py:137} INFO - [2022-11-20T00:17:59.728+0000] {dag.py:2585} INFO - Sync 2 DAGs
[2022-11-20T00:17:59.744+0000] {logging_mixin.py:137} INFO - [2022-11-20T00:17:59.744+0000] {dag.py:3340} INFO - Setting next_dagrun for example_xcom_args to None, run_after=None
[2022-11-20T00:17:59.748+0000] {logging_mixin.py:137} INFO - [2022-11-20T00:17:59.748+0000] {dag.py:3340} INFO - Setting next_dagrun for example_xcom_args_with_operators to None, run_after=None
[2022-11-20T00:17:59.760+0000] {processor.py:176} INFO - Processing /home/airflow/.local/lib/python3.7/site-packages/airflow/example_dags/example_xcomargs.py took 0.089 seconds
[2022-11-20T00:18:30.137+0000] {processor.py:154} INFO - Started process (PID=361) to work on /home/airflow/.local/lib/python3.7/site-packages/airflow/example_dags/example_xcomargs.py
[2022-11-20T00:18:30.139+0000] {processor.py:756} INFO - Processing file /home/airflow/.local/lib/python3.7/site-packages/airflow/example_dags/example_xcomargs.py for tasks to queue
[2022-11-20T00:18:30.140+0000] {logging_mixin.py:137} INFO - [2022-11-20T00:18:30.140+0000] {dagbag.py:537} INFO - Filling up the DagBag from /home/airflow/.local/lib/python3.7/site-packages/airflow/example_dags/example_xcomargs.py
[2022-11-20T00:18:30.154+0000] {processor.py:766} INFO - DAG(s) dict_keys(['example_xcom_args_with_operators', 'example_xcom_args']) retrieved from /home/airflow/.local/lib/python3.7/site-packages/airflow/example_dags/example_xcomargs.py
[2022-11-20T00:18:30.182+0000] {logging_mixin.py:137} INFO - [2022-11-20T00:18:30.182+0000] {dag.py:2585} INFO - Sync 2 DAGs
[2022-11-20T00:18:30.197+0000] {logging_mixin.py:137} INFO - [2022-11-20T00:18:30.197+0000] {dag.py:3340} INFO - Setting next_dagrun for example_xcom_args to None, run_after=None
[2022-11-20T00:18:30.200+0000] {logging_mixin.py:137} INFO - [2022-11-20T00:18:30.200+0000] {dag.py:3340} INFO - Setting next_dagrun for example_xcom_args_with_operators to None, run_after=None
[2022-11-20T00:18:30.210+0000] {processor.py:176} INFO - Processing /home/airflow/.local/lib/python3.7/site-packages/airflow/example_dags/example_xcomargs.py took 0.075 seconds
[2022-11-20T00:19:00.875+0000] {processor.py:154} INFO - Started process (PID=426) to work on /home/airflow/.local/lib/python3.7/site-packages/airflow/example_dags/example_xcomargs.py
[2022-11-20T00:19:00.878+0000] {processor.py:756} INFO - Processing file /home/airflow/.local/lib/python3.7/site-packages/airflow/example_dags/example_xcomargs.py for tasks to queue
[2022-11-20T00:19:00.880+0000] {logging_mixin.py:137} INFO - [2022-11-20T00:19:00.879+0000] {dagbag.py:537} INFO - Filling up the DagBag from /home/airflow/.local/lib/python3.7/site-packages/airflow/example_dags/example_xcomargs.py
[2022-11-20T00:19:00.897+0000] {processor.py:766} INFO - DAG(s) dict_keys(['example_xcom_args', 'example_xcom_args_with_operators']) retrieved from /home/airflow/.local/lib/python3.7/site-packages/airflow/example_dags/example_xcomargs.py
[2022-11-20T00:19:00.930+0000] {logging_mixin.py:137} INFO - [2022-11-20T00:19:00.930+0000] {dag.py:2585} INFO - Sync 2 DAGs
[2022-11-20T00:19:00.946+0000] {logging_mixin.py:137} INFO - [2022-11-20T00:19:00.946+0000] {dag.py:3340} INFO - Setting next_dagrun for example_xcom_args to None, run_after=None
[2022-11-20T00:19:00.951+0000] {logging_mixin.py:137} INFO - [2022-11-20T00:19:00.951+0000] {dag.py:3340} INFO - Setting next_dagrun for example_xcom_args_with_operators to None, run_after=None
[2022-11-20T00:19:00.960+0000] {processor.py:176} INFO - Processing /home/airflow/.local/lib/python3.7/site-packages/airflow/example_dags/example_xcomargs.py took 0.088 seconds
[2022-11-20T00:19:31.406+0000] {processor.py:154} INFO - Started process (PID=493) to work on /home/airflow/.local/lib/python3.7/site-packages/airflow/example_dags/example_xcomargs.py
[2022-11-20T00:19:31.408+0000] {processor.py:756} INFO - Processing file /home/airflow/.local/lib/python3.7/site-packages/airflow/example_dags/example_xcomargs.py for tasks to queue
[2022-11-20T00:19:31.409+0000] {logging_mixin.py:137} INFO - [2022-11-20T00:19:31.409+0000] {dagbag.py:537} INFO - Filling up the DagBag from /home/airflow/.local/lib/python3.7/site-packages/airflow/example_dags/example_xcomargs.py
[2022-11-20T00:19:31.424+0000] {processor.py:766} INFO - DAG(s) dict_keys(['example_xcom_args', 'example_xcom_args_with_operators']) retrieved from /home/airflow/.local/lib/python3.7/site-packages/airflow/example_dags/example_xcomargs.py
[2022-11-20T00:19:31.455+0000] {logging_mixin.py:137} INFO - [2022-11-20T00:19:31.455+0000] {dag.py:2585} INFO - Sync 2 DAGs
[2022-11-20T00:19:31.470+0000] {logging_mixin.py:137} INFO - [2022-11-20T00:19:31.470+0000] {dag.py:3340} INFO - Setting next_dagrun for example_xcom_args to None, run_after=None
[2022-11-20T00:19:31.473+0000] {logging_mixin.py:137} INFO - [2022-11-20T00:19:31.473+0000] {dag.py:3340} INFO - Setting next_dagrun for example_xcom_args_with_operators to None, run_after=None
[2022-11-20T00:19:31.484+0000] {processor.py:176} INFO - Processing /home/airflow/.local/lib/python3.7/site-packages/airflow/example_dags/example_xcomargs.py took 0.080 seconds
[2022-11-20T00:20:01.902+0000] {processor.py:154} INFO - Started process (PID=558) to work on /home/airflow/.local/lib/python3.7/site-packages/airflow/example_dags/example_xcomargs.py
[2022-11-20T00:20:01.903+0000] {processor.py:756} INFO - Processing file /home/airflow/.local/lib/python3.7/site-packages/airflow/example_dags/example_xcomargs.py for tasks to queue
[2022-11-20T00:20:01.906+0000] {logging_mixin.py:137} INFO - [2022-11-20T00:20:01.906+0000] {dagbag.py:537} INFO - Filling up the DagBag from /home/airflow/.local/lib/python3.7/site-packages/airflow/example_dags/example_xcomargs.py
[2022-11-20T00:20:01.921+0000] {processor.py:766} INFO - DAG(s) dict_keys(['example_xcom_args_with_operators', 'example_xcom_args']) retrieved from /home/airflow/.local/lib/python3.7/site-packages/airflow/example_dags/example_xcomargs.py
[2022-11-20T00:20:01.954+0000] {logging_mixin.py:137} INFO - [2022-11-20T00:20:01.954+0000] {dag.py:2585} INFO - Sync 2 DAGs
[2022-11-20T00:20:01.985+0000] {logging_mixin.py:137} INFO - [2022-11-20T00:20:01.985+0000] {dag.py:3340} INFO - Setting next_dagrun for example_xcom_args to None, run_after=None
[2022-11-20T00:20:01.988+0000] {logging_mixin.py:137} INFO - [2022-11-20T00:20:01.988+0000] {dag.py:3340} INFO - Setting next_dagrun for example_xcom_args_with_operators to None, run_after=None
[2022-11-20T00:20:02.000+0000] {processor.py:176} INFO - Processing /home/airflow/.local/lib/python3.7/site-packages/airflow/example_dags/example_xcomargs.py took 0.101 seconds
[2022-11-20T00:20:32.385+0000] {processor.py:154} INFO - Started process (PID=622) to work on /home/airflow/.local/lib/python3.7/site-packages/airflow/example_dags/example_xcomargs.py
[2022-11-20T00:20:32.387+0000] {processor.py:756} INFO - Processing file /home/airflow/.local/lib/python3.7/site-packages/airflow/example_dags/example_xcomargs.py for tasks to queue
[2022-11-20T00:20:32.389+0000] {logging_mixin.py:137} INFO - [2022-11-20T00:20:32.389+0000] {dagbag.py:537} INFO - Filling up the DagBag from /home/airflow/.local/lib/python3.7/site-packages/airflow/example_dags/example_xcomargs.py
[2022-11-20T00:20:32.405+0000] {processor.py:766} INFO - DAG(s) dict_keys(['example_xcom_args', 'example_xcom_args_with_operators']) retrieved from /home/airflow/.local/lib/python3.7/site-packages/airflow/example_dags/example_xcomargs.py
[2022-11-20T00:20:32.436+0000] {logging_mixin.py:137} INFO - [2022-11-20T00:20:32.436+0000] {dag.py:2585} INFO - Sync 2 DAGs
[2022-11-20T00:20:32.452+0000] {logging_mixin.py:137} INFO - [2022-11-20T00:20:32.452+0000] {dag.py:3340} INFO - Setting next_dagrun for example_xcom_args to None, run_after=None
[2022-11-20T00:20:32.455+0000] {logging_mixin.py:137} INFO - [2022-11-20T00:20:32.455+0000] {dag.py:3340} INFO - Setting next_dagrun for example_xcom_args_with_operators to None, run_after=None
[2022-11-20T00:20:32.466+0000] {processor.py:176} INFO - Processing /home/airflow/.local/lib/python3.7/site-packages/airflow/example_dags/example_xcomargs.py took 0.083 seconds
