[2022-11-20T00:15:57.286+0000] {processor.py:154} INFO - Started process (PID=50) to work on /home/airflow/.local/lib/python3.7/site-packages/airflow/example_dags/example_bash_operator.py
[2022-11-20T00:15:57.288+0000] {processor.py:756} INFO - Processing file /home/airflow/.local/lib/python3.7/site-packages/airflow/example_dags/example_bash_operator.py for tasks to queue
[2022-11-20T00:15:57.289+0000] {logging_mixin.py:137} INFO - [2022-11-20T00:15:57.289+0000] {dagbag.py:537} INFO - Filling up the DagBag from /home/airflow/.local/lib/python3.7/site-packages/airflow/example_dags/example_bash_operator.py
[2022-11-20T00:15:57.320+0000] {processor.py:766} INFO - DAG(s) dict_keys(['example_bash_operator']) retrieved from /home/airflow/.local/lib/python3.7/site-packages/airflow/example_dags/example_bash_operator.py
[2022-11-20T00:15:57.349+0000] {logging_mixin.py:137} INFO - [2022-11-20T00:15:57.349+0000] {dag.py:2585} INFO - Sync 1 DAGs
[2022-11-20T00:15:57.372+0000] {logging_mixin.py:137} INFO - [2022-11-20T00:15:57.372+0000] {dag.py:3340} INFO - Setting next_dagrun for example_bash_operator to 2022-11-19T00:00:00+00:00, run_after=2022-11-20T00:00:00+00:00
[2022-11-20T00:15:57.396+0000] {processor.py:176} INFO - Processing /home/airflow/.local/lib/python3.7/site-packages/airflow/example_dags/example_bash_operator.py took 0.114 seconds
[2022-11-20T00:16:28.342+0000] {processor.py:154} INFO - Started process (PID=113) to work on /home/airflow/.local/lib/python3.7/site-packages/airflow/example_dags/example_bash_operator.py
[2022-11-20T00:16:28.344+0000] {processor.py:756} INFO - Processing file /home/airflow/.local/lib/python3.7/site-packages/airflow/example_dags/example_bash_operator.py for tasks to queue
[2022-11-20T00:16:28.345+0000] {logging_mixin.py:137} INFO - [2022-11-20T00:16:28.345+0000] {dagbag.py:537} INFO - Filling up the DagBag from /home/airflow/.local/lib/python3.7/site-packages/airflow/example_dags/example_bash_operator.py
[2022-11-20T00:16:28.360+0000] {processor.py:766} INFO - DAG(s) dict_keys(['example_bash_operator']) retrieved from /home/airflow/.local/lib/python3.7/site-packages/airflow/example_dags/example_bash_operator.py
[2022-11-20T00:16:28.389+0000] {logging_mixin.py:137} INFO - [2022-11-20T00:16:28.389+0000] {dag.py:2585} INFO - Sync 1 DAGs
[2022-11-20T00:16:28.404+0000] {logging_mixin.py:137} INFO - [2022-11-20T00:16:28.404+0000] {dag.py:3340} INFO - Setting next_dagrun for example_bash_operator to 2022-11-19T00:00:00+00:00, run_after=2022-11-20T00:00:00+00:00
[2022-11-20T00:16:28.417+0000] {processor.py:176} INFO - Processing /home/airflow/.local/lib/python3.7/site-packages/airflow/example_dags/example_bash_operator.py took 0.078 seconds
[2022-11-20T00:16:58.775+0000] {processor.py:154} INFO - Started process (PID=179) to work on /home/airflow/.local/lib/python3.7/site-packages/airflow/example_dags/example_bash_operator.py
[2022-11-20T00:16:58.777+0000] {processor.py:756} INFO - Processing file /home/airflow/.local/lib/python3.7/site-packages/airflow/example_dags/example_bash_operator.py for tasks to queue
[2022-11-20T00:16:58.778+0000] {logging_mixin.py:137} INFO - [2022-11-20T00:16:58.778+0000] {dagbag.py:537} INFO - Filling up the DagBag from /home/airflow/.local/lib/python3.7/site-packages/airflow/example_dags/example_bash_operator.py
[2022-11-20T00:16:58.792+0000] {processor.py:766} INFO - DAG(s) dict_keys(['example_bash_operator']) retrieved from /home/airflow/.local/lib/python3.7/site-packages/airflow/example_dags/example_bash_operator.py
[2022-11-20T00:16:58.824+0000] {logging_mixin.py:137} INFO - [2022-11-20T00:16:58.823+0000] {dag.py:2585} INFO - Sync 1 DAGs
[2022-11-20T00:16:58.840+0000] {logging_mixin.py:137} INFO - [2022-11-20T00:16:58.840+0000] {dag.py:3340} INFO - Setting next_dagrun for example_bash_operator to 2022-11-19T00:00:00+00:00, run_after=2022-11-20T00:00:00+00:00
[2022-11-20T00:16:58.853+0000] {processor.py:176} INFO - Processing /home/airflow/.local/lib/python3.7/site-packages/airflow/example_dags/example_bash_operator.py took 0.080 seconds
[2022-11-20T00:17:29.122+0000] {processor.py:154} INFO - Started process (PID=244) to work on /home/airflow/.local/lib/python3.7/site-packages/airflow/example_dags/example_bash_operator.py
[2022-11-20T00:17:29.125+0000] {processor.py:756} INFO - Processing file /home/airflow/.local/lib/python3.7/site-packages/airflow/example_dags/example_bash_operator.py for tasks to queue
[2022-11-20T00:17:29.127+0000] {logging_mixin.py:137} INFO - [2022-11-20T00:17:29.127+0000] {dagbag.py:537} INFO - Filling up the DagBag from /home/airflow/.local/lib/python3.7/site-packages/airflow/example_dags/example_bash_operator.py
[2022-11-20T00:17:29.141+0000] {processor.py:766} INFO - DAG(s) dict_keys(['example_bash_operator']) retrieved from /home/airflow/.local/lib/python3.7/site-packages/airflow/example_dags/example_bash_operator.py
[2022-11-20T00:17:29.173+0000] {logging_mixin.py:137} INFO - [2022-11-20T00:17:29.172+0000] {dag.py:2585} INFO - Sync 1 DAGs
[2022-11-20T00:17:29.187+0000] {logging_mixin.py:137} INFO - [2022-11-20T00:17:29.187+0000] {dag.py:3340} INFO - Setting next_dagrun for example_bash_operator to 2022-11-19T00:00:00+00:00, run_after=2022-11-20T00:00:00+00:00
[2022-11-20T00:17:29.200+0000] {processor.py:176} INFO - Processing /home/airflow/.local/lib/python3.7/site-packages/airflow/example_dags/example_bash_operator.py took 0.079 seconds
[2022-11-20T00:17:59.884+0000] {processor.py:154} INFO - Started process (PID=309) to work on /home/airflow/.local/lib/python3.7/site-packages/airflow/example_dags/example_bash_operator.py
[2022-11-20T00:17:59.885+0000] {processor.py:756} INFO - Processing file /home/airflow/.local/lib/python3.7/site-packages/airflow/example_dags/example_bash_operator.py for tasks to queue
[2022-11-20T00:17:59.886+0000] {logging_mixin.py:137} INFO - [2022-11-20T00:17:59.886+0000] {dagbag.py:537} INFO - Filling up the DagBag from /home/airflow/.local/lib/python3.7/site-packages/airflow/example_dags/example_bash_operator.py
[2022-11-20T00:17:59.901+0000] {processor.py:766} INFO - DAG(s) dict_keys(['example_bash_operator']) retrieved from /home/airflow/.local/lib/python3.7/site-packages/airflow/example_dags/example_bash_operator.py
[2022-11-20T00:17:59.934+0000] {logging_mixin.py:137} INFO - [2022-11-20T00:17:59.934+0000] {dag.py:2585} INFO - Sync 1 DAGs
[2022-11-20T00:17:59.952+0000] {logging_mixin.py:137} INFO - [2022-11-20T00:17:59.951+0000] {dag.py:3340} INFO - Setting next_dagrun for example_bash_operator to 2022-11-19T00:00:00+00:00, run_after=2022-11-20T00:00:00+00:00
[2022-11-20T00:17:59.965+0000] {processor.py:176} INFO - Processing /home/airflow/.local/lib/python3.7/site-packages/airflow/example_dags/example_bash_operator.py took 0.084 seconds
[2022-11-20T00:18:30.425+0000] {processor.py:154} INFO - Started process (PID=365) to work on /home/airflow/.local/lib/python3.7/site-packages/airflow/example_dags/example_bash_operator.py
[2022-11-20T00:18:30.426+0000] {processor.py:756} INFO - Processing file /home/airflow/.local/lib/python3.7/site-packages/airflow/example_dags/example_bash_operator.py for tasks to queue
[2022-11-20T00:18:30.427+0000] {logging_mixin.py:137} INFO - [2022-11-20T00:18:30.427+0000] {dagbag.py:537} INFO - Filling up the DagBag from /home/airflow/.local/lib/python3.7/site-packages/airflow/example_dags/example_bash_operator.py
[2022-11-20T00:18:30.441+0000] {processor.py:766} INFO - DAG(s) dict_keys(['example_bash_operator']) retrieved from /home/airflow/.local/lib/python3.7/site-packages/airflow/example_dags/example_bash_operator.py
[2022-11-20T00:18:30.468+0000] {logging_mixin.py:137} INFO - [2022-11-20T00:18:30.468+0000] {dag.py:2585} INFO - Sync 1 DAGs
[2022-11-20T00:18:30.485+0000] {logging_mixin.py:137} INFO - [2022-11-20T00:18:30.485+0000] {dag.py:3340} INFO - Setting next_dagrun for example_bash_operator to 2022-11-19T00:00:00+00:00, run_after=2022-11-20T00:00:00+00:00
[2022-11-20T00:18:30.498+0000] {processor.py:176} INFO - Processing /home/airflow/.local/lib/python3.7/site-packages/airflow/example_dags/example_bash_operator.py took 0.075 seconds
[2022-11-20T00:19:01.087+0000] {processor.py:154} INFO - Started process (PID=430) to work on /home/airflow/.local/lib/python3.7/site-packages/airflow/example_dags/example_bash_operator.py
[2022-11-20T00:19:01.090+0000] {processor.py:756} INFO - Processing file /home/airflow/.local/lib/python3.7/site-packages/airflow/example_dags/example_bash_operator.py for tasks to queue
[2022-11-20T00:19:01.091+0000] {logging_mixin.py:137} INFO - [2022-11-20T00:19:01.091+0000] {dagbag.py:537} INFO - Filling up the DagBag from /home/airflow/.local/lib/python3.7/site-packages/airflow/example_dags/example_bash_operator.py
[2022-11-20T00:19:01.105+0000] {processor.py:766} INFO - DAG(s) dict_keys(['example_bash_operator']) retrieved from /home/airflow/.local/lib/python3.7/site-packages/airflow/example_dags/example_bash_operator.py
[2022-11-20T00:19:01.137+0000] {logging_mixin.py:137} INFO - [2022-11-20T00:19:01.136+0000] {dag.py:2585} INFO - Sync 1 DAGs
[2022-11-20T00:19:01.153+0000] {logging_mixin.py:137} INFO - [2022-11-20T00:19:01.153+0000] {dag.py:3340} INFO - Setting next_dagrun for example_bash_operator to 2022-11-19T00:00:00+00:00, run_after=2022-11-20T00:00:00+00:00
[2022-11-20T00:19:01.166+0000] {processor.py:176} INFO - Processing /home/airflow/.local/lib/python3.7/site-packages/airflow/example_dags/example_bash_operator.py took 0.082 seconds
[2022-11-20T00:19:31.609+0000] {processor.py:154} INFO - Started process (PID=497) to work on /home/airflow/.local/lib/python3.7/site-packages/airflow/example_dags/example_bash_operator.py
[2022-11-20T00:19:31.611+0000] {processor.py:756} INFO - Processing file /home/airflow/.local/lib/python3.7/site-packages/airflow/example_dags/example_bash_operator.py for tasks to queue
[2022-11-20T00:19:31.612+0000] {logging_mixin.py:137} INFO - [2022-11-20T00:19:31.612+0000] {dagbag.py:537} INFO - Filling up the DagBag from /home/airflow/.local/lib/python3.7/site-packages/airflow/example_dags/example_bash_operator.py
[2022-11-20T00:19:31.626+0000] {processor.py:766} INFO - DAG(s) dict_keys(['example_bash_operator']) retrieved from /home/airflow/.local/lib/python3.7/site-packages/airflow/example_dags/example_bash_operator.py
[2022-11-20T00:19:31.658+0000] {logging_mixin.py:137} INFO - [2022-11-20T00:19:31.658+0000] {dag.py:2585} INFO - Sync 1 DAGs
[2022-11-20T00:19:31.678+0000] {logging_mixin.py:137} INFO - [2022-11-20T00:19:31.678+0000] {dag.py:3340} INFO - Setting next_dagrun for example_bash_operator to 2022-11-19T00:00:00+00:00, run_after=2022-11-20T00:00:00+00:00
[2022-11-20T00:19:31.694+0000] {processor.py:176} INFO - Processing /home/airflow/.local/lib/python3.7/site-packages/airflow/example_dags/example_bash_operator.py took 0.087 seconds
[2022-11-20T00:20:02.209+0000] {processor.py:154} INFO - Started process (PID=562) to work on /home/airflow/.local/lib/python3.7/site-packages/airflow/example_dags/example_bash_operator.py
[2022-11-20T00:20:02.210+0000] {processor.py:756} INFO - Processing file /home/airflow/.local/lib/python3.7/site-packages/airflow/example_dags/example_bash_operator.py for tasks to queue
[2022-11-20T00:20:02.212+0000] {logging_mixin.py:137} INFO - [2022-11-20T00:20:02.211+0000] {dagbag.py:537} INFO - Filling up the DagBag from /home/airflow/.local/lib/python3.7/site-packages/airflow/example_dags/example_bash_operator.py
[2022-11-20T00:20:02.226+0000] {processor.py:766} INFO - DAG(s) dict_keys(['example_bash_operator']) retrieved from /home/airflow/.local/lib/python3.7/site-packages/airflow/example_dags/example_bash_operator.py
[2022-11-20T00:20:02.259+0000] {logging_mixin.py:137} INFO - [2022-11-20T00:20:02.259+0000] {dag.py:2585} INFO - Sync 1 DAGs
[2022-11-20T00:20:02.276+0000] {logging_mixin.py:137} INFO - [2022-11-20T00:20:02.276+0000] {dag.py:3340} INFO - Setting next_dagrun for example_bash_operator to 2022-11-19T00:00:00+00:00, run_after=2022-11-20T00:00:00+00:00
[2022-11-20T00:20:02.293+0000] {processor.py:176} INFO - Processing /home/airflow/.local/lib/python3.7/site-packages/airflow/example_dags/example_bash_operator.py took 0.086 seconds
[2022-11-20T00:20:32.588+0000] {processor.py:154} INFO - Started process (PID=626) to work on /home/airflow/.local/lib/python3.7/site-packages/airflow/example_dags/example_bash_operator.py
[2022-11-20T00:20:32.591+0000] {processor.py:756} INFO - Processing file /home/airflow/.local/lib/python3.7/site-packages/airflow/example_dags/example_bash_operator.py for tasks to queue
[2022-11-20T00:20:32.593+0000] {logging_mixin.py:137} INFO - [2022-11-20T00:20:32.592+0000] {dagbag.py:537} INFO - Filling up the DagBag from /home/airflow/.local/lib/python3.7/site-packages/airflow/example_dags/example_bash_operator.py
[2022-11-20T00:20:32.609+0000] {processor.py:766} INFO - DAG(s) dict_keys(['example_bash_operator']) retrieved from /home/airflow/.local/lib/python3.7/site-packages/airflow/example_dags/example_bash_operator.py
[2022-11-20T00:20:32.641+0000] {logging_mixin.py:137} INFO - [2022-11-20T00:20:32.641+0000] {dag.py:2585} INFO - Sync 1 DAGs
[2022-11-20T00:20:32.657+0000] {logging_mixin.py:137} INFO - [2022-11-20T00:20:32.657+0000] {dag.py:3340} INFO - Setting next_dagrun for example_bash_operator to 2022-11-19T00:00:00+00:00, run_after=2022-11-20T00:00:00+00:00
[2022-11-20T00:20:32.671+0000] {processor.py:176} INFO - Processing /home/airflow/.local/lib/python3.7/site-packages/airflow/example_dags/example_bash_operator.py took 0.086 seconds
