[2022-11-20T00:15:57.700+0000] {processor.py:154} INFO - Started process (PID=54) to work on /home/airflow/.local/lib/python3.7/site-packages/airflow/example_dags/example_trigger_target_dag.py
[2022-11-20T00:15:57.702+0000] {processor.py:756} INFO - Processing file /home/airflow/.local/lib/python3.7/site-packages/airflow/example_dags/example_trigger_target_dag.py for tasks to queue
[2022-11-20T00:15:57.704+0000] {logging_mixin.py:137} INFO - [2022-11-20T00:15:57.704+0000] {dagbag.py:537} INFO - Filling up the DagBag from /home/airflow/.local/lib/python3.7/site-packages/airflow/example_dags/example_trigger_target_dag.py
[2022-11-20T00:15:57.734+0000] {processor.py:766} INFO - DAG(s) dict_keys(['example_trigger_target_dag']) retrieved from /home/airflow/.local/lib/python3.7/site-packages/airflow/example_dags/example_trigger_target_dag.py
[2022-11-20T00:15:57.775+0000] {logging_mixin.py:137} INFO - [2022-11-20T00:15:57.775+0000] {dag.py:2585} INFO - Sync 1 DAGs
[2022-11-20T00:15:57.803+0000] {logging_mixin.py:137} INFO - [2022-11-20T00:15:57.803+0000] {dag.py:3340} INFO - Setting next_dagrun for example_trigger_target_dag to None, run_after=None
[2022-11-20T00:15:57.824+0000] {processor.py:176} INFO - Processing /home/airflow/.local/lib/python3.7/site-packages/airflow/example_dags/example_trigger_target_dag.py took 0.127 seconds
[2022-11-20T00:16:28.627+0000] {processor.py:154} INFO - Started process (PID=117) to work on /home/airflow/.local/lib/python3.7/site-packages/airflow/example_dags/example_trigger_target_dag.py
[2022-11-20T00:16:28.629+0000] {processor.py:756} INFO - Processing file /home/airflow/.local/lib/python3.7/site-packages/airflow/example_dags/example_trigger_target_dag.py for tasks to queue
[2022-11-20T00:16:28.630+0000] {logging_mixin.py:137} INFO - [2022-11-20T00:16:28.630+0000] {dagbag.py:537} INFO - Filling up the DagBag from /home/airflow/.local/lib/python3.7/site-packages/airflow/example_dags/example_trigger_target_dag.py
[2022-11-20T00:16:28.644+0000] {processor.py:766} INFO - DAG(s) dict_keys(['example_trigger_target_dag']) retrieved from /home/airflow/.local/lib/python3.7/site-packages/airflow/example_dags/example_trigger_target_dag.py
[2022-11-20T00:16:28.668+0000] {logging_mixin.py:137} INFO - [2022-11-20T00:16:28.668+0000] {dag.py:2585} INFO - Sync 1 DAGs
[2022-11-20T00:16:28.683+0000] {logging_mixin.py:137} INFO - [2022-11-20T00:16:28.683+0000] {dag.py:3340} INFO - Setting next_dagrun for example_trigger_target_dag to None, run_after=None
[2022-11-20T00:16:28.693+0000] {processor.py:176} INFO - Processing /home/airflow/.local/lib/python3.7/site-packages/airflow/example_dags/example_trigger_target_dag.py took 0.068 seconds
[2022-11-20T00:16:58.979+0000] {processor.py:154} INFO - Started process (PID=183) to work on /home/airflow/.local/lib/python3.7/site-packages/airflow/example_dags/example_trigger_target_dag.py
[2022-11-20T00:16:58.982+0000] {processor.py:756} INFO - Processing file /home/airflow/.local/lib/python3.7/site-packages/airflow/example_dags/example_trigger_target_dag.py for tasks to queue
[2022-11-20T00:16:58.983+0000] {logging_mixin.py:137} INFO - [2022-11-20T00:16:58.983+0000] {dagbag.py:537} INFO - Filling up the DagBag from /home/airflow/.local/lib/python3.7/site-packages/airflow/example_dags/example_trigger_target_dag.py
[2022-11-20T00:16:58.997+0000] {processor.py:766} INFO - DAG(s) dict_keys(['example_trigger_target_dag']) retrieved from /home/airflow/.local/lib/python3.7/site-packages/airflow/example_dags/example_trigger_target_dag.py
[2022-11-20T00:16:59.026+0000] {logging_mixin.py:137} INFO - [2022-11-20T00:16:59.026+0000] {dag.py:2585} INFO - Sync 1 DAGs
[2022-11-20T00:16:59.043+0000] {logging_mixin.py:137} INFO - [2022-11-20T00:16:59.043+0000] {dag.py:3340} INFO - Setting next_dagrun for example_trigger_target_dag to None, run_after=None
[2022-11-20T00:16:59.055+0000] {processor.py:176} INFO - Processing /home/airflow/.local/lib/python3.7/site-packages/airflow/example_dags/example_trigger_target_dag.py took 0.079 seconds
[2022-11-20T00:17:29.411+0000] {processor.py:154} INFO - Started process (PID=248) to work on /home/airflow/.local/lib/python3.7/site-packages/airflow/example_dags/example_trigger_target_dag.py
[2022-11-20T00:17:29.413+0000] {processor.py:756} INFO - Processing file /home/airflow/.local/lib/python3.7/site-packages/airflow/example_dags/example_trigger_target_dag.py for tasks to queue
[2022-11-20T00:17:29.414+0000] {logging_mixin.py:137} INFO - [2022-11-20T00:17:29.414+0000] {dagbag.py:537} INFO - Filling up the DagBag from /home/airflow/.local/lib/python3.7/site-packages/airflow/example_dags/example_trigger_target_dag.py
[2022-11-20T00:17:29.427+0000] {processor.py:766} INFO - DAG(s) dict_keys(['example_trigger_target_dag']) retrieved from /home/airflow/.local/lib/python3.7/site-packages/airflow/example_dags/example_trigger_target_dag.py
[2022-11-20T00:17:29.452+0000] {logging_mixin.py:137} INFO - [2022-11-20T00:17:29.452+0000] {dag.py:2585} INFO - Sync 1 DAGs
[2022-11-20T00:17:29.466+0000] {logging_mixin.py:137} INFO - [2022-11-20T00:17:29.466+0000] {dag.py:3340} INFO - Setting next_dagrun for example_trigger_target_dag to None, run_after=None
[2022-11-20T00:17:29.477+0000] {processor.py:176} INFO - Processing /home/airflow/.local/lib/python3.7/site-packages/airflow/example_dags/example_trigger_target_dag.py took 0.068 seconds
[2022-11-20T00:18:00.112+0000] {processor.py:154} INFO - Started process (PID=313) to work on /home/airflow/.local/lib/python3.7/site-packages/airflow/example_dags/example_trigger_target_dag.py
[2022-11-20T00:18:00.114+0000] {processor.py:756} INFO - Processing file /home/airflow/.local/lib/python3.7/site-packages/airflow/example_dags/example_trigger_target_dag.py for tasks to queue
[2022-11-20T00:18:00.115+0000] {logging_mixin.py:137} INFO - [2022-11-20T00:18:00.115+0000] {dagbag.py:537} INFO - Filling up the DagBag from /home/airflow/.local/lib/python3.7/site-packages/airflow/example_dags/example_trigger_target_dag.py
[2022-11-20T00:18:00.131+0000] {processor.py:766} INFO - DAG(s) dict_keys(['example_trigger_target_dag']) retrieved from /home/airflow/.local/lib/python3.7/site-packages/airflow/example_dags/example_trigger_target_dag.py
[2022-11-20T00:18:00.159+0000] {logging_mixin.py:137} INFO - [2022-11-20T00:18:00.159+0000] {dag.py:2585} INFO - Sync 1 DAGs
[2022-11-20T00:18:00.175+0000] {logging_mixin.py:137} INFO - [2022-11-20T00:18:00.175+0000] {dag.py:3340} INFO - Setting next_dagrun for example_trigger_target_dag to None, run_after=None
[2022-11-20T00:18:00.188+0000] {processor.py:176} INFO - Processing /home/airflow/.local/lib/python3.7/site-packages/airflow/example_dags/example_trigger_target_dag.py took 0.078 seconds
[2022-11-20T00:18:30.633+0000] {processor.py:154} INFO - Started process (PID=369) to work on /home/airflow/.local/lib/python3.7/site-packages/airflow/example_dags/example_trigger_target_dag.py
[2022-11-20T00:18:30.634+0000] {processor.py:756} INFO - Processing file /home/airflow/.local/lib/python3.7/site-packages/airflow/example_dags/example_trigger_target_dag.py for tasks to queue
[2022-11-20T00:18:30.636+0000] {logging_mixin.py:137} INFO - [2022-11-20T00:18:30.636+0000] {dagbag.py:537} INFO - Filling up the DagBag from /home/airflow/.local/lib/python3.7/site-packages/airflow/example_dags/example_trigger_target_dag.py
[2022-11-20T00:18:30.651+0000] {processor.py:766} INFO - DAG(s) dict_keys(['example_trigger_target_dag']) retrieved from /home/airflow/.local/lib/python3.7/site-packages/airflow/example_dags/example_trigger_target_dag.py
[2022-11-20T00:18:30.683+0000] {logging_mixin.py:137} INFO - [2022-11-20T00:18:30.683+0000] {dag.py:2585} INFO - Sync 1 DAGs
[2022-11-20T00:18:30.700+0000] {logging_mixin.py:137} INFO - [2022-11-20T00:18:30.699+0000] {dag.py:3340} INFO - Setting next_dagrun for example_trigger_target_dag to None, run_after=None
[2022-11-20T00:18:30.714+0000] {processor.py:176} INFO - Processing /home/airflow/.local/lib/python3.7/site-packages/airflow/example_dags/example_trigger_target_dag.py took 0.084 seconds
[2022-11-20T00:19:01.387+0000] {processor.py:154} INFO - Started process (PID=434) to work on /home/airflow/.local/lib/python3.7/site-packages/airflow/example_dags/example_trigger_target_dag.py
[2022-11-20T00:19:01.389+0000] {processor.py:756} INFO - Processing file /home/airflow/.local/lib/python3.7/site-packages/airflow/example_dags/example_trigger_target_dag.py for tasks to queue
[2022-11-20T00:19:01.391+0000] {logging_mixin.py:137} INFO - [2022-11-20T00:19:01.391+0000] {dagbag.py:537} INFO - Filling up the DagBag from /home/airflow/.local/lib/python3.7/site-packages/airflow/example_dags/example_trigger_target_dag.py
[2022-11-20T00:19:01.403+0000] {processor.py:766} INFO - DAG(s) dict_keys(['example_trigger_target_dag']) retrieved from /home/airflow/.local/lib/python3.7/site-packages/airflow/example_dags/example_trigger_target_dag.py
[2022-11-20T00:19:01.434+0000] {logging_mixin.py:137} INFO - [2022-11-20T00:19:01.434+0000] {dag.py:2585} INFO - Sync 1 DAGs
[2022-11-20T00:19:01.451+0000] {logging_mixin.py:137} INFO - [2022-11-20T00:19:01.451+0000] {dag.py:3340} INFO - Setting next_dagrun for example_trigger_target_dag to None, run_after=None
[2022-11-20T00:19:01.466+0000] {processor.py:176} INFO - Processing /home/airflow/.local/lib/python3.7/site-packages/airflow/example_dags/example_trigger_target_dag.py took 0.082 seconds
[2022-11-20T00:19:31.829+0000] {processor.py:154} INFO - Started process (PID=501) to work on /home/airflow/.local/lib/python3.7/site-packages/airflow/example_dags/example_trigger_target_dag.py
[2022-11-20T00:19:31.831+0000] {processor.py:756} INFO - Processing file /home/airflow/.local/lib/python3.7/site-packages/airflow/example_dags/example_trigger_target_dag.py for tasks to queue
[2022-11-20T00:19:31.832+0000] {logging_mixin.py:137} INFO - [2022-11-20T00:19:31.832+0000] {dagbag.py:537} INFO - Filling up the DagBag from /home/airflow/.local/lib/python3.7/site-packages/airflow/example_dags/example_trigger_target_dag.py
[2022-11-20T00:19:31.846+0000] {processor.py:766} INFO - DAG(s) dict_keys(['example_trigger_target_dag']) retrieved from /home/airflow/.local/lib/python3.7/site-packages/airflow/example_dags/example_trigger_target_dag.py
[2022-11-20T00:19:31.874+0000] {logging_mixin.py:137} INFO - [2022-11-20T00:19:31.873+0000] {dag.py:2585} INFO - Sync 1 DAGs
[2022-11-20T00:19:31.893+0000] {logging_mixin.py:137} INFO - [2022-11-20T00:19:31.892+0000] {dag.py:3340} INFO - Setting next_dagrun for example_trigger_target_dag to None, run_after=None
[2022-11-20T00:19:31.906+0000] {processor.py:176} INFO - Processing /home/airflow/.local/lib/python3.7/site-packages/airflow/example_dags/example_trigger_target_dag.py took 0.080 seconds
[2022-11-20T00:20:02.533+0000] {processor.py:154} INFO - Started process (PID=566) to work on /home/airflow/.local/lib/python3.7/site-packages/airflow/example_dags/example_trigger_target_dag.py
[2022-11-20T00:20:02.534+0000] {processor.py:756} INFO - Processing file /home/airflow/.local/lib/python3.7/site-packages/airflow/example_dags/example_trigger_target_dag.py for tasks to queue
[2022-11-20T00:20:02.535+0000] {logging_mixin.py:137} INFO - [2022-11-20T00:20:02.535+0000] {dagbag.py:537} INFO - Filling up the DagBag from /home/airflow/.local/lib/python3.7/site-packages/airflow/example_dags/example_trigger_target_dag.py
[2022-11-20T00:20:02.549+0000] {processor.py:766} INFO - DAG(s) dict_keys(['example_trigger_target_dag']) retrieved from /home/airflow/.local/lib/python3.7/site-packages/airflow/example_dags/example_trigger_target_dag.py
[2022-11-20T00:20:02.577+0000] {logging_mixin.py:137} INFO - [2022-11-20T00:20:02.577+0000] {dag.py:2585} INFO - Sync 1 DAGs
[2022-11-20T00:20:02.592+0000] {logging_mixin.py:137} INFO - [2022-11-20T00:20:02.592+0000] {dag.py:3340} INFO - Setting next_dagrun for example_trigger_target_dag to None, run_after=None
[2022-11-20T00:20:02.608+0000] {processor.py:176} INFO - Processing /home/airflow/.local/lib/python3.7/site-packages/airflow/example_dags/example_trigger_target_dag.py took 0.078 seconds
[2022-11-20T00:20:32.817+0000] {processor.py:154} INFO - Started process (PID=630) to work on /home/airflow/.local/lib/python3.7/site-packages/airflow/example_dags/example_trigger_target_dag.py
[2022-11-20T00:20:32.821+0000] {processor.py:756} INFO - Processing file /home/airflow/.local/lib/python3.7/site-packages/airflow/example_dags/example_trigger_target_dag.py for tasks to queue
[2022-11-20T00:20:32.823+0000] {logging_mixin.py:137} INFO - [2022-11-20T00:20:32.823+0000] {dagbag.py:537} INFO - Filling up the DagBag from /home/airflow/.local/lib/python3.7/site-packages/airflow/example_dags/example_trigger_target_dag.py
[2022-11-20T00:20:32.839+0000] {processor.py:766} INFO - DAG(s) dict_keys(['example_trigger_target_dag']) retrieved from /home/airflow/.local/lib/python3.7/site-packages/airflow/example_dags/example_trigger_target_dag.py
[2022-11-20T00:20:32.874+0000] {logging_mixin.py:137} INFO - [2022-11-20T00:20:32.874+0000] {dag.py:2585} INFO - Sync 1 DAGs
[2022-11-20T00:20:32.890+0000] {logging_mixin.py:137} INFO - [2022-11-20T00:20:32.890+0000] {dag.py:3340} INFO - Setting next_dagrun for example_trigger_target_dag to None, run_after=None
[2022-11-20T00:20:32.904+0000] {processor.py:176} INFO - Processing /home/airflow/.local/lib/python3.7/site-packages/airflow/example_dags/example_trigger_target_dag.py took 0.089 seconds
