[2022-11-20T00:15:56.612+0000] {processor.py:154} INFO - Started process (PID=41) to work on /home/airflow/.local/lib/python3.7/site-packages/airflow/example_dags/example_complex.py
[2022-11-20T00:15:56.614+0000] {processor.py:756} INFO - Processing file /home/airflow/.local/lib/python3.7/site-packages/airflow/example_dags/example_complex.py for tasks to queue
[2022-11-20T00:15:56.615+0000] {logging_mixin.py:137} INFO - [2022-11-20T00:15:56.615+0000] {dagbag.py:537} INFO - Filling up the DagBag from /home/airflow/.local/lib/python3.7/site-packages/airflow/example_dags/example_complex.py
[2022-11-20T00:15:56.627+0000] {logging_mixin.py:137} INFO - [2022-11-20T00:15:56.626+0000] {taskmixin.py:205} WARNING - Dependency <Task(BashOperator): create_entry_group>, delete_entry_group already registered for DAG: example_complex
[2022-11-20T00:15:56.628+0000] {logging_mixin.py:137} INFO - [2022-11-20T00:15:56.627+0000] {taskmixin.py:205} WARNING - Dependency <Task(BashOperator): delete_entry_group>, create_entry_group already registered for DAG: example_complex
[2022-11-20T00:15:56.629+0000] {logging_mixin.py:137} INFO - [2022-11-20T00:15:56.629+0000] {taskmixin.py:205} WARNING - Dependency <Task(BashOperator): create_entry_gcs>, delete_entry already registered for DAG: example_complex
[2022-11-20T00:15:56.630+0000] {logging_mixin.py:137} INFO - [2022-11-20T00:15:56.630+0000] {taskmixin.py:205} WARNING - Dependency <Task(BashOperator): delete_entry>, create_entry_gcs already registered for DAG: example_complex
[2022-11-20T00:15:56.632+0000] {logging_mixin.py:137} INFO - [2022-11-20T00:15:56.631+0000] {taskmixin.py:205} WARNING - Dependency <Task(BashOperator): create_tag>, delete_tag already registered for DAG: example_complex
[2022-11-20T00:15:56.634+0000] {logging_mixin.py:137} INFO - [2022-11-20T00:15:56.634+0000] {taskmixin.py:205} WARNING - Dependency <Task(BashOperator): delete_tag>, create_tag already registered for DAG: example_complex
[2022-11-20T00:15:56.643+0000] {processor.py:766} INFO - DAG(s) dict_keys(['example_complex']) retrieved from /home/airflow/.local/lib/python3.7/site-packages/airflow/example_dags/example_complex.py
[2022-11-20T00:15:56.671+0000] {logging_mixin.py:137} INFO - [2022-11-20T00:15:56.671+0000] {dag.py:2585} INFO - Sync 1 DAGs
[2022-11-20T00:15:56.694+0000] {logging_mixin.py:137} INFO - [2022-11-20T00:15:56.694+0000] {dag.py:3340} INFO - Setting next_dagrun for example_complex to None, run_after=None
[2022-11-20T00:15:56.709+0000] {processor.py:176} INFO - Processing /home/airflow/.local/lib/python3.7/site-packages/airflow/example_dags/example_complex.py took 0.102 seconds
[2022-11-20T00:16:27.756+0000] {processor.py:154} INFO - Started process (PID=104) to work on /home/airflow/.local/lib/python3.7/site-packages/airflow/example_dags/example_complex.py
[2022-11-20T00:16:27.758+0000] {processor.py:756} INFO - Processing file /home/airflow/.local/lib/python3.7/site-packages/airflow/example_dags/example_complex.py for tasks to queue
[2022-11-20T00:16:27.759+0000] {logging_mixin.py:137} INFO - [2022-11-20T00:16:27.759+0000] {dagbag.py:537} INFO - Filling up the DagBag from /home/airflow/.local/lib/python3.7/site-packages/airflow/example_dags/example_complex.py
[2022-11-20T00:16:27.766+0000] {logging_mixin.py:137} INFO - [2022-11-20T00:16:27.766+0000] {taskmixin.py:205} WARNING - Dependency <Task(BashOperator): create_entry_group>, delete_entry_group already registered for DAG: example_complex
[2022-11-20T00:16:27.767+0000] {logging_mixin.py:137} INFO - [2022-11-20T00:16:27.767+0000] {taskmixin.py:205} WARNING - Dependency <Task(BashOperator): delete_entry_group>, create_entry_group already registered for DAG: example_complex
[2022-11-20T00:16:27.768+0000] {logging_mixin.py:137} INFO - [2022-11-20T00:16:27.768+0000] {taskmixin.py:205} WARNING - Dependency <Task(BashOperator): create_entry_gcs>, delete_entry already registered for DAG: example_complex
[2022-11-20T00:16:27.770+0000] {logging_mixin.py:137} INFO - [2022-11-20T00:16:27.770+0000] {taskmixin.py:205} WARNING - Dependency <Task(BashOperator): delete_entry>, create_entry_gcs already registered for DAG: example_complex
[2022-11-20T00:16:27.775+0000] {logging_mixin.py:137} INFO - [2022-11-20T00:16:27.774+0000] {taskmixin.py:205} WARNING - Dependency <Task(BashOperator): create_tag>, delete_tag already registered for DAG: example_complex
[2022-11-20T00:16:27.775+0000] {logging_mixin.py:137} INFO - [2022-11-20T00:16:27.775+0000] {taskmixin.py:205} WARNING - Dependency <Task(BashOperator): delete_tag>, create_tag already registered for DAG: example_complex
[2022-11-20T00:16:27.785+0000] {processor.py:766} INFO - DAG(s) dict_keys(['example_complex']) retrieved from /home/airflow/.local/lib/python3.7/site-packages/airflow/example_dags/example_complex.py
[2022-11-20T00:16:27.813+0000] {logging_mixin.py:137} INFO - [2022-11-20T00:16:27.812+0000] {dag.py:2585} INFO - Sync 1 DAGs
[2022-11-20T00:16:27.826+0000] {logging_mixin.py:137} INFO - [2022-11-20T00:16:27.826+0000] {dag.py:3340} INFO - Setting next_dagrun for example_complex to None, run_after=None
[2022-11-20T00:16:27.837+0000] {processor.py:176} INFO - Processing /home/airflow/.local/lib/python3.7/site-packages/airflow/example_dags/example_complex.py took 0.082 seconds
[2022-11-20T00:16:58.293+0000] {processor.py:154} INFO - Started process (PID=170) to work on /home/airflow/.local/lib/python3.7/site-packages/airflow/example_dags/example_complex.py
[2022-11-20T00:16:58.295+0000] {processor.py:756} INFO - Processing file /home/airflow/.local/lib/python3.7/site-packages/airflow/example_dags/example_complex.py for tasks to queue
[2022-11-20T00:16:58.297+0000] {logging_mixin.py:137} INFO - [2022-11-20T00:16:58.297+0000] {dagbag.py:537} INFO - Filling up the DagBag from /home/airflow/.local/lib/python3.7/site-packages/airflow/example_dags/example_complex.py
[2022-11-20T00:16:58.305+0000] {logging_mixin.py:137} INFO - [2022-11-20T00:16:58.305+0000] {taskmixin.py:205} WARNING - Dependency <Task(BashOperator): create_entry_group>, delete_entry_group already registered for DAG: example_complex
[2022-11-20T00:16:58.306+0000] {logging_mixin.py:137} INFO - [2022-11-20T00:16:58.306+0000] {taskmixin.py:205} WARNING - Dependency <Task(BashOperator): delete_entry_group>, create_entry_group already registered for DAG: example_complex
[2022-11-20T00:16:58.307+0000] {logging_mixin.py:137} INFO - [2022-11-20T00:16:58.307+0000] {taskmixin.py:205} WARNING - Dependency <Task(BashOperator): create_entry_gcs>, delete_entry already registered for DAG: example_complex
[2022-11-20T00:16:58.308+0000] {logging_mixin.py:137} INFO - [2022-11-20T00:16:58.308+0000] {taskmixin.py:205} WARNING - Dependency <Task(BashOperator): delete_entry>, create_entry_gcs already registered for DAG: example_complex
[2022-11-20T00:16:58.310+0000] {logging_mixin.py:137} INFO - [2022-11-20T00:16:58.310+0000] {taskmixin.py:205} WARNING - Dependency <Task(BashOperator): create_tag>, delete_tag already registered for DAG: example_complex
[2022-11-20T00:16:58.311+0000] {logging_mixin.py:137} INFO - [2022-11-20T00:16:58.310+0000] {taskmixin.py:205} WARNING - Dependency <Task(BashOperator): delete_tag>, create_tag already registered for DAG: example_complex
[2022-11-20T00:16:58.316+0000] {processor.py:766} INFO - DAG(s) dict_keys(['example_complex']) retrieved from /home/airflow/.local/lib/python3.7/site-packages/airflow/example_dags/example_complex.py
[2022-11-20T00:16:58.349+0000] {logging_mixin.py:137} INFO - [2022-11-20T00:16:58.349+0000] {dag.py:2585} INFO - Sync 1 DAGs
[2022-11-20T00:16:58.370+0000] {logging_mixin.py:137} INFO - [2022-11-20T00:16:58.370+0000] {dag.py:3340} INFO - Setting next_dagrun for example_complex to None, run_after=None
[2022-11-20T00:16:58.383+0000] {processor.py:176} INFO - Processing /home/airflow/.local/lib/python3.7/site-packages/airflow/example_dags/example_complex.py took 0.091 seconds
[2022-11-20T00:17:28.630+0000] {processor.py:154} INFO - Started process (PID=235) to work on /home/airflow/.local/lib/python3.7/site-packages/airflow/example_dags/example_complex.py
[2022-11-20T00:17:28.632+0000] {processor.py:756} INFO - Processing file /home/airflow/.local/lib/python3.7/site-packages/airflow/example_dags/example_complex.py for tasks to queue
[2022-11-20T00:17:28.634+0000] {logging_mixin.py:137} INFO - [2022-11-20T00:17:28.634+0000] {dagbag.py:537} INFO - Filling up the DagBag from /home/airflow/.local/lib/python3.7/site-packages/airflow/example_dags/example_complex.py
[2022-11-20T00:17:28.642+0000] {logging_mixin.py:137} INFO - [2022-11-20T00:17:28.642+0000] {taskmixin.py:205} WARNING - Dependency <Task(BashOperator): create_entry_group>, delete_entry_group already registered for DAG: example_complex
[2022-11-20T00:17:28.644+0000] {logging_mixin.py:137} INFO - [2022-11-20T00:17:28.643+0000] {taskmixin.py:205} WARNING - Dependency <Task(BashOperator): delete_entry_group>, create_entry_group already registered for DAG: example_complex
[2022-11-20T00:17:28.645+0000] {logging_mixin.py:137} INFO - [2022-11-20T00:17:28.645+0000] {taskmixin.py:205} WARNING - Dependency <Task(BashOperator): create_entry_gcs>, delete_entry already registered for DAG: example_complex
[2022-11-20T00:17:28.645+0000] {logging_mixin.py:137} INFO - [2022-11-20T00:17:28.645+0000] {taskmixin.py:205} WARNING - Dependency <Task(BashOperator): delete_entry>, create_entry_gcs already registered for DAG: example_complex
[2022-11-20T00:17:28.647+0000] {logging_mixin.py:137} INFO - [2022-11-20T00:17:28.647+0000] {taskmixin.py:205} WARNING - Dependency <Task(BashOperator): create_tag>, delete_tag already registered for DAG: example_complex
[2022-11-20T00:17:28.647+0000] {logging_mixin.py:137} INFO - [2022-11-20T00:17:28.647+0000] {taskmixin.py:205} WARNING - Dependency <Task(BashOperator): delete_tag>, create_tag already registered for DAG: example_complex
[2022-11-20T00:17:28.653+0000] {processor.py:766} INFO - DAG(s) dict_keys(['example_complex']) retrieved from /home/airflow/.local/lib/python3.7/site-packages/airflow/example_dags/example_complex.py
[2022-11-20T00:17:28.682+0000] {logging_mixin.py:137} INFO - [2022-11-20T00:17:28.682+0000] {dag.py:2585} INFO - Sync 1 DAGs
[2022-11-20T00:17:28.698+0000] {logging_mixin.py:137} INFO - [2022-11-20T00:17:28.698+0000] {dag.py:3340} INFO - Setting next_dagrun for example_complex to None, run_after=None
[2022-11-20T00:17:28.711+0000] {processor.py:176} INFO - Processing /home/airflow/.local/lib/python3.7/site-packages/airflow/example_dags/example_complex.py took 0.083 seconds
[2022-11-20T00:17:59.275+0000] {processor.py:154} INFO - Started process (PID=300) to work on /home/airflow/.local/lib/python3.7/site-packages/airflow/example_dags/example_complex.py
[2022-11-20T00:17:59.277+0000] {processor.py:756} INFO - Processing file /home/airflow/.local/lib/python3.7/site-packages/airflow/example_dags/example_complex.py for tasks to queue
[2022-11-20T00:17:59.278+0000] {logging_mixin.py:137} INFO - [2022-11-20T00:17:59.278+0000] {dagbag.py:537} INFO - Filling up the DagBag from /home/airflow/.local/lib/python3.7/site-packages/airflow/example_dags/example_complex.py
[2022-11-20T00:17:59.288+0000] {logging_mixin.py:137} INFO - [2022-11-20T00:17:59.288+0000] {taskmixin.py:205} WARNING - Dependency <Task(BashOperator): create_entry_group>, delete_entry_group already registered for DAG: example_complex
[2022-11-20T00:17:59.290+0000] {logging_mixin.py:137} INFO - [2022-11-20T00:17:59.289+0000] {taskmixin.py:205} WARNING - Dependency <Task(BashOperator): delete_entry_group>, create_entry_group already registered for DAG: example_complex
[2022-11-20T00:17:59.290+0000] {logging_mixin.py:137} INFO - [2022-11-20T00:17:59.290+0000] {taskmixin.py:205} WARNING - Dependency <Task(BashOperator): create_entry_gcs>, delete_entry already registered for DAG: example_complex
[2022-11-20T00:17:59.291+0000] {logging_mixin.py:137} INFO - [2022-11-20T00:17:59.291+0000] {taskmixin.py:205} WARNING - Dependency <Task(BashOperator): delete_entry>, create_entry_gcs already registered for DAG: example_complex
[2022-11-20T00:17:59.293+0000] {logging_mixin.py:137} INFO - [2022-11-20T00:17:59.293+0000] {taskmixin.py:205} WARNING - Dependency <Task(BashOperator): create_tag>, delete_tag already registered for DAG: example_complex
[2022-11-20T00:17:59.295+0000] {logging_mixin.py:137} INFO - [2022-11-20T00:17:59.295+0000] {taskmixin.py:205} WARNING - Dependency <Task(BashOperator): delete_tag>, create_tag already registered for DAG: example_complex
[2022-11-20T00:17:59.310+0000] {processor.py:766} INFO - DAG(s) dict_keys(['example_complex']) retrieved from /home/airflow/.local/lib/python3.7/site-packages/airflow/example_dags/example_complex.py
[2022-11-20T00:17:59.343+0000] {logging_mixin.py:137} INFO - [2022-11-20T00:17:59.343+0000] {dag.py:2585} INFO - Sync 1 DAGs
[2022-11-20T00:17:59.363+0000] {logging_mixin.py:137} INFO - [2022-11-20T00:17:59.363+0000] {dag.py:3340} INFO - Setting next_dagrun for example_complex to None, run_after=None
[2022-11-20T00:17:59.396+0000] {processor.py:176} INFO - Processing /home/airflow/.local/lib/python3.7/site-packages/airflow/example_dags/example_complex.py took 0.123 seconds
[2022-11-20T00:18:29.840+0000] {processor.py:154} INFO - Started process (PID=356) to work on /home/airflow/.local/lib/python3.7/site-packages/airflow/example_dags/example_complex.py
[2022-11-20T00:18:29.842+0000] {processor.py:756} INFO - Processing file /home/airflow/.local/lib/python3.7/site-packages/airflow/example_dags/example_complex.py for tasks to queue
[2022-11-20T00:18:29.844+0000] {logging_mixin.py:137} INFO - [2022-11-20T00:18:29.843+0000] {dagbag.py:537} INFO - Filling up the DagBag from /home/airflow/.local/lib/python3.7/site-packages/airflow/example_dags/example_complex.py
[2022-11-20T00:18:29.852+0000] {logging_mixin.py:137} INFO - [2022-11-20T00:18:29.852+0000] {taskmixin.py:205} WARNING - Dependency <Task(BashOperator): create_entry_group>, delete_entry_group already registered for DAG: example_complex
[2022-11-20T00:18:29.853+0000] {logging_mixin.py:137} INFO - [2022-11-20T00:18:29.853+0000] {taskmixin.py:205} WARNING - Dependency <Task(BashOperator): delete_entry_group>, create_entry_group already registered for DAG: example_complex
[2022-11-20T00:18:29.853+0000] {logging_mixin.py:137} INFO - [2022-11-20T00:18:29.853+0000] {taskmixin.py:205} WARNING - Dependency <Task(BashOperator): create_entry_gcs>, delete_entry already registered for DAG: example_complex
[2022-11-20T00:18:29.854+0000] {logging_mixin.py:137} INFO - [2022-11-20T00:18:29.854+0000] {taskmixin.py:205} WARNING - Dependency <Task(BashOperator): delete_entry>, create_entry_gcs already registered for DAG: example_complex
[2022-11-20T00:18:29.856+0000] {logging_mixin.py:137} INFO - [2022-11-20T00:18:29.856+0000] {taskmixin.py:205} WARNING - Dependency <Task(BashOperator): create_tag>, delete_tag already registered for DAG: example_complex
[2022-11-20T00:18:29.856+0000] {logging_mixin.py:137} INFO - [2022-11-20T00:18:29.856+0000] {taskmixin.py:205} WARNING - Dependency <Task(BashOperator): delete_tag>, create_tag already registered for DAG: example_complex
[2022-11-20T00:18:29.862+0000] {processor.py:766} INFO - DAG(s) dict_keys(['example_complex']) retrieved from /home/airflow/.local/lib/python3.7/site-packages/airflow/example_dags/example_complex.py
[2022-11-20T00:18:29.893+0000] {logging_mixin.py:137} INFO - [2022-11-20T00:18:29.893+0000] {dag.py:2585} INFO - Sync 1 DAGs
[2022-11-20T00:18:29.907+0000] {logging_mixin.py:137} INFO - [2022-11-20T00:18:29.907+0000] {dag.py:3340} INFO - Setting next_dagrun for example_complex to None, run_after=None
[2022-11-20T00:18:29.919+0000] {processor.py:176} INFO - Processing /home/airflow/.local/lib/python3.7/site-packages/airflow/example_dags/example_complex.py took 0.082 seconds
[2022-11-20T00:19:00.486+0000] {processor.py:154} INFO - Started process (PID=421) to work on /home/airflow/.local/lib/python3.7/site-packages/airflow/example_dags/example_complex.py
[2022-11-20T00:19:00.488+0000] {processor.py:756} INFO - Processing file /home/airflow/.local/lib/python3.7/site-packages/airflow/example_dags/example_complex.py for tasks to queue
[2022-11-20T00:19:00.489+0000] {logging_mixin.py:137} INFO - [2022-11-20T00:19:00.488+0000] {dagbag.py:537} INFO - Filling up the DagBag from /home/airflow/.local/lib/python3.7/site-packages/airflow/example_dags/example_complex.py
[2022-11-20T00:19:00.496+0000] {logging_mixin.py:137} INFO - [2022-11-20T00:19:00.496+0000] {taskmixin.py:205} WARNING - Dependency <Task(BashOperator): create_entry_group>, delete_entry_group already registered for DAG: example_complex
[2022-11-20T00:19:00.498+0000] {logging_mixin.py:137} INFO - [2022-11-20T00:19:00.498+0000] {taskmixin.py:205} WARNING - Dependency <Task(BashOperator): delete_entry_group>, create_entry_group already registered for DAG: example_complex
[2022-11-20T00:19:00.499+0000] {logging_mixin.py:137} INFO - [2022-11-20T00:19:00.499+0000] {taskmixin.py:205} WARNING - Dependency <Task(BashOperator): create_entry_gcs>, delete_entry already registered for DAG: example_complex
[2022-11-20T00:19:00.500+0000] {logging_mixin.py:137} INFO - [2022-11-20T00:19:00.500+0000] {taskmixin.py:205} WARNING - Dependency <Task(BashOperator): delete_entry>, create_entry_gcs already registered for DAG: example_complex
[2022-11-20T00:19:00.501+0000] {logging_mixin.py:137} INFO - [2022-11-20T00:19:00.501+0000] {taskmixin.py:205} WARNING - Dependency <Task(BashOperator): create_tag>, delete_tag already registered for DAG: example_complex
[2022-11-20T00:19:00.501+0000] {logging_mixin.py:137} INFO - [2022-11-20T00:19:00.501+0000] {taskmixin.py:205} WARNING - Dependency <Task(BashOperator): delete_tag>, create_tag already registered for DAG: example_complex
[2022-11-20T00:19:00.506+0000] {processor.py:766} INFO - DAG(s) dict_keys(['example_complex']) retrieved from /home/airflow/.local/lib/python3.7/site-packages/airflow/example_dags/example_complex.py
[2022-11-20T00:19:00.536+0000] {logging_mixin.py:137} INFO - [2022-11-20T00:19:00.536+0000] {dag.py:2585} INFO - Sync 1 DAGs
[2022-11-20T00:19:00.551+0000] {logging_mixin.py:137} INFO - [2022-11-20T00:19:00.551+0000] {dag.py:3340} INFO - Setting next_dagrun for example_complex to None, run_after=None
[2022-11-20T00:19:00.562+0000] {processor.py:176} INFO - Processing /home/airflow/.local/lib/python3.7/site-packages/airflow/example_dags/example_complex.py took 0.080 seconds
[2022-11-20T00:19:31.135+0000] {processor.py:154} INFO - Started process (PID=488) to work on /home/airflow/.local/lib/python3.7/site-packages/airflow/example_dags/example_complex.py
[2022-11-20T00:19:31.137+0000] {processor.py:756} INFO - Processing file /home/airflow/.local/lib/python3.7/site-packages/airflow/example_dags/example_complex.py for tasks to queue
[2022-11-20T00:19:31.138+0000] {logging_mixin.py:137} INFO - [2022-11-20T00:19:31.138+0000] {dagbag.py:537} INFO - Filling up the DagBag from /home/airflow/.local/lib/python3.7/site-packages/airflow/example_dags/example_complex.py
[2022-11-20T00:19:31.146+0000] {logging_mixin.py:137} INFO - [2022-11-20T00:19:31.146+0000] {taskmixin.py:205} WARNING - Dependency <Task(BashOperator): create_entry_group>, delete_entry_group already registered for DAG: example_complex
[2022-11-20T00:19:31.147+0000] {logging_mixin.py:137} INFO - [2022-11-20T00:19:31.147+0000] {taskmixin.py:205} WARNING - Dependency <Task(BashOperator): delete_entry_group>, create_entry_group already registered for DAG: example_complex
[2022-11-20T00:19:31.148+0000] {logging_mixin.py:137} INFO - [2022-11-20T00:19:31.148+0000] {taskmixin.py:205} WARNING - Dependency <Task(BashOperator): create_entry_gcs>, delete_entry already registered for DAG: example_complex
[2022-11-20T00:19:31.149+0000] {logging_mixin.py:137} INFO - [2022-11-20T00:19:31.149+0000] {taskmixin.py:205} WARNING - Dependency <Task(BashOperator): delete_entry>, create_entry_gcs already registered for DAG: example_complex
[2022-11-20T00:19:31.151+0000] {logging_mixin.py:137} INFO - [2022-11-20T00:19:31.151+0000] {taskmixin.py:205} WARNING - Dependency <Task(BashOperator): create_tag>, delete_tag already registered for DAG: example_complex
[2022-11-20T00:19:31.152+0000] {logging_mixin.py:137} INFO - [2022-11-20T00:19:31.152+0000] {taskmixin.py:205} WARNING - Dependency <Task(BashOperator): delete_tag>, create_tag already registered for DAG: example_complex
[2022-11-20T00:19:31.159+0000] {processor.py:766} INFO - DAG(s) dict_keys(['example_complex']) retrieved from /home/airflow/.local/lib/python3.7/site-packages/airflow/example_dags/example_complex.py
[2022-11-20T00:19:31.191+0000] {logging_mixin.py:137} INFO - [2022-11-20T00:19:31.191+0000] {dag.py:2585} INFO - Sync 1 DAGs
[2022-11-20T00:19:31.209+0000] {logging_mixin.py:137} INFO - [2022-11-20T00:19:31.209+0000] {dag.py:3340} INFO - Setting next_dagrun for example_complex to None, run_after=None
[2022-11-20T00:19:31.221+0000] {processor.py:176} INFO - Processing /home/airflow/.local/lib/python3.7/site-packages/airflow/example_dags/example_complex.py took 0.088 seconds
[2022-11-20T00:20:01.615+0000] {processor.py:154} INFO - Started process (PID=553) to work on /home/airflow/.local/lib/python3.7/site-packages/airflow/example_dags/example_complex.py
[2022-11-20T00:20:01.617+0000] {processor.py:756} INFO - Processing file /home/airflow/.local/lib/python3.7/site-packages/airflow/example_dags/example_complex.py for tasks to queue
[2022-11-20T00:20:01.618+0000] {logging_mixin.py:137} INFO - [2022-11-20T00:20:01.618+0000] {dagbag.py:537} INFO - Filling up the DagBag from /home/airflow/.local/lib/python3.7/site-packages/airflow/example_dags/example_complex.py
[2022-11-20T00:20:01.625+0000] {logging_mixin.py:137} INFO - [2022-11-20T00:20:01.624+0000] {taskmixin.py:205} WARNING - Dependency <Task(BashOperator): create_entry_group>, delete_entry_group already registered for DAG: example_complex
[2022-11-20T00:20:01.626+0000] {logging_mixin.py:137} INFO - [2022-11-20T00:20:01.626+0000] {taskmixin.py:205} WARNING - Dependency <Task(BashOperator): delete_entry_group>, create_entry_group already registered for DAG: example_complex
[2022-11-20T00:20:01.627+0000] {logging_mixin.py:137} INFO - [2022-11-20T00:20:01.627+0000] {taskmixin.py:205} WARNING - Dependency <Task(BashOperator): create_entry_gcs>, delete_entry already registered for DAG: example_complex
[2022-11-20T00:20:01.628+0000] {logging_mixin.py:137} INFO - [2022-11-20T00:20:01.627+0000] {taskmixin.py:205} WARNING - Dependency <Task(BashOperator): delete_entry>, create_entry_gcs already registered for DAG: example_complex
[2022-11-20T00:20:01.628+0000] {logging_mixin.py:137} INFO - [2022-11-20T00:20:01.628+0000] {taskmixin.py:205} WARNING - Dependency <Task(BashOperator): create_tag>, delete_tag already registered for DAG: example_complex
[2022-11-20T00:20:01.629+0000] {logging_mixin.py:137} INFO - [2022-11-20T00:20:01.629+0000] {taskmixin.py:205} WARNING - Dependency <Task(BashOperator): delete_tag>, create_tag already registered for DAG: example_complex
[2022-11-20T00:20:01.634+0000] {processor.py:766} INFO - DAG(s) dict_keys(['example_complex']) retrieved from /home/airflow/.local/lib/python3.7/site-packages/airflow/example_dags/example_complex.py
[2022-11-20T00:20:01.663+0000] {logging_mixin.py:137} INFO - [2022-11-20T00:20:01.663+0000] {dag.py:2585} INFO - Sync 1 DAGs
[2022-11-20T00:20:01.677+0000] {logging_mixin.py:137} INFO - [2022-11-20T00:20:01.676+0000] {dag.py:3340} INFO - Setting next_dagrun for example_complex to None, run_after=None
[2022-11-20T00:20:01.688+0000] {processor.py:176} INFO - Processing /home/airflow/.local/lib/python3.7/site-packages/airflow/example_dags/example_complex.py took 0.075 seconds
[2022-11-20T00:20:32.074+0000] {processor.py:154} INFO - Started process (PID=617) to work on /home/airflow/.local/lib/python3.7/site-packages/airflow/example_dags/example_complex.py
[2022-11-20T00:20:32.075+0000] {processor.py:756} INFO - Processing file /home/airflow/.local/lib/python3.7/site-packages/airflow/example_dags/example_complex.py for tasks to queue
[2022-11-20T00:20:32.077+0000] {logging_mixin.py:137} INFO - [2022-11-20T00:20:32.077+0000] {dagbag.py:537} INFO - Filling up the DagBag from /home/airflow/.local/lib/python3.7/site-packages/airflow/example_dags/example_complex.py
[2022-11-20T00:20:32.084+0000] {logging_mixin.py:137} INFO - [2022-11-20T00:20:32.084+0000] {taskmixin.py:205} WARNING - Dependency <Task(BashOperator): create_entry_group>, delete_entry_group already registered for DAG: example_complex
[2022-11-20T00:20:32.090+0000] {logging_mixin.py:137} INFO - [2022-11-20T00:20:32.089+0000] {taskmixin.py:205} WARNING - Dependency <Task(BashOperator): delete_entry_group>, create_entry_group already registered for DAG: example_complex
[2022-11-20T00:20:32.092+0000] {logging_mixin.py:137} INFO - [2022-11-20T00:20:32.092+0000] {taskmixin.py:205} WARNING - Dependency <Task(BashOperator): create_entry_gcs>, delete_entry already registered for DAG: example_complex
[2022-11-20T00:20:32.093+0000] {logging_mixin.py:137} INFO - [2022-11-20T00:20:32.093+0000] {taskmixin.py:205} WARNING - Dependency <Task(BashOperator): delete_entry>, create_entry_gcs already registered for DAG: example_complex
[2022-11-20T00:20:32.095+0000] {logging_mixin.py:137} INFO - [2022-11-20T00:20:32.094+0000] {taskmixin.py:205} WARNING - Dependency <Task(BashOperator): create_tag>, delete_tag already registered for DAG: example_complex
[2022-11-20T00:20:32.096+0000] {logging_mixin.py:137} INFO - [2022-11-20T00:20:32.096+0000] {taskmixin.py:205} WARNING - Dependency <Task(BashOperator): delete_tag>, create_tag already registered for DAG: example_complex
[2022-11-20T00:20:32.102+0000] {processor.py:766} INFO - DAG(s) dict_keys(['example_complex']) retrieved from /home/airflow/.local/lib/python3.7/site-packages/airflow/example_dags/example_complex.py
[2022-11-20T00:20:32.135+0000] {logging_mixin.py:137} INFO - [2022-11-20T00:20:32.135+0000] {dag.py:2585} INFO - Sync 1 DAGs
[2022-11-20T00:20:32.152+0000] {logging_mixin.py:137} INFO - [2022-11-20T00:20:32.152+0000] {dag.py:3340} INFO - Setting next_dagrun for example_complex to None, run_after=None
[2022-11-20T00:20:32.165+0000] {processor.py:176} INFO - Processing /home/airflow/.local/lib/python3.7/site-packages/airflow/example_dags/example_complex.py took 0.094 seconds
