[2022-11-20T00:15:56.495+0000] {processor.py:154} INFO - Started process (PID=39) to work on /home/airflow/.local/lib/python3.7/site-packages/airflow/example_dags/example_external_task_marker_dag.py
[2022-11-20T00:15:56.497+0000] {processor.py:756} INFO - Processing file /home/airflow/.local/lib/python3.7/site-packages/airflow/example_dags/example_external_task_marker_dag.py for tasks to queue
[2022-11-20T00:15:56.499+0000] {logging_mixin.py:137} INFO - [2022-11-20T00:15:56.498+0000] {dagbag.py:537} INFO - Filling up the DagBag from /home/airflow/.local/lib/python3.7/site-packages/airflow/example_dags/example_external_task_marker_dag.py
[2022-11-20T00:15:56.511+0000] {processor.py:766} INFO - DAG(s) dict_keys(['example_external_task_marker_parent', 'example_external_task_marker_child']) retrieved from /home/airflow/.local/lib/python3.7/site-packages/airflow/example_dags/example_external_task_marker_dag.py
[2022-11-20T00:15:56.536+0000] {logging_mixin.py:137} INFO - [2022-11-20T00:15:56.536+0000] {dag.py:2585} INFO - Sync 2 DAGs
[2022-11-20T00:15:56.558+0000] {logging_mixin.py:137} INFO - [2022-11-20T00:15:56.558+0000] {dag.py:3340} INFO - Setting next_dagrun for example_external_task_marker_child to None, run_after=None
[2022-11-20T00:15:56.562+0000] {logging_mixin.py:137} INFO - [2022-11-20T00:15:56.562+0000] {dag.py:3340} INFO - Setting next_dagrun for example_external_task_marker_parent to None, run_after=None
[2022-11-20T00:15:56.575+0000] {processor.py:176} INFO - Processing /home/airflow/.local/lib/python3.7/site-packages/airflow/example_dags/example_external_task_marker_dag.py took 0.083 seconds
[2022-11-20T00:16:27.585+0000] {processor.py:154} INFO - Started process (PID=102) to work on /home/airflow/.local/lib/python3.7/site-packages/airflow/example_dags/example_external_task_marker_dag.py
[2022-11-20T00:16:27.587+0000] {processor.py:756} INFO - Processing file /home/airflow/.local/lib/python3.7/site-packages/airflow/example_dags/example_external_task_marker_dag.py for tasks to queue
[2022-11-20T00:16:27.588+0000] {logging_mixin.py:137} INFO - [2022-11-20T00:16:27.588+0000] {dagbag.py:537} INFO - Filling up the DagBag from /home/airflow/.local/lib/python3.7/site-packages/airflow/example_dags/example_external_task_marker_dag.py
[2022-11-20T00:16:27.598+0000] {processor.py:766} INFO - DAG(s) dict_keys(['example_external_task_marker_child', 'example_external_task_marker_parent']) retrieved from /home/airflow/.local/lib/python3.7/site-packages/airflow/example_dags/example_external_task_marker_dag.py
[2022-11-20T00:16:27.707+0000] {logging_mixin.py:137} INFO - [2022-11-20T00:16:27.706+0000] {dag.py:2585} INFO - Sync 2 DAGs
[2022-11-20T00:16:27.721+0000] {logging_mixin.py:137} INFO - [2022-11-20T00:16:27.721+0000] {dag.py:3340} INFO - Setting next_dagrun for example_external_task_marker_child to None, run_after=None
[2022-11-20T00:16:27.724+0000] {logging_mixin.py:137} INFO - [2022-11-20T00:16:27.724+0000] {dag.py:3340} INFO - Setting next_dagrun for example_external_task_marker_parent to None, run_after=None
[2022-11-20T00:16:27.736+0000] {processor.py:176} INFO - Processing /home/airflow/.local/lib/python3.7/site-packages/airflow/example_dags/example_external_task_marker_dag.py took 0.153 seconds
[2022-11-20T00:16:58.184+0000] {processor.py:154} INFO - Started process (PID=168) to work on /home/airflow/.local/lib/python3.7/site-packages/airflow/example_dags/example_external_task_marker_dag.py
[2022-11-20T00:16:58.187+0000] {processor.py:756} INFO - Processing file /home/airflow/.local/lib/python3.7/site-packages/airflow/example_dags/example_external_task_marker_dag.py for tasks to queue
[2022-11-20T00:16:58.188+0000] {logging_mixin.py:137} INFO - [2022-11-20T00:16:58.188+0000] {dagbag.py:537} INFO - Filling up the DagBag from /home/airflow/.local/lib/python3.7/site-packages/airflow/example_dags/example_external_task_marker_dag.py
[2022-11-20T00:16:58.199+0000] {processor.py:766} INFO - DAG(s) dict_keys(['example_external_task_marker_child', 'example_external_task_marker_parent']) retrieved from /home/airflow/.local/lib/python3.7/site-packages/airflow/example_dags/example_external_task_marker_dag.py
[2022-11-20T00:16:58.309+0000] {logging_mixin.py:137} INFO - [2022-11-20T00:16:58.308+0000] {dag.py:2585} INFO - Sync 2 DAGs
[2022-11-20T00:16:58.324+0000] {logging_mixin.py:137} INFO - [2022-11-20T00:16:58.324+0000] {dag.py:3340} INFO - Setting next_dagrun for example_external_task_marker_child to None, run_after=None
[2022-11-20T00:16:58.327+0000] {logging_mixin.py:137} INFO - [2022-11-20T00:16:58.327+0000] {dag.py:3340} INFO - Setting next_dagrun for example_external_task_marker_parent to None, run_after=None
[2022-11-20T00:16:58.339+0000] {processor.py:176} INFO - Processing /home/airflow/.local/lib/python3.7/site-packages/airflow/example_dags/example_external_task_marker_dag.py took 0.158 seconds
[2022-11-20T00:17:28.467+0000] {processor.py:154} INFO - Started process (PID=233) to work on /home/airflow/.local/lib/python3.7/site-packages/airflow/example_dags/example_external_task_marker_dag.py
[2022-11-20T00:17:28.469+0000] {processor.py:756} INFO - Processing file /home/airflow/.local/lib/python3.7/site-packages/airflow/example_dags/example_external_task_marker_dag.py for tasks to queue
[2022-11-20T00:17:28.470+0000] {logging_mixin.py:137} INFO - [2022-11-20T00:17:28.470+0000] {dagbag.py:537} INFO - Filling up the DagBag from /home/airflow/.local/lib/python3.7/site-packages/airflow/example_dags/example_external_task_marker_dag.py
[2022-11-20T00:17:28.479+0000] {processor.py:766} INFO - DAG(s) dict_keys(['example_external_task_marker_parent', 'example_external_task_marker_child']) retrieved from /home/airflow/.local/lib/python3.7/site-packages/airflow/example_dags/example_external_task_marker_dag.py
[2022-11-20T00:17:28.586+0000] {logging_mixin.py:137} INFO - [2022-11-20T00:17:28.585+0000] {dag.py:2585} INFO - Sync 2 DAGs
[2022-11-20T00:17:28.601+0000] {logging_mixin.py:137} INFO - [2022-11-20T00:17:28.601+0000] {dag.py:3340} INFO - Setting next_dagrun for example_external_task_marker_child to None, run_after=None
[2022-11-20T00:17:28.604+0000] {logging_mixin.py:137} INFO - [2022-11-20T00:17:28.604+0000] {dag.py:3340} INFO - Setting next_dagrun for example_external_task_marker_parent to None, run_after=None
[2022-11-20T00:17:28.618+0000] {processor.py:176} INFO - Processing /home/airflow/.local/lib/python3.7/site-packages/airflow/example_dags/example_external_task_marker_dag.py took 0.153 seconds
[2022-11-20T00:17:59.070+0000] {processor.py:154} INFO - Started process (PID=298) to work on /home/airflow/.local/lib/python3.7/site-packages/airflow/example_dags/example_external_task_marker_dag.py
[2022-11-20T00:17:59.072+0000] {processor.py:756} INFO - Processing file /home/airflow/.local/lib/python3.7/site-packages/airflow/example_dags/example_external_task_marker_dag.py for tasks to queue
[2022-11-20T00:17:59.074+0000] {logging_mixin.py:137} INFO - [2022-11-20T00:17:59.074+0000] {dagbag.py:537} INFO - Filling up the DagBag from /home/airflow/.local/lib/python3.7/site-packages/airflow/example_dags/example_external_task_marker_dag.py
[2022-11-20T00:17:59.085+0000] {processor.py:766} INFO - DAG(s) dict_keys(['example_external_task_marker_child', 'example_external_task_marker_parent']) retrieved from /home/airflow/.local/lib/python3.7/site-packages/airflow/example_dags/example_external_task_marker_dag.py
[2022-11-20T00:17:59.219+0000] {logging_mixin.py:137} INFO - [2022-11-20T00:17:59.219+0000] {dag.py:2585} INFO - Sync 2 DAGs
[2022-11-20T00:17:59.236+0000] {logging_mixin.py:137} INFO - [2022-11-20T00:17:59.236+0000] {dag.py:3340} INFO - Setting next_dagrun for example_external_task_marker_child to None, run_after=None
[2022-11-20T00:17:59.240+0000] {logging_mixin.py:137} INFO - [2022-11-20T00:17:59.240+0000] {dag.py:3340} INFO - Setting next_dagrun for example_external_task_marker_parent to None, run_after=None
[2022-11-20T00:17:59.256+0000] {processor.py:176} INFO - Processing /home/airflow/.local/lib/python3.7/site-packages/airflow/example_dags/example_external_task_marker_dag.py took 0.188 seconds
[2022-11-20T00:18:29.672+0000] {processor.py:154} INFO - Started process (PID=354) to work on /home/airflow/.local/lib/python3.7/site-packages/airflow/example_dags/example_external_task_marker_dag.py
[2022-11-20T00:18:29.675+0000] {processor.py:756} INFO - Processing file /home/airflow/.local/lib/python3.7/site-packages/airflow/example_dags/example_external_task_marker_dag.py for tasks to queue
[2022-11-20T00:18:29.676+0000] {logging_mixin.py:137} INFO - [2022-11-20T00:18:29.676+0000] {dagbag.py:537} INFO - Filling up the DagBag from /home/airflow/.local/lib/python3.7/site-packages/airflow/example_dags/example_external_task_marker_dag.py
[2022-11-20T00:18:29.685+0000] {processor.py:766} INFO - DAG(s) dict_keys(['example_external_task_marker_child', 'example_external_task_marker_parent']) retrieved from /home/airflow/.local/lib/python3.7/site-packages/airflow/example_dags/example_external_task_marker_dag.py
[2022-11-20T00:18:29.792+0000] {logging_mixin.py:137} INFO - [2022-11-20T00:18:29.792+0000] {dag.py:2585} INFO - Sync 2 DAGs
[2022-11-20T00:18:29.807+0000] {logging_mixin.py:137} INFO - [2022-11-20T00:18:29.807+0000] {dag.py:3340} INFO - Setting next_dagrun for example_external_task_marker_child to None, run_after=None
[2022-11-20T00:18:29.811+0000] {logging_mixin.py:137} INFO - [2022-11-20T00:18:29.811+0000] {dag.py:3340} INFO - Setting next_dagrun for example_external_task_marker_parent to None, run_after=None
[2022-11-20T00:18:29.824+0000] {processor.py:176} INFO - Processing /home/airflow/.local/lib/python3.7/site-packages/airflow/example_dags/example_external_task_marker_dag.py took 0.154 seconds
[2022-11-20T00:19:00.309+0000] {processor.py:154} INFO - Started process (PID=419) to work on /home/airflow/.local/lib/python3.7/site-packages/airflow/example_dags/example_external_task_marker_dag.py
[2022-11-20T00:19:00.310+0000] {processor.py:756} INFO - Processing file /home/airflow/.local/lib/python3.7/site-packages/airflow/example_dags/example_external_task_marker_dag.py for tasks to queue
[2022-11-20T00:19:00.312+0000] {logging_mixin.py:137} INFO - [2022-11-20T00:19:00.312+0000] {dagbag.py:537} INFO - Filling up the DagBag from /home/airflow/.local/lib/python3.7/site-packages/airflow/example_dags/example_external_task_marker_dag.py
[2022-11-20T00:19:00.322+0000] {processor.py:766} INFO - DAG(s) dict_keys(['example_external_task_marker_child', 'example_external_task_marker_parent']) retrieved from /home/airflow/.local/lib/python3.7/site-packages/airflow/example_dags/example_external_task_marker_dag.py
[2022-11-20T00:19:00.430+0000] {logging_mixin.py:137} INFO - [2022-11-20T00:19:00.430+0000] {dag.py:2585} INFO - Sync 2 DAGs
[2022-11-20T00:19:00.446+0000] {logging_mixin.py:137} INFO - [2022-11-20T00:19:00.446+0000] {dag.py:3340} INFO - Setting next_dagrun for example_external_task_marker_child to None, run_after=None
[2022-11-20T00:19:00.450+0000] {logging_mixin.py:137} INFO - [2022-11-20T00:19:00.450+0000] {dag.py:3340} INFO - Setting next_dagrun for example_external_task_marker_parent to None, run_after=None
[2022-11-20T00:19:00.462+0000] {processor.py:176} INFO - Processing /home/airflow/.local/lib/python3.7/site-packages/airflow/example_dags/example_external_task_marker_dag.py took 0.155 seconds
[2022-11-20T00:19:31.026+0000] {processor.py:154} INFO - Started process (PID=486) to work on /home/airflow/.local/lib/python3.7/site-packages/airflow/example_dags/example_external_task_marker_dag.py
[2022-11-20T00:19:31.028+0000] {processor.py:756} INFO - Processing file /home/airflow/.local/lib/python3.7/site-packages/airflow/example_dags/example_external_task_marker_dag.py for tasks to queue
[2022-11-20T00:19:31.029+0000] {logging_mixin.py:137} INFO - [2022-11-20T00:19:31.029+0000] {dagbag.py:537} INFO - Filling up the DagBag from /home/airflow/.local/lib/python3.7/site-packages/airflow/example_dags/example_external_task_marker_dag.py
[2022-11-20T00:19:31.040+0000] {processor.py:766} INFO - DAG(s) dict_keys(['example_external_task_marker_child', 'example_external_task_marker_parent']) retrieved from /home/airflow/.local/lib/python3.7/site-packages/airflow/example_dags/example_external_task_marker_dag.py
[2022-11-20T00:19:31.153+0000] {logging_mixin.py:137} INFO - [2022-11-20T00:19:31.153+0000] {dag.py:2585} INFO - Sync 2 DAGs
[2022-11-20T00:19:31.168+0000] {logging_mixin.py:137} INFO - [2022-11-20T00:19:31.168+0000] {dag.py:3340} INFO - Setting next_dagrun for example_external_task_marker_child to None, run_after=None
[2022-11-20T00:19:31.171+0000] {logging_mixin.py:137} INFO - [2022-11-20T00:19:31.171+0000] {dag.py:3340} INFO - Setting next_dagrun for example_external_task_marker_parent to None, run_after=None
[2022-11-20T00:19:31.183+0000] {processor.py:176} INFO - Processing /home/airflow/.local/lib/python3.7/site-packages/airflow/example_dags/example_external_task_marker_dag.py took 0.159 seconds
[2022-11-20T00:20:01.445+0000] {processor.py:154} INFO - Started process (PID=551) to work on /home/airflow/.local/lib/python3.7/site-packages/airflow/example_dags/example_external_task_marker_dag.py
[2022-11-20T00:20:01.447+0000] {processor.py:756} INFO - Processing file /home/airflow/.local/lib/python3.7/site-packages/airflow/example_dags/example_external_task_marker_dag.py for tasks to queue
[2022-11-20T00:20:01.448+0000] {logging_mixin.py:137} INFO - [2022-11-20T00:20:01.448+0000] {dagbag.py:537} INFO - Filling up the DagBag from /home/airflow/.local/lib/python3.7/site-packages/airflow/example_dags/example_external_task_marker_dag.py
[2022-11-20T00:20:01.457+0000] {processor.py:766} INFO - DAG(s) dict_keys(['example_external_task_marker_parent', 'example_external_task_marker_child']) retrieved from /home/airflow/.local/lib/python3.7/site-packages/airflow/example_dags/example_external_task_marker_dag.py
[2022-11-20T00:20:01.566+0000] {logging_mixin.py:137} INFO - [2022-11-20T00:20:01.566+0000] {dag.py:2585} INFO - Sync 2 DAGs
[2022-11-20T00:20:01.580+0000] {logging_mixin.py:137} INFO - [2022-11-20T00:20:01.580+0000] {dag.py:3340} INFO - Setting next_dagrun for example_external_task_marker_child to None, run_after=None
[2022-11-20T00:20:01.583+0000] {logging_mixin.py:137} INFO - [2022-11-20T00:20:01.583+0000] {dag.py:3340} INFO - Setting next_dagrun for example_external_task_marker_parent to None, run_after=None
[2022-11-20T00:20:01.595+0000] {processor.py:176} INFO - Processing /home/airflow/.local/lib/python3.7/site-packages/airflow/example_dags/example_external_task_marker_dag.py took 0.152 seconds
[2022-11-20T00:20:31.970+0000] {processor.py:154} INFO - Started process (PID=615) to work on /home/airflow/.local/lib/python3.7/site-packages/airflow/example_dags/example_external_task_marker_dag.py
[2022-11-20T00:20:31.972+0000] {processor.py:756} INFO - Processing file /home/airflow/.local/lib/python3.7/site-packages/airflow/example_dags/example_external_task_marker_dag.py for tasks to queue
[2022-11-20T00:20:31.974+0000] {logging_mixin.py:137} INFO - [2022-11-20T00:20:31.973+0000] {dagbag.py:537} INFO - Filling up the DagBag from /home/airflow/.local/lib/python3.7/site-packages/airflow/example_dags/example_external_task_marker_dag.py
[2022-11-20T00:20:31.983+0000] {processor.py:766} INFO - DAG(s) dict_keys(['example_external_task_marker_child', 'example_external_task_marker_parent']) retrieved from /home/airflow/.local/lib/python3.7/site-packages/airflow/example_dags/example_external_task_marker_dag.py
[2022-11-20T00:20:32.098+0000] {logging_mixin.py:137} INFO - [2022-11-20T00:20:32.098+0000] {dag.py:2585} INFO - Sync 2 DAGs
[2022-11-20T00:20:32.114+0000] {logging_mixin.py:137} INFO - [2022-11-20T00:20:32.114+0000] {dag.py:3340} INFO - Setting next_dagrun for example_external_task_marker_child to None, run_after=None
[2022-11-20T00:20:32.118+0000] {logging_mixin.py:137} INFO - [2022-11-20T00:20:32.118+0000] {dag.py:3340} INFO - Setting next_dagrun for example_external_task_marker_parent to None, run_after=None
[2022-11-20T00:20:32.130+0000] {processor.py:176} INFO - Processing /home/airflow/.local/lib/python3.7/site-packages/airflow/example_dags/example_external_task_marker_dag.py took 0.162 seconds
