[2022-11-20T00:15:56.889+0000] {processor.py:154} INFO - Started process (PID=45) to work on /home/airflow/.local/lib/python3.7/site-packages/airflow/example_dags/example_python_operator.py
[2022-11-20T00:15:56.891+0000] {processor.py:756} INFO - Processing file /home/airflow/.local/lib/python3.7/site-packages/airflow/example_dags/example_python_operator.py for tasks to queue
[2022-11-20T00:15:56.893+0000] {logging_mixin.py:137} INFO - [2022-11-20T00:15:56.893+0000] {dagbag.py:537} INFO - Filling up the DagBag from /home/airflow/.local/lib/python3.7/site-packages/airflow/example_dags/example_python_operator.py
[2022-11-20T00:15:56.909+0000] {logging_mixin.py:137} INFO - [2022-11-20T00:15:56.909+0000] {taskmixin.py:205} WARNING - Dependency <Task(_PythonDecoratedOperator): print_the_context>, log_sql_query already registered for DAG: example_python_operator
[2022-11-20T00:15:56.910+0000] {logging_mixin.py:137} INFO - [2022-11-20T00:15:56.910+0000] {taskmixin.py:205} WARNING - Dependency <Task(_PythonDecoratedOperator): log_sql_query>, print_the_context already registered for DAG: example_python_operator
[2022-11-20T00:15:56.912+0000] {logging_mixin.py:137} INFO - [2022-11-20T00:15:56.911+0000] {taskmixin.py:205} WARNING - Dependency <Task(_PythonDecoratedOperator): print_the_context>, log_sql_query already registered for DAG: example_python_operator
[2022-11-20T00:15:56.912+0000] {logging_mixin.py:137} INFO - [2022-11-20T00:15:56.912+0000] {taskmixin.py:205} WARNING - Dependency <Task(_PythonDecoratedOperator): log_sql_query>, print_the_context already registered for DAG: example_python_operator
[2022-11-20T00:15:56.914+0000] {logging_mixin.py:137} INFO - [2022-11-20T00:15:56.914+0000] {taskmixin.py:205} WARNING - Dependency <Task(_PythonDecoratedOperator): print_the_context>, log_sql_query already registered for DAG: example_python_operator
[2022-11-20T00:15:56.915+0000] {logging_mixin.py:137} INFO - [2022-11-20T00:15:56.915+0000] {taskmixin.py:205} WARNING - Dependency <Task(_PythonDecoratedOperator): log_sql_query>, print_the_context already registered for DAG: example_python_operator
[2022-11-20T00:15:56.916+0000] {logging_mixin.py:137} INFO - [2022-11-20T00:15:56.916+0000] {taskmixin.py:205} WARNING - Dependency <Task(_PythonDecoratedOperator): print_the_context>, log_sql_query already registered for DAG: example_python_operator
[2022-11-20T00:15:56.917+0000] {logging_mixin.py:137} INFO - [2022-11-20T00:15:56.917+0000] {taskmixin.py:205} WARNING - Dependency <Task(_PythonDecoratedOperator): log_sql_query>, print_the_context already registered for DAG: example_python_operator
[2022-11-20T00:15:56.924+0000] {processor.py:766} INFO - DAG(s) dict_keys(['example_python_operator']) retrieved from /home/airflow/.local/lib/python3.7/site-packages/airflow/example_dags/example_python_operator.py
[2022-11-20T00:15:56.965+0000] {logging_mixin.py:137} INFO - [2022-11-20T00:15:56.965+0000] {dag.py:2585} INFO - Sync 1 DAGs
[2022-11-20T00:15:56.987+0000] {logging_mixin.py:137} INFO - [2022-11-20T00:15:56.987+0000] {dag.py:3340} INFO - Setting next_dagrun for example_python_operator to None, run_after=None
[2022-11-20T00:15:57.003+0000] {processor.py:176} INFO - Processing /home/airflow/.local/lib/python3.7/site-packages/airflow/example_dags/example_python_operator.py took 0.117 seconds
[2022-11-20T00:16:28.049+0000] {processor.py:154} INFO - Started process (PID=108) to work on /home/airflow/.local/lib/python3.7/site-packages/airflow/example_dags/example_python_operator.py
[2022-11-20T00:16:28.050+0000] {processor.py:756} INFO - Processing file /home/airflow/.local/lib/python3.7/site-packages/airflow/example_dags/example_python_operator.py for tasks to queue
[2022-11-20T00:16:28.052+0000] {logging_mixin.py:137} INFO - [2022-11-20T00:16:28.051+0000] {dagbag.py:537} INFO - Filling up the DagBag from /home/airflow/.local/lib/python3.7/site-packages/airflow/example_dags/example_python_operator.py
[2022-11-20T00:16:28.062+0000] {logging_mixin.py:137} INFO - [2022-11-20T00:16:28.062+0000] {taskmixin.py:205} WARNING - Dependency <Task(_PythonDecoratedOperator): print_the_context>, log_sql_query already registered for DAG: example_python_operator
[2022-11-20T00:16:28.065+0000] {logging_mixin.py:137} INFO - [2022-11-20T00:16:28.065+0000] {taskmixin.py:205} WARNING - Dependency <Task(_PythonDecoratedOperator): log_sql_query>, print_the_context already registered for DAG: example_python_operator
[2022-11-20T00:16:28.067+0000] {logging_mixin.py:137} INFO - [2022-11-20T00:16:28.066+0000] {taskmixin.py:205} WARNING - Dependency <Task(_PythonDecoratedOperator): print_the_context>, log_sql_query already registered for DAG: example_python_operator
[2022-11-20T00:16:28.067+0000] {logging_mixin.py:137} INFO - [2022-11-20T00:16:28.067+0000] {taskmixin.py:205} WARNING - Dependency <Task(_PythonDecoratedOperator): log_sql_query>, print_the_context already registered for DAG: example_python_operator
[2022-11-20T00:16:28.068+0000] {logging_mixin.py:137} INFO - [2022-11-20T00:16:28.068+0000] {taskmixin.py:205} WARNING - Dependency <Task(_PythonDecoratedOperator): print_the_context>, log_sql_query already registered for DAG: example_python_operator
[2022-11-20T00:16:28.069+0000] {logging_mixin.py:137} INFO - [2022-11-20T00:16:28.069+0000] {taskmixin.py:205} WARNING - Dependency <Task(_PythonDecoratedOperator): log_sql_query>, print_the_context already registered for DAG: example_python_operator
[2022-11-20T00:16:28.070+0000] {logging_mixin.py:137} INFO - [2022-11-20T00:16:28.070+0000] {taskmixin.py:205} WARNING - Dependency <Task(_PythonDecoratedOperator): print_the_context>, log_sql_query already registered for DAG: example_python_operator
[2022-11-20T00:16:28.071+0000] {logging_mixin.py:137} INFO - [2022-11-20T00:16:28.071+0000] {taskmixin.py:205} WARNING - Dependency <Task(_PythonDecoratedOperator): log_sql_query>, print_the_context already registered for DAG: example_python_operator
[2022-11-20T00:16:28.077+0000] {processor.py:766} INFO - DAG(s) dict_keys(['example_python_operator']) retrieved from /home/airflow/.local/lib/python3.7/site-packages/airflow/example_dags/example_python_operator.py
[2022-11-20T00:16:28.103+0000] {logging_mixin.py:137} INFO - [2022-11-20T00:16:28.103+0000] {dag.py:2585} INFO - Sync 1 DAGs
[2022-11-20T00:16:28.119+0000] {logging_mixin.py:137} INFO - [2022-11-20T00:16:28.119+0000] {dag.py:3340} INFO - Setting next_dagrun for example_python_operator to None, run_after=None
[2022-11-20T00:16:28.132+0000] {processor.py:176} INFO - Processing /home/airflow/.local/lib/python3.7/site-packages/airflow/example_dags/example_python_operator.py took 0.086 seconds
[2022-11-20T00:16:58.504+0000] {processor.py:154} INFO - Started process (PID=174) to work on /home/airflow/.local/lib/python3.7/site-packages/airflow/example_dags/example_python_operator.py
[2022-11-20T00:16:58.506+0000] {processor.py:756} INFO - Processing file /home/airflow/.local/lib/python3.7/site-packages/airflow/example_dags/example_python_operator.py for tasks to queue
[2022-11-20T00:16:58.508+0000] {logging_mixin.py:137} INFO - [2022-11-20T00:16:58.508+0000] {dagbag.py:537} INFO - Filling up the DagBag from /home/airflow/.local/lib/python3.7/site-packages/airflow/example_dags/example_python_operator.py
[2022-11-20T00:16:58.518+0000] {logging_mixin.py:137} INFO - [2022-11-20T00:16:58.518+0000] {taskmixin.py:205} WARNING - Dependency <Task(_PythonDecoratedOperator): print_the_context>, log_sql_query already registered for DAG: example_python_operator
[2022-11-20T00:16:58.520+0000] {logging_mixin.py:137} INFO - [2022-11-20T00:16:58.519+0000] {taskmixin.py:205} WARNING - Dependency <Task(_PythonDecoratedOperator): log_sql_query>, print_the_context already registered for DAG: example_python_operator
[2022-11-20T00:16:58.522+0000] {logging_mixin.py:137} INFO - [2022-11-20T00:16:58.522+0000] {taskmixin.py:205} WARNING - Dependency <Task(_PythonDecoratedOperator): print_the_context>, log_sql_query already registered for DAG: example_python_operator
[2022-11-20T00:16:58.523+0000] {logging_mixin.py:137} INFO - [2022-11-20T00:16:58.522+0000] {taskmixin.py:205} WARNING - Dependency <Task(_PythonDecoratedOperator): log_sql_query>, print_the_context already registered for DAG: example_python_operator
[2022-11-20T00:16:58.525+0000] {logging_mixin.py:137} INFO - [2022-11-20T00:16:58.525+0000] {taskmixin.py:205} WARNING - Dependency <Task(_PythonDecoratedOperator): print_the_context>, log_sql_query already registered for DAG: example_python_operator
[2022-11-20T00:16:58.526+0000] {logging_mixin.py:137} INFO - [2022-11-20T00:16:58.526+0000] {taskmixin.py:205} WARNING - Dependency <Task(_PythonDecoratedOperator): log_sql_query>, print_the_context already registered for DAG: example_python_operator
[2022-11-20T00:16:58.527+0000] {logging_mixin.py:137} INFO - [2022-11-20T00:16:58.527+0000] {taskmixin.py:205} WARNING - Dependency <Task(_PythonDecoratedOperator): print_the_context>, log_sql_query already registered for DAG: example_python_operator
[2022-11-20T00:16:58.528+0000] {logging_mixin.py:137} INFO - [2022-11-20T00:16:58.528+0000] {taskmixin.py:205} WARNING - Dependency <Task(_PythonDecoratedOperator): log_sql_query>, print_the_context already registered for DAG: example_python_operator
[2022-11-20T00:16:58.534+0000] {processor.py:766} INFO - DAG(s) dict_keys(['example_python_operator']) retrieved from /home/airflow/.local/lib/python3.7/site-packages/airflow/example_dags/example_python_operator.py
[2022-11-20T00:16:58.564+0000] {logging_mixin.py:137} INFO - [2022-11-20T00:16:58.563+0000] {dag.py:2585} INFO - Sync 1 DAGs
[2022-11-20T00:16:58.579+0000] {logging_mixin.py:137} INFO - [2022-11-20T00:16:58.579+0000] {dag.py:3340} INFO - Setting next_dagrun for example_python_operator to None, run_after=None
[2022-11-20T00:16:58.590+0000] {processor.py:176} INFO - Processing /home/airflow/.local/lib/python3.7/site-packages/airflow/example_dags/example_python_operator.py took 0.090 seconds
[2022-11-20T00:17:28.833+0000] {processor.py:154} INFO - Started process (PID=239) to work on /home/airflow/.local/lib/python3.7/site-packages/airflow/example_dags/example_python_operator.py
[2022-11-20T00:17:28.835+0000] {processor.py:756} INFO - Processing file /home/airflow/.local/lib/python3.7/site-packages/airflow/example_dags/example_python_operator.py for tasks to queue
[2022-11-20T00:17:28.837+0000] {logging_mixin.py:137} INFO - [2022-11-20T00:17:28.837+0000] {dagbag.py:537} INFO - Filling up the DagBag from /home/airflow/.local/lib/python3.7/site-packages/airflow/example_dags/example_python_operator.py
[2022-11-20T00:17:28.847+0000] {logging_mixin.py:137} INFO - [2022-11-20T00:17:28.846+0000] {taskmixin.py:205} WARNING - Dependency <Task(_PythonDecoratedOperator): print_the_context>, log_sql_query already registered for DAG: example_python_operator
[2022-11-20T00:17:28.848+0000] {logging_mixin.py:137} INFO - [2022-11-20T00:17:28.848+0000] {taskmixin.py:205} WARNING - Dependency <Task(_PythonDecoratedOperator): log_sql_query>, print_the_context already registered for DAG: example_python_operator
[2022-11-20T00:17:28.849+0000] {logging_mixin.py:137} INFO - [2022-11-20T00:17:28.849+0000] {taskmixin.py:205} WARNING - Dependency <Task(_PythonDecoratedOperator): print_the_context>, log_sql_query already registered for DAG: example_python_operator
[2022-11-20T00:17:28.850+0000] {logging_mixin.py:137} INFO - [2022-11-20T00:17:28.850+0000] {taskmixin.py:205} WARNING - Dependency <Task(_PythonDecoratedOperator): log_sql_query>, print_the_context already registered for DAG: example_python_operator
[2022-11-20T00:17:28.851+0000] {logging_mixin.py:137} INFO - [2022-11-20T00:17:28.851+0000] {taskmixin.py:205} WARNING - Dependency <Task(_PythonDecoratedOperator): print_the_context>, log_sql_query already registered for DAG: example_python_operator
[2022-11-20T00:17:28.852+0000] {logging_mixin.py:137} INFO - [2022-11-20T00:17:28.852+0000] {taskmixin.py:205} WARNING - Dependency <Task(_PythonDecoratedOperator): log_sql_query>, print_the_context already registered for DAG: example_python_operator
[2022-11-20T00:17:28.853+0000] {logging_mixin.py:137} INFO - [2022-11-20T00:17:28.853+0000] {taskmixin.py:205} WARNING - Dependency <Task(_PythonDecoratedOperator): print_the_context>, log_sql_query already registered for DAG: example_python_operator
[2022-11-20T00:17:28.854+0000] {logging_mixin.py:137} INFO - [2022-11-20T00:17:28.854+0000] {taskmixin.py:205} WARNING - Dependency <Task(_PythonDecoratedOperator): log_sql_query>, print_the_context already registered for DAG: example_python_operator
[2022-11-20T00:17:28.859+0000] {processor.py:766} INFO - DAG(s) dict_keys(['example_python_operator']) retrieved from /home/airflow/.local/lib/python3.7/site-packages/airflow/example_dags/example_python_operator.py
[2022-11-20T00:17:28.885+0000] {logging_mixin.py:137} INFO - [2022-11-20T00:17:28.885+0000] {dag.py:2585} INFO - Sync 1 DAGs
[2022-11-20T00:17:28.899+0000] {logging_mixin.py:137} INFO - [2022-11-20T00:17:28.899+0000] {dag.py:3340} INFO - Setting next_dagrun for example_python_operator to None, run_after=None
[2022-11-20T00:17:28.910+0000] {processor.py:176} INFO - Processing /home/airflow/.local/lib/python3.7/site-packages/airflow/example_dags/example_python_operator.py took 0.080 seconds
[2022-11-20T00:17:59.536+0000] {processor.py:154} INFO - Started process (PID=304) to work on /home/airflow/.local/lib/python3.7/site-packages/airflow/example_dags/example_python_operator.py
[2022-11-20T00:17:59.538+0000] {processor.py:756} INFO - Processing file /home/airflow/.local/lib/python3.7/site-packages/airflow/example_dags/example_python_operator.py for tasks to queue
[2022-11-20T00:17:59.540+0000] {logging_mixin.py:137} INFO - [2022-11-20T00:17:59.540+0000] {dagbag.py:537} INFO - Filling up the DagBag from /home/airflow/.local/lib/python3.7/site-packages/airflow/example_dags/example_python_operator.py
[2022-11-20T00:17:59.553+0000] {logging_mixin.py:137} INFO - [2022-11-20T00:17:59.553+0000] {taskmixin.py:205} WARNING - Dependency <Task(_PythonDecoratedOperator): print_the_context>, log_sql_query already registered for DAG: example_python_operator
[2022-11-20T00:17:59.554+0000] {logging_mixin.py:137} INFO - [2022-11-20T00:17:59.554+0000] {taskmixin.py:205} WARNING - Dependency <Task(_PythonDecoratedOperator): log_sql_query>, print_the_context already registered for DAG: example_python_operator
[2022-11-20T00:17:59.556+0000] {logging_mixin.py:137} INFO - [2022-11-20T00:17:59.556+0000] {taskmixin.py:205} WARNING - Dependency <Task(_PythonDecoratedOperator): print_the_context>, log_sql_query already registered for DAG: example_python_operator
[2022-11-20T00:17:59.557+0000] {logging_mixin.py:137} INFO - [2022-11-20T00:17:59.557+0000] {taskmixin.py:205} WARNING - Dependency <Task(_PythonDecoratedOperator): log_sql_query>, print_the_context already registered for DAG: example_python_operator
[2022-11-20T00:17:59.566+0000] {logging_mixin.py:137} INFO - [2022-11-20T00:17:59.566+0000] {taskmixin.py:205} WARNING - Dependency <Task(_PythonDecoratedOperator): print_the_context>, log_sql_query already registered for DAG: example_python_operator
[2022-11-20T00:17:59.568+0000] {logging_mixin.py:137} INFO - [2022-11-20T00:17:59.568+0000] {taskmixin.py:205} WARNING - Dependency <Task(_PythonDecoratedOperator): log_sql_query>, print_the_context already registered for DAG: example_python_operator
[2022-11-20T00:17:59.570+0000] {logging_mixin.py:137} INFO - [2022-11-20T00:17:59.570+0000] {taskmixin.py:205} WARNING - Dependency <Task(_PythonDecoratedOperator): print_the_context>, log_sql_query already registered for DAG: example_python_operator
[2022-11-20T00:17:59.571+0000] {logging_mixin.py:137} INFO - [2022-11-20T00:17:59.571+0000] {taskmixin.py:205} WARNING - Dependency <Task(_PythonDecoratedOperator): log_sql_query>, print_the_context already registered for DAG: example_python_operator
[2022-11-20T00:17:59.578+0000] {processor.py:766} INFO - DAG(s) dict_keys(['example_python_operator']) retrieved from /home/airflow/.local/lib/python3.7/site-packages/airflow/example_dags/example_python_operator.py
[2022-11-20T00:17:59.624+0000] {logging_mixin.py:137} INFO - [2022-11-20T00:17:59.624+0000] {dag.py:2585} INFO - Sync 1 DAGs
[2022-11-20T00:17:59.646+0000] {logging_mixin.py:137} INFO - [2022-11-20T00:17:59.646+0000] {dag.py:3340} INFO - Setting next_dagrun for example_python_operator to None, run_after=None
[2022-11-20T00:17:59.673+0000] {processor.py:176} INFO - Processing /home/airflow/.local/lib/python3.7/site-packages/airflow/example_dags/example_python_operator.py took 0.143 seconds
[2022-11-20T00:18:30.034+0000] {processor.py:154} INFO - Started process (PID=360) to work on /home/airflow/.local/lib/python3.7/site-packages/airflow/example_dags/example_python_operator.py
[2022-11-20T00:18:30.035+0000] {processor.py:756} INFO - Processing file /home/airflow/.local/lib/python3.7/site-packages/airflow/example_dags/example_python_operator.py for tasks to queue
[2022-11-20T00:18:30.037+0000] {logging_mixin.py:137} INFO - [2022-11-20T00:18:30.037+0000] {dagbag.py:537} INFO - Filling up the DagBag from /home/airflow/.local/lib/python3.7/site-packages/airflow/example_dags/example_python_operator.py
[2022-11-20T00:18:30.047+0000] {logging_mixin.py:137} INFO - [2022-11-20T00:18:30.047+0000] {taskmixin.py:205} WARNING - Dependency <Task(_PythonDecoratedOperator): print_the_context>, log_sql_query already registered for DAG: example_python_operator
[2022-11-20T00:18:30.049+0000] {logging_mixin.py:137} INFO - [2022-11-20T00:18:30.049+0000] {taskmixin.py:205} WARNING - Dependency <Task(_PythonDecoratedOperator): log_sql_query>, print_the_context already registered for DAG: example_python_operator
[2022-11-20T00:18:30.050+0000] {logging_mixin.py:137} INFO - [2022-11-20T00:18:30.050+0000] {taskmixin.py:205} WARNING - Dependency <Task(_PythonDecoratedOperator): print_the_context>, log_sql_query already registered for DAG: example_python_operator
[2022-11-20T00:18:30.051+0000] {logging_mixin.py:137} INFO - [2022-11-20T00:18:30.051+0000] {taskmixin.py:205} WARNING - Dependency <Task(_PythonDecoratedOperator): log_sql_query>, print_the_context already registered for DAG: example_python_operator
[2022-11-20T00:18:30.052+0000] {logging_mixin.py:137} INFO - [2022-11-20T00:18:30.052+0000] {taskmixin.py:205} WARNING - Dependency <Task(_PythonDecoratedOperator): print_the_context>, log_sql_query already registered for DAG: example_python_operator
[2022-11-20T00:18:30.053+0000] {logging_mixin.py:137} INFO - [2022-11-20T00:18:30.053+0000] {taskmixin.py:205} WARNING - Dependency <Task(_PythonDecoratedOperator): log_sql_query>, print_the_context already registered for DAG: example_python_operator
[2022-11-20T00:18:30.055+0000] {logging_mixin.py:137} INFO - [2022-11-20T00:18:30.054+0000] {taskmixin.py:205} WARNING - Dependency <Task(_PythonDecoratedOperator): print_the_context>, log_sql_query already registered for DAG: example_python_operator
[2022-11-20T00:18:30.056+0000] {logging_mixin.py:137} INFO - [2022-11-20T00:18:30.056+0000] {taskmixin.py:205} WARNING - Dependency <Task(_PythonDecoratedOperator): log_sql_query>, print_the_context already registered for DAG: example_python_operator
[2022-11-20T00:18:30.061+0000] {processor.py:766} INFO - DAG(s) dict_keys(['example_python_operator']) retrieved from /home/airflow/.local/lib/python3.7/site-packages/airflow/example_dags/example_python_operator.py
[2022-11-20T00:18:30.089+0000] {logging_mixin.py:137} INFO - [2022-11-20T00:18:30.089+0000] {dag.py:2585} INFO - Sync 1 DAGs
[2022-11-20T00:18:30.104+0000] {logging_mixin.py:137} INFO - [2022-11-20T00:18:30.104+0000] {dag.py:3340} INFO - Setting next_dagrun for example_python_operator to None, run_after=None
[2022-11-20T00:18:30.117+0000] {processor.py:176} INFO - Processing /home/airflow/.local/lib/python3.7/site-packages/airflow/example_dags/example_python_operator.py took 0.085 seconds
[2022-11-20T00:19:00.775+0000] {processor.py:154} INFO - Started process (PID=425) to work on /home/airflow/.local/lib/python3.7/site-packages/airflow/example_dags/example_python_operator.py
[2022-11-20T00:19:00.777+0000] {processor.py:756} INFO - Processing file /home/airflow/.local/lib/python3.7/site-packages/airflow/example_dags/example_python_operator.py for tasks to queue
[2022-11-20T00:19:00.778+0000] {logging_mixin.py:137} INFO - [2022-11-20T00:19:00.778+0000] {dagbag.py:537} INFO - Filling up the DagBag from /home/airflow/.local/lib/python3.7/site-packages/airflow/example_dags/example_python_operator.py
[2022-11-20T00:19:00.787+0000] {logging_mixin.py:137} INFO - [2022-11-20T00:19:00.787+0000] {taskmixin.py:205} WARNING - Dependency <Task(_PythonDecoratedOperator): print_the_context>, log_sql_query already registered for DAG: example_python_operator
[2022-11-20T00:19:00.789+0000] {logging_mixin.py:137} INFO - [2022-11-20T00:19:00.789+0000] {taskmixin.py:205} WARNING - Dependency <Task(_PythonDecoratedOperator): log_sql_query>, print_the_context already registered for DAG: example_python_operator
[2022-11-20T00:19:00.790+0000] {logging_mixin.py:137} INFO - [2022-11-20T00:19:00.790+0000] {taskmixin.py:205} WARNING - Dependency <Task(_PythonDecoratedOperator): print_the_context>, log_sql_query already registered for DAG: example_python_operator
[2022-11-20T00:19:00.791+0000] {logging_mixin.py:137} INFO - [2022-11-20T00:19:00.791+0000] {taskmixin.py:205} WARNING - Dependency <Task(_PythonDecoratedOperator): log_sql_query>, print_the_context already registered for DAG: example_python_operator
[2022-11-20T00:19:00.792+0000] {logging_mixin.py:137} INFO - [2022-11-20T00:19:00.792+0000] {taskmixin.py:205} WARNING - Dependency <Task(_PythonDecoratedOperator): print_the_context>, log_sql_query already registered for DAG: example_python_operator
[2022-11-20T00:19:00.793+0000] {logging_mixin.py:137} INFO - [2022-11-20T00:19:00.793+0000] {taskmixin.py:205} WARNING - Dependency <Task(_PythonDecoratedOperator): log_sql_query>, print_the_context already registered for DAG: example_python_operator
[2022-11-20T00:19:00.794+0000] {logging_mixin.py:137} INFO - [2022-11-20T00:19:00.794+0000] {taskmixin.py:205} WARNING - Dependency <Task(_PythonDecoratedOperator): print_the_context>, log_sql_query already registered for DAG: example_python_operator
[2022-11-20T00:19:00.795+0000] {logging_mixin.py:137} INFO - [2022-11-20T00:19:00.795+0000] {taskmixin.py:205} WARNING - Dependency <Task(_PythonDecoratedOperator): log_sql_query>, print_the_context already registered for DAG: example_python_operator
[2022-11-20T00:19:00.800+0000] {processor.py:766} INFO - DAG(s) dict_keys(['example_python_operator']) retrieved from /home/airflow/.local/lib/python3.7/site-packages/airflow/example_dags/example_python_operator.py
[2022-11-20T00:19:00.827+0000] {logging_mixin.py:137} INFO - [2022-11-20T00:19:00.826+0000] {dag.py:2585} INFO - Sync 1 DAGs
[2022-11-20T00:19:00.841+0000] {logging_mixin.py:137} INFO - [2022-11-20T00:19:00.841+0000] {dag.py:3340} INFO - Setting next_dagrun for example_python_operator to None, run_after=None
[2022-11-20T00:19:00.852+0000] {processor.py:176} INFO - Processing /home/airflow/.local/lib/python3.7/site-packages/airflow/example_dags/example_python_operator.py took 0.080 seconds
[2022-11-20T00:19:31.342+0000] {processor.py:154} INFO - Started process (PID=492) to work on /home/airflow/.local/lib/python3.7/site-packages/airflow/example_dags/example_python_operator.py
[2022-11-20T00:19:31.343+0000] {processor.py:756} INFO - Processing file /home/airflow/.local/lib/python3.7/site-packages/airflow/example_dags/example_python_operator.py for tasks to queue
[2022-11-20T00:19:31.345+0000] {logging_mixin.py:137} INFO - [2022-11-20T00:19:31.345+0000] {dagbag.py:537} INFO - Filling up the DagBag from /home/airflow/.local/lib/python3.7/site-packages/airflow/example_dags/example_python_operator.py
[2022-11-20T00:19:31.355+0000] {logging_mixin.py:137} INFO - [2022-11-20T00:19:31.355+0000] {taskmixin.py:205} WARNING - Dependency <Task(_PythonDecoratedOperator): print_the_context>, log_sql_query already registered for DAG: example_python_operator
[2022-11-20T00:19:31.356+0000] {logging_mixin.py:137} INFO - [2022-11-20T00:19:31.356+0000] {taskmixin.py:205} WARNING - Dependency <Task(_PythonDecoratedOperator): log_sql_query>, print_the_context already registered for DAG: example_python_operator
[2022-11-20T00:19:31.358+0000] {logging_mixin.py:137} INFO - [2022-11-20T00:19:31.358+0000] {taskmixin.py:205} WARNING - Dependency <Task(_PythonDecoratedOperator): print_the_context>, log_sql_query already registered for DAG: example_python_operator
[2022-11-20T00:19:31.360+0000] {logging_mixin.py:137} INFO - [2022-11-20T00:19:31.360+0000] {taskmixin.py:205} WARNING - Dependency <Task(_PythonDecoratedOperator): log_sql_query>, print_the_context already registered for DAG: example_python_operator
[2022-11-20T00:19:31.361+0000] {logging_mixin.py:137} INFO - [2022-11-20T00:19:31.361+0000] {taskmixin.py:205} WARNING - Dependency <Task(_PythonDecoratedOperator): print_the_context>, log_sql_query already registered for DAG: example_python_operator
[2022-11-20T00:19:31.363+0000] {logging_mixin.py:137} INFO - [2022-11-20T00:19:31.362+0000] {taskmixin.py:205} WARNING - Dependency <Task(_PythonDecoratedOperator): log_sql_query>, print_the_context already registered for DAG: example_python_operator
[2022-11-20T00:19:31.364+0000] {logging_mixin.py:137} INFO - [2022-11-20T00:19:31.364+0000] {taskmixin.py:205} WARNING - Dependency <Task(_PythonDecoratedOperator): print_the_context>, log_sql_query already registered for DAG: example_python_operator
[2022-11-20T00:19:31.365+0000] {logging_mixin.py:137} INFO - [2022-11-20T00:19:31.365+0000] {taskmixin.py:205} WARNING - Dependency <Task(_PythonDecoratedOperator): log_sql_query>, print_the_context already registered for DAG: example_python_operator
[2022-11-20T00:19:31.370+0000] {processor.py:766} INFO - DAG(s) dict_keys(['example_python_operator']) retrieved from /home/airflow/.local/lib/python3.7/site-packages/airflow/example_dags/example_python_operator.py
[2022-11-20T00:19:31.406+0000] {logging_mixin.py:137} INFO - [2022-11-20T00:19:31.406+0000] {dag.py:2585} INFO - Sync 1 DAGs
[2022-11-20T00:19:31.422+0000] {logging_mixin.py:137} INFO - [2022-11-20T00:19:31.422+0000] {dag.py:3340} INFO - Setting next_dagrun for example_python_operator to None, run_after=None
[2022-11-20T00:19:31.434+0000] {processor.py:176} INFO - Processing /home/airflow/.local/lib/python3.7/site-packages/airflow/example_dags/example_python_operator.py took 0.094 seconds
[2022-11-20T00:20:01.899+0000] {processor.py:154} INFO - Started process (PID=557) to work on /home/airflow/.local/lib/python3.7/site-packages/airflow/example_dags/example_python_operator.py
[2022-11-20T00:20:01.900+0000] {processor.py:756} INFO - Processing file /home/airflow/.local/lib/python3.7/site-packages/airflow/example_dags/example_python_operator.py for tasks to queue
[2022-11-20T00:20:01.902+0000] {logging_mixin.py:137} INFO - [2022-11-20T00:20:01.902+0000] {dagbag.py:537} INFO - Filling up the DagBag from /home/airflow/.local/lib/python3.7/site-packages/airflow/example_dags/example_python_operator.py
[2022-11-20T00:20:01.913+0000] {logging_mixin.py:137} INFO - [2022-11-20T00:20:01.913+0000] {taskmixin.py:205} WARNING - Dependency <Task(_PythonDecoratedOperator): print_the_context>, log_sql_query already registered for DAG: example_python_operator
[2022-11-20T00:20:01.914+0000] {logging_mixin.py:137} INFO - [2022-11-20T00:20:01.914+0000] {taskmixin.py:205} WARNING - Dependency <Task(_PythonDecoratedOperator): log_sql_query>, print_the_context already registered for DAG: example_python_operator
[2022-11-20T00:20:01.916+0000] {logging_mixin.py:137} INFO - [2022-11-20T00:20:01.916+0000] {taskmixin.py:205} WARNING - Dependency <Task(_PythonDecoratedOperator): print_the_context>, log_sql_query already registered for DAG: example_python_operator
[2022-11-20T00:20:01.917+0000] {logging_mixin.py:137} INFO - [2022-11-20T00:20:01.917+0000] {taskmixin.py:205} WARNING - Dependency <Task(_PythonDecoratedOperator): log_sql_query>, print_the_context already registered for DAG: example_python_operator
[2022-11-20T00:20:01.919+0000] {logging_mixin.py:137} INFO - [2022-11-20T00:20:01.918+0000] {taskmixin.py:205} WARNING - Dependency <Task(_PythonDecoratedOperator): print_the_context>, log_sql_query already registered for DAG: example_python_operator
[2022-11-20T00:20:01.920+0000] {logging_mixin.py:137} INFO - [2022-11-20T00:20:01.920+0000] {taskmixin.py:205} WARNING - Dependency <Task(_PythonDecoratedOperator): log_sql_query>, print_the_context already registered for DAG: example_python_operator
[2022-11-20T00:20:01.926+0000] {logging_mixin.py:137} INFO - [2022-11-20T00:20:01.926+0000] {taskmixin.py:205} WARNING - Dependency <Task(_PythonDecoratedOperator): print_the_context>, log_sql_query already registered for DAG: example_python_operator
[2022-11-20T00:20:01.927+0000] {logging_mixin.py:137} INFO - [2022-11-20T00:20:01.927+0000] {taskmixin.py:205} WARNING - Dependency <Task(_PythonDecoratedOperator): log_sql_query>, print_the_context already registered for DAG: example_python_operator
[2022-11-20T00:20:01.933+0000] {processor.py:766} INFO - DAG(s) dict_keys(['example_python_operator']) retrieved from /home/airflow/.local/lib/python3.7/site-packages/airflow/example_dags/example_python_operator.py
[2022-11-20T00:20:01.970+0000] {logging_mixin.py:137} INFO - [2022-11-20T00:20:01.970+0000] {dag.py:2585} INFO - Sync 1 DAGs
[2022-11-20T00:20:01.989+0000] {logging_mixin.py:137} INFO - [2022-11-20T00:20:01.989+0000] {dag.py:3340} INFO - Setting next_dagrun for example_python_operator to None, run_after=None
[2022-11-20T00:20:02.001+0000] {processor.py:176} INFO - Processing /home/airflow/.local/lib/python3.7/site-packages/airflow/example_dags/example_python_operator.py took 0.105 seconds
[2022-11-20T00:20:32.309+0000] {processor.py:154} INFO - Started process (PID=621) to work on /home/airflow/.local/lib/python3.7/site-packages/airflow/example_dags/example_python_operator.py
[2022-11-20T00:20:32.311+0000] {processor.py:756} INFO - Processing file /home/airflow/.local/lib/python3.7/site-packages/airflow/example_dags/example_python_operator.py for tasks to queue
[2022-11-20T00:20:32.312+0000] {logging_mixin.py:137} INFO - [2022-11-20T00:20:32.312+0000] {dagbag.py:537} INFO - Filling up the DagBag from /home/airflow/.local/lib/python3.7/site-packages/airflow/example_dags/example_python_operator.py
[2022-11-20T00:20:32.323+0000] {logging_mixin.py:137} INFO - [2022-11-20T00:20:32.323+0000] {taskmixin.py:205} WARNING - Dependency <Task(_PythonDecoratedOperator): print_the_context>, log_sql_query already registered for DAG: example_python_operator
[2022-11-20T00:20:32.325+0000] {logging_mixin.py:137} INFO - [2022-11-20T00:20:32.325+0000] {taskmixin.py:205} WARNING - Dependency <Task(_PythonDecoratedOperator): log_sql_query>, print_the_context already registered for DAG: example_python_operator
[2022-11-20T00:20:32.327+0000] {logging_mixin.py:137} INFO - [2022-11-20T00:20:32.327+0000] {taskmixin.py:205} WARNING - Dependency <Task(_PythonDecoratedOperator): print_the_context>, log_sql_query already registered for DAG: example_python_operator
[2022-11-20T00:20:32.328+0000] {logging_mixin.py:137} INFO - [2022-11-20T00:20:32.328+0000] {taskmixin.py:205} WARNING - Dependency <Task(_PythonDecoratedOperator): log_sql_query>, print_the_context already registered for DAG: example_python_operator
[2022-11-20T00:20:32.330+0000] {logging_mixin.py:137} INFO - [2022-11-20T00:20:32.330+0000] {taskmixin.py:205} WARNING - Dependency <Task(_PythonDecoratedOperator): print_the_context>, log_sql_query already registered for DAG: example_python_operator
[2022-11-20T00:20:32.331+0000] {logging_mixin.py:137} INFO - [2022-11-20T00:20:32.331+0000] {taskmixin.py:205} WARNING - Dependency <Task(_PythonDecoratedOperator): log_sql_query>, print_the_context already registered for DAG: example_python_operator
[2022-11-20T00:20:32.332+0000] {logging_mixin.py:137} INFO - [2022-11-20T00:20:32.332+0000] {taskmixin.py:205} WARNING - Dependency <Task(_PythonDecoratedOperator): print_the_context>, log_sql_query already registered for DAG: example_python_operator
[2022-11-20T00:20:32.333+0000] {logging_mixin.py:137} INFO - [2022-11-20T00:20:32.333+0000] {taskmixin.py:205} WARNING - Dependency <Task(_PythonDecoratedOperator): log_sql_query>, print_the_context already registered for DAG: example_python_operator
[2022-11-20T00:20:32.339+0000] {processor.py:766} INFO - DAG(s) dict_keys(['example_python_operator']) retrieved from /home/airflow/.local/lib/python3.7/site-packages/airflow/example_dags/example_python_operator.py
[2022-11-20T00:20:32.369+0000] {logging_mixin.py:137} INFO - [2022-11-20T00:20:32.369+0000] {dag.py:2585} INFO - Sync 1 DAGs
[2022-11-20T00:20:32.389+0000] {logging_mixin.py:137} INFO - [2022-11-20T00:20:32.389+0000] {dag.py:3340} INFO - Setting next_dagrun for example_python_operator to None, run_after=None
[2022-11-20T00:20:32.401+0000] {processor.py:176} INFO - Processing /home/airflow/.local/lib/python3.7/site-packages/airflow/example_dags/example_python_operator.py took 0.094 seconds
