[2022-11-20T00:15:58.693+0000] {processor.py:154} INFO - Started process (PID=67) to work on /home/airflow/.local/lib/python3.7/site-packages/airflow/example_dags/example_branch_operator_decorator.py
[2022-11-20T00:15:58.695+0000] {processor.py:756} INFO - Processing file /home/airflow/.local/lib/python3.7/site-packages/airflow/example_dags/example_branch_operator_decorator.py for tasks to queue
[2022-11-20T00:15:58.696+0000] {logging_mixin.py:137} INFO - [2022-11-20T00:15:58.696+0000] {dagbag.py:537} INFO - Filling up the DagBag from /home/airflow/.local/lib/python3.7/site-packages/airflow/example_dags/example_branch_operator_decorator.py
[2022-11-20T00:15:58.715+0000] {processor.py:766} INFO - DAG(s) dict_keys(['example_branch_python_operator_decorator']) retrieved from /home/airflow/.local/lib/python3.7/site-packages/airflow/example_dags/example_branch_operator_decorator.py
[2022-11-20T00:15:58.741+0000] {logging_mixin.py:137} INFO - [2022-11-20T00:15:58.741+0000] {dag.py:2585} INFO - Sync 1 DAGs
[2022-11-20T00:15:58.760+0000] {logging_mixin.py:137} INFO - [2022-11-20T00:15:58.760+0000] {dag.py:3340} INFO - Setting next_dagrun for example_branch_python_operator_decorator to 2022-11-19T00:00:00+00:00, run_after=2022-11-20T00:00:00+00:00
[2022-11-20T00:15:58.774+0000] {processor.py:176} INFO - Processing /home/airflow/.local/lib/python3.7/site-packages/airflow/example_dags/example_branch_operator_decorator.py took 0.084 seconds
[2022-11-20T00:16:29.398+0000] {processor.py:154} INFO - Started process (PID=130) to work on /home/airflow/.local/lib/python3.7/site-packages/airflow/example_dags/example_branch_operator_decorator.py
[2022-11-20T00:16:29.399+0000] {processor.py:756} INFO - Processing file /home/airflow/.local/lib/python3.7/site-packages/airflow/example_dags/example_branch_operator_decorator.py for tasks to queue
[2022-11-20T00:16:29.401+0000] {logging_mixin.py:137} INFO - [2022-11-20T00:16:29.401+0000] {dagbag.py:537} INFO - Filling up the DagBag from /home/airflow/.local/lib/python3.7/site-packages/airflow/example_dags/example_branch_operator_decorator.py
[2022-11-20T00:16:29.418+0000] {processor.py:766} INFO - DAG(s) dict_keys(['example_branch_python_operator_decorator']) retrieved from /home/airflow/.local/lib/python3.7/site-packages/airflow/example_dags/example_branch_operator_decorator.py
[2022-11-20T00:16:29.448+0000] {logging_mixin.py:137} INFO - [2022-11-20T00:16:29.448+0000] {dag.py:2585} INFO - Sync 1 DAGs
[2022-11-20T00:16:29.465+0000] {logging_mixin.py:137} INFO - [2022-11-20T00:16:29.465+0000] {dag.py:3340} INFO - Setting next_dagrun for example_branch_python_operator_decorator to 2022-11-19T00:00:00+00:00, run_after=2022-11-20T00:00:00+00:00
[2022-11-20T00:16:29.478+0000] {processor.py:176} INFO - Processing /home/airflow/.local/lib/python3.7/site-packages/airflow/example_dags/example_branch_operator_decorator.py took 0.083 seconds
[2022-11-20T00:16:59.691+0000] {processor.py:154} INFO - Started process (PID=196) to work on /home/airflow/.local/lib/python3.7/site-packages/airflow/example_dags/example_branch_operator_decorator.py
[2022-11-20T00:16:59.693+0000] {processor.py:756} INFO - Processing file /home/airflow/.local/lib/python3.7/site-packages/airflow/example_dags/example_branch_operator_decorator.py for tasks to queue
[2022-11-20T00:16:59.694+0000] {logging_mixin.py:137} INFO - [2022-11-20T00:16:59.694+0000] {dagbag.py:537} INFO - Filling up the DagBag from /home/airflow/.local/lib/python3.7/site-packages/airflow/example_dags/example_branch_operator_decorator.py
[2022-11-20T00:16:59.713+0000] {processor.py:766} INFO - DAG(s) dict_keys(['example_branch_python_operator_decorator']) retrieved from /home/airflow/.local/lib/python3.7/site-packages/airflow/example_dags/example_branch_operator_decorator.py
[2022-11-20T00:16:59.744+0000] {logging_mixin.py:137} INFO - [2022-11-20T00:16:59.744+0000] {dag.py:2585} INFO - Sync 1 DAGs
[2022-11-20T00:16:59.764+0000] {logging_mixin.py:137} INFO - [2022-11-20T00:16:59.764+0000] {dag.py:3340} INFO - Setting next_dagrun for example_branch_python_operator_decorator to 2022-11-19T00:00:00+00:00, run_after=2022-11-20T00:00:00+00:00
[2022-11-20T00:16:59.782+0000] {processor.py:176} INFO - Processing /home/airflow/.local/lib/python3.7/site-packages/airflow/example_dags/example_branch_operator_decorator.py took 0.093 seconds
[2022-11-20T00:17:30.173+0000] {processor.py:154} INFO - Started process (PID=261) to work on /home/airflow/.local/lib/python3.7/site-packages/airflow/example_dags/example_branch_operator_decorator.py
[2022-11-20T00:17:30.175+0000] {processor.py:756} INFO - Processing file /home/airflow/.local/lib/python3.7/site-packages/airflow/example_dags/example_branch_operator_decorator.py for tasks to queue
[2022-11-20T00:17:30.177+0000] {logging_mixin.py:137} INFO - [2022-11-20T00:17:30.177+0000] {dagbag.py:537} INFO - Filling up the DagBag from /home/airflow/.local/lib/python3.7/site-packages/airflow/example_dags/example_branch_operator_decorator.py
[2022-11-20T00:17:30.195+0000] {processor.py:766} INFO - DAG(s) dict_keys(['example_branch_python_operator_decorator']) retrieved from /home/airflow/.local/lib/python3.7/site-packages/airflow/example_dags/example_branch_operator_decorator.py
[2022-11-20T00:17:30.229+0000] {logging_mixin.py:137} INFO - [2022-11-20T00:17:30.229+0000] {dag.py:2585} INFO - Sync 1 DAGs
[2022-11-20T00:17:30.248+0000] {logging_mixin.py:137} INFO - [2022-11-20T00:17:30.248+0000] {dag.py:3340} INFO - Setting next_dagrun for example_branch_python_operator_decorator to 2022-11-19T00:00:00+00:00, run_after=2022-11-20T00:00:00+00:00
[2022-11-20T00:17:30.261+0000] {processor.py:176} INFO - Processing /home/airflow/.local/lib/python3.7/site-packages/airflow/example_dags/example_branch_operator_decorator.py took 0.091 seconds
[2022-11-20T00:18:00.848+0000] {processor.py:154} INFO - Started process (PID=326) to work on /home/airflow/.local/lib/python3.7/site-packages/airflow/example_dags/example_branch_operator_decorator.py
[2022-11-20T00:18:00.850+0000] {processor.py:756} INFO - Processing file /home/airflow/.local/lib/python3.7/site-packages/airflow/example_dags/example_branch_operator_decorator.py for tasks to queue
[2022-11-20T00:18:00.852+0000] {logging_mixin.py:137} INFO - [2022-11-20T00:18:00.852+0000] {dagbag.py:537} INFO - Filling up the DagBag from /home/airflow/.local/lib/python3.7/site-packages/airflow/example_dags/example_branch_operator_decorator.py
[2022-11-20T00:18:00.869+0000] {processor.py:766} INFO - DAG(s) dict_keys(['example_branch_python_operator_decorator']) retrieved from /home/airflow/.local/lib/python3.7/site-packages/airflow/example_dags/example_branch_operator_decorator.py
[2022-11-20T00:18:00.897+0000] {logging_mixin.py:137} INFO - [2022-11-20T00:18:00.897+0000] {dag.py:2585} INFO - Sync 1 DAGs
[2022-11-20T00:18:00.914+0000] {logging_mixin.py:137} INFO - [2022-11-20T00:18:00.914+0000] {dag.py:3340} INFO - Setting next_dagrun for example_branch_python_operator_decorator to 2022-11-19T00:00:00+00:00, run_after=2022-11-20T00:00:00+00:00
[2022-11-20T00:18:00.931+0000] {processor.py:176} INFO - Processing /home/airflow/.local/lib/python3.7/site-packages/airflow/example_dags/example_branch_operator_decorator.py took 0.085 seconds
[2022-11-20T00:18:31.504+0000] {processor.py:154} INFO - Started process (PID=391) to work on /home/airflow/.local/lib/python3.7/site-packages/airflow/example_dags/example_branch_operator_decorator.py
[2022-11-20T00:18:31.506+0000] {processor.py:756} INFO - Processing file /home/airflow/.local/lib/python3.7/site-packages/airflow/example_dags/example_branch_operator_decorator.py for tasks to queue
[2022-11-20T00:18:31.508+0000] {logging_mixin.py:137} INFO - [2022-11-20T00:18:31.508+0000] {dagbag.py:537} INFO - Filling up the DagBag from /home/airflow/.local/lib/python3.7/site-packages/airflow/example_dags/example_branch_operator_decorator.py
[2022-11-20T00:18:31.527+0000] {processor.py:766} INFO - DAG(s) dict_keys(['example_branch_python_operator_decorator']) retrieved from /home/airflow/.local/lib/python3.7/site-packages/airflow/example_dags/example_branch_operator_decorator.py
[2022-11-20T00:18:31.560+0000] {logging_mixin.py:137} INFO - [2022-11-20T00:18:31.560+0000] {dag.py:2585} INFO - Sync 1 DAGs
[2022-11-20T00:18:31.579+0000] {logging_mixin.py:137} INFO - [2022-11-20T00:18:31.579+0000] {dag.py:3340} INFO - Setting next_dagrun for example_branch_python_operator_decorator to 2022-11-19T00:00:00+00:00, run_after=2022-11-20T00:00:00+00:00
[2022-11-20T00:18:31.595+0000] {processor.py:176} INFO - Processing /home/airflow/.local/lib/python3.7/site-packages/airflow/example_dags/example_branch_operator_decorator.py took 0.094 seconds
[2022-11-20T00:19:02.229+0000] {processor.py:154} INFO - Started process (PID=447) to work on /home/airflow/.local/lib/python3.7/site-packages/airflow/example_dags/example_branch_operator_decorator.py
[2022-11-20T00:19:02.232+0000] {processor.py:756} INFO - Processing file /home/airflow/.local/lib/python3.7/site-packages/airflow/example_dags/example_branch_operator_decorator.py for tasks to queue
[2022-11-20T00:19:02.233+0000] {logging_mixin.py:137} INFO - [2022-11-20T00:19:02.233+0000] {dagbag.py:537} INFO - Filling up the DagBag from /home/airflow/.local/lib/python3.7/site-packages/airflow/example_dags/example_branch_operator_decorator.py
[2022-11-20T00:19:02.250+0000] {processor.py:766} INFO - DAG(s) dict_keys(['example_branch_python_operator_decorator']) retrieved from /home/airflow/.local/lib/python3.7/site-packages/airflow/example_dags/example_branch_operator_decorator.py
[2022-11-20T00:19:02.284+0000] {logging_mixin.py:137} INFO - [2022-11-20T00:19:02.284+0000] {dag.py:2585} INFO - Sync 1 DAGs
[2022-11-20T00:19:02.300+0000] {logging_mixin.py:137} INFO - [2022-11-20T00:19:02.300+0000] {dag.py:3340} INFO - Setting next_dagrun for example_branch_python_operator_decorator to 2022-11-19T00:00:00+00:00, run_after=2022-11-20T00:00:00+00:00
[2022-11-20T00:19:02.313+0000] {processor.py:176} INFO - Processing /home/airflow/.local/lib/python3.7/site-packages/airflow/example_dags/example_branch_operator_decorator.py took 0.085 seconds
[2022-11-20T00:19:32.578+0000] {processor.py:154} INFO - Started process (PID=514) to work on /home/airflow/.local/lib/python3.7/site-packages/airflow/example_dags/example_branch_operator_decorator.py
[2022-11-20T00:19:32.579+0000] {processor.py:756} INFO - Processing file /home/airflow/.local/lib/python3.7/site-packages/airflow/example_dags/example_branch_operator_decorator.py for tasks to queue
[2022-11-20T00:19:32.581+0000] {logging_mixin.py:137} INFO - [2022-11-20T00:19:32.581+0000] {dagbag.py:537} INFO - Filling up the DagBag from /home/airflow/.local/lib/python3.7/site-packages/airflow/example_dags/example_branch_operator_decorator.py
[2022-11-20T00:19:32.597+0000] {processor.py:766} INFO - DAG(s) dict_keys(['example_branch_python_operator_decorator']) retrieved from /home/airflow/.local/lib/python3.7/site-packages/airflow/example_dags/example_branch_operator_decorator.py
[2022-11-20T00:19:32.630+0000] {logging_mixin.py:137} INFO - [2022-11-20T00:19:32.630+0000] {dag.py:2585} INFO - Sync 1 DAGs
[2022-11-20T00:19:32.645+0000] {logging_mixin.py:137} INFO - [2022-11-20T00:19:32.645+0000] {dag.py:3340} INFO - Setting next_dagrun for example_branch_python_operator_decorator to 2022-11-19T00:00:00+00:00, run_after=2022-11-20T00:00:00+00:00
[2022-11-20T00:19:32.657+0000] {processor.py:176} INFO - Processing /home/airflow/.local/lib/python3.7/site-packages/airflow/example_dags/example_branch_operator_decorator.py took 0.081 seconds
[2022-11-20T00:20:03.234+0000] {processor.py:154} INFO - Started process (PID=579) to work on /home/airflow/.local/lib/python3.7/site-packages/airflow/example_dags/example_branch_operator_decorator.py
[2022-11-20T00:20:03.235+0000] {processor.py:756} INFO - Processing file /home/airflow/.local/lib/python3.7/site-packages/airflow/example_dags/example_branch_operator_decorator.py for tasks to queue
[2022-11-20T00:20:03.237+0000] {logging_mixin.py:137} INFO - [2022-11-20T00:20:03.237+0000] {dagbag.py:537} INFO - Filling up the DagBag from /home/airflow/.local/lib/python3.7/site-packages/airflow/example_dags/example_branch_operator_decorator.py
[2022-11-20T00:20:03.254+0000] {processor.py:766} INFO - DAG(s) dict_keys(['example_branch_python_operator_decorator']) retrieved from /home/airflow/.local/lib/python3.7/site-packages/airflow/example_dags/example_branch_operator_decorator.py
[2022-11-20T00:20:03.284+0000] {logging_mixin.py:137} INFO - [2022-11-20T00:20:03.284+0000] {dag.py:2585} INFO - Sync 1 DAGs
[2022-11-20T00:20:03.301+0000] {logging_mixin.py:137} INFO - [2022-11-20T00:20:03.301+0000] {dag.py:3340} INFO - Setting next_dagrun for example_branch_python_operator_decorator to 2022-11-19T00:00:00+00:00, run_after=2022-11-20T00:00:00+00:00
[2022-11-20T00:20:03.314+0000] {processor.py:176} INFO - Processing /home/airflow/.local/lib/python3.7/site-packages/airflow/example_dags/example_branch_operator_decorator.py took 0.083 seconds
[2022-11-20T00:20:33.565+0000] {processor.py:154} INFO - Started process (PID=643) to work on /home/airflow/.local/lib/python3.7/site-packages/airflow/example_dags/example_branch_operator_decorator.py
[2022-11-20T00:20:33.568+0000] {processor.py:756} INFO - Processing file /home/airflow/.local/lib/python3.7/site-packages/airflow/example_dags/example_branch_operator_decorator.py for tasks to queue
[2022-11-20T00:20:33.569+0000] {logging_mixin.py:137} INFO - [2022-11-20T00:20:33.569+0000] {dagbag.py:537} INFO - Filling up the DagBag from /home/airflow/.local/lib/python3.7/site-packages/airflow/example_dags/example_branch_operator_decorator.py
[2022-11-20T00:20:33.587+0000] {processor.py:766} INFO - DAG(s) dict_keys(['example_branch_python_operator_decorator']) retrieved from /home/airflow/.local/lib/python3.7/site-packages/airflow/example_dags/example_branch_operator_decorator.py
[2022-11-20T00:20:33.615+0000] {logging_mixin.py:137} INFO - [2022-11-20T00:20:33.615+0000] {dag.py:2585} INFO - Sync 1 DAGs
[2022-11-20T00:20:33.632+0000] {logging_mixin.py:137} INFO - [2022-11-20T00:20:33.632+0000] {dag.py:3340} INFO - Setting next_dagrun for example_branch_python_operator_decorator to 2022-11-19T00:00:00+00:00, run_after=2022-11-20T00:00:00+00:00
[2022-11-20T00:20:33.645+0000] {processor.py:176} INFO - Processing /home/airflow/.local/lib/python3.7/site-packages/airflow/example_dags/example_branch_operator_decorator.py took 0.082 seconds
