[2022-11-20T00:15:58.232+0000] {processor.py:154} INFO - Started process (PID=61) to work on /home/airflow/.local/lib/python3.7/site-packages/airflow/example_dags/example_latest_only.py
[2022-11-20T00:15:58.234+0000] {processor.py:756} INFO - Processing file /home/airflow/.local/lib/python3.7/site-packages/airflow/example_dags/example_latest_only.py for tasks to queue
[2022-11-20T00:15:58.236+0000] {logging_mixin.py:137} INFO - [2022-11-20T00:15:58.236+0000] {dagbag.py:537} INFO - Filling up the DagBag from /home/airflow/.local/lib/python3.7/site-packages/airflow/example_dags/example_latest_only.py
[2022-11-20T00:15:58.268+0000] {processor.py:766} INFO - DAG(s) dict_keys(['latest_only']) retrieved from /home/airflow/.local/lib/python3.7/site-packages/airflow/example_dags/example_latest_only.py
[2022-11-20T00:15:58.293+0000] {logging_mixin.py:137} INFO - [2022-11-20T00:15:58.293+0000] {dag.py:2585} INFO - Sync 1 DAGs
[2022-11-20T00:15:58.321+0000] {logging_mixin.py:137} INFO - [2022-11-20T00:15:58.321+0000] {dag.py:3340} INFO - Setting next_dagrun for latest_only to 2022-11-19T20:15:58.321314+00:00, run_after=2022-11-20T00:15:58.321314+00:00
[2022-11-20T00:15:58.338+0000] {processor.py:176} INFO - Processing /home/airflow/.local/lib/python3.7/site-packages/airflow/example_dags/example_latest_only.py took 0.109 seconds
[2022-11-20T00:16:29.082+0000] {processor.py:154} INFO - Started process (PID=124) to work on /home/airflow/.local/lib/python3.7/site-packages/airflow/example_dags/example_latest_only.py
[2022-11-20T00:16:29.083+0000] {processor.py:756} INFO - Processing file /home/airflow/.local/lib/python3.7/site-packages/airflow/example_dags/example_latest_only.py for tasks to queue
[2022-11-20T00:16:29.084+0000] {logging_mixin.py:137} INFO - [2022-11-20T00:16:29.084+0000] {dagbag.py:537} INFO - Filling up the DagBag from /home/airflow/.local/lib/python3.7/site-packages/airflow/example_dags/example_latest_only.py
[2022-11-20T00:16:29.095+0000] {processor.py:766} INFO - DAG(s) dict_keys(['latest_only']) retrieved from /home/airflow/.local/lib/python3.7/site-packages/airflow/example_dags/example_latest_only.py
[2022-11-20T00:16:29.122+0000] {logging_mixin.py:137} INFO - [2022-11-20T00:16:29.122+0000] {dag.py:2585} INFO - Sync 1 DAGs
[2022-11-20T00:16:29.138+0000] {logging_mixin.py:137} INFO - [2022-11-20T00:16:29.138+0000] {dag.py:3340} INFO - Setting next_dagrun for latest_only to 2022-11-19T20:16:29.138223+00:00, run_after=2022-11-20T00:16:29.138223+00:00
[2022-11-20T00:16:29.150+0000] {processor.py:176} INFO - Processing /home/airflow/.local/lib/python3.7/site-packages/airflow/example_dags/example_latest_only.py took 0.071 seconds
[2022-11-20T00:16:59.403+0000] {processor.py:154} INFO - Started process (PID=190) to work on /home/airflow/.local/lib/python3.7/site-packages/airflow/example_dags/example_latest_only.py
[2022-11-20T00:16:59.405+0000] {processor.py:756} INFO - Processing file /home/airflow/.local/lib/python3.7/site-packages/airflow/example_dags/example_latest_only.py for tasks to queue
[2022-11-20T00:16:59.406+0000] {logging_mixin.py:137} INFO - [2022-11-20T00:16:59.406+0000] {dagbag.py:537} INFO - Filling up the DagBag from /home/airflow/.local/lib/python3.7/site-packages/airflow/example_dags/example_latest_only.py
[2022-11-20T00:16:59.416+0000] {processor.py:766} INFO - DAG(s) dict_keys(['latest_only']) retrieved from /home/airflow/.local/lib/python3.7/site-packages/airflow/example_dags/example_latest_only.py
[2022-11-20T00:16:59.443+0000] {logging_mixin.py:137} INFO - [2022-11-20T00:16:59.443+0000] {dag.py:2585} INFO - Sync 1 DAGs
[2022-11-20T00:16:59.461+0000] {logging_mixin.py:137} INFO - [2022-11-20T00:16:59.460+0000] {dag.py:3340} INFO - Setting next_dagrun for latest_only to 2022-11-19T20:16:59.460804+00:00, run_after=2022-11-20T00:16:59.460804+00:00
[2022-11-20T00:16:59.472+0000] {processor.py:176} INFO - Processing /home/airflow/.local/lib/python3.7/site-packages/airflow/example_dags/example_latest_only.py took 0.071 seconds
[2022-11-20T00:17:29.846+0000] {processor.py:154} INFO - Started process (PID=255) to work on /home/airflow/.local/lib/python3.7/site-packages/airflow/example_dags/example_latest_only.py
[2022-11-20T00:17:29.849+0000] {processor.py:756} INFO - Processing file /home/airflow/.local/lib/python3.7/site-packages/airflow/example_dags/example_latest_only.py for tasks to queue
[2022-11-20T00:17:29.850+0000] {logging_mixin.py:137} INFO - [2022-11-20T00:17:29.850+0000] {dagbag.py:537} INFO - Filling up the DagBag from /home/airflow/.local/lib/python3.7/site-packages/airflow/example_dags/example_latest_only.py
[2022-11-20T00:17:29.859+0000] {processor.py:766} INFO - DAG(s) dict_keys(['latest_only']) retrieved from /home/airflow/.local/lib/python3.7/site-packages/airflow/example_dags/example_latest_only.py
[2022-11-20T00:17:29.887+0000] {logging_mixin.py:137} INFO - [2022-11-20T00:17:29.887+0000] {dag.py:2585} INFO - Sync 1 DAGs
[2022-11-20T00:17:29.906+0000] {logging_mixin.py:137} INFO - [2022-11-20T00:17:29.906+0000] {dag.py:3340} INFO - Setting next_dagrun for latest_only to 2022-11-19T20:17:29.906667+00:00, run_after=2022-11-20T00:17:29.906667+00:00
[2022-11-20T00:17:29.920+0000] {processor.py:176} INFO - Processing /home/airflow/.local/lib/python3.7/site-packages/airflow/example_dags/example_latest_only.py took 0.077 seconds
[2022-11-20T00:18:00.539+0000] {processor.py:154} INFO - Started process (PID=320) to work on /home/airflow/.local/lib/python3.7/site-packages/airflow/example_dags/example_latest_only.py
[2022-11-20T00:18:00.541+0000] {processor.py:756} INFO - Processing file /home/airflow/.local/lib/python3.7/site-packages/airflow/example_dags/example_latest_only.py for tasks to queue
[2022-11-20T00:18:00.542+0000] {logging_mixin.py:137} INFO - [2022-11-20T00:18:00.542+0000] {dagbag.py:537} INFO - Filling up the DagBag from /home/airflow/.local/lib/python3.7/site-packages/airflow/example_dags/example_latest_only.py
[2022-11-20T00:18:00.553+0000] {processor.py:766} INFO - DAG(s) dict_keys(['latest_only']) retrieved from /home/airflow/.local/lib/python3.7/site-packages/airflow/example_dags/example_latest_only.py
[2022-11-20T00:18:00.581+0000] {logging_mixin.py:137} INFO - [2022-11-20T00:18:00.580+0000] {dag.py:2585} INFO - Sync 1 DAGs
[2022-11-20T00:18:00.598+0000] {logging_mixin.py:137} INFO - [2022-11-20T00:18:00.598+0000] {dag.py:3340} INFO - Setting next_dagrun for latest_only to 2022-11-19T20:18:00.597872+00:00, run_after=2022-11-20T00:18:00.597872+00:00
[2022-11-20T00:18:00.619+0000] {processor.py:176} INFO - Processing /home/airflow/.local/lib/python3.7/site-packages/airflow/example_dags/example_latest_only.py took 0.082 seconds
[2022-11-20T00:18:31.150+0000] {processor.py:154} INFO - Started process (PID=376) to work on /home/airflow/.local/lib/python3.7/site-packages/airflow/example_dags/example_latest_only.py
[2022-11-20T00:18:31.152+0000] {processor.py:756} INFO - Processing file /home/airflow/.local/lib/python3.7/site-packages/airflow/example_dags/example_latest_only.py for tasks to queue
[2022-11-20T00:18:31.153+0000] {logging_mixin.py:137} INFO - [2022-11-20T00:18:31.153+0000] {dagbag.py:537} INFO - Filling up the DagBag from /home/airflow/.local/lib/python3.7/site-packages/airflow/example_dags/example_latest_only.py
[2022-11-20T00:18:31.163+0000] {processor.py:766} INFO - DAG(s) dict_keys(['latest_only']) retrieved from /home/airflow/.local/lib/python3.7/site-packages/airflow/example_dags/example_latest_only.py
[2022-11-20T00:18:31.194+0000] {logging_mixin.py:137} INFO - [2022-11-20T00:18:31.194+0000] {dag.py:2585} INFO - Sync 1 DAGs
[2022-11-20T00:18:31.210+0000] {logging_mixin.py:137} INFO - [2022-11-20T00:18:31.210+0000] {dag.py:3340} INFO - Setting next_dagrun for latest_only to 2022-11-19T20:18:31.210243+00:00, run_after=2022-11-20T00:18:31.210243+00:00
[2022-11-20T00:18:31.224+0000] {processor.py:176} INFO - Processing /home/airflow/.local/lib/python3.7/site-packages/airflow/example_dags/example_latest_only.py took 0.076 seconds
[2022-11-20T00:19:01.935+0000] {processor.py:154} INFO - Started process (PID=441) to work on /home/airflow/.local/lib/python3.7/site-packages/airflow/example_dags/example_latest_only.py
[2022-11-20T00:19:01.938+0000] {processor.py:756} INFO - Processing file /home/airflow/.local/lib/python3.7/site-packages/airflow/example_dags/example_latest_only.py for tasks to queue
[2022-11-20T00:19:01.939+0000] {logging_mixin.py:137} INFO - [2022-11-20T00:19:01.939+0000] {dagbag.py:537} INFO - Filling up the DagBag from /home/airflow/.local/lib/python3.7/site-packages/airflow/example_dags/example_latest_only.py
[2022-11-20T00:19:01.950+0000] {processor.py:766} INFO - DAG(s) dict_keys(['latest_only']) retrieved from /home/airflow/.local/lib/python3.7/site-packages/airflow/example_dags/example_latest_only.py
[2022-11-20T00:19:01.978+0000] {logging_mixin.py:137} INFO - [2022-11-20T00:19:01.978+0000] {dag.py:2585} INFO - Sync 1 DAGs
[2022-11-20T00:19:01.995+0000] {logging_mixin.py:137} INFO - [2022-11-20T00:19:01.994+0000] {dag.py:3340} INFO - Setting next_dagrun for latest_only to 2022-11-19T20:19:01.994787+00:00, run_after=2022-11-20T00:19:01.994787+00:00
[2022-11-20T00:19:02.007+0000] {processor.py:176} INFO - Processing /home/airflow/.local/lib/python3.7/site-packages/airflow/example_dags/example_latest_only.py took 0.075 seconds
[2022-11-20T00:19:32.278+0000] {processor.py:154} INFO - Started process (PID=508) to work on /home/airflow/.local/lib/python3.7/site-packages/airflow/example_dags/example_latest_only.py
[2022-11-20T00:19:32.280+0000] {processor.py:756} INFO - Processing file /home/airflow/.local/lib/python3.7/site-packages/airflow/example_dags/example_latest_only.py for tasks to queue
[2022-11-20T00:19:32.281+0000] {logging_mixin.py:137} INFO - [2022-11-20T00:19:32.281+0000] {dagbag.py:537} INFO - Filling up the DagBag from /home/airflow/.local/lib/python3.7/site-packages/airflow/example_dags/example_latest_only.py
[2022-11-20T00:19:32.291+0000] {processor.py:766} INFO - DAG(s) dict_keys(['latest_only']) retrieved from /home/airflow/.local/lib/python3.7/site-packages/airflow/example_dags/example_latest_only.py
[2022-11-20T00:19:32.327+0000] {logging_mixin.py:137} INFO - [2022-11-20T00:19:32.327+0000] {dag.py:2585} INFO - Sync 1 DAGs
[2022-11-20T00:19:32.342+0000] {logging_mixin.py:137} INFO - [2022-11-20T00:19:32.342+0000] {dag.py:3340} INFO - Setting next_dagrun for latest_only to 2022-11-19T20:19:32.342087+00:00, run_after=2022-11-20T00:19:32.342087+00:00
[2022-11-20T00:19:32.355+0000] {processor.py:176} INFO - Processing /home/airflow/.local/lib/python3.7/site-packages/airflow/example_dags/example_latest_only.py took 0.079 seconds
[2022-11-20T00:20:02.936+0000] {processor.py:154} INFO - Started process (PID=573) to work on /home/airflow/.local/lib/python3.7/site-packages/airflow/example_dags/example_latest_only.py
[2022-11-20T00:20:02.937+0000] {processor.py:756} INFO - Processing file /home/airflow/.local/lib/python3.7/site-packages/airflow/example_dags/example_latest_only.py for tasks to queue
[2022-11-20T00:20:02.938+0000] {logging_mixin.py:137} INFO - [2022-11-20T00:20:02.938+0000] {dagbag.py:537} INFO - Filling up the DagBag from /home/airflow/.local/lib/python3.7/site-packages/airflow/example_dags/example_latest_only.py
[2022-11-20T00:20:02.949+0000] {processor.py:766} INFO - DAG(s) dict_keys(['latest_only']) retrieved from /home/airflow/.local/lib/python3.7/site-packages/airflow/example_dags/example_latest_only.py
[2022-11-20T00:20:02.979+0000] {logging_mixin.py:137} INFO - [2022-11-20T00:20:02.978+0000] {dag.py:2585} INFO - Sync 1 DAGs
[2022-11-20T00:20:02.995+0000] {logging_mixin.py:137} INFO - [2022-11-20T00:20:02.995+0000] {dag.py:3340} INFO - Setting next_dagrun for latest_only to 2022-11-19T20:20:02.994917+00:00, run_after=2022-11-20T00:20:02.994917+00:00
[2022-11-20T00:20:03.010+0000] {processor.py:176} INFO - Processing /home/airflow/.local/lib/python3.7/site-packages/airflow/example_dags/example_latest_only.py took 0.076 seconds
[2022-11-20T00:20:33.258+0000] {processor.py:154} INFO - Started process (PID=637) to work on /home/airflow/.local/lib/python3.7/site-packages/airflow/example_dags/example_latest_only.py
[2022-11-20T00:20:33.260+0000] {processor.py:756} INFO - Processing file /home/airflow/.local/lib/python3.7/site-packages/airflow/example_dags/example_latest_only.py for tasks to queue
[2022-11-20T00:20:33.262+0000] {logging_mixin.py:137} INFO - [2022-11-20T00:20:33.262+0000] {dagbag.py:537} INFO - Filling up the DagBag from /home/airflow/.local/lib/python3.7/site-packages/airflow/example_dags/example_latest_only.py
[2022-11-20T00:20:33.272+0000] {processor.py:766} INFO - DAG(s) dict_keys(['latest_only']) retrieved from /home/airflow/.local/lib/python3.7/site-packages/airflow/example_dags/example_latest_only.py
[2022-11-20T00:20:33.303+0000] {logging_mixin.py:137} INFO - [2022-11-20T00:20:33.302+0000] {dag.py:2585} INFO - Sync 1 DAGs
[2022-11-20T00:20:33.319+0000] {logging_mixin.py:137} INFO - [2022-11-20T00:20:33.318+0000] {dag.py:3340} INFO - Setting next_dagrun for latest_only to 2022-11-19T20:20:33.318751+00:00, run_after=2022-11-20T00:20:33.318751+00:00
[2022-11-20T00:20:33.333+0000] {processor.py:176} INFO - Processing /home/airflow/.local/lib/python3.7/site-packages/airflow/example_dags/example_latest_only.py took 0.078 seconds
