[2022-11-20T00:15:58.441+0000] {processor.py:154} INFO - Started process (PID=64) to work on /home/airflow/.local/lib/python3.7/site-packages/airflow/example_dags/example_branch_python_dop_operator_3.py
[2022-11-20T00:15:58.443+0000] {processor.py:756} INFO - Processing file /home/airflow/.local/lib/python3.7/site-packages/airflow/example_dags/example_branch_python_dop_operator_3.py for tasks to queue
[2022-11-20T00:15:58.445+0000] {logging_mixin.py:137} INFO - [2022-11-20T00:15:58.445+0000] {dagbag.py:537} INFO - Filling up the DagBag from /home/airflow/.local/lib/python3.7/site-packages/airflow/example_dags/example_branch_python_dop_operator_3.py
[2022-11-20T00:15:58.467+0000] {processor.py:766} INFO - DAG(s) dict_keys(['example_branch_dop_operator_v3']) retrieved from /home/airflow/.local/lib/python3.7/site-packages/airflow/example_dags/example_branch_python_dop_operator_3.py
[2022-11-20T00:15:58.496+0000] {logging_mixin.py:137} INFO - [2022-11-20T00:15:58.496+0000] {dag.py:2585} INFO - Sync 1 DAGs
[2022-11-20T00:15:58.560+0000] {logging_mixin.py:137} INFO - [2022-11-20T00:15:58.560+0000] {dag.py:3340} INFO - Setting next_dagrun for example_branch_dop_operator_v3 to 2022-11-20T00:14:00+00:00, run_after=2022-11-20T00:15:00+00:00
[2022-11-20T00:15:58.577+0000] {processor.py:176} INFO - Processing /home/airflow/.local/lib/python3.7/site-packages/airflow/example_dags/example_branch_python_dop_operator_3.py took 0.140 seconds
[2022-11-20T00:16:29.200+0000] {processor.py:154} INFO - Started process (PID=127) to work on /home/airflow/.local/lib/python3.7/site-packages/airflow/example_dags/example_branch_python_dop_operator_3.py
[2022-11-20T00:16:29.202+0000] {processor.py:756} INFO - Processing file /home/airflow/.local/lib/python3.7/site-packages/airflow/example_dags/example_branch_python_dop_operator_3.py for tasks to queue
[2022-11-20T00:16:29.203+0000] {logging_mixin.py:137} INFO - [2022-11-20T00:16:29.203+0000] {dagbag.py:537} INFO - Filling up the DagBag from /home/airflow/.local/lib/python3.7/site-packages/airflow/example_dags/example_branch_python_dop_operator_3.py
[2022-11-20T00:16:29.220+0000] {processor.py:766} INFO - DAG(s) dict_keys(['example_branch_dop_operator_v3']) retrieved from /home/airflow/.local/lib/python3.7/site-packages/airflow/example_dags/example_branch_python_dop_operator_3.py
[2022-11-20T00:16:29.247+0000] {logging_mixin.py:137} INFO - [2022-11-20T00:16:29.247+0000] {dag.py:2585} INFO - Sync 1 DAGs
[2022-11-20T00:16:29.267+0000] {logging_mixin.py:137} INFO - [2022-11-20T00:16:29.267+0000] {dag.py:3340} INFO - Setting next_dagrun for example_branch_dop_operator_v3 to 2022-11-20T00:15:00+00:00, run_after=2022-11-20T00:16:00+00:00
[2022-11-20T00:16:29.280+0000] {processor.py:176} INFO - Processing /home/airflow/.local/lib/python3.7/site-packages/airflow/example_dags/example_branch_python_dop_operator_3.py took 0.082 seconds
[2022-11-20T00:16:59.509+0000] {processor.py:154} INFO - Started process (PID=193) to work on /home/airflow/.local/lib/python3.7/site-packages/airflow/example_dags/example_branch_python_dop_operator_3.py
[2022-11-20T00:16:59.510+0000] {processor.py:756} INFO - Processing file /home/airflow/.local/lib/python3.7/site-packages/airflow/example_dags/example_branch_python_dop_operator_3.py for tasks to queue
[2022-11-20T00:16:59.512+0000] {logging_mixin.py:137} INFO - [2022-11-20T00:16:59.512+0000] {dagbag.py:537} INFO - Filling up the DagBag from /home/airflow/.local/lib/python3.7/site-packages/airflow/example_dags/example_branch_python_dop_operator_3.py
[2022-11-20T00:16:59.526+0000] {processor.py:766} INFO - DAG(s) dict_keys(['example_branch_dop_operator_v3']) retrieved from /home/airflow/.local/lib/python3.7/site-packages/airflow/example_dags/example_branch_python_dop_operator_3.py
[2022-11-20T00:16:59.553+0000] {logging_mixin.py:137} INFO - [2022-11-20T00:16:59.553+0000] {dag.py:2585} INFO - Sync 1 DAGs
[2022-11-20T00:16:59.570+0000] {logging_mixin.py:137} INFO - [2022-11-20T00:16:59.570+0000] {dag.py:3340} INFO - Setting next_dagrun for example_branch_dop_operator_v3 to 2022-11-20T00:15:00+00:00, run_after=2022-11-20T00:16:00+00:00
[2022-11-20T00:16:59.586+0000] {processor.py:176} INFO - Processing /home/airflow/.local/lib/python3.7/site-packages/airflow/example_dags/example_branch_python_dop_operator_3.py took 0.079 seconds
[2022-11-20T00:17:30.000+0000] {processor.py:154} INFO - Started process (PID=258) to work on /home/airflow/.local/lib/python3.7/site-packages/airflow/example_dags/example_branch_python_dop_operator_3.py
[2022-11-20T00:17:30.002+0000] {processor.py:756} INFO - Processing file /home/airflow/.local/lib/python3.7/site-packages/airflow/example_dags/example_branch_python_dop_operator_3.py for tasks to queue
[2022-11-20T00:17:30.003+0000] {logging_mixin.py:137} INFO - [2022-11-20T00:17:30.003+0000] {dagbag.py:537} INFO - Filling up the DagBag from /home/airflow/.local/lib/python3.7/site-packages/airflow/example_dags/example_branch_python_dop_operator_3.py
[2022-11-20T00:17:30.020+0000] {processor.py:766} INFO - DAG(s) dict_keys(['example_branch_dop_operator_v3']) retrieved from /home/airflow/.local/lib/python3.7/site-packages/airflow/example_dags/example_branch_python_dop_operator_3.py
[2022-11-20T00:17:30.055+0000] {logging_mixin.py:137} INFO - [2022-11-20T00:17:30.055+0000] {dag.py:2585} INFO - Sync 1 DAGs
[2022-11-20T00:17:30.075+0000] {logging_mixin.py:137} INFO - [2022-11-20T00:17:30.075+0000] {dag.py:3340} INFO - Setting next_dagrun for example_branch_dop_operator_v3 to 2022-11-20T00:16:00+00:00, run_after=2022-11-20T00:17:00+00:00
[2022-11-20T00:17:30.090+0000] {processor.py:176} INFO - Processing /home/airflow/.local/lib/python3.7/site-packages/airflow/example_dags/example_branch_python_dop_operator_3.py took 0.092 seconds
[2022-11-20T00:18:00.659+0000] {processor.py:154} INFO - Started process (PID=323) to work on /home/airflow/.local/lib/python3.7/site-packages/airflow/example_dags/example_branch_python_dop_operator_3.py
[2022-11-20T00:18:00.660+0000] {processor.py:756} INFO - Processing file /home/airflow/.local/lib/python3.7/site-packages/airflow/example_dags/example_branch_python_dop_operator_3.py for tasks to queue
[2022-11-20T00:18:00.662+0000] {logging_mixin.py:137} INFO - [2022-11-20T00:18:00.662+0000] {dagbag.py:537} INFO - Filling up the DagBag from /home/airflow/.local/lib/python3.7/site-packages/airflow/example_dags/example_branch_python_dop_operator_3.py
[2022-11-20T00:18:00.680+0000] {processor.py:766} INFO - DAG(s) dict_keys(['example_branch_dop_operator_v3']) retrieved from /home/airflow/.local/lib/python3.7/site-packages/airflow/example_dags/example_branch_python_dop_operator_3.py
[2022-11-20T00:18:00.707+0000] {logging_mixin.py:137} INFO - [2022-11-20T00:18:00.707+0000] {dag.py:2585} INFO - Sync 1 DAGs
[2022-11-20T00:18:00.724+0000] {logging_mixin.py:137} INFO - [2022-11-20T00:18:00.724+0000] {dag.py:3340} INFO - Setting next_dagrun for example_branch_dop_operator_v3 to 2022-11-20T00:17:00+00:00, run_after=2022-11-20T00:18:00+00:00
[2022-11-20T00:18:00.737+0000] {processor.py:176} INFO - Processing /home/airflow/.local/lib/python3.7/site-packages/airflow/example_dags/example_branch_python_dop_operator_3.py took 0.080 seconds
[2022-11-20T00:18:31.315+0000] {processor.py:154} INFO - Started process (PID=386) to work on /home/airflow/.local/lib/python3.7/site-packages/airflow/example_dags/example_branch_python_dop_operator_3.py
[2022-11-20T00:18:31.317+0000] {processor.py:756} INFO - Processing file /home/airflow/.local/lib/python3.7/site-packages/airflow/example_dags/example_branch_python_dop_operator_3.py for tasks to queue
[2022-11-20T00:18:31.319+0000] {logging_mixin.py:137} INFO - [2022-11-20T00:18:31.318+0000] {dagbag.py:537} INFO - Filling up the DagBag from /home/airflow/.local/lib/python3.7/site-packages/airflow/example_dags/example_branch_python_dop_operator_3.py
[2022-11-20T00:18:31.337+0000] {processor.py:766} INFO - DAG(s) dict_keys(['example_branch_dop_operator_v3']) retrieved from /home/airflow/.local/lib/python3.7/site-packages/airflow/example_dags/example_branch_python_dop_operator_3.py
[2022-11-20T00:18:31.365+0000] {logging_mixin.py:137} INFO - [2022-11-20T00:18:31.365+0000] {dag.py:2585} INFO - Sync 1 DAGs
[2022-11-20T00:18:31.391+0000] {logging_mixin.py:137} INFO - [2022-11-20T00:18:31.391+0000] {dag.py:3340} INFO - Setting next_dagrun for example_branch_dop_operator_v3 to 2022-11-20T00:17:00+00:00, run_after=2022-11-20T00:18:00+00:00
[2022-11-20T00:18:31.406+0000] {processor.py:176} INFO - Processing /home/airflow/.local/lib/python3.7/site-packages/airflow/example_dags/example_branch_python_dop_operator_3.py took 0.094 seconds
[2022-11-20T00:19:02.060+0000] {processor.py:154} INFO - Started process (PID=444) to work on /home/airflow/.local/lib/python3.7/site-packages/airflow/example_dags/example_branch_python_dop_operator_3.py
[2022-11-20T00:19:02.061+0000] {processor.py:756} INFO - Processing file /home/airflow/.local/lib/python3.7/site-packages/airflow/example_dags/example_branch_python_dop_operator_3.py for tasks to queue
[2022-11-20T00:19:02.062+0000] {logging_mixin.py:137} INFO - [2022-11-20T00:19:02.062+0000] {dagbag.py:537} INFO - Filling up the DagBag from /home/airflow/.local/lib/python3.7/site-packages/airflow/example_dags/example_branch_python_dop_operator_3.py
[2022-11-20T00:19:02.078+0000] {processor.py:766} INFO - DAG(s) dict_keys(['example_branch_dop_operator_v3']) retrieved from /home/airflow/.local/lib/python3.7/site-packages/airflow/example_dags/example_branch_python_dop_operator_3.py
[2022-11-20T00:19:02.107+0000] {logging_mixin.py:137} INFO - [2022-11-20T00:19:02.107+0000] {dag.py:2585} INFO - Sync 1 DAGs
[2022-11-20T00:19:02.125+0000] {logging_mixin.py:137} INFO - [2022-11-20T00:19:02.125+0000] {dag.py:3340} INFO - Setting next_dagrun for example_branch_dop_operator_v3 to 2022-11-20T00:18:00+00:00, run_after=2022-11-20T00:19:00+00:00
[2022-11-20T00:19:02.139+0000] {processor.py:176} INFO - Processing /home/airflow/.local/lib/python3.7/site-packages/airflow/example_dags/example_branch_python_dop_operator_3.py took 0.081 seconds
[2022-11-20T00:19:32.420+0000] {processor.py:154} INFO - Started process (PID=511) to work on /home/airflow/.local/lib/python3.7/site-packages/airflow/example_dags/example_branch_python_dop_operator_3.py
[2022-11-20T00:19:32.422+0000] {processor.py:756} INFO - Processing file /home/airflow/.local/lib/python3.7/site-packages/airflow/example_dags/example_branch_python_dop_operator_3.py for tasks to queue
[2022-11-20T00:19:32.423+0000] {logging_mixin.py:137} INFO - [2022-11-20T00:19:32.423+0000] {dagbag.py:537} INFO - Filling up the DagBag from /home/airflow/.local/lib/python3.7/site-packages/airflow/example_dags/example_branch_python_dop_operator_3.py
[2022-11-20T00:19:32.438+0000] {processor.py:766} INFO - DAG(s) dict_keys(['example_branch_dop_operator_v3']) retrieved from /home/airflow/.local/lib/python3.7/site-packages/airflow/example_dags/example_branch_python_dop_operator_3.py
[2022-11-20T00:19:32.467+0000] {logging_mixin.py:137} INFO - [2022-11-20T00:19:32.467+0000] {dag.py:2585} INFO - Sync 1 DAGs
[2022-11-20T00:19:32.491+0000] {logging_mixin.py:137} INFO - [2022-11-20T00:19:32.491+0000] {dag.py:3340} INFO - Setting next_dagrun for example_branch_dop_operator_v3 to 2022-11-20T00:18:00+00:00, run_after=2022-11-20T00:19:00+00:00
[2022-11-20T00:19:32.505+0000] {processor.py:176} INFO - Processing /home/airflow/.local/lib/python3.7/site-packages/airflow/example_dags/example_branch_python_dop_operator_3.py took 0.087 seconds
[2022-11-20T00:20:03.057+0000] {processor.py:154} INFO - Started process (PID=576) to work on /home/airflow/.local/lib/python3.7/site-packages/airflow/example_dags/example_branch_python_dop_operator_3.py
[2022-11-20T00:20:03.058+0000] {processor.py:756} INFO - Processing file /home/airflow/.local/lib/python3.7/site-packages/airflow/example_dags/example_branch_python_dop_operator_3.py for tasks to queue
[2022-11-20T00:20:03.060+0000] {logging_mixin.py:137} INFO - [2022-11-20T00:20:03.059+0000] {dagbag.py:537} INFO - Filling up the DagBag from /home/airflow/.local/lib/python3.7/site-packages/airflow/example_dags/example_branch_python_dop_operator_3.py
[2022-11-20T00:20:03.075+0000] {processor.py:766} INFO - DAG(s) dict_keys(['example_branch_dop_operator_v3']) retrieved from /home/airflow/.local/lib/python3.7/site-packages/airflow/example_dags/example_branch_python_dop_operator_3.py
[2022-11-20T00:20:03.104+0000] {logging_mixin.py:137} INFO - [2022-11-20T00:20:03.104+0000] {dag.py:2585} INFO - Sync 1 DAGs
[2022-11-20T00:20:03.123+0000] {logging_mixin.py:137} INFO - [2022-11-20T00:20:03.123+0000] {dag.py:3340} INFO - Setting next_dagrun for example_branch_dop_operator_v3 to 2022-11-20T00:19:00+00:00, run_after=2022-11-20T00:20:00+00:00
[2022-11-20T00:20:03.137+0000] {processor.py:176} INFO - Processing /home/airflow/.local/lib/python3.7/site-packages/airflow/example_dags/example_branch_python_dop_operator_3.py took 0.083 seconds
[2022-11-20T00:20:33.385+0000] {processor.py:154} INFO - Started process (PID=640) to work on /home/airflow/.local/lib/python3.7/site-packages/airflow/example_dags/example_branch_python_dop_operator_3.py
[2022-11-20T00:20:33.386+0000] {processor.py:756} INFO - Processing file /home/airflow/.local/lib/python3.7/site-packages/airflow/example_dags/example_branch_python_dop_operator_3.py for tasks to queue
[2022-11-20T00:20:33.388+0000] {logging_mixin.py:137} INFO - [2022-11-20T00:20:33.388+0000] {dagbag.py:537} INFO - Filling up the DagBag from /home/airflow/.local/lib/python3.7/site-packages/airflow/example_dags/example_branch_python_dop_operator_3.py
[2022-11-20T00:20:33.406+0000] {processor.py:766} INFO - DAG(s) dict_keys(['example_branch_dop_operator_v3']) retrieved from /home/airflow/.local/lib/python3.7/site-packages/airflow/example_dags/example_branch_python_dop_operator_3.py
[2022-11-20T00:20:33.434+0000] {logging_mixin.py:137} INFO - [2022-11-20T00:20:33.434+0000] {dag.py:2585} INFO - Sync 1 DAGs
[2022-11-20T00:20:33.452+0000] {logging_mixin.py:137} INFO - [2022-11-20T00:20:33.452+0000] {dag.py:3340} INFO - Setting next_dagrun for example_branch_dop_operator_v3 to 2022-11-20T00:19:00+00:00, run_after=2022-11-20T00:20:00+00:00
[2022-11-20T00:20:33.469+0000] {processor.py:176} INFO - Processing /home/airflow/.local/lib/python3.7/site-packages/airflow/example_dags/example_branch_python_dop_operator_3.py took 0.086 seconds
