[2022-11-20T00:15:58.740+0000] {processor.py:154} INFO - Started process (PID=68) to work on /home/airflow/.local/lib/python3.7/site-packages/airflow/example_dags/tutorial_dag.py
[2022-11-20T00:15:58.742+0000] {processor.py:756} INFO - Processing file /home/airflow/.local/lib/python3.7/site-packages/airflow/example_dags/tutorial_dag.py for tasks to queue
[2022-11-20T00:15:58.743+0000] {logging_mixin.py:137} INFO - [2022-11-20T00:15:58.743+0000] {dagbag.py:537} INFO - Filling up the DagBag from /home/airflow/.local/lib/python3.7/site-packages/airflow/example_dags/tutorial_dag.py
[2022-11-20T00:15:58.754+0000] {processor.py:766} INFO - DAG(s) dict_keys(['tutorial_dag']) retrieved from /home/airflow/.local/lib/python3.7/site-packages/airflow/example_dags/tutorial_dag.py
[2022-11-20T00:15:58.776+0000] {logging_mixin.py:137} INFO - [2022-11-20T00:15:58.776+0000] {dag.py:2585} INFO - Sync 1 DAGs
[2022-11-20T00:15:58.795+0000] {logging_mixin.py:137} INFO - [2022-11-20T00:15:58.795+0000] {dag.py:3340} INFO - Setting next_dagrun for tutorial_dag to None, run_after=None
[2022-11-20T00:15:58.819+0000] {processor.py:176} INFO - Processing /home/airflow/.local/lib/python3.7/site-packages/airflow/example_dags/tutorial_dag.py took 0.081 seconds
[2022-11-20T00:16:29.434+0000] {processor.py:154} INFO - Started process (PID=131) to work on /home/airflow/.local/lib/python3.7/site-packages/airflow/example_dags/tutorial_dag.py
[2022-11-20T00:16:29.436+0000] {processor.py:756} INFO - Processing file /home/airflow/.local/lib/python3.7/site-packages/airflow/example_dags/tutorial_dag.py for tasks to queue
[2022-11-20T00:16:29.437+0000] {logging_mixin.py:137} INFO - [2022-11-20T00:16:29.437+0000] {dagbag.py:537} INFO - Filling up the DagBag from /home/airflow/.local/lib/python3.7/site-packages/airflow/example_dags/tutorial_dag.py
[2022-11-20T00:16:29.447+0000] {processor.py:766} INFO - DAG(s) dict_keys(['tutorial_dag']) retrieved from /home/airflow/.local/lib/python3.7/site-packages/airflow/example_dags/tutorial_dag.py
[2022-11-20T00:16:29.474+0000] {logging_mixin.py:137} INFO - [2022-11-20T00:16:29.474+0000] {dag.py:2585} INFO - Sync 1 DAGs
[2022-11-20T00:16:29.490+0000] {logging_mixin.py:137} INFO - [2022-11-20T00:16:29.490+0000] {dag.py:3340} INFO - Setting next_dagrun for tutorial_dag to None, run_after=None
[2022-11-20T00:16:29.503+0000] {processor.py:176} INFO - Processing /home/airflow/.local/lib/python3.7/site-packages/airflow/example_dags/tutorial_dag.py took 0.071 seconds
[2022-11-20T00:16:59.725+0000] {processor.py:154} INFO - Started process (PID=197) to work on /home/airflow/.local/lib/python3.7/site-packages/airflow/example_dags/tutorial_dag.py
[2022-11-20T00:16:59.728+0000] {processor.py:756} INFO - Processing file /home/airflow/.local/lib/python3.7/site-packages/airflow/example_dags/tutorial_dag.py for tasks to queue
[2022-11-20T00:16:59.729+0000] {logging_mixin.py:137} INFO - [2022-11-20T00:16:59.729+0000] {dagbag.py:537} INFO - Filling up the DagBag from /home/airflow/.local/lib/python3.7/site-packages/airflow/example_dags/tutorial_dag.py
[2022-11-20T00:16:59.739+0000] {processor.py:766} INFO - DAG(s) dict_keys(['tutorial_dag']) retrieved from /home/airflow/.local/lib/python3.7/site-packages/airflow/example_dags/tutorial_dag.py
[2022-11-20T00:16:59.770+0000] {logging_mixin.py:137} INFO - [2022-11-20T00:16:59.770+0000] {dag.py:2585} INFO - Sync 1 DAGs
[2022-11-20T00:16:59.791+0000] {logging_mixin.py:137} INFO - [2022-11-20T00:16:59.791+0000] {dag.py:3340} INFO - Setting next_dagrun for tutorial_dag to None, run_after=None
[2022-11-20T00:16:59.814+0000] {processor.py:176} INFO - Processing /home/airflow/.local/lib/python3.7/site-packages/airflow/example_dags/tutorial_dag.py took 0.091 seconds
[2022-11-20T00:17:30.248+0000] {processor.py:154} INFO - Started process (PID=262) to work on /home/airflow/.local/lib/python3.7/site-packages/airflow/example_dags/tutorial_dag.py
[2022-11-20T00:17:30.250+0000] {processor.py:756} INFO - Processing file /home/airflow/.local/lib/python3.7/site-packages/airflow/example_dags/tutorial_dag.py for tasks to queue
[2022-11-20T00:17:30.252+0000] {logging_mixin.py:137} INFO - [2022-11-20T00:17:30.252+0000] {dagbag.py:537} INFO - Filling up the DagBag from /home/airflow/.local/lib/python3.7/site-packages/airflow/example_dags/tutorial_dag.py
[2022-11-20T00:17:30.262+0000] {processor.py:766} INFO - DAG(s) dict_keys(['tutorial_dag']) retrieved from /home/airflow/.local/lib/python3.7/site-packages/airflow/example_dags/tutorial_dag.py
[2022-11-20T00:17:30.296+0000] {logging_mixin.py:137} INFO - [2022-11-20T00:17:30.296+0000] {dag.py:2585} INFO - Sync 1 DAGs
[2022-11-20T00:17:30.312+0000] {logging_mixin.py:137} INFO - [2022-11-20T00:17:30.312+0000] {dag.py:3340} INFO - Setting next_dagrun for tutorial_dag to None, run_after=None
[2022-11-20T00:17:30.324+0000] {processor.py:176} INFO - Processing /home/airflow/.local/lib/python3.7/site-packages/airflow/example_dags/tutorial_dag.py took 0.078 seconds
[2022-11-20T00:18:00.866+0000] {processor.py:154} INFO - Started process (PID=327) to work on /home/airflow/.local/lib/python3.7/site-packages/airflow/example_dags/tutorial_dag.py
[2022-11-20T00:18:00.868+0000] {processor.py:756} INFO - Processing file /home/airflow/.local/lib/python3.7/site-packages/airflow/example_dags/tutorial_dag.py for tasks to queue
[2022-11-20T00:18:00.870+0000] {logging_mixin.py:137} INFO - [2022-11-20T00:18:00.870+0000] {dagbag.py:537} INFO - Filling up the DagBag from /home/airflow/.local/lib/python3.7/site-packages/airflow/example_dags/tutorial_dag.py
[2022-11-20T00:18:00.879+0000] {processor.py:766} INFO - DAG(s) dict_keys(['tutorial_dag']) retrieved from /home/airflow/.local/lib/python3.7/site-packages/airflow/example_dags/tutorial_dag.py
[2022-11-20T00:18:00.907+0000] {logging_mixin.py:137} INFO - [2022-11-20T00:18:00.906+0000] {dag.py:2585} INFO - Sync 1 DAGs
[2022-11-20T00:18:00.922+0000] {logging_mixin.py:137} INFO - [2022-11-20T00:18:00.922+0000] {dag.py:3340} INFO - Setting next_dagrun for tutorial_dag to None, run_after=None
[2022-11-20T00:18:00.937+0000] {processor.py:176} INFO - Processing /home/airflow/.local/lib/python3.7/site-packages/airflow/example_dags/tutorial_dag.py took 0.074 seconds
[2022-11-20T00:18:31.546+0000] {processor.py:154} INFO - Started process (PID=392) to work on /home/airflow/.local/lib/python3.7/site-packages/airflow/example_dags/tutorial_dag.py
[2022-11-20T00:18:31.548+0000] {processor.py:756} INFO - Processing file /home/airflow/.local/lib/python3.7/site-packages/airflow/example_dags/tutorial_dag.py for tasks to queue
[2022-11-20T00:18:31.549+0000] {logging_mixin.py:137} INFO - [2022-11-20T00:18:31.549+0000] {dagbag.py:537} INFO - Filling up the DagBag from /home/airflow/.local/lib/python3.7/site-packages/airflow/example_dags/tutorial_dag.py
[2022-11-20T00:18:31.561+0000] {processor.py:766} INFO - DAG(s) dict_keys(['tutorial_dag']) retrieved from /home/airflow/.local/lib/python3.7/site-packages/airflow/example_dags/tutorial_dag.py
[2022-11-20T00:18:31.589+0000] {logging_mixin.py:137} INFO - [2022-11-20T00:18:31.589+0000] {dag.py:2585} INFO - Sync 1 DAGs
[2022-11-20T00:18:31.609+0000] {logging_mixin.py:137} INFO - [2022-11-20T00:18:31.609+0000] {dag.py:3340} INFO - Setting next_dagrun for tutorial_dag to None, run_after=None
[2022-11-20T00:18:31.626+0000] {processor.py:176} INFO - Processing /home/airflow/.local/lib/python3.7/site-packages/airflow/example_dags/tutorial_dag.py took 0.082 seconds
[2022-11-20T00:19:02.264+0000] {processor.py:154} INFO - Started process (PID=448) to work on /home/airflow/.local/lib/python3.7/site-packages/airflow/example_dags/tutorial_dag.py
[2022-11-20T00:19:02.266+0000] {processor.py:756} INFO - Processing file /home/airflow/.local/lib/python3.7/site-packages/airflow/example_dags/tutorial_dag.py for tasks to queue
[2022-11-20T00:19:02.268+0000] {logging_mixin.py:137} INFO - [2022-11-20T00:19:02.267+0000] {dagbag.py:537} INFO - Filling up the DagBag from /home/airflow/.local/lib/python3.7/site-packages/airflow/example_dags/tutorial_dag.py
[2022-11-20T00:19:02.277+0000] {processor.py:766} INFO - DAG(s) dict_keys(['tutorial_dag']) retrieved from /home/airflow/.local/lib/python3.7/site-packages/airflow/example_dags/tutorial_dag.py
[2022-11-20T00:19:02.305+0000] {logging_mixin.py:137} INFO - [2022-11-20T00:19:02.305+0000] {dag.py:2585} INFO - Sync 1 DAGs
[2022-11-20T00:19:02.324+0000] {logging_mixin.py:137} INFO - [2022-11-20T00:19:02.323+0000] {dag.py:3340} INFO - Setting next_dagrun for tutorial_dag to None, run_after=None
[2022-11-20T00:19:02.340+0000] {processor.py:176} INFO - Processing /home/airflow/.local/lib/python3.7/site-packages/airflow/example_dags/tutorial_dag.py took 0.078 seconds
[2022-11-20T00:19:32.630+0000] {processor.py:154} INFO - Started process (PID=515) to work on /home/airflow/.local/lib/python3.7/site-packages/airflow/example_dags/tutorial_dag.py
[2022-11-20T00:19:32.632+0000] {processor.py:756} INFO - Processing file /home/airflow/.local/lib/python3.7/site-packages/airflow/example_dags/tutorial_dag.py for tasks to queue
[2022-11-20T00:19:32.633+0000] {logging_mixin.py:137} INFO - [2022-11-20T00:19:32.633+0000] {dagbag.py:537} INFO - Filling up the DagBag from /home/airflow/.local/lib/python3.7/site-packages/airflow/example_dags/tutorial_dag.py
[2022-11-20T00:19:32.642+0000] {processor.py:766} INFO - DAG(s) dict_keys(['tutorial_dag']) retrieved from /home/airflow/.local/lib/python3.7/site-packages/airflow/example_dags/tutorial_dag.py
[2022-11-20T00:19:32.670+0000] {logging_mixin.py:137} INFO - [2022-11-20T00:19:32.670+0000] {dag.py:2585} INFO - Sync 1 DAGs
[2022-11-20T00:19:32.686+0000] {logging_mixin.py:137} INFO - [2022-11-20T00:19:32.686+0000] {dag.py:3340} INFO - Setting next_dagrun for tutorial_dag to None, run_after=None
[2022-11-20T00:19:32.698+0000] {processor.py:176} INFO - Processing /home/airflow/.local/lib/python3.7/site-packages/airflow/example_dags/tutorial_dag.py took 0.071 seconds
[2022-11-20T00:20:03.266+0000] {processor.py:154} INFO - Started process (PID=580) to work on /home/airflow/.local/lib/python3.7/site-packages/airflow/example_dags/tutorial_dag.py
[2022-11-20T00:20:03.268+0000] {processor.py:756} INFO - Processing file /home/airflow/.local/lib/python3.7/site-packages/airflow/example_dags/tutorial_dag.py for tasks to queue
[2022-11-20T00:20:03.269+0000] {logging_mixin.py:137} INFO - [2022-11-20T00:20:03.269+0000] {dagbag.py:537} INFO - Filling up the DagBag from /home/airflow/.local/lib/python3.7/site-packages/airflow/example_dags/tutorial_dag.py
[2022-11-20T00:20:03.279+0000] {processor.py:766} INFO - DAG(s) dict_keys(['tutorial_dag']) retrieved from /home/airflow/.local/lib/python3.7/site-packages/airflow/example_dags/tutorial_dag.py
[2022-11-20T00:20:03.308+0000] {logging_mixin.py:137} INFO - [2022-11-20T00:20:03.308+0000] {dag.py:2585} INFO - Sync 1 DAGs
[2022-11-20T00:20:03.324+0000] {logging_mixin.py:137} INFO - [2022-11-20T00:20:03.324+0000] {dag.py:3340} INFO - Setting next_dagrun for tutorial_dag to None, run_after=None
[2022-11-20T00:20:03.341+0000] {processor.py:176} INFO - Processing /home/airflow/.local/lib/python3.7/site-packages/airflow/example_dags/tutorial_dag.py took 0.077 seconds
[2022-11-20T00:20:33.597+0000] {processor.py:154} INFO - Started process (PID=644) to work on /home/airflow/.local/lib/python3.7/site-packages/airflow/example_dags/tutorial_dag.py
[2022-11-20T00:20:33.599+0000] {processor.py:756} INFO - Processing file /home/airflow/.local/lib/python3.7/site-packages/airflow/example_dags/tutorial_dag.py for tasks to queue
[2022-11-20T00:20:33.600+0000] {logging_mixin.py:137} INFO - [2022-11-20T00:20:33.600+0000] {dagbag.py:537} INFO - Filling up the DagBag from /home/airflow/.local/lib/python3.7/site-packages/airflow/example_dags/tutorial_dag.py
[2022-11-20T00:20:33.609+0000] {processor.py:766} INFO - DAG(s) dict_keys(['tutorial_dag']) retrieved from /home/airflow/.local/lib/python3.7/site-packages/airflow/example_dags/tutorial_dag.py
[2022-11-20T00:20:33.636+0000] {logging_mixin.py:137} INFO - [2022-11-20T00:20:33.636+0000] {dag.py:2585} INFO - Sync 1 DAGs
[2022-11-20T00:20:33.652+0000] {logging_mixin.py:137} INFO - [2022-11-20T00:20:33.652+0000] {dag.py:3340} INFO - Setting next_dagrun for tutorial_dag to None, run_after=None
[2022-11-20T00:20:33.668+0000] {processor.py:176} INFO - Processing /home/airflow/.local/lib/python3.7/site-packages/airflow/example_dags/tutorial_dag.py took 0.074 seconds
