[2022-11-20T00:15:56.050+0000] {processor.py:154} INFO - Started process (PID=35) to work on /opt/airflow/dags/init.py
[2022-11-20T00:15:56.056+0000] {processor.py:756} INFO - Processing file /opt/airflow/dags/init.py for tasks to queue
[2022-11-20T00:15:56.057+0000] {logging_mixin.py:137} INFO - [2022-11-20T00:15:56.057+0000] {dagbag.py:537} INFO - Filling up the DagBag from /opt/airflow/dags/init.py
[2022-11-20T00:15:56.089+0000] {processor.py:766} INFO - DAG(s) dict_keys(['1_init_once_seed_data']) retrieved from /opt/airflow/dags/init.py
[2022-11-20T00:15:56.225+0000] {logging_mixin.py:137} INFO - [2022-11-20T00:15:56.225+0000] {manager.py:507} INFO - Created Permission View: can delete on DAG:1_init_once_seed_data
[2022-11-20T00:15:56.232+0000] {logging_mixin.py:137} INFO - [2022-11-20T00:15:56.232+0000] {manager.py:507} INFO - Created Permission View: can edit on DAG:1_init_once_seed_data
[2022-11-20T00:15:56.239+0000] {logging_mixin.py:137} INFO - [2022-11-20T00:15:56.238+0000] {manager.py:507} INFO - Created Permission View: can read on DAG:1_init_once_seed_data
[2022-11-20T00:15:56.240+0000] {logging_mixin.py:137} INFO - [2022-11-20T00:15:56.240+0000] {dag.py:2585} INFO - Sync 1 DAGs
[2022-11-20T00:15:56.249+0000] {logging_mixin.py:137} INFO - [2022-11-20T00:15:56.249+0000] {dag.py:2606} INFO - Creating ORM DAG for 1_init_once_seed_data
[2022-11-20T00:15:56.258+0000] {logging_mixin.py:137} INFO - [2022-11-20T00:15:56.258+0000] {dag.py:3340} INFO - Setting next_dagrun for 1_init_once_seed_data to 2020-08-01T00:00:00+00:00, run_after=2020-08-01T00:00:00+00:00
[2022-11-20T00:15:56.273+0000] {processor.py:176} INFO - Processing /opt/airflow/dags/init.py took 0.226 seconds
[2022-11-20T00:16:27.300+0000] {processor.py:154} INFO - Started process (PID=98) to work on /opt/airflow/dags/init.py
[2022-11-20T00:16:27.302+0000] {processor.py:756} INFO - Processing file /opt/airflow/dags/init.py for tasks to queue
[2022-11-20T00:16:27.304+0000] {logging_mixin.py:137} INFO - [2022-11-20T00:16:27.304+0000] {dagbag.py:537} INFO - Filling up the DagBag from /opt/airflow/dags/init.py
[2022-11-20T00:16:27.321+0000] {processor.py:766} INFO - DAG(s) dict_keys(['1_init_once_seed_data']) retrieved from /opt/airflow/dags/init.py
[2022-11-20T00:16:27.346+0000] {logging_mixin.py:137} INFO - [2022-11-20T00:16:27.346+0000] {dag.py:2585} INFO - Sync 1 DAGs
[2022-11-20T00:16:27.361+0000] {logging_mixin.py:137} INFO - [2022-11-20T00:16:27.361+0000] {dag.py:3340} INFO - Setting next_dagrun for 1_init_once_seed_data to 2020-08-01T00:00:00+00:00, run_after=2020-08-01T00:00:00+00:00
[2022-11-20T00:16:27.373+0000] {processor.py:176} INFO - Processing /opt/airflow/dags/init.py took 0.077 seconds
[2022-11-20T00:16:57.911+0000] {processor.py:154} INFO - Started process (PID=164) to work on /opt/airflow/dags/init.py
[2022-11-20T00:16:57.913+0000] {processor.py:756} INFO - Processing file /opt/airflow/dags/init.py for tasks to queue
[2022-11-20T00:16:57.915+0000] {logging_mixin.py:137} INFO - [2022-11-20T00:16:57.915+0000] {dagbag.py:537} INFO - Filling up the DagBag from /opt/airflow/dags/init.py
[2022-11-20T00:16:57.936+0000] {processor.py:766} INFO - DAG(s) dict_keys(['1_init_once_seed_data']) retrieved from /opt/airflow/dags/init.py
[2022-11-20T00:16:57.962+0000] {logging_mixin.py:137} INFO - [2022-11-20T00:16:57.962+0000] {dag.py:2585} INFO - Sync 1 DAGs
[2022-11-20T00:16:57.978+0000] {logging_mixin.py:137} INFO - [2022-11-20T00:16:57.978+0000] {dag.py:3340} INFO - Setting next_dagrun for 1_init_once_seed_data to 2020-08-01T00:00:00+00:00, run_after=2020-08-01T00:00:00+00:00
[2022-11-20T00:16:57.991+0000] {processor.py:176} INFO - Processing /opt/airflow/dags/init.py took 0.083 seconds
[2022-11-20T00:17:28.178+0000] {processor.py:154} INFO - Started process (PID=229) to work on /opt/airflow/dags/init.py
[2022-11-20T00:17:28.181+0000] {processor.py:756} INFO - Processing file /opt/airflow/dags/init.py for tasks to queue
[2022-11-20T00:17:28.183+0000] {logging_mixin.py:137} INFO - [2022-11-20T00:17:28.183+0000] {dagbag.py:537} INFO - Filling up the DagBag from /opt/airflow/dags/init.py
[2022-11-20T00:17:28.203+0000] {processor.py:766} INFO - DAG(s) dict_keys(['1_init_once_seed_data']) retrieved from /opt/airflow/dags/init.py
[2022-11-20T00:17:28.230+0000] {logging_mixin.py:137} INFO - [2022-11-20T00:17:28.230+0000] {dag.py:2585} INFO - Sync 1 DAGs
[2022-11-20T00:17:28.246+0000] {logging_mixin.py:137} INFO - [2022-11-20T00:17:28.246+0000] {dag.py:3340} INFO - Setting next_dagrun for 1_init_once_seed_data to 2020-08-01T00:00:00+00:00, run_after=2020-08-01T00:00:00+00:00
[2022-11-20T00:17:28.259+0000] {processor.py:176} INFO - Processing /opt/airflow/dags/init.py took 0.083 seconds
[2022-11-20T00:17:58.728+0000] {processor.py:154} INFO - Started process (PID=285) to work on /opt/airflow/dags/init.py
[2022-11-20T00:17:58.733+0000] {processor.py:756} INFO - Processing file /opt/airflow/dags/init.py for tasks to queue
[2022-11-20T00:17:58.736+0000] {logging_mixin.py:137} INFO - [2022-11-20T00:17:58.735+0000] {dagbag.py:537} INFO - Filling up the DagBag from /opt/airflow/dags/init.py
[2022-11-20T00:17:58.759+0000] {processor.py:766} INFO - DAG(s) dict_keys(['1_init_once_seed_data']) retrieved from /opt/airflow/dags/init.py
[2022-11-20T00:17:58.798+0000] {logging_mixin.py:137} INFO - [2022-11-20T00:17:58.798+0000] {dag.py:2585} INFO - Sync 1 DAGs
[2022-11-20T00:17:58.818+0000] {logging_mixin.py:137} INFO - [2022-11-20T00:17:58.818+0000] {dag.py:3340} INFO - Setting next_dagrun for 1_init_once_seed_data to 2020-08-01T00:00:00+00:00, run_after=2020-08-01T00:00:00+00:00
[2022-11-20T00:17:58.838+0000] {processor.py:176} INFO - Processing /opt/airflow/dags/init.py took 0.114 seconds
[2022-11-20T00:18:29.370+0000] {processor.py:154} INFO - Started process (PID=350) to work on /opt/airflow/dags/init.py
[2022-11-20T00:18:29.372+0000] {processor.py:756} INFO - Processing file /opt/airflow/dags/init.py for tasks to queue
[2022-11-20T00:18:29.374+0000] {logging_mixin.py:137} INFO - [2022-11-20T00:18:29.374+0000] {dagbag.py:537} INFO - Filling up the DagBag from /opt/airflow/dags/init.py
[2022-11-20T00:18:29.390+0000] {processor.py:766} INFO - DAG(s) dict_keys(['1_init_once_seed_data']) retrieved from /opt/airflow/dags/init.py
[2022-11-20T00:18:29.416+0000] {logging_mixin.py:137} INFO - [2022-11-20T00:18:29.416+0000] {dag.py:2585} INFO - Sync 1 DAGs
[2022-11-20T00:18:29.431+0000] {logging_mixin.py:137} INFO - [2022-11-20T00:18:29.431+0000] {dag.py:3340} INFO - Setting next_dagrun for 1_init_once_seed_data to 2020-08-01T00:00:00+00:00, run_after=2020-08-01T00:00:00+00:00
[2022-11-20T00:18:29.444+0000] {processor.py:176} INFO - Processing /opt/airflow/dags/init.py took 0.077 seconds
[2022-11-20T00:19:00.023+0000] {processor.py:154} INFO - Started process (PID=415) to work on /opt/airflow/dags/init.py
[2022-11-20T00:19:00.024+0000] {processor.py:756} INFO - Processing file /opt/airflow/dags/init.py for tasks to queue
[2022-11-20T00:19:00.026+0000] {logging_mixin.py:137} INFO - [2022-11-20T00:19:00.026+0000] {dagbag.py:537} INFO - Filling up the DagBag from /opt/airflow/dags/init.py
[2022-11-20T00:19:00.042+0000] {processor.py:766} INFO - DAG(s) dict_keys(['1_init_once_seed_data']) retrieved from /opt/airflow/dags/init.py
[2022-11-20T00:19:00.067+0000] {logging_mixin.py:137} INFO - [2022-11-20T00:19:00.067+0000] {dag.py:2585} INFO - Sync 1 DAGs
[2022-11-20T00:19:00.083+0000] {logging_mixin.py:137} INFO - [2022-11-20T00:19:00.083+0000] {dag.py:3340} INFO - Setting next_dagrun for 1_init_once_seed_data to 2020-08-01T00:00:00+00:00, run_after=2020-08-01T00:00:00+00:00
[2022-11-20T00:19:00.095+0000] {processor.py:176} INFO - Processing /opt/airflow/dags/init.py took 0.075 seconds
[2022-11-20T00:19:30.746+0000] {processor.py:154} INFO - Started process (PID=482) to work on /opt/airflow/dags/init.py
[2022-11-20T00:19:30.749+0000] {processor.py:756} INFO - Processing file /opt/airflow/dags/init.py for tasks to queue
[2022-11-20T00:19:30.750+0000] {logging_mixin.py:137} INFO - [2022-11-20T00:19:30.750+0000] {dagbag.py:537} INFO - Filling up the DagBag from /opt/airflow/dags/init.py
[2022-11-20T00:19:30.770+0000] {processor.py:766} INFO - DAG(s) dict_keys(['1_init_once_seed_data']) retrieved from /opt/airflow/dags/init.py
[2022-11-20T00:19:30.797+0000] {logging_mixin.py:137} INFO - [2022-11-20T00:19:30.797+0000] {dag.py:2585} INFO - Sync 1 DAGs
[2022-11-20T00:19:30.813+0000] {logging_mixin.py:137} INFO - [2022-11-20T00:19:30.813+0000] {dag.py:3340} INFO - Setting next_dagrun for 1_init_once_seed_data to 2020-08-01T00:00:00+00:00, run_after=2020-08-01T00:00:00+00:00
[2022-11-20T00:19:30.825+0000] {processor.py:176} INFO - Processing /opt/airflow/dags/init.py took 0.081 seconds
[2022-11-20T00:20:01.163+0000] {processor.py:154} INFO - Started process (PID=547) to work on /opt/airflow/dags/init.py
[2022-11-20T00:20:01.165+0000] {processor.py:756} INFO - Processing file /opt/airflow/dags/init.py for tasks to queue
[2022-11-20T00:20:01.167+0000] {logging_mixin.py:137} INFO - [2022-11-20T00:20:01.167+0000] {dagbag.py:537} INFO - Filling up the DagBag from /opt/airflow/dags/init.py
[2022-11-20T00:20:01.187+0000] {processor.py:766} INFO - DAG(s) dict_keys(['1_init_once_seed_data']) retrieved from /opt/airflow/dags/init.py
[2022-11-20T00:20:01.215+0000] {logging_mixin.py:137} INFO - [2022-11-20T00:20:01.215+0000] {dag.py:2585} INFO - Sync 1 DAGs
[2022-11-20T00:20:01.230+0000] {logging_mixin.py:137} INFO - [2022-11-20T00:20:01.230+0000] {dag.py:3340} INFO - Setting next_dagrun for 1_init_once_seed_data to 2020-08-01T00:00:00+00:00, run_after=2020-08-01T00:00:00+00:00
[2022-11-20T00:20:01.242+0000] {processor.py:176} INFO - Processing /opt/airflow/dags/init.py took 0.082 seconds
[2022-11-20T00:20:31.697+0000] {processor.py:154} INFO - Started process (PID=611) to work on /opt/airflow/dags/init.py
[2022-11-20T00:20:31.700+0000] {processor.py:756} INFO - Processing file /opt/airflow/dags/init.py for tasks to queue
[2022-11-20T00:20:31.701+0000] {logging_mixin.py:137} INFO - [2022-11-20T00:20:31.701+0000] {dagbag.py:537} INFO - Filling up the DagBag from /opt/airflow/dags/init.py
[2022-11-20T00:20:31.716+0000] {processor.py:766} INFO - DAG(s) dict_keys(['1_init_once_seed_data']) retrieved from /opt/airflow/dags/init.py
[2022-11-20T00:20:31.743+0000] {logging_mixin.py:137} INFO - [2022-11-20T00:20:31.743+0000] {dag.py:2585} INFO - Sync 1 DAGs
[2022-11-20T00:20:31.758+0000] {logging_mixin.py:137} INFO - [2022-11-20T00:20:31.758+0000] {dag.py:3340} INFO - Setting next_dagrun for 1_init_once_seed_data to 2020-08-01T00:00:00+00:00, run_after=2020-08-01T00:00:00+00:00
[2022-11-20T00:20:31.770+0000] {processor.py:176} INFO - Processing /opt/airflow/dags/init.py took 0.076 seconds
