[2022-11-20T00:15:56.043+0000] {processor.py:154} INFO - Started process (PID=34) to work on /opt/airflow/dags/transform_and_analysis.py
[2022-11-20T00:15:56.045+0000] {processor.py:756} INFO - Processing file /opt/airflow/dags/transform_and_analysis.py for tasks to queue
[2022-11-20T00:15:56.048+0000] {logging_mixin.py:137} INFO - [2022-11-20T00:15:56.048+0000] {dagbag.py:537} INFO - Filling up the DagBag from /opt/airflow/dags/transform_and_analysis.py
[2022-11-20T00:15:56.089+0000] {processor.py:766} INFO - DAG(s) dict_keys(['2_daily_transformation_analysis']) retrieved from /opt/airflow/dags/transform_and_analysis.py
[2022-11-20T00:15:56.225+0000] {logging_mixin.py:137} INFO - [2022-11-20T00:15:56.225+0000] {manager.py:507} INFO - Created Permission View: can delete on DAG:2_daily_transformation_analysis
[2022-11-20T00:15:56.233+0000] {logging_mixin.py:137} INFO - [2022-11-20T00:15:56.233+0000] {manager.py:507} INFO - Created Permission View: can edit on DAG:2_daily_transformation_analysis
[2022-11-20T00:15:56.238+0000] {logging_mixin.py:137} INFO - [2022-11-20T00:15:56.238+0000] {manager.py:507} INFO - Created Permission View: can read on DAG:2_daily_transformation_analysis
[2022-11-20T00:15:56.240+0000] {logging_mixin.py:137} INFO - [2022-11-20T00:15:56.240+0000] {dag.py:2585} INFO - Sync 1 DAGs
[2022-11-20T00:15:56.249+0000] {logging_mixin.py:137} INFO - [2022-11-20T00:15:56.249+0000] {dag.py:2606} INFO - Creating ORM DAG for 2_daily_transformation_analysis
[2022-11-20T00:15:56.257+0000] {logging_mixin.py:137} INFO - [2022-11-20T00:15:56.257+0000] {dag.py:3340} INFO - Setting next_dagrun for 2_daily_transformation_analysis to 2020-08-01T00:00:00+00:00, run_after=2020-08-01T00:00:00+00:00
[2022-11-20T00:15:56.272+0000] {processor.py:176} INFO - Processing /opt/airflow/dags/transform_and_analysis.py took 0.233 seconds
[2022-11-20T00:16:27.294+0000] {processor.py:154} INFO - Started process (PID=97) to work on /opt/airflow/dags/transform_and_analysis.py
[2022-11-20T00:16:27.297+0000] {processor.py:756} INFO - Processing file /opt/airflow/dags/transform_and_analysis.py for tasks to queue
[2022-11-20T00:16:27.299+0000] {logging_mixin.py:137} INFO - [2022-11-20T00:16:27.299+0000] {dagbag.py:537} INFO - Filling up the DagBag from /opt/airflow/dags/transform_and_analysis.py
[2022-11-20T00:16:27.319+0000] {processor.py:766} INFO - DAG(s) dict_keys(['2_daily_transformation_analysis']) retrieved from /opt/airflow/dags/transform_and_analysis.py
[2022-11-20T00:16:27.346+0000] {logging_mixin.py:137} INFO - [2022-11-20T00:16:27.346+0000] {dag.py:2585} INFO - Sync 1 DAGs
[2022-11-20T00:16:27.361+0000] {logging_mixin.py:137} INFO - [2022-11-20T00:16:27.361+0000] {dag.py:3340} INFO - Setting next_dagrun for 2_daily_transformation_analysis to 2020-08-01T00:00:00+00:00, run_after=2020-08-01T00:00:00+00:00
[2022-11-20T00:16:27.373+0000] {processor.py:176} INFO - Processing /opt/airflow/dags/transform_and_analysis.py took 0.083 seconds
[2022-11-20T00:16:57.910+0000] {processor.py:154} INFO - Started process (PID=163) to work on /opt/airflow/dags/transform_and_analysis.py
[2022-11-20T00:16:57.913+0000] {processor.py:756} INFO - Processing file /opt/airflow/dags/transform_and_analysis.py for tasks to queue
[2022-11-20T00:16:57.916+0000] {logging_mixin.py:137} INFO - [2022-11-20T00:16:57.916+0000] {dagbag.py:537} INFO - Filling up the DagBag from /opt/airflow/dags/transform_and_analysis.py
[2022-11-20T00:16:57.936+0000] {processor.py:766} INFO - DAG(s) dict_keys(['2_daily_transformation_analysis']) retrieved from /opt/airflow/dags/transform_and_analysis.py
[2022-11-20T00:16:57.962+0000] {logging_mixin.py:137} INFO - [2022-11-20T00:16:57.962+0000] {dag.py:2585} INFO - Sync 1 DAGs
[2022-11-20T00:16:57.979+0000] {logging_mixin.py:137} INFO - [2022-11-20T00:16:57.979+0000] {dag.py:3340} INFO - Setting next_dagrun for 2_daily_transformation_analysis to 2020-08-01T00:00:00+00:00, run_after=2020-08-01T00:00:00+00:00
[2022-11-20T00:16:57.991+0000] {processor.py:176} INFO - Processing /opt/airflow/dags/transform_and_analysis.py took 0.087 seconds
[2022-11-20T00:17:28.176+0000] {processor.py:154} INFO - Started process (PID=228) to work on /opt/airflow/dags/transform_and_analysis.py
[2022-11-20T00:17:28.179+0000] {processor.py:756} INFO - Processing file /opt/airflow/dags/transform_and_analysis.py for tasks to queue
[2022-11-20T00:17:28.181+0000] {logging_mixin.py:137} INFO - [2022-11-20T00:17:28.181+0000] {dagbag.py:537} INFO - Filling up the DagBag from /opt/airflow/dags/transform_and_analysis.py
[2022-11-20T00:17:28.202+0000] {processor.py:766} INFO - DAG(s) dict_keys(['2_daily_transformation_analysis']) retrieved from /opt/airflow/dags/transform_and_analysis.py
[2022-11-20T00:17:28.230+0000] {logging_mixin.py:137} INFO - [2022-11-20T00:17:28.230+0000] {dag.py:2585} INFO - Sync 1 DAGs
[2022-11-20T00:17:28.246+0000] {logging_mixin.py:137} INFO - [2022-11-20T00:17:28.246+0000] {dag.py:3340} INFO - Setting next_dagrun for 2_daily_transformation_analysis to 2020-08-01T00:00:00+00:00, run_after=2020-08-01T00:00:00+00:00
[2022-11-20T00:17:28.259+0000] {processor.py:176} INFO - Processing /opt/airflow/dags/transform_and_analysis.py took 0.087 seconds
[2022-11-20T00:17:58.728+0000] {processor.py:154} INFO - Started process (PID=284) to work on /opt/airflow/dags/transform_and_analysis.py
[2022-11-20T00:17:58.732+0000] {processor.py:756} INFO - Processing file /opt/airflow/dags/transform_and_analysis.py for tasks to queue
[2022-11-20T00:17:58.735+0000] {logging_mixin.py:137} INFO - [2022-11-20T00:17:58.735+0000] {dagbag.py:537} INFO - Filling up the DagBag from /opt/airflow/dags/transform_and_analysis.py
[2022-11-20T00:17:58.759+0000] {processor.py:766} INFO - DAG(s) dict_keys(['2_daily_transformation_analysis']) retrieved from /opt/airflow/dags/transform_and_analysis.py
[2022-11-20T00:17:58.798+0000] {logging_mixin.py:137} INFO - [2022-11-20T00:17:58.798+0000] {dag.py:2585} INFO - Sync 1 DAGs
[2022-11-20T00:17:58.823+0000] {logging_mixin.py:137} INFO - [2022-11-20T00:17:58.823+0000] {dag.py:3340} INFO - Setting next_dagrun for 2_daily_transformation_analysis to 2020-08-01T00:00:00+00:00, run_after=2020-08-01T00:00:00+00:00
[2022-11-20T00:17:58.840+0000] {processor.py:176} INFO - Processing /opt/airflow/dags/transform_and_analysis.py took 0.119 seconds
[2022-11-20T00:18:29.366+0000] {processor.py:154} INFO - Started process (PID=349) to work on /opt/airflow/dags/transform_and_analysis.py
[2022-11-20T00:18:29.369+0000] {processor.py:756} INFO - Processing file /opt/airflow/dags/transform_and_analysis.py for tasks to queue
[2022-11-20T00:18:29.372+0000] {logging_mixin.py:137} INFO - [2022-11-20T00:18:29.372+0000] {dagbag.py:537} INFO - Filling up the DagBag from /opt/airflow/dags/transform_and_analysis.py
[2022-11-20T00:18:29.390+0000] {processor.py:766} INFO - DAG(s) dict_keys(['2_daily_transformation_analysis']) retrieved from /opt/airflow/dags/transform_and_analysis.py
[2022-11-20T00:18:29.416+0000] {logging_mixin.py:137} INFO - [2022-11-20T00:18:29.416+0000] {dag.py:2585} INFO - Sync 1 DAGs
[2022-11-20T00:18:29.431+0000] {logging_mixin.py:137} INFO - [2022-11-20T00:18:29.431+0000] {dag.py:3340} INFO - Setting next_dagrun for 2_daily_transformation_analysis to 2020-08-01T00:00:00+00:00, run_after=2020-08-01T00:00:00+00:00
[2022-11-20T00:18:29.444+0000] {processor.py:176} INFO - Processing /opt/airflow/dags/transform_and_analysis.py took 0.083 seconds
[2022-11-20T00:19:00.017+0000] {processor.py:154} INFO - Started process (PID=414) to work on /opt/airflow/dags/transform_and_analysis.py
[2022-11-20T00:19:00.020+0000] {processor.py:756} INFO - Processing file /opt/airflow/dags/transform_and_analysis.py for tasks to queue
[2022-11-20T00:19:00.022+0000] {logging_mixin.py:137} INFO - [2022-11-20T00:19:00.022+0000] {dagbag.py:537} INFO - Filling up the DagBag from /opt/airflow/dags/transform_and_analysis.py
[2022-11-20T00:19:00.039+0000] {processor.py:766} INFO - DAG(s) dict_keys(['2_daily_transformation_analysis']) retrieved from /opt/airflow/dags/transform_and_analysis.py
[2022-11-20T00:19:00.067+0000] {logging_mixin.py:137} INFO - [2022-11-20T00:19:00.067+0000] {dag.py:2585} INFO - Sync 1 DAGs
[2022-11-20T00:19:00.083+0000] {logging_mixin.py:137} INFO - [2022-11-20T00:19:00.083+0000] {dag.py:3340} INFO - Setting next_dagrun for 2_daily_transformation_analysis to 2020-08-01T00:00:00+00:00, run_after=2020-08-01T00:00:00+00:00
[2022-11-20T00:19:00.095+0000] {processor.py:176} INFO - Processing /opt/airflow/dags/transform_and_analysis.py took 0.083 seconds
[2022-11-20T00:19:30.745+0000] {processor.py:154} INFO - Started process (PID=481) to work on /opt/airflow/dags/transform_and_analysis.py
[2022-11-20T00:19:30.749+0000] {processor.py:756} INFO - Processing file /opt/airflow/dags/transform_and_analysis.py for tasks to queue
[2022-11-20T00:19:30.750+0000] {logging_mixin.py:137} INFO - [2022-11-20T00:19:30.750+0000] {dagbag.py:537} INFO - Filling up the DagBag from /opt/airflow/dags/transform_and_analysis.py
[2022-11-20T00:19:30.770+0000] {processor.py:766} INFO - DAG(s) dict_keys(['2_daily_transformation_analysis']) retrieved from /opt/airflow/dags/transform_and_analysis.py
[2022-11-20T00:19:30.797+0000] {logging_mixin.py:137} INFO - [2022-11-20T00:19:30.797+0000] {dag.py:2585} INFO - Sync 1 DAGs
[2022-11-20T00:19:30.813+0000] {logging_mixin.py:137} INFO - [2022-11-20T00:19:30.813+0000] {dag.py:3340} INFO - Setting next_dagrun for 2_daily_transformation_analysis to 2020-08-01T00:00:00+00:00, run_after=2020-08-01T00:00:00+00:00
[2022-11-20T00:19:30.825+0000] {processor.py:176} INFO - Processing /opt/airflow/dags/transform_and_analysis.py took 0.087 seconds
[2022-11-20T00:20:01.163+0000] {processor.py:154} INFO - Started process (PID=546) to work on /opt/airflow/dags/transform_and_analysis.py
[2022-11-20T00:20:01.166+0000] {processor.py:756} INFO - Processing file /opt/airflow/dags/transform_and_analysis.py for tasks to queue
[2022-11-20T00:20:01.168+0000] {logging_mixin.py:137} INFO - [2022-11-20T00:20:01.168+0000] {dagbag.py:537} INFO - Filling up the DagBag from /opt/airflow/dags/transform_and_analysis.py
[2022-11-20T00:20:01.187+0000] {processor.py:766} INFO - DAG(s) dict_keys(['2_daily_transformation_analysis']) retrieved from /opt/airflow/dags/transform_and_analysis.py
[2022-11-20T00:20:01.215+0000] {logging_mixin.py:137} INFO - [2022-11-20T00:20:01.215+0000] {dag.py:2585} INFO - Sync 1 DAGs
[2022-11-20T00:20:01.230+0000] {logging_mixin.py:137} INFO - [2022-11-20T00:20:01.230+0000] {dag.py:3340} INFO - Setting next_dagrun for 2_daily_transformation_analysis to 2020-08-01T00:00:00+00:00, run_after=2020-08-01T00:00:00+00:00
[2022-11-20T00:20:01.242+0000] {processor.py:176} INFO - Processing /opt/airflow/dags/transform_and_analysis.py took 0.087 seconds
[2022-11-20T00:20:31.693+0000] {processor.py:154} INFO - Started process (PID=610) to work on /opt/airflow/dags/transform_and_analysis.py
[2022-11-20T00:20:31.695+0000] {processor.py:756} INFO - Processing file /opt/airflow/dags/transform_and_analysis.py for tasks to queue
[2022-11-20T00:20:31.697+0000] {logging_mixin.py:137} INFO - [2022-11-20T00:20:31.697+0000] {dagbag.py:537} INFO - Filling up the DagBag from /opt/airflow/dags/transform_and_analysis.py
[2022-11-20T00:20:31.716+0000] {processor.py:766} INFO - DAG(s) dict_keys(['2_daily_transformation_analysis']) retrieved from /opt/airflow/dags/transform_and_analysis.py
[2022-11-20T00:20:31.743+0000] {logging_mixin.py:137} INFO - [2022-11-20T00:20:31.743+0000] {dag.py:2585} INFO - Sync 1 DAGs
[2022-11-20T00:20:31.758+0000] {logging_mixin.py:137} INFO - [2022-11-20T00:20:31.758+0000] {dag.py:3340} INFO - Setting next_dagrun for 2_daily_transformation_analysis to 2020-08-01T00:00:00+00:00, run_after=2020-08-01T00:00:00+00:00
[2022-11-20T00:20:31.770+0000] {processor.py:176} INFO - Processing /opt/airflow/dags/transform_and_analysis.py took 0.080 seconds
